::1 - - [26/Apr/2020:02:24:25 +0000] "GET / HTTP/1.1" 200 4878 "http://localhost:8000/" "Mozilla/5.0 (Windows NT 10.0; Win64; x64) AppleWebKit/537.36 (KHTML, like Gecko) Chrome/81.0.4044.122 Safari/537.36"
::1 - - [26/Apr/2020:02:24:28 +0000] "GET /users/sign-in HTTP/1.1" 304 - "http://localhost:8000/" "Mozilla/5.0 (Windows NT 10.0; Win64; x64) AppleWebKit/537.36 (KHTML, like Gecko) Chrome/81.0.4044.122 Safari/537.36"
::1 - - [26/Apr/2020:02:24:33 +0000] "POST /users/create-session HTTP/1.1" 302 46 "http://localhost:8000/users/sign-in" "Mozilla/5.0 (Windows NT 10.0; Win64; x64) AppleWebKit/537.36 (KHTML, like Gecko) Chrome/81.0.4044.122 Safari/537.36"
::1 - - [26/Apr/2020:02:24:33 +0000] "GET / HTTP/1.1" 200 61997 "http://localhost:8000/users/sign-in" "Mozilla/5.0 (Windows NT 10.0; Win64; x64) AppleWebKit/537.36 (KHTML, like Gecko) Chrome/81.0.4044.122 Safari/537.36"
::1 - - [26/Apr/2020:02:25:15 +0000] "GET /posts/update-post/5e9fb485324f79677ace3cbc HTTP/1.1" 302 88 "http://localhost:8000/" "Mozilla/5.0 (Windows NT 10.0; Win64; x64) AppleWebKit/537.36 (KHTML, like Gecko) Chrome/81.0.4044.122 Safari/537.36"
::1 - - [26/Apr/2020:02:25:15 +0000] "GET / HTTP/1.1" 200 62070 "http://localhost:8000/" "Mozilla/5.0 (Windows NT 10.0; Win64; x64) AppleWebKit/537.36 (KHTML, like Gecko) Chrome/81.0.4044.122 Safari/537.36"
::1 - - [26/Apr/2020:02:28:40 +0000] "GET / HTTP/1.1" 200 62197 "http://localhost:8000/" "Mozilla/5.0 (Windows NT 10.0; Win64; x64) AppleWebKit/537.36 (KHTML, like Gecko) Chrome/81.0.4044.122 Safari/537.36"
::1 - - [26/Apr/2020:02:29:53 +0000] "GET / HTTP/1.1" 200 62173 "http://localhost:8000/" "Mozilla/5.0 (Windows NT 10.0; Win64; x64) AppleWebKit/537.36 (KHTML, like Gecko) Chrome/81.0.4044.122 Safari/537.36"
::1 - - [26/Apr/2020:02:31:31 +0000] "GET / HTTP/1.1" 200 62262 "http://localhost:8000/" "Mozilla/5.0 (Windows NT 10.0; Win64; x64) AppleWebKit/537.36 (KHTML, like Gecko) Chrome/81.0.4044.122 Safari/537.36"
::1 - - [26/Apr/2020:02:33:03 +0000] "GET / HTTP/1.1" 200 62316 "http://localhost:8000/" "Mozilla/5.0 (Windows NT 10.0; Win64; x64) AppleWebKit/537.36 (KHTML, like Gecko) Chrome/81.0.4044.122 Safari/537.36"
::1 - - [26/Apr/2020:02:35:29 +0000] "GET / HTTP/1.1" 200 62342 "http://localhost:8000/" "Mozilla/5.0 (Windows NT 10.0; Win64; x64) AppleWebKit/537.36 (KHTML, like Gecko) Chrome/81.0.4044.122 Safari/537.36"
::1 - - [26/Apr/2020:02:36:04 +0000] "GET / HTTP/1.1" 304 - "http://localhost:8000/" "Mozilla/5.0 (Windows NT 10.0; Win64; x64) AppleWebKit/537.36 (KHTML, like Gecko) Chrome/81.0.4044.122 Safari/537.36"
::1 - - [26/Apr/2020:02:36:14 +0000] "GET / HTTP/1.1" 304 - "http://localhost:8000/" "Mozilla/5.0 (Windows NT 10.0; Win64; x64) AppleWebKit/537.36 (KHTML, like Gecko) Chrome/81.0.4044.122 Safari/537.36"
::1 - - [26/Apr/2020:02:36:17 +0000] "GET /users/profile/5e96a64c778a02084eec2fd3 HTTP/1.1" 200 26165 "http://localhost:8000/" "Mozilla/5.0 (Windows NT 10.0; Win64; x64) AppleWebKit/537.36 (KHTML, like Gecko) Chrome/81.0.4044.122 Safari/537.36"
::1 - - [26/Apr/2020:02:36:41 +0000] "POST /posts/create-post HTTP/1.1" 200 222738 "http://localhost:8000/users/profile/5e96a64c778a02084eec2fd3" "Mozilla/5.0 (Windows NT 10.0; Win64; x64) AppleWebKit/537.36 (KHTML, like Gecko) Chrome/81.0.4044.122 Safari/537.36"
::1 - - [26/Apr/2020:02:36:43 +0000] "GET / HTTP/1.1" 200 66020 "http://localhost:8000/users/profile/5e96a64c778a02084eec2fd3" "Mozilla/5.0 (Windows NT 10.0; Win64; x64) AppleWebKit/537.36 (KHTML, like Gecko) Chrome/81.0.4044.122 Safari/537.36"
::1 - - [26/Apr/2020:02:36:50 +0000] "GET /posts/update-post/5ea4f3b9d7a6334255fa04f0 HTTP/1.1" 302 88 "http://localhost:8000/" "Mozilla/5.0 (Windows NT 10.0; Win64; x64) AppleWebKit/537.36 (KHTML, like Gecko) Chrome/81.0.4044.122 Safari/537.36"
::1 - - [26/Apr/2020:02:36:50 +0000] "GET / HTTP/1.1" 200 66350 "http://localhost:8000/" "Mozilla/5.0 (Windows NT 10.0; Win64; x64) AppleWebKit/537.36 (KHTML, like Gecko) Chrome/81.0.4044.122 Safari/537.36"
::1 - - [26/Apr/2020:02:36:55 +0000] "GET /posts/destroy-post/5ea4f3b9d7a6334255fa04f0 HTTP/1.1" 200 72 "http://localhost:8000/" "Mozilla/5.0 (Windows NT 10.0; Win64; x64) AppleWebKit/537.36 (KHTML, like Gecko) Chrome/81.0.4044.122 Safari/537.36"
::1 - - [26/Apr/2020:02:37:57 +0000] "GET / HTTP/1.1" 200 62342 "http://localhost:8000/" "Mozilla/5.0 (Windows NT 10.0; Win64; x64) AppleWebKit/537.36 (KHTML, like Gecko) Chrome/81.0.4044.122 Safari/537.36"
::1 - - [26/Apr/2020:02:38:05 +0000] "GET / HTTP/1.1" 304 - "http://localhost:8000/" "Mozilla/5.0 (Windows NT 10.0; Win64; x64) AppleWebKit/537.36 (KHTML, like Gecko) Chrome/81.0.4044.122 Safari/537.36"
::1 - - [26/Apr/2020:02:38:07 +0000] "GET /users/profile/5e96a64c778a02084eec2fd3 HTTP/1.1" 304 - "http://localhost:8000/" "Mozilla/5.0 (Windows NT 10.0; Win64; x64) AppleWebKit/537.36 (KHTML, like Gecko) Chrome/81.0.4044.122 Safari/537.36"
::1 - - [26/Apr/2020:02:38:14 +0000] "POST /posts/create-post HTTP/1.1" 200 222641 "http://localhost:8000/users/profile/5e96a64c778a02084eec2fd3" "Mozilla/5.0 (Windows NT 10.0; Win64; x64) AppleWebKit/537.36 (KHTML, like Gecko) Chrome/81.0.4044.122 Safari/537.36"
::1 - - [26/Apr/2020:02:38:15 +0000] "GET / HTTP/1.1" 200 65923 "http://localhost:8000/users/profile/5e96a64c778a02084eec2fd3" "Mozilla/5.0 (Windows NT 10.0; Win64; x64) AppleWebKit/537.36 (KHTML, like Gecko) Chrome/81.0.4044.122 Safari/537.36"
::1 - - [26/Apr/2020:02:38:18 +0000] "GET /posts/update-post/5ea4f415495c6b43af167bee HTTP/1.1" 302 88 "http://localhost:8000/" "Mozilla/5.0 (Windows NT 10.0; Win64; x64) AppleWebKit/537.36 (KHTML, like Gecko) Chrome/81.0.4044.122 Safari/537.36"
::1 - - [26/Apr/2020:02:38:18 +0000] "GET / HTTP/1.1" 200 66253 "http://localhost:8000/" "Mozilla/5.0 (Windows NT 10.0; Win64; x64) AppleWebKit/537.36 (KHTML, like Gecko) Chrome/81.0.4044.122 Safari/537.36"
::1 - - [26/Apr/2020:02:38:22 +0000] "GET /posts/destroy-post/5ea4f415495c6b43af167bee HTTP/1.1" 200 72 "http://localhost:8000/" "Mozilla/5.0 (Windows NT 10.0; Win64; x64) AppleWebKit/537.36 (KHTML, like Gecko) Chrome/81.0.4044.122 Safari/537.36"
::1 - - [26/Apr/2020:02:38:25 +0000] "GET /users/profile/5e96a64c778a02084eec2fd3 HTTP/1.1" 304 - "http://localhost:8000/" "Mozilla/5.0 (Windows NT 10.0; Win64; x64) AppleWebKit/537.36 (KHTML, like Gecko) Chrome/81.0.4044.122 Safari/537.36"
::1 - - [26/Apr/2020:02:38:31 +0000] "POST /posts/create-post HTTP/1.1" 200 222620 "http://localhost:8000/users/profile/5e96a64c778a02084eec2fd3" "Mozilla/5.0 (Windows NT 10.0; Win64; x64) AppleWebKit/537.36 (KHTML, like Gecko) Chrome/81.0.4044.122 Safari/537.36"
::1 - - [26/Apr/2020:02:38:35 +0000] "POST /posts/create-post HTTP/1.1" 200 222635 "http://localhost:8000/users/profile/5e96a64c778a02084eec2fd3" "Mozilla/5.0 (Windows NT 10.0; Win64; x64) AppleWebKit/537.36 (KHTML, like Gecko) Chrome/81.0.4044.122 Safari/537.36"
::1 - - [26/Apr/2020:02:38:37 +0000] "GET / HTTP/1.1" 200 69477 "http://localhost:8000/users/profile/5e96a64c778a02084eec2fd3" "Mozilla/5.0 (Windows NT 10.0; Win64; x64) AppleWebKit/537.36 (KHTML, like Gecko) Chrome/81.0.4044.122 Safari/537.36"
::1 - - [26/Apr/2020:02:38:41 +0000] "GET /posts/update-post/5ea4f42b495c6b43af167bf0 HTTP/1.1" 302 88 "http://localhost:8000/" "Mozilla/5.0 (Windows NT 10.0; Win64; x64) AppleWebKit/537.36 (KHTML, like Gecko) Chrome/81.0.4044.122 Safari/537.36"
::1 - - [26/Apr/2020:02:38:41 +0000] "GET / HTTP/1.1" 200 69807 "http://localhost:8000/" "Mozilla/5.0 (Windows NT 10.0; Win64; x64) AppleWebKit/537.36 (KHTML, like Gecko) Chrome/81.0.4044.122 Safari/537.36"
::1 - - [26/Apr/2020:02:38:43 +0000] "GET /posts/destroy-post/5ea4f42b495c6b43af167bf0 HTTP/1.1" 200 72 "http://localhost:8000/" "Mozilla/5.0 (Windows NT 10.0; Win64; x64) AppleWebKit/537.36 (KHTML, like Gecko) Chrome/81.0.4044.122 Safari/537.36"
::1 - - [26/Apr/2020:02:43:11 +0000] "GET / HTTP/1.1" 200 65902 "http://localhost:8000/" "Mozilla/5.0 (Windows NT 10.0; Win64; x64) AppleWebKit/537.36 (KHTML, like Gecko) Chrome/81.0.4044.122 Safari/537.36"
::1 - - [26/Apr/2020:02:54:06 +0000] "GET / HTTP/1.1" 304 - "http://localhost:8000/" "Mozilla/5.0 (Windows NT 10.0; Win64; x64) AppleWebKit/537.36 (KHTML, like Gecko) Chrome/81.0.4044.122 Safari/537.36"
::1 - - [26/Apr/2020:02:54:14 +0000] "GET /posts/update-post/5ea4f427495c6b43af167bef HTTP/1.1" 302 88 "http://localhost:8000/" "Mozilla/5.0 (Windows NT 10.0; Win64; x64) AppleWebKit/537.36 (KHTML, like Gecko) Chrome/81.0.4044.122 Safari/537.36"
::1 - - [26/Apr/2020:02:54:15 +0000] "GET / HTTP/1.1" 200 66232 "http://localhost:8000/" "Mozilla/5.0 (Windows NT 10.0; Win64; x64) AppleWebKit/537.36 (KHTML, like Gecko) Chrome/81.0.4044.122 Safari/537.36"
::1 - - [26/Apr/2020:02:54:46 +0000] "GET / HTTP/1.1" 304 - "http://localhost:8000/" "Mozilla/5.0 (Windows NT 10.0; Win64; x64) AppleWebKit/537.36 (KHTML, like Gecko) Chrome/81.0.4044.122 Safari/537.36"
::1 - - [26/Apr/2020:02:54:51 +0000] "GET /posts/destroy-post/5ea4f427495c6b43af167bef HTTP/1.1" 200 72 "http://localhost:8000/" "Mozilla/5.0 (Windows NT 10.0; Win64; x64) AppleWebKit/537.36 (KHTML, like Gecko) Chrome/81.0.4044.122 Safari/537.36"
::1 - - [26/Apr/2020:02:54:54 +0000] "GET /users/profile/5e96a64c778a02084eec2fd3 HTTP/1.1" 304 - "http://localhost:8000/" "Mozilla/5.0 (Windows NT 10.0; Win64; x64) AppleWebKit/537.36 (KHTML, like Gecko) Chrome/81.0.4044.122 Safari/537.36"
::1 - - [26/Apr/2020:02:54:58 +0000] "POST /posts/create-post HTTP/1.1" 200 222621 "http://localhost:8000/users/profile/5e96a64c778a02084eec2fd3" "Mozilla/5.0 (Windows NT 10.0; Win64; x64) AppleWebKit/537.36 (KHTML, like Gecko) Chrome/81.0.4044.122 Safari/537.36"
::1 - - [26/Apr/2020:02:54:58 +0000] "POST /posts/create-post HTTP/1.1" 200 222621 "http://localhost:8000/users/profile/5e96a64c778a02084eec2fd3" "Mozilla/5.0 (Windows NT 10.0; Win64; x64) AppleWebKit/537.36 (KHTML, like Gecko) Chrome/81.0.4044.122 Safari/537.36"
::1 - - [26/Apr/2020:02:54:59 +0000] "POST /posts/create-post HTTP/1.1" 200 222621 "http://localhost:8000/users/profile/5e96a64c778a02084eec2fd3" "Mozilla/5.0 (Windows NT 10.0; Win64; x64) AppleWebKit/537.36 (KHTML, like Gecko) Chrome/81.0.4044.122 Safari/537.36"
::1 - - [26/Apr/2020:02:55:01 +0000] "GET / HTTP/1.1" 200 73025 "http://localhost:8000/users/profile/5e96a64c778a02084eec2fd3" "Mozilla/5.0 (Windows NT 10.0; Win64; x64) AppleWebKit/537.36 (KHTML, like Gecko) Chrome/81.0.4044.122 Safari/537.36"
::ffff:127.0.0.1 - - [26/Apr/2020:02:55:37 +0000] "GET /posts/update-post/5ea4f8039891005077ef69a7 HTTP/1.1" 200 265 "http://localhost:8000/" "Mozilla/5.0 (Windows NT 10.0; Win64; x64) AppleWebKit/537.36 (KHTML, like Gecko) Chrome/81.0.4044.122 Safari/537.36"
::ffff:127.0.0.1 - - [26/Apr/2020:02:55:40 +0000] "GET / HTTP/1.1" 200 73355 "http://localhost:8000/users/profile/5e96a64c778a02084eec2fd3" "Mozilla/5.0 (Windows NT 10.0; Win64; x64) AppleWebKit/537.36 (KHTML, like Gecko) Chrome/81.0.4044.122 Safari/537.36"
::1 - - [26/Apr/2020:02:55:42 +0000] "GET /posts/destroy-post/5ea4f8039891005077ef69a7 HTTP/1.1" 200 72 "http://localhost:8000/" "Mozilla/5.0 (Windows NT 10.0; Win64; x64) AppleWebKit/537.36 (KHTML, like Gecko) Chrome/81.0.4044.122 Safari/537.36"
::1 - - [26/Apr/2020:02:55:46 +0000] "GET /posts/update-post/5ea4f8029891005077ef69a6 HTTP/1.1" 200 265 "http://localhost:8000/" "Mozilla/5.0 (Windows NT 10.0; Win64; x64) AppleWebKit/537.36 (KHTML, like Gecko) Chrome/81.0.4044.122 Safari/537.36"
::1 - - [26/Apr/2020:02:59:42 +0000] "GET / HTTP/1.1" 200 69794 "http://localhost:8000/users/profile/5e96a64c778a02084eec2fd3" "Mozilla/5.0 (Windows NT 10.0; Win64; x64) AppleWebKit/537.36 (KHTML, like Gecko) Chrome/81.0.4044.122 Safari/537.36"
::1 - - [26/Apr/2020:02:59:45 +0000] "GET /posts/destroy-post/5ea4f8029891005077ef69a6 HTTP/1.1" 200 72 "http://localhost:8000/" "Mozilla/5.0 (Windows NT 10.0; Win64; x64) AppleWebKit/537.36 (KHTML, like Gecko) Chrome/81.0.4044.122 Safari/537.36"
::1 - - [26/Apr/2020:02:59:53 +0000] "GET /posts/update-post/5ea4f8029891005077ef69a5 HTTP/1.1" 200 265 "http://localhost:8000/" "Mozilla/5.0 (Windows NT 10.0; Win64; x64) AppleWebKit/537.36 (KHTML, like Gecko) Chrome/81.0.4044.122 Safari/537.36"
::1 - - [26/Apr/2020:03:00:05 +0000] "GET /users/profile/5e96a64c778a02084eec2fd3 HTTP/1.1" 200 30096 "http://localhost:8000/" "Mozilla/5.0 (Windows NT 10.0; Win64; x64) AppleWebKit/537.36 (KHTML, like Gecko) Chrome/81.0.4044.122 Safari/537.36"
::1 - - [26/Apr/2020:03:00:09 +0000] "POST /posts/create-post HTTP/1.1" 200 222615 "http://localhost:8000/users/profile/5e96a64c778a02084eec2fd3" "Mozilla/5.0 (Windows NT 10.0; Win64; x64) AppleWebKit/537.36 (KHTML, like Gecko) Chrome/81.0.4044.122 Safari/537.36"
::1 - - [26/Apr/2020:03:00:10 +0000] "GET / HTTP/1.1" 200 69788 "http://localhost:8000/users/profile/5e96a64c778a02084eec2fd3" "Mozilla/5.0 (Windows NT 10.0; Win64; x64) AppleWebKit/537.36 (KHTML, like Gecko) Chrome/81.0.4044.122 Safari/537.36"
::1 - - [26/Apr/2020:03:00:30 +0000] "GET /posts/destroy-post/5ea4f8029891005077ef69a5 HTTP/1.1" 200 72 "http://localhost:8000/" "Mozilla/5.0 (Windows NT 10.0; Win64; x64) AppleWebKit/537.36 (KHTML, like Gecko) Chrome/81.0.4044.122 Safari/537.36"
::1 - - [26/Apr/2020:03:00:33 +0000] "GET /posts/update-post/5ea4f939e0c9d4549a544bcb HTTP/1.1" 200 259 "http://localhost:8000/" "Mozilla/5.0 (Windows NT 10.0; Win64; x64) AppleWebKit/537.36 (KHTML, like Gecko) Chrome/81.0.4044.122 Safari/537.36"
::1 - - [26/Apr/2020:03:03:27 +0000] "GET / HTTP/1.1" 200 66227 "http://localhost:8000/users/profile/5e96a64c778a02084eec2fd3" "Mozilla/5.0 (Windows NT 10.0; Win64; x64) AppleWebKit/537.36 (KHTML, like Gecko) Chrome/81.0.4044.122 Safari/537.36"
::1 - - [26/Apr/2020:03:03:31 +0000] "GET /posts/destroy-post/5ea4f939e0c9d4549a544bcb HTTP/1.1" 200 72 "http://localhost:8000/" "Mozilla/5.0 (Windows NT 10.0; Win64; x64) AppleWebKit/537.36 (KHTML, like Gecko) Chrome/81.0.4044.122 Safari/537.36"
::1 - - [26/Apr/2020:03:03:35 +0000] "GET /users/profile/5e96a64c778a02084eec2fd3 HTTP/1.1" 200 26165 "http://localhost:8000/" "Mozilla/5.0 (Windows NT 10.0; Win64; x64) AppleWebKit/537.36 (KHTML, like Gecko) Chrome/81.0.4044.122 Safari/537.36"
::1 - - [26/Apr/2020:03:03:39 +0000] "POST /posts/create-post HTTP/1.1" 200 222623 "http://localhost:8000/users/profile/5e96a64c778a02084eec2fd3" "Mozilla/5.0 (Windows NT 10.0; Win64; x64) AppleWebKit/537.36 (KHTML, like Gecko) Chrome/81.0.4044.122 Safari/537.36"
::1 - - [26/Apr/2020:03:03:40 +0000] "POST /posts/create-post HTTP/1.1" 200 222623 "http://localhost:8000/users/profile/5e96a64c778a02084eec2fd3" "Mozilla/5.0 (Windows NT 10.0; Win64; x64) AppleWebKit/537.36 (KHTML, like Gecko) Chrome/81.0.4044.122 Safari/537.36"
::1 - - [26/Apr/2020:03:03:41 +0000] "POST /posts/create-post HTTP/1.1" 200 222623 "http://localhost:8000/users/profile/5e96a64c778a02084eec2fd3" "Mozilla/5.0 (Windows NT 10.0; Win64; x64) AppleWebKit/537.36 (KHTML, like Gecko) Chrome/81.0.4044.122 Safari/537.36"
::1 - - [26/Apr/2020:03:03:42 +0000] "POST /posts/create-post HTTP/1.1" 200 222623 "http://localhost:8000/users/profile/5e96a64c778a02084eec2fd3" "Mozilla/5.0 (Windows NT 10.0; Win64; x64) AppleWebKit/537.36 (KHTML, like Gecko) Chrome/81.0.4044.122 Safari/537.36"
::1 - - [26/Apr/2020:03:03:44 +0000] "GET / HTTP/1.1" 200 76594 "http://localhost:8000/users/profile/5e96a64c778a02084eec2fd3" "Mozilla/5.0 (Windows NT 10.0; Win64; x64) AppleWebKit/537.36 (KHTML, like Gecko) Chrome/81.0.4044.122 Safari/537.36"
::1 - - [26/Apr/2020:03:03:49 +0000] "GET /posts/update-post/5ea4fa0ed2d16f58cf79e592 HTTP/1.1" 200 67 "http://localhost:8000/" "Mozilla/5.0 (Windows NT 10.0; Win64; x64) AppleWebKit/537.36 (KHTML, like Gecko) Chrome/81.0.4044.122 Safari/537.36"
::1 - - [26/Apr/2020:03:05:12 +0000] "GET / HTTP/1.1" 200 76924 "http://localhost:8000/users/profile/5e96a64c778a02084eec2fd3" "Mozilla/5.0 (Windows NT 10.0; Win64; x64) AppleWebKit/537.36 (KHTML, like Gecko) Chrome/81.0.4044.122 Safari/537.36"
::1 - - [26/Apr/2020:03:05:15 +0000] "GET /posts/destroy-post/5ea4fa0ed2d16f58cf79e592 HTTP/1.1" 200 72 "http://localhost:8000/" "Mozilla/5.0 (Windows NT 10.0; Win64; x64) AppleWebKit/537.36 (KHTML, like Gecko) Chrome/81.0.4044.122 Safari/537.36"
::1 - - [26/Apr/2020:03:05:19 +0000] "GET /posts/update-post/5ea4fa0dd2d16f58cf79e591 HTTP/1.1" 200 67 "http://localhost:8000/" "Mozilla/5.0 (Windows NT 10.0; Win64; x64) AppleWebKit/537.36 (KHTML, like Gecko) Chrome/81.0.4044.122 Safari/537.36"
::1 - - [26/Apr/2020:03:05:38 +0000] "GET /posts/destroy-post/5ea4fa0dd2d16f58cf79e591 HTTP/1.1" 200 72 "http://localhost:8000/" "Mozilla/5.0 (Windows NT 10.0; Win64; x64) AppleWebKit/537.36 (KHTML, like Gecko) Chrome/81.0.4044.122 Safari/537.36"
::1 - - [26/Apr/2020:03:05:42 +0000] "GET / HTTP/1.1" 200 69468 "http://localhost:8000/users/profile/5e96a64c778a02084eec2fd3" "Mozilla/5.0 (Windows NT 10.0; Win64; x64) AppleWebKit/537.36 (KHTML, like Gecko) Chrome/81.0.4044.122 Safari/537.36"
::1 - - [26/Apr/2020:03:05:47 +0000] "GET /posts/update-post/5ea4fa0cd2d16f58cf79e590 HTTP/1.1" 200 67 "http://localhost:8000/" "Mozilla/5.0 (Windows NT 10.0; Win64; x64) AppleWebKit/537.36 (KHTML, like Gecko) Chrome/81.0.4044.122 Safari/537.36"
::1 - - [26/Apr/2020:03:07:32 +0000] "GET / HTTP/1.1" 200 69798 "http://localhost:8000/users/profile/5e96a64c778a02084eec2fd3" "Mozilla/5.0 (Windows NT 10.0; Win64; x64) AppleWebKit/537.36 (KHTML, like Gecko) Chrome/81.0.4044.122 Safari/537.36"
::1 - - [26/Apr/2020:03:07:35 +0000] "GET /posts/destroy-post/5ea4fa0cd2d16f58cf79e590 HTTP/1.1" 200 72 "http://localhost:8000/" "Mozilla/5.0 (Windows NT 10.0; Win64; x64) AppleWebKit/537.36 (KHTML, like Gecko) Chrome/81.0.4044.122 Safari/537.36"
::1 - - [26/Apr/2020:03:07:38 +0000] "GET /posts/update-post/5ea4fa0bd2d16f58cf79e58f HTTP/1.1" 200 90 "http://localhost:8000/" "Mozilla/5.0 (Windows NT 10.0; Win64; x64) AppleWebKit/537.36 (KHTML, like Gecko) Chrome/81.0.4044.122 Safari/537.36"
::1 - - [26/Apr/2020:03:08:36 +0000] "GET / HTTP/1.1" 200 66235 "http://localhost:8000/users/profile/5e96a64c778a02084eec2fd3" "Mozilla/5.0 (Windows NT 10.0; Win64; x64) AppleWebKit/537.36 (KHTML, like Gecko) Chrome/81.0.4044.122 Safari/537.36"
::1 - - [26/Apr/2020:03:08:39 +0000] "GET /posts/destroy-post/5ea4fa0bd2d16f58cf79e58f HTTP/1.1" 200 72 "http://localhost:8000/" "Mozilla/5.0 (Windows NT 10.0; Win64; x64) AppleWebKit/537.36 (KHTML, like Gecko) Chrome/81.0.4044.122 Safari/537.36"
::1 - - [26/Apr/2020:03:08:47 +0000] "GET /users/profile/5e96a64c778a02084eec2fd3 HTTP/1.1" 304 - "http://localhost:8000/" "Mozilla/5.0 (Windows NT 10.0; Win64; x64) AppleWebKit/537.36 (KHTML, like Gecko) Chrome/81.0.4044.122 Safari/537.36"
::1 - - [26/Apr/2020:03:08:51 +0000] "POST /posts/create-post HTTP/1.1" 200 222628 "http://localhost:8000/users/profile/5e96a64c778a02084eec2fd3" "Mozilla/5.0 (Windows NT 10.0; Win64; x64) AppleWebKit/537.36 (KHTML, like Gecko) Chrome/81.0.4044.122 Safari/537.36"
::1 - - [26/Apr/2020:03:08:51 +0000] "POST /posts/create-post HTTP/1.1" 200 222628 "http://localhost:8000/users/profile/5e96a64c778a02084eec2fd3" "Mozilla/5.0 (Windows NT 10.0; Win64; x64) AppleWebKit/537.36 (KHTML, like Gecko) Chrome/81.0.4044.122 Safari/537.36"
::1 - - [26/Apr/2020:03:08:52 +0000] "POST /posts/create-post HTTP/1.1" 200 222628 "http://localhost:8000/users/profile/5e96a64c778a02084eec2fd3" "Mozilla/5.0 (Windows NT 10.0; Win64; x64) AppleWebKit/537.36 (KHTML, like Gecko) Chrome/81.0.4044.122 Safari/537.36"
::1 - - [26/Apr/2020:03:08:53 +0000] "POST /posts/create-post HTTP/1.1" 200 222628 "http://localhost:8000/users/profile/5e96a64c778a02084eec2fd3" "Mozilla/5.0 (Windows NT 10.0; Win64; x64) AppleWebKit/537.36 (KHTML, like Gecko) Chrome/81.0.4044.122 Safari/537.36"
::1 - - [26/Apr/2020:03:08:55 +0000] "GET / HTTP/1.1" 200 76614 "http://localhost:8000/users/profile/5e96a64c778a02084eec2fd3" "Mozilla/5.0 (Windows NT 10.0; Win64; x64) AppleWebKit/537.36 (KHTML, like Gecko) Chrome/81.0.4044.122 Safari/537.36"
::1 - - [26/Apr/2020:03:09:02 +0000] "GET /posts/update-post/5ea4fb45a61c095f121b57d9 HTTP/1.1" 200 95 "http://localhost:8000/" "Mozilla/5.0 (Windows NT 10.0; Win64; x64) AppleWebKit/537.36 (KHTML, like Gecko) Chrome/81.0.4044.122 Safari/537.36"
::1 - - [26/Apr/2020:03:09:24 +0000] "GET /posts/destroy-post/5ea4fb45a61c095f121b57d9 HTTP/1.1" 200 72 "http://localhost:8000/" "Mozilla/5.0 (Windows NT 10.0; Win64; x64) AppleWebKit/537.36 (KHTML, like Gecko) Chrome/81.0.4044.122 Safari/537.36"
::1 - - [26/Apr/2020:03:11:25 +0000] "GET / HTTP/1.1" 200 73046 "http://localhost:8000/users/profile/5e96a64c778a02084eec2fd3" "Mozilla/5.0 (Windows NT 10.0; Win64; x64) AppleWebKit/537.36 (KHTML, like Gecko) Chrome/81.0.4044.122 Safari/537.36"
::1 - - [26/Apr/2020:03:11:31 +0000] "GET /posts/update-post/5ea4fb44a61c095f121b57d8 HTTP/1.1" 200 95 "http://localhost:8000/" "Mozilla/5.0 (Windows NT 10.0; Win64; x64) AppleWebKit/537.36 (KHTML, like Gecko) Chrome/81.0.4044.122 Safari/537.36"
::1 - - [26/Apr/2020:03:14:28 +0000] "GET / HTTP/1.1" 200 73376 "http://localhost:8000/users/profile/5e96a64c778a02084eec2fd3" "Mozilla/5.0 (Windows NT 10.0; Win64; x64) AppleWebKit/537.36 (KHTML, like Gecko) Chrome/81.0.4044.122 Safari/537.36"
::1 - - [26/Apr/2020:03:14:31 +0000] "GET /posts/destroy-post/5ea4fb44a61c095f121b57d8 HTTP/1.1" 200 72 "http://localhost:8000/" "Mozilla/5.0 (Windows NT 10.0; Win64; x64) AppleWebKit/537.36 (KHTML, like Gecko) Chrome/81.0.4044.122 Safari/537.36"
::1 - - [26/Apr/2020:03:14:35 +0000] "GET /posts/update-post/5ea4fb43a61c095f121b57d7 HTTP/1.1" 200 95 "http://localhost:8000/" "Mozilla/5.0 (Windows NT 10.0; Win64; x64) AppleWebKit/537.36 (KHTML, like Gecko) Chrome/81.0.4044.122 Safari/537.36"
::1 - - [26/Apr/2020:03:15:16 +0000] "GET / HTTP/1.1" 200 69808 "http://localhost:8000/users/profile/5e96a64c778a02084eec2fd3" "Mozilla/5.0 (Windows NT 10.0; Win64; x64) AppleWebKit/537.36 (KHTML, like Gecko) Chrome/81.0.4044.122 Safari/537.36"
::1 - - [26/Apr/2020:03:15:18 +0000] "GET /posts/destroy-post/5ea4fb43a61c095f121b57d7 HTTP/1.1" 200 72 "http://localhost:8000/" "Mozilla/5.0 (Windows NT 10.0; Win64; x64) AppleWebKit/537.36 (KHTML, like Gecko) Chrome/81.0.4044.122 Safari/537.36"
::1 - - [26/Apr/2020:03:15:23 +0000] "GET /posts/update-post/5ea4fb43a61c095f121b57d6 HTTP/1.1" 200 95 "http://localhost:8000/" "Mozilla/5.0 (Windows NT 10.0; Win64; x64) AppleWebKit/537.36 (KHTML, like Gecko) Chrome/81.0.4044.122 Safari/537.36"
::1 - - [26/Apr/2020:03:17:11 +0000] "GET / HTTP/1.1" 200 66240 "http://localhost:8000/users/profile/5e96a64c778a02084eec2fd3" "Mozilla/5.0 (Windows NT 10.0; Win64; x64) AppleWebKit/537.36 (KHTML, like Gecko) Chrome/81.0.4044.122 Safari/537.36"
::1 - - [26/Apr/2020:03:17:14 +0000] "GET /posts/destroy-post/5ea4fb43a61c095f121b57d6 HTTP/1.1" 200 72 "http://localhost:8000/" "Mozilla/5.0 (Windows NT 10.0; Win64; x64) AppleWebKit/537.36 (KHTML, like Gecko) Chrome/81.0.4044.122 Safari/537.36"
::1 - - [26/Apr/2020:03:17:17 +0000] "GET /users/profile/5e96a64c778a02084eec2fd3 HTTP/1.1" 304 - "http://localhost:8000/" "Mozilla/5.0 (Windows NT 10.0; Win64; x64) AppleWebKit/537.36 (KHTML, like Gecko) Chrome/81.0.4044.122 Safari/537.36"
::1 - - [26/Apr/2020:03:17:21 +0000] "POST /posts/create-post HTTP/1.1" 200 222623 "http://localhost:8000/users/profile/5e96a64c778a02084eec2fd3" "Mozilla/5.0 (Windows NT 10.0; Win64; x64) AppleWebKit/537.36 (KHTML, like Gecko) Chrome/81.0.4044.122 Safari/537.36"
::1 - - [26/Apr/2020:03:17:23 +0000] "POST /posts/create-post HTTP/1.1" 200 222623 "http://localhost:8000/users/profile/5e96a64c778a02084eec2fd3" "Mozilla/5.0 (Windows NT 10.0; Win64; x64) AppleWebKit/537.36 (KHTML, like Gecko) Chrome/81.0.4044.122 Safari/537.36"
::1 - - [26/Apr/2020:03:17:24 +0000] "POST /posts/create-post HTTP/1.1" 200 222623 "http://localhost:8000/users/profile/5e96a64c778a02084eec2fd3" "Mozilla/5.0 (Windows NT 10.0; Win64; x64) AppleWebKit/537.36 (KHTML, like Gecko) Chrome/81.0.4044.122 Safari/537.36"
::1 - - [26/Apr/2020:03:17:25 +0000] "POST /posts/create-post HTTP/1.1" 200 222623 "http://localhost:8000/users/profile/5e96a64c778a02084eec2fd3" "Mozilla/5.0 (Windows NT 10.0; Win64; x64) AppleWebKit/537.36 (KHTML, like Gecko) Chrome/81.0.4044.122 Safari/537.36"
::1 - - [26/Apr/2020:03:17:27 +0000] "GET / HTTP/1.1" 200 76594 "http://localhost:8000/users/profile/5e96a64c778a02084eec2fd3" "Mozilla/5.0 (Windows NT 10.0; Win64; x64) AppleWebKit/537.36 (KHTML, like Gecko) Chrome/81.0.4044.122 Safari/537.36"
::1 - - [26/Apr/2020:03:17:30 +0000] "GET /posts/update-post/5ea4fd4548fe866252d8bde9 HTTP/1.1" 200 90 "http://localhost:8000/" "Mozilla/5.0 (Windows NT 10.0; Win64; x64) AppleWebKit/537.36 (KHTML, like Gecko) Chrome/81.0.4044.122 Safari/537.36"
::1 - - [26/Apr/2020:03:19:37 +0000] "GET / HTTP/1.1" 200 76924 "http://localhost:8000/users/profile/5e96a64c778a02084eec2fd3" "Mozilla/5.0 (Windows NT 10.0; Win64; x64) AppleWebKit/537.36 (KHTML, like Gecko) Chrome/81.0.4044.122 Safari/537.36"
::1 - - [26/Apr/2020:03:19:40 +0000] "GET /posts/destroy-post/5ea4fd4548fe866252d8bde9 HTTP/1.1" 200 72 "http://localhost:8000/" "Mozilla/5.0 (Windows NT 10.0; Win64; x64) AppleWebKit/537.36 (KHTML, like Gecko) Chrome/81.0.4044.122 Safari/537.36"
::1 - - [26/Apr/2020:03:19:44 +0000] "GET /posts/update-post/5ea4fd4448fe866252d8bde8 HTTP/1.1" 200 90 "http://localhost:8000/" "Mozilla/5.0 (Windows NT 10.0; Win64; x64) AppleWebKit/537.36 (KHTML, like Gecko) Chrome/81.0.4044.122 Safari/537.36"
::1 - - [26/Apr/2020:03:20:45 +0000] "GET / HTTP/1.1" 200 73361 "http://localhost:8000/users/profile/5e96a64c778a02084eec2fd3" "Mozilla/5.0 (Windows NT 10.0; Win64; x64) AppleWebKit/537.36 (KHTML, like Gecko) Chrome/81.0.4044.122 Safari/537.36"
::1 - - [26/Apr/2020:03:20:48 +0000] "GET /posts/destroy-post/5ea4fd4448fe866252d8bde8 HTTP/1.1" 200 72 "http://localhost:8000/" "Mozilla/5.0 (Windows NT 10.0; Win64; x64) AppleWebKit/537.36 (KHTML, like Gecko) Chrome/81.0.4044.122 Safari/537.36"
::1 - - [26/Apr/2020:03:20:52 +0000] "GET /posts/update-post/5ea4fd4248fe866252d8bde7 HTTP/1.1" 200 90 "http://localhost:8000/" "Mozilla/5.0 (Windows NT 10.0; Win64; x64) AppleWebKit/537.36 (KHTML, like Gecko) Chrome/81.0.4044.122 Safari/537.36"
::1 - - [26/Apr/2020:03:25:41 +0000] "GET / HTTP/1.1" 200 69798 "http://localhost:8000/users/profile/5e96a64c778a02084eec2fd3" "Mozilla/5.0 (Windows NT 10.0; Win64; x64) AppleWebKit/537.36 (KHTML, like Gecko) Chrome/81.0.4044.122 Safari/537.36"
::1 - - [26/Apr/2020:03:25:43 +0000] "GET /posts/destroy-post/5ea4fd4248fe866252d8bde7 HTTP/1.1" 200 72 "http://localhost:8000/" "Mozilla/5.0 (Windows NT 10.0; Win64; x64) AppleWebKit/537.36 (KHTML, like Gecko) Chrome/81.0.4044.122 Safari/537.36"
::1 - - [26/Apr/2020:03:25:45 +0000] "POST /posts/update-post/5ea4fd4148fe866252d8bde6 HTTP/1.1" 200 90 "http://localhost:8000/" "Mozilla/5.0 (Windows NT 10.0; Win64; x64) AppleWebKit/537.36 (KHTML, like Gecko) Chrome/81.0.4044.122 Safari/537.36"
::1 - - [26/Apr/2020:03:26:24 +0000] "GET / HTTP/1.1" 200 66235 "http://localhost:8000/users/profile/5e96a64c778a02084eec2fd3" "Mozilla/5.0 (Windows NT 10.0; Win64; x64) AppleWebKit/537.36 (KHTML, like Gecko) Chrome/81.0.4044.122 Safari/537.36"
::1 - - [26/Apr/2020:03:26:26 +0000] "GET /posts/destroy-post/5ea4fd4148fe866252d8bde6 HTTP/1.1" 200 72 "http://localhost:8000/" "Mozilla/5.0 (Windows NT 10.0; Win64; x64) AppleWebKit/537.36 (KHTML, like Gecko) Chrome/81.0.4044.122 Safari/537.36"
::1 - - [26/Apr/2020:03:26:30 +0000] "GET /users/profile/5e96a64c778a02084eec2fd3 HTTP/1.1" 304 - "http://localhost:8000/" "Mozilla/5.0 (Windows NT 10.0; Win64; x64) AppleWebKit/537.36 (KHTML, like Gecko) Chrome/81.0.4044.122 Safari/537.36"
::1 - - [26/Apr/2020:03:26:35 +0000] "POST /posts/create-post HTTP/1.1" 200 222621 "http://localhost:8000/users/profile/5e96a64c778a02084eec2fd3" "Mozilla/5.0 (Windows NT 10.0; Win64; x64) AppleWebKit/537.36 (KHTML, like Gecko) Chrome/81.0.4044.122 Safari/537.36"
::1 - - [26/Apr/2020:03:26:36 +0000] "POST /posts/create-post HTTP/1.1" 200 222621 "http://localhost:8000/users/profile/5e96a64c778a02084eec2fd3" "Mozilla/5.0 (Windows NT 10.0; Win64; x64) AppleWebKit/537.36 (KHTML, like Gecko) Chrome/81.0.4044.122 Safari/537.36"
::1 - - [26/Apr/2020:03:26:38 +0000] "POST /posts/create-post HTTP/1.1" 200 222621 "http://localhost:8000/users/profile/5e96a64c778a02084eec2fd3" "Mozilla/5.0 (Windows NT 10.0; Win64; x64) AppleWebKit/537.36 (KHTML, like Gecko) Chrome/81.0.4044.122 Safari/537.36"
::1 - - [26/Apr/2020:03:26:39 +0000] "POST /posts/create-post HTTP/1.1" 200 222621 "http://localhost:8000/users/profile/5e96a64c778a02084eec2fd3" "Mozilla/5.0 (Windows NT 10.0; Win64; x64) AppleWebKit/537.36 (KHTML, like Gecko) Chrome/81.0.4044.122 Safari/537.36"
::1 - - [26/Apr/2020:03:26:41 +0000] "GET / HTTP/1.1" 200 76586 "http://localhost:8000/users/profile/5e96a64c778a02084eec2fd3" "Mozilla/5.0 (Windows NT 10.0; Win64; x64) AppleWebKit/537.36 (KHTML, like Gecko) Chrome/81.0.4044.122 Safari/537.36"
::1 - - [26/Apr/2020:03:26:46 +0000] "POST /posts/update-post/5ea4ff6e979e7665909545a6 HTTP/1.1" 200 88 "http://localhost:8000/" "Mozilla/5.0 (Windows NT 10.0; Win64; x64) AppleWebKit/537.36 (KHTML, like Gecko) Chrome/81.0.4044.122 Safari/537.36"
::1 - - [26/Apr/2020:03:27:25 +0000] "GET / HTTP/1.1" 200 76916 "http://localhost:8000/users/profile/5e96a64c778a02084eec2fd3" "Mozilla/5.0 (Windows NT 10.0; Win64; x64) AppleWebKit/537.36 (KHTML, like Gecko) Chrome/81.0.4044.122 Safari/537.36"
::1 - - [26/Apr/2020:03:27:27 +0000] "GET /posts/destroy-post/5ea4ff6e979e7665909545a6 HTTP/1.1" 200 72 "http://localhost:8000/" "Mozilla/5.0 (Windows NT 10.0; Win64; x64) AppleWebKit/537.36 (KHTML, like Gecko) Chrome/81.0.4044.122 Safari/537.36"
::1 - - [26/Apr/2020:03:27:31 +0000] "POST /posts/update-post/5ea4ff6d979e7665909545a5 HTTP/1.1" 200 88 "http://localhost:8000/" "Mozilla/5.0 (Windows NT 10.0; Win64; x64) AppleWebKit/537.36 (KHTML, like Gecko) Chrome/81.0.4044.122 Safari/537.36"
::1 - - [26/Apr/2020:03:28:13 +0000] "GET / HTTP/1.1" 200 73355 "http://localhost:8000/users/profile/5e96a64c778a02084eec2fd3" "Mozilla/5.0 (Windows NT 10.0; Win64; x64) AppleWebKit/537.36 (KHTML, like Gecko) Chrome/81.0.4044.122 Safari/537.36"
::1 - - [26/Apr/2020:03:28:15 +0000] "GET /posts/destroy-post/5ea4ff6d979e7665909545a5 HTTP/1.1" 200 72 "http://localhost:8000/" "Mozilla/5.0 (Windows NT 10.0; Win64; x64) AppleWebKit/537.36 (KHTML, like Gecko) Chrome/81.0.4044.122 Safari/537.36"
::1 - - [26/Apr/2020:03:28:20 +0000] "POST /posts/update-post/5ea4ff6c979e7665909545a4 HTTP/1.1" 200 88 "http://localhost:8000/" "Mozilla/5.0 (Windows NT 10.0; Win64; x64) AppleWebKit/537.36 (KHTML, like Gecko) Chrome/81.0.4044.122 Safari/537.36"
::1 - - [26/Apr/2020:03:30:20 +0000] "GET / HTTP/1.1" 200 69794 "http://localhost:8000/users/profile/5e96a64c778a02084eec2fd3" "Mozilla/5.0 (Windows NT 10.0; Win64; x64) AppleWebKit/537.36 (KHTML, like Gecko) Chrome/81.0.4044.122 Safari/537.36"
::1 - - [26/Apr/2020:03:30:22 +0000] "GET /posts/destroy-post/5ea4ff6c979e7665909545a4 HTTP/1.1" 200 72 "http://localhost:8000/" "Mozilla/5.0 (Windows NT 10.0; Win64; x64) AppleWebKit/537.36 (KHTML, like Gecko) Chrome/81.0.4044.122 Safari/537.36"
::1 - - [26/Apr/2020:03:30:27 +0000] "POST /posts/update-post/5ea4ff6a979e7665909545a3 HTTP/1.1" 200 88 "http://localhost:8000/" "Mozilla/5.0 (Windows NT 10.0; Win64; x64) AppleWebKit/537.36 (KHTML, like Gecko) Chrome/81.0.4044.122 Safari/537.36"
::1 - - [26/Apr/2020:03:32:08 +0000] "GET / HTTP/1.1" 200 66233 "http://localhost:8000/users/profile/5e96a64c778a02084eec2fd3" "Mozilla/5.0 (Windows NT 10.0; Win64; x64) AppleWebKit/537.36 (KHTML, like Gecko) Chrome/81.0.4044.122 Safari/537.36"
::1 - - [26/Apr/2020:03:32:11 +0000] "GET /posts/destroy-post/5ea4ff6a979e7665909545a3 HTTP/1.1" 200 72 "http://localhost:8000/" "Mozilla/5.0 (Windows NT 10.0; Win64; x64) AppleWebKit/537.36 (KHTML, like Gecko) Chrome/81.0.4044.122 Safari/537.36"
::1 - - [26/Apr/2020:03:32:14 +0000] "GET /users/profile/5e96a64c778a02084eec2fd3 HTTP/1.1" 304 - "http://localhost:8000/" "Mozilla/5.0 (Windows NT 10.0; Win64; x64) AppleWebKit/537.36 (KHTML, like Gecko) Chrome/81.0.4044.122 Safari/537.36"
::1 - - [26/Apr/2020:03:32:18 +0000] "POST /posts/create-post HTTP/1.1" 200 222621 "http://localhost:8000/users/profile/5e96a64c778a02084eec2fd3" "Mozilla/5.0 (Windows NT 10.0; Win64; x64) AppleWebKit/537.36 (KHTML, like Gecko) Chrome/81.0.4044.122 Safari/537.36"
::1 - - [26/Apr/2020:03:32:19 +0000] "POST /posts/create-post HTTP/1.1" 200 222621 "http://localhost:8000/users/profile/5e96a64c778a02084eec2fd3" "Mozilla/5.0 (Windows NT 10.0; Win64; x64) AppleWebKit/537.36 (KHTML, like Gecko) Chrome/81.0.4044.122 Safari/537.36"
::1 - - [26/Apr/2020:03:32:19 +0000] "POST /posts/create-post HTTP/1.1" 200 222621 "http://localhost:8000/users/profile/5e96a64c778a02084eec2fd3" "Mozilla/5.0 (Windows NT 10.0; Win64; x64) AppleWebKit/537.36 (KHTML, like Gecko) Chrome/81.0.4044.122 Safari/537.36"
::1 - - [26/Apr/2020:03:32:20 +0000] "POST /posts/create-post HTTP/1.1" 200 222621 "http://localhost:8000/users/profile/5e96a64c778a02084eec2fd3" "Mozilla/5.0 (Windows NT 10.0; Win64; x64) AppleWebKit/537.36 (KHTML, like Gecko) Chrome/81.0.4044.122 Safari/537.36"
::1 - - [26/Apr/2020:03:32:21 +0000] "POST /posts/create-post HTTP/1.1" 200 222621 "http://localhost:8000/users/profile/5e96a64c778a02084eec2fd3" "Mozilla/5.0 (Windows NT 10.0; Win64; x64) AppleWebKit/537.36 (KHTML, like Gecko) Chrome/81.0.4044.122 Safari/537.36"
::1 - - [26/Apr/2020:03:32:22 +0000] "GET / HTTP/1.1" 200 80147 "http://localhost:8000/users/profile/5e96a64c778a02084eec2fd3" "Mozilla/5.0 (Windows NT 10.0; Win64; x64) AppleWebKit/537.36 (KHTML, like Gecko) Chrome/81.0.4044.122 Safari/537.36"
::1 - - [26/Apr/2020:03:32:30 +0000] "POST /posts/update-post/5ea500c44258986841136b09 HTTP/1.1" 200 88 "http://localhost:8000/" "Mozilla/5.0 (Windows NT 10.0; Win64; x64) AppleWebKit/537.36 (KHTML, like Gecko) Chrome/81.0.4044.122 Safari/537.36"
::1 - - [26/Apr/2020:03:33:43 +0000] "GET / HTTP/1.1" 200 80477 "http://localhost:8000/users/profile/5e96a64c778a02084eec2fd3" "Mozilla/5.0 (Windows NT 10.0; Win64; x64) AppleWebKit/537.36 (KHTML, like Gecko) Chrome/81.0.4044.122 Safari/537.36"
::1 - - [26/Apr/2020:03:33:46 +0000] "GET /posts/destroy-post/5ea500c44258986841136b09 HTTP/1.1" 200 72 "http://localhost:8000/" "Mozilla/5.0 (Windows NT 10.0; Win64; x64) AppleWebKit/537.36 (KHTML, like Gecko) Chrome/81.0.4044.122 Safari/537.36"
::1 - - [26/Apr/2020:03:33:47 +0000] "POST /posts/update-post/5ea500c44258986841136b08 HTTP/1.1" 200 88 "http://localhost:8000/" "Mozilla/5.0 (Windows NT 10.0; Win64; x64) AppleWebKit/537.36 (KHTML, like Gecko) Chrome/81.0.4044.122 Safari/537.36"
::1 - - [26/Apr/2020:03:34:39 +0000] "GET /posts/destroy-post/5ea500c44258986841136b08 HTTP/1.1" 200 72 "http://localhost:8000/" "Mozilla/5.0 (Windows NT 10.0; Win64; x64) AppleWebKit/537.36 (KHTML, like Gecko) Chrome/81.0.4044.122 Safari/537.36"
::1 - - [26/Apr/2020:03:34:41 +0000] "GET / HTTP/1.1" 200 73025 "http://localhost:8000/users/profile/5e96a64c778a02084eec2fd3" "Mozilla/5.0 (Windows NT 10.0; Win64; x64) AppleWebKit/537.36 (KHTML, like Gecko) Chrome/81.0.4044.122 Safari/537.36"
::1 - - [26/Apr/2020:03:34:46 +0000] "POST /posts/update-post/5ea500c34258986841136b07 HTTP/1.1" 200 88 "http://localhost:8000/" "Mozilla/5.0 (Windows NT 10.0; Win64; x64) AppleWebKit/537.36 (KHTML, like Gecko) Chrome/81.0.4044.122 Safari/537.36"
::1 - - [26/Apr/2020:03:35:21 +0000] "GET / HTTP/1.1" 200 73355 "http://localhost:8000/users/profile/5e96a64c778a02084eec2fd3" "Mozilla/5.0 (Windows NT 10.0; Win64; x64) AppleWebKit/537.36 (KHTML, like Gecko) Chrome/81.0.4044.122 Safari/537.36"
::1 - - [26/Apr/2020:03:35:55 +0000] "GET /posts/destroy-post/5ea500c34258986841136b07 HTTP/1.1" 200 72 "http://localhost:8000/" "Mozilla/5.0 (Windows NT 10.0; Win64; x64) AppleWebKit/537.36 (KHTML, like Gecko) Chrome/81.0.4044.122 Safari/537.36"
::1 - - [26/Apr/2020:03:35:57 +0000] "POST /posts/update-post/5ea500c24258986841136b06 HTTP/1.1" 200 88 "http://localhost:8000/" "Mozilla/5.0 (Windows NT 10.0; Win64; x64) AppleWebKit/537.36 (KHTML, like Gecko) Chrome/81.0.4044.122 Safari/537.36"
::1 - - [26/Apr/2020:03:36:59 +0000] "GET / HTTP/1.1" 200 69794 "http://localhost:8000/users/profile/5e96a64c778a02084eec2fd3" "Mozilla/5.0 (Windows NT 10.0; Win64; x64) AppleWebKit/537.36 (KHTML, like Gecko) Chrome/81.0.4044.122 Safari/537.36"
::1 - - [26/Apr/2020:03:37:05 +0000] "GET /posts/destroy-post/5ea500c24258986841136b06 HTTP/1.1" 200 72 "http://localhost:8000/" "Mozilla/5.0 (Windows NT 10.0; Win64; x64) AppleWebKit/537.36 (KHTML, like Gecko) Chrome/81.0.4044.122 Safari/537.36"
::1 - - [26/Apr/2020:03:37:06 +0000] "POST /posts/update-post/5ea500c24258986841136b05 HTTP/1.1" 200 88 "http://localhost:8000/" "Mozilla/5.0 (Windows NT 10.0; Win64; x64) AppleWebKit/537.36 (KHTML, like Gecko) Chrome/81.0.4044.122 Safari/537.36"
::1 - - [26/Apr/2020:03:37:20 +0000] "GET /posts/destroy-post/5ea500c24258986841136b05 HTTP/1.1" 200 72 "http://localhost:8000/" "Mozilla/5.0 (Windows NT 10.0; Win64; x64) AppleWebKit/537.36 (KHTML, like Gecko) Chrome/81.0.4044.122 Safari/537.36"
::1 - - [26/Apr/2020:03:37:24 +0000] "GET / HTTP/1.1" 200 62342 "http://localhost:8000/" "Mozilla/5.0 (Windows NT 10.0; Win64; x64) AppleWebKit/537.36 (KHTML, like Gecko) Chrome/81.0.4044.122 Safari/537.36"
::1 - - [26/Apr/2020:03:37:25 +0000] "GET /users/profile/5e96a64c778a02084eec2fd3 HTTP/1.1" 304 - "http://localhost:8000/" "Mozilla/5.0 (Windows NT 10.0; Win64; x64) AppleWebKit/537.36 (KHTML, like Gecko) Chrome/81.0.4044.122 Safari/537.36"
::1 - - [26/Apr/2020:03:37:29 +0000] "POST /posts/create-post HTTP/1.1" 200 222621 "http://localhost:8000/users/profile/5e96a64c778a02084eec2fd3" "Mozilla/5.0 (Windows NT 10.0; Win64; x64) AppleWebKit/537.36 (KHTML, like Gecko) Chrome/81.0.4044.122 Safari/537.36"
::1 - - [26/Apr/2020:03:38:31 +0000] "GET /users/profile/5e96a64c778a02084eec2fd3 HTTP/1.1" 200 29766 "http://localhost:8000/" "Mozilla/5.0 (Windows NT 10.0; Win64; x64) AppleWebKit/537.36 (KHTML, like Gecko) Chrome/81.0.4044.122 Safari/537.36"
::1 - - [26/Apr/2020:03:38:40 +0000] "POST /posts/create-post HTTP/1.1" 200 222618 "http://localhost:8000/users/profile/5e96a64c778a02084eec2fd3" "Mozilla/5.0 (Windows NT 10.0; Win64; x64) AppleWebKit/537.36 (KHTML, like Gecko) Chrome/81.0.4044.122 Safari/537.36"
::1 - - [26/Apr/2020:03:39:01 +0000] "GET /posts/destroy-post/5ea502403667376d8643e2a5 HTTP/1.1" 200 72 "http://localhost:8000/users/profile/5e96a64c778a02084eec2fd3" "Mozilla/5.0 (Windows NT 10.0; Win64; x64) AppleWebKit/537.36 (KHTML, like Gecko) Chrome/81.0.4044.122 Safari/537.36"
::1 - - [26/Apr/2020:03:39:04 +0000] "POST /posts/update-post/5ea501f98cfdf06c45129ae4 HTTP/1.1" 200 88 "http://localhost:8000/users/profile/5e96a64c778a02084eec2fd3" "Mozilla/5.0 (Windows NT 10.0; Win64; x64) AppleWebKit/537.36 (KHTML, like Gecko) Chrome/81.0.4044.122 Safari/537.36"
::1 - - [26/Apr/2020:03:39:09 +0000] "GET / HTTP/1.1" 200 66233 "http://localhost:8000/users/profile/5e96a64c778a02084eec2fd3" "Mozilla/5.0 (Windows NT 10.0; Win64; x64) AppleWebKit/537.36 (KHTML, like Gecko) Chrome/81.0.4044.122 Safari/537.36"
::1 - - [26/Apr/2020:03:39:09 +0000] "POST /posts/update-post/undefined HTTP/1.1" - - "http://localhost:8000/users/profile/5e96a64c778a02084eec2fd3" "Mozilla/5.0 (Windows NT 10.0; Win64; x64) AppleWebKit/537.36 (KHTML, like Gecko) Chrome/81.0.4044.122 Safari/537.36"
::1 - - [26/Apr/2020:03:39:09 +0000] "POST /posts/update-post/undefined HTTP/1.1" - - "http://localhost:8000/users/profile/5e96a64c778a02084eec2fd3" "Mozilla/5.0 (Windows NT 10.0; Win64; x64) AppleWebKit/537.36 (KHTML, like Gecko) Chrome/81.0.4044.122 Safari/537.36"
::1 - - [26/Apr/2020:03:39:17 +0000] "GET /posts/destroy-post/5ea501f98cfdf06c45129ae4 HTTP/1.1" 200 72 "http://localhost:8000/" "Mozilla/5.0 (Windows NT 10.0; Win64; x64) AppleWebKit/537.36 (KHTML, like Gecko) Chrome/81.0.4044.122 Safari/537.36"
::1 - - [26/Apr/2020:03:39:22 +0000] "GET /users/profile/5e96a64c778a02084eec2fd3 HTTP/1.1" 200 26165 "http://localhost:8000/" "Mozilla/5.0 (Windows NT 10.0; Win64; x64) AppleWebKit/537.36 (KHTML, like Gecko) Chrome/81.0.4044.122 Safari/537.36"
::1 - - [26/Apr/2020:03:39:27 +0000] "POST /posts/create-post HTTP/1.1" 200 222618 "http://localhost:8000/users/profile/5e96a64c778a02084eec2fd3" "Mozilla/5.0 (Windows NT 10.0; Win64; x64) AppleWebKit/537.36 (KHTML, like Gecko) Chrome/81.0.4044.122 Safari/537.36"
::1 - - [26/Apr/2020:03:39:28 +0000] "POST /posts/create-post HTTP/1.1" 200 222618 "http://localhost:8000/users/profile/5e96a64c778a02084eec2fd3" "Mozilla/5.0 (Windows NT 10.0; Win64; x64) AppleWebKit/537.36 (KHTML, like Gecko) Chrome/81.0.4044.122 Safari/537.36"
::1 - - [26/Apr/2020:03:40:38 +0000] "POST /posts/update-post/undefined HTTP/1.1" - - "http://localhost:8000/users/profile/5e96a64c778a02084eec2fd3" "Mozilla/5.0 (Windows NT 10.0; Win64; x64) AppleWebKit/537.36 (KHTML, like Gecko) Chrome/81.0.4044.122 Safari/537.36"
::1 - - [26/Apr/2020:03:40:38 +0000] "POST /posts/update-post/undefined HTTP/1.1" - - "http://localhost:8000/users/profile/5e96a64c778a02084eec2fd3" "Mozilla/5.0 (Windows NT 10.0; Win64; x64) AppleWebKit/537.36 (KHTML, like Gecko) Chrome/81.0.4044.122 Safari/537.36"
::1 - - [26/Apr/2020:03:40:38 +0000] "POST /posts/update-post/undefined HTTP/1.1" - - "http://localhost:8000/users/profile/5e96a64c778a02084eec2fd3" "Mozilla/5.0 (Windows NT 10.0; Win64; x64) AppleWebKit/537.36 (KHTML, like Gecko) Chrome/81.0.4044.122 Safari/537.36"
::1 - - [26/Apr/2020:03:40:38 +0000] "POST /posts/update-post/undefined HTTP/1.1" - - "http://localhost:8000/users/profile/5e96a64c778a02084eec2fd3" "Mozilla/5.0 (Windows NT 10.0; Win64; x64) AppleWebKit/537.36 (KHTML, like Gecko) Chrome/81.0.4044.122 Safari/537.36"
::1 - - [26/Apr/2020:03:40:38 +0000] "POST /posts/update-post/undefined HTTP/1.1" - - "http://localhost:8000/users/profile/5e96a64c778a02084eec2fd3" "Mozilla/5.0 (Windows NT 10.0; Win64; x64) AppleWebKit/537.36 (KHTML, like Gecko) Chrome/81.0.4044.122 Safari/537.36"
::1 - - [26/Apr/2020:03:40:38 +0000] "POST /posts/update-post/undefined HTTP/1.1" - - "http://localhost:8000/users/profile/5e96a64c778a02084eec2fd3" "Mozilla/5.0 (Windows NT 10.0; Win64; x64) AppleWebKit/537.36 (KHTML, like Gecko) Chrome/81.0.4044.122 Safari/537.36"
::1 - - [26/Apr/2020:03:40:40 +0000] "GET / HTTP/1.1" 200 69458 "http://localhost:8000/users/profile/5e96a64c778a02084eec2fd3" "Mozilla/5.0 (Windows NT 10.0; Win64; x64) AppleWebKit/537.36 (KHTML, like Gecko) Chrome/81.0.4044.122 Safari/537.36"
::1 - - [26/Apr/2020:03:40:48 +0000] "POST /posts/update-post/5ea502703667376d8643e2a7 HTTP/1.1" 200 85 "http://localhost:8000/" "Mozilla/5.0 (Windows NT 10.0; Win64; x64) AppleWebKit/537.36 (KHTML, like Gecko) Chrome/81.0.4044.122 Safari/537.36"
::1 - - [26/Apr/2020:03:41:14 +0000] "POST /posts/update-post/5ea5026e3667376d8643e2a6 HTTP/1.1" 200 85 "http://localhost:8000/" "Mozilla/5.0 (Windows NT 10.0; Win64; x64) AppleWebKit/537.36 (KHTML, like Gecko) Chrome/81.0.4044.122 Safari/537.36"
::1 - - [26/Apr/2020:03:42:17 +0000] "GET /users/profile/5e96a64c778a02084eec2fd3 HTTP/1.1" 200 34021 "http://localhost:8000/" "Mozilla/5.0 (Windows NT 10.0; Win64; x64) AppleWebKit/537.36 (KHTML, like Gecko) Chrome/81.0.4044.122 Safari/537.36"
::1 - - [26/Apr/2020:03:42:30 +0000] "POST /posts/update-post/5ea502703667376d8643e2a7 HTTP/1.1" 200 85 "http://localhost:8000/users/profile/5e96a64c778a02084eec2fd3" "Mozilla/5.0 (Windows NT 10.0; Win64; x64) AppleWebKit/537.36 (KHTML, like Gecko) Chrome/81.0.4044.122 Safari/537.36"
::1 - - [26/Apr/2020:03:42:32 +0000] "GET /posts/destroy-post/5ea502703667376d8643e2a7 HTTP/1.1" 200 72 "http://localhost:8000/users/profile/5e96a64c778a02084eec2fd3" "Mozilla/5.0 (Windows NT 10.0; Win64; x64) AppleWebKit/537.36 (KHTML, like Gecko) Chrome/81.0.4044.122 Safari/537.36"
::1 - - [26/Apr/2020:03:42:34 +0000] "GET /posts/destroy-post/5ea5026e3667376d8643e2a6 HTTP/1.1" 200 72 "http://localhost:8000/users/profile/5e96a64c778a02084eec2fd3" "Mozilla/5.0 (Windows NT 10.0; Win64; x64) AppleWebKit/537.36 (KHTML, like Gecko) Chrome/81.0.4044.122 Safari/537.36"
::1 - - [26/Apr/2020:03:42:44 +0000] "POST /posts/create-post HTTP/1.1" 200 222619 "http://localhost:8000/users/profile/5e96a64c778a02084eec2fd3" "Mozilla/5.0 (Windows NT 10.0; Win64; x64) AppleWebKit/537.36 (KHTML, like Gecko) Chrome/81.0.4044.122 Safari/537.36"
::ffff:127.0.0.1 - - [26/Apr/2020:03:43:48 +0000] "GET /posts/destroy-post/5ea503338d61f56e29e4bef1 HTTP/1.1" 200 72 "http://localhost:8000/users/profile/5e96a64c778a02084eec2fd3" "Mozilla/5.0 (Windows NT 10.0; Win64; x64) AppleWebKit/537.36 (KHTML, like Gecko) Chrome/81.0.4044.122 Safari/537.36"
::ffff:127.0.0.1 - - [26/Apr/2020:03:43:51 +0000] "GET /users/profile/5e96a64c778a02084eec2fd3 HTTP/1.1" 200 26165 "http://localhost:8000/" "Mozilla/5.0 (Windows NT 10.0; Win64; x64) AppleWebKit/537.36 (KHTML, like Gecko) Chrome/81.0.4044.122 Safari/537.36"
::1 - - [26/Apr/2020:03:43:51 +0000] "POST /posts/update-post/undefined HTTP/1.1" - - "http://localhost:8000/users/profile/5e96a64c778a02084eec2fd3" "Mozilla/5.0 (Windows NT 10.0; Win64; x64) AppleWebKit/537.36 (KHTML, like Gecko) Chrome/81.0.4044.122 Safari/537.36"
::1 - - [26/Apr/2020:03:43:55 +0000] "POST /posts/create-post HTTP/1.1" 200 222620 "http://localhost:8000/users/profile/5e96a64c778a02084eec2fd3" "Mozilla/5.0 (Windows NT 10.0; Win64; x64) AppleWebKit/537.36 (KHTML, like Gecko) Chrome/81.0.4044.122 Safari/537.36"
::1 - - [26/Apr/2020:03:43:57 +0000] "POST /posts/update-post/5ea5037b22a2ce6ed184b3de HTTP/1.1" 200 87 "http://localhost:8000/users/profile/5e96a64c778a02084eec2fd3" "Mozilla/5.0 (Windows NT 10.0; Win64; x64) AppleWebKit/537.36 (KHTML, like Gecko) Chrome/81.0.4044.122 Safari/537.36"
::1 - - [26/Apr/2020:03:44:00 +0000] "GET /posts/destroy-post/5ea5037b22a2ce6ed184b3de HTTP/1.1" 200 72 "http://localhost:8000/users/profile/5e96a64c778a02084eec2fd3" "Mozilla/5.0 (Windows NT 10.0; Win64; x64) AppleWebKit/537.36 (KHTML, like Gecko) Chrome/81.0.4044.122 Safari/537.36"
::1 - - [26/Apr/2020:03:44:08 +0000] "POST /posts/create-post HTTP/1.1" 200 222619 "http://localhost:8000/users/profile/5e96a64c778a02084eec2fd3" "Mozilla/5.0 (Windows NT 10.0; Win64; x64) AppleWebKit/537.36 (KHTML, like Gecko) Chrome/81.0.4044.122 Safari/537.36"
::1 - - [26/Apr/2020:03:44:09 +0000] "POST /posts/create-post HTTP/1.1" 200 222619 "http://localhost:8000/users/profile/5e96a64c778a02084eec2fd3" "Mozilla/5.0 (Windows NT 10.0; Win64; x64) AppleWebKit/537.36 (KHTML, like Gecko) Chrome/81.0.4044.122 Safari/537.36"
::1 - - [26/Apr/2020:03:44:10 +0000] "POST /posts/create-post HTTP/1.1" 200 222619 "http://localhost:8000/users/profile/5e96a64c778a02084eec2fd3" "Mozilla/5.0 (Windows NT 10.0; Win64; x64) AppleWebKit/537.36 (KHTML, like Gecko) Chrome/81.0.4044.122 Safari/537.36"
::1 - - [26/Apr/2020:03:44:12 +0000] "POST /posts/create-post HTTP/1.1" 200 222619 "http://localhost:8000/users/profile/5e96a64c778a02084eec2fd3" "Mozilla/5.0 (Windows NT 10.0; Win64; x64) AppleWebKit/537.36 (KHTML, like Gecko) Chrome/81.0.4044.122 Safari/537.36"
::1 - - [26/Apr/2020:03:44:14 +0000] "GET / HTTP/1.1" 200 76578 "http://localhost:8000/users/profile/5e96a64c778a02084eec2fd3" "Mozilla/5.0 (Windows NT 10.0; Win64; x64) AppleWebKit/537.36 (KHTML, like Gecko) Chrome/81.0.4044.122 Safari/537.36"
::1 - - [26/Apr/2020:03:44:23 +0000] "POST /posts/update-post/5ea5038b22a2ce6ed184b3e2 HTTP/1.1" 200 86 "http://localhost:8000/" "Mozilla/5.0 (Windows NT 10.0; Win64; x64) AppleWebKit/537.36 (KHTML, like Gecko) Chrome/81.0.4044.122 Safari/537.36"
::1 - - [26/Apr/2020:03:53:47 +0000] "GET / HTTP/1.1" 200 76908 "http://localhost:8000/users/profile/5e96a64c778a02084eec2fd3" "Mozilla/5.0 (Windows NT 10.0; Win64; x64) AppleWebKit/537.36 (KHTML, like Gecko) Chrome/81.0.4044.122 Safari/537.36"
::1 - - [26/Apr/2020:03:53:53 +0000] "POST /posts/update-post-p2 HTTP/1.1" 200 122 "http://localhost:8000/" "Mozilla/5.0 (Windows NT 10.0; Win64; x64) AppleWebKit/537.36 (KHTML, like Gecko) Chrome/81.0.4044.122 Safari/537.36"
::1 - - [26/Apr/2020:03:55:16 +0000] "GET / HTTP/1.1" 200 76585 "http://localhost:8000/users/profile/5e96a64c778a02084eec2fd3" "Mozilla/5.0 (Windows NT 10.0; Win64; x64) AppleWebKit/537.36 (KHTML, like Gecko) Chrome/81.0.4044.122 Safari/537.36"
::ffff:127.0.0.1 - - [26/Apr/2020:03:55:41 +0000] "POST /posts/update-post-p2 HTTP/1.1" 302 88 "http://localhost:8000/" "Mozilla/5.0 (Windows NT 10.0; Win64; x64) AppleWebKit/537.36 (KHTML, like Gecko) Chrome/81.0.4044.122 Safari/537.36"
::1 - - [26/Apr/2020:03:55:42 +0000] "GET / HTTP/1.1" 200 76496 "http://localhost:8000/" "Mozilla/5.0 (Windows NT 10.0; Win64; x64) AppleWebKit/537.36 (KHTML, like Gecko) Chrome/81.0.4044.122 Safari/537.36"
::1 - - [26/Apr/2020:03:55:51 +0000] "GET / HTTP/1.1" 200 76255 "http://localhost:8000/" "Mozilla/5.0 (Windows NT 10.0; Win64; x64) AppleWebKit/537.36 (KHTML, like Gecko) Chrome/81.0.4044.122 Safari/537.36"
::1 - - [26/Apr/2020:03:55:56 +0000] "GET /posts/destroy-post/5ea5038b22a2ce6ed184b3e2 HTTP/1.1" 200 72 "http://localhost:8000/" "Mozilla/5.0 (Windows NT 10.0; Win64; x64) AppleWebKit/537.36 (KHTML, like Gecko) Chrome/81.0.4044.122 Safari/537.36"
::1 - - [26/Apr/2020:03:56:03 +0000] "POST /posts/update-post/5ea5038a22a2ce6ed184b3e1 HTTP/1.1" 200 86 "http://localhost:8000/" "Mozilla/5.0 (Windows NT 10.0; Win64; x64) AppleWebKit/537.36 (KHTML, like Gecko) Chrome/81.0.4044.122 Safari/537.36"
::1 - - [26/Apr/2020:03:56:05 +0000] "POST /posts/update-post-p2 HTTP/1.1" 200 56 "http://localhost:8000/" "Mozilla/5.0 (Windows NT 10.0; Win64; x64) AppleWebKit/537.36 (KHTML, like Gecko) Chrome/81.0.4044.122 Safari/537.36"
::1 - - [26/Apr/2020:03:56:09 +0000] "GET / HTTP/1.1" 200 72696 "http://localhost:8000/" "Mozilla/5.0 (Windows NT 10.0; Win64; x64) AppleWebKit/537.36 (KHTML, like Gecko) Chrome/81.0.4044.122 Safari/537.36"
::1 - - [26/Apr/2020:03:56:19 +0000] "POST /posts/update-post/5ea5038a22a2ce6ed184b3e1 HTTP/1.1" 200 86 "http://localhost:8000/" "Mozilla/5.0 (Windows NT 10.0; Win64; x64) AppleWebKit/537.36 (KHTML, like Gecko) Chrome/81.0.4044.122 Safari/537.36"
::1 - - [26/Apr/2020:03:56:22 +0000] "GET / HTTP/1.1" 200 73026 "http://localhost:8000/" "Mozilla/5.0 (Windows NT 10.0; Win64; x64) AppleWebKit/537.36 (KHTML, like Gecko) Chrome/81.0.4044.122 Safari/537.36"
::1 - - [26/Apr/2020:03:57:19 +0000] "GET /posts/destroy-post/5ea5038a22a2ce6ed184b3e1 HTTP/1.1" 200 72 "http://localhost:8000/" "Mozilla/5.0 (Windows NT 10.0; Win64; x64) AppleWebKit/537.36 (KHTML, like Gecko) Chrome/81.0.4044.122 Safari/537.36"
::1 - - [26/Apr/2020:03:57:21 +0000] "GET / HTTP/1.1" 200 69137 "http://localhost:8000/" "Mozilla/5.0 (Windows NT 10.0; Win64; x64) AppleWebKit/537.36 (KHTML, like Gecko) Chrome/81.0.4044.122 Safari/537.36"
::1 - - [26/Apr/2020:03:57:33 +0000] "POST /posts/update-post/5ea5038922a2ce6ed184b3e0 HTTP/1.1" 200 86 "http://localhost:8000/" "Mozilla/5.0 (Windows NT 10.0; Win64; x64) AppleWebKit/537.36 (KHTML, like Gecko) Chrome/81.0.4044.122 Safari/537.36"
::1 - - [26/Apr/2020:03:57:42 +0000] "POST /posts/update-post-p2 HTTP/1.1" 200 103 "http://localhost:8000/" "Mozilla/5.0 (Windows NT 10.0; Win64; x64) AppleWebKit/537.36 (KHTML, like Gecko) Chrome/81.0.4044.122 Safari/537.36"
::1 - - [26/Apr/2020:04:00:15 +0000] "GET / HTTP/1.1" 304 - "http://localhost:8000/" "Mozilla/5.0 (Windows NT 10.0; Win64; x64) AppleWebKit/537.36 (KHTML, like Gecko) Chrome/81.0.4044.122 Safari/537.36"
::1 - - [26/Apr/2020:04:00:18 +0000] "GET /posts/destroy-post/5ea5038922a2ce6ed184b3e0 HTTP/1.1" 200 72 "http://localhost:8000/" "Mozilla/5.0 (Windows NT 10.0; Win64; x64) AppleWebKit/537.36 (KHTML, like Gecko) Chrome/81.0.4044.122 Safari/537.36"
::1 - - [26/Apr/2020:04:00:21 +0000] "GET / HTTP/1.1" 200 65578 "http://localhost:8000/" "Mozilla/5.0 (Windows NT 10.0; Win64; x64) AppleWebKit/537.36 (KHTML, like Gecko) Chrome/81.0.4044.122 Safari/537.36"
::1 - - [26/Apr/2020:04:00:24 +0000] "POST /posts/update-post/5ea5038722a2ce6ed184b3df HTTP/1.1" 200 86 "http://localhost:8000/" "Mozilla/5.0 (Windows NT 10.0; Win64; x64) AppleWebKit/537.36 (KHTML, like Gecko) Chrome/81.0.4044.122 Safari/537.36"
::1 - - [26/Apr/2020:04:00:31 +0000] "POST /posts/update-post-p2 HTTP/1.1" 200 103 "http://localhost:8000/" "Mozilla/5.0 (Windows NT 10.0; Win64; x64) AppleWebKit/537.36 (KHTML, like Gecko) Chrome/81.0.4044.122 Safari/537.36"
::1 - - [26/Apr/2020:04:00:41 +0000] "POST /posts/update-post/5ea5038722a2ce6ed184b3df HTTP/1.1" 200 86 "http://localhost:8000/" "Mozilla/5.0 (Windows NT 10.0; Win64; x64) AppleWebKit/537.36 (KHTML, like Gecko) Chrome/81.0.4044.122 Safari/537.36"
::1 - - [26/Apr/2020:04:00:48 +0000] "POST /posts/update-post-p2 HTTP/1.1" 200 99 "http://localhost:8000/" "Mozilla/5.0 (Windows NT 10.0; Win64; x64) AppleWebKit/537.36 (KHTML, like Gecko) Chrome/81.0.4044.122 Safari/537.36"
::1 - - [26/Apr/2020:04:01:08 +0000] "GET /users/profile/5e96a64c778a02084eec2fd3 HTTP/1.1" 200 29437 "http://localhost:8000/" "Mozilla/5.0 (Windows NT 10.0; Win64; x64) AppleWebKit/537.36 (KHTML, like Gecko) Chrome/81.0.4044.122 Safari/537.36"
::1 - - [26/Apr/2020:04:01:13 +0000] "POST /posts/create-post HTTP/1.1" 200 222617 "http://localhost:8000/users/profile/5e96a64c778a02084eec2fd3" "Mozilla/5.0 (Windows NT 10.0; Win64; x64) AppleWebKit/537.36 (KHTML, like Gecko) Chrome/81.0.4044.122 Safari/537.36"
::1 - - [26/Apr/2020:04:01:16 +0000] "GET / HTTP/1.1" 200 69131 "http://localhost:8000/users/profile/5e96a64c778a02084eec2fd3" "Mozilla/5.0 (Windows NT 10.0; Win64; x64) AppleWebKit/537.36 (KHTML, like Gecko) Chrome/81.0.4044.122 Safari/537.36"
::1 - - [26/Apr/2020:04:01:25 +0000] "POST /posts/update-post/5ea507891ff6bb7d3c2a9a8d HTTP/1.1" 200 84 "http://localhost:8000/" "Mozilla/5.0 (Windows NT 10.0; Win64; x64) AppleWebKit/537.36 (KHTML, like Gecko) Chrome/81.0.4044.122 Safari/537.36"
::1 - - [26/Apr/2020:04:01:31 +0000] "POST /posts/update-post-p2 HTTP/1.1" 200 100 "http://localhost:8000/" "Mozilla/5.0 (Windows NT 10.0; Win64; x64) AppleWebKit/537.36 (KHTML, like Gecko) Chrome/81.0.4044.122 Safari/537.36"
::1 - - [26/Apr/2020:04:01:45 +0000] "GET /posts/destroy-post/5ea507891ff6bb7d3c2a9a8d HTTP/1.1" 200 72 "http://localhost:8000/" "Mozilla/5.0 (Windows NT 10.0; Win64; x64) AppleWebKit/537.36 (KHTML, like Gecko) Chrome/81.0.4044.122 Safari/537.36"
::1 - - [26/Apr/2020:04:01:48 +0000] "GET /posts/destroy-post/5ea5038722a2ce6ed184b3df HTTP/1.1" 200 72 "http://localhost:8000/" "Mozilla/5.0 (Windows NT 10.0; Win64; x64) AppleWebKit/537.36 (KHTML, like Gecko) Chrome/81.0.4044.122 Safari/537.36"
::1 - - [26/Apr/2020:04:02:22 +0000] "POST /likes/toggle/?id=5e9fb485324f79677ace3cbc&type=Post HTTP/1.1" 200 252 "http://localhost:8000/" "Mozilla/5.0 (Windows NT 10.0; Win64; x64) AppleWebKit/537.36 (KHTML, like Gecko) Chrome/81.0.4044.122 Safari/537.36"
::1 - - [26/Apr/2020:04:02:38 +0000] "POST /posts/update-post/5e9fb485324f79677ace3cbc HTTP/1.1" 200 123 "http://localhost:8000/" "Mozilla/5.0 (Windows NT 10.0; Win64; x64) AppleWebKit/537.36 (KHTML, like Gecko) Chrome/81.0.4044.122 Safari/537.36"
::1 - - [26/Apr/2020:04:02:46 +0000] "POST /posts/update-post-p2 HTTP/1.1" 200 129 "http://localhost:8000/" "Mozilla/5.0 (Windows NT 10.0; Win64; x64) AppleWebKit/537.36 (KHTML, like Gecko) Chrome/81.0.4044.122 Safari/537.36"
::1 - - [26/Apr/2020:04:03:53 +0000] "GET /users/profile/5e96a64c778a02084eec2fd3 HTTP/1.1" 200 26225 "http://localhost:8000/" "Mozilla/5.0 (Windows NT 10.0; Win64; x64) AppleWebKit/537.36 (KHTML, like Gecko) Chrome/81.0.4044.122 Safari/537.36"
::1 - - [26/Apr/2020:04:03:58 +0000] "POST /posts/update-post/5e9fb485324f79677ace3cbc HTTP/1.1" 200 112 "http://localhost:8000/users/profile/5e96a64c778a02084eec2fd3" "Mozilla/5.0 (Windows NT 10.0; Win64; x64) AppleWebKit/537.36 (KHTML, like Gecko) Chrome/81.0.4044.122 Safari/537.36"
::1 - - [26/Apr/2020:04:04:02 +0000] "POST /posts/update-post-p2 HTTP/1.1" 200 132 "http://localhost:8000/users/profile/5e96a64c778a02084eec2fd3" "Mozilla/5.0 (Windows NT 10.0; Win64; x64) AppleWebKit/537.36 (KHTML, like Gecko) Chrome/81.0.4044.122 Safari/537.36"
::1 - - [26/Apr/2020:04:04:05 +0000] "GET / HTTP/1.1" 200 62405 "http://localhost:8000/users/profile/5e96a64c778a02084eec2fd3" "Mozilla/5.0 (Windows NT 10.0; Win64; x64) AppleWebKit/537.36 (KHTML, like Gecko) Chrome/81.0.4044.122 Safari/537.36"
::1 - - [26/Apr/2020:04:04:08 +0000] "POST /posts/update-post/5e9fb485324f79677ace3cbc HTTP/1.1" 200 115 "http://localhost:8000/" "Mozilla/5.0 (Windows NT 10.0; Win64; x64) AppleWebKit/537.36 (KHTML, like Gecko) Chrome/81.0.4044.122 Safari/537.36"
::1 - - [26/Apr/2020:04:04:12 +0000] "POST /posts/update-post-p2 HTTP/1.1" 200 129 "http://localhost:8000/" "Mozilla/5.0 (Windows NT 10.0; Win64; x64) AppleWebKit/537.36 (KHTML, like Gecko) Chrome/81.0.4044.122 Safari/537.36"
::1 - - [26/Apr/2020:04:04:15 +0000] "GET / HTTP/1.1" 200 62402 "http://localhost:8000/" "Mozilla/5.0 (Windows NT 10.0; Win64; x64) AppleWebKit/537.36 (KHTML, like Gecko) Chrome/81.0.4044.122 Safari/537.36"
::1 - - [26/Apr/2020:04:04:18 +0000] "GET /users/profile/5e96a64c778a02084eec2fd3 HTTP/1.1" 304 - "http://localhost:8000/" "Mozilla/5.0 (Windows NT 10.0; Win64; x64) AppleWebKit/537.36 (KHTML, like Gecko) Chrome/81.0.4044.122 Safari/537.36"
::1 - - [26/Apr/2020:04:04:25 +0000] "POST /posts/create-post HTTP/1.1" 200 222620 "http://localhost:8000/users/profile/5e96a64c778a02084eec2fd3" "Mozilla/5.0 (Windows NT 10.0; Win64; x64) AppleWebKit/537.36 (KHTML, like Gecko) Chrome/81.0.4044.122 Safari/537.36"
::1 - - [26/Apr/2020:04:04:34 +0000] "POST /posts/update-post/5ea508491ff6bb7d3c2a9a90 HTTP/1.1" 200 87 "http://localhost:8000/users/profile/5e96a64c778a02084eec2fd3" "Mozilla/5.0 (Windows NT 10.0; Win64; x64) AppleWebKit/537.36 (KHTML, like Gecko) Chrome/81.0.4044.122 Safari/537.36"
::1 - - [26/Apr/2020:04:04:40 +0000] "POST /posts/update-post-p2 HTTP/1.1" 200 102 "http://localhost:8000/users/profile/5e96a64c778a02084eec2fd3" "Mozilla/5.0 (Windows NT 10.0; Win64; x64) AppleWebKit/537.36 (KHTML, like Gecko) Chrome/81.0.4044.122 Safari/537.36"
::1 - - [26/Apr/2020:04:04:51 +0000] "GET /users/profile/5e96a64c778a02084eec2fd3 HTTP/1.1" 304 - "http://localhost:8000/" "Mozilla/5.0 (Windows NT 10.0; Win64; x64) AppleWebKit/537.36 (KHTML, like Gecko) Chrome/81.0.4044.122 Safari/537.36"
::1 - - [26/Apr/2020:04:04:54 +0000] "GET / HTTP/1.1" 304 - "http://localhost:8000/users/profile/5e96a64c778a02084eec2fd3" "Mozilla/5.0 (Windows NT 10.0; Win64; x64) AppleWebKit/537.36 (KHTML, like Gecko) Chrome/81.0.4044.122 Safari/537.36"
::1 - - [26/Apr/2020:04:05:38 +0000] "POST /posts/update-post/5e9fb485324f79677ace3cbc HTTP/1.1" 200 112 "http://localhost:8000/" "Mozilla/5.0 (Windows NT 10.0; Win64; x64) AppleWebKit/537.36 (KHTML, like Gecko) Chrome/81.0.4044.122 Safari/537.36"
::1 - - [26/Apr/2020:04:05:40 +0000] "POST /posts/update-post-p2 HTTP/1.1" 200 129 "http://localhost:8000/" "Mozilla/5.0 (Windows NT 10.0; Win64; x64) AppleWebKit/537.36 (KHTML, like Gecko) Chrome/81.0.4044.122 Safari/537.36"
::1 - - [26/Apr/2020:04:07:20 +0000] "GET / HTTP/1.1" 304 - "http://localhost:8000/users/profile/5e96a64c778a02084eec2fd3" "Mozilla/5.0 (Windows NT 10.0; Win64; x64) AppleWebKit/537.36 (KHTML, like Gecko) Chrome/81.0.4044.122 Safari/537.36"
::1 - - [26/Apr/2020:04:08:00 +0000] "GET / HTTP/1.1" 200 62402 "http://localhost:8000/users/profile/5e96a64c778a02084eec2fd3" "Mozilla/5.0 (Windows NT 10.0; Win64; x64) AppleWebKit/537.36 (KHTML, like Gecko) Chrome/81.0.4044.122 Safari/537.36"
::1 - - [26/Apr/2020:04:08:28 +0000] "POST /likes/toggle/?id=5e9fb485324f79677ace3cbc&type=Post HTTP/1.1" 200 251 "http://localhost:8000/" "Mozilla/5.0 (Windows NT 10.0; Win64; x64) AppleWebKit/537.36 (KHTML, like Gecko) Chrome/81.0.4044.122 Safari/537.36"
::1 - - [26/Apr/2020:04:08:29 +0000] "POST /likes/toggle/?id=5e9fb485324f79677ace3cbc&type=Post HTTP/1.1" 200 252 "http://localhost:8000/" "Mozilla/5.0 (Windows NT 10.0; Win64; x64) AppleWebKit/537.36 (KHTML, like Gecko) Chrome/81.0.4044.122 Safari/537.36"
::1 - - [26/Apr/2020:04:08:35 +0000] "GET / HTTP/1.1" 200 62402 "http://localhost:8000/users/profile/5e96a64c778a02084eec2fd3" "Mozilla/5.0 (Windows NT 10.0; Win64; x64) AppleWebKit/537.36 (KHTML, like Gecko) Chrome/81.0.4044.122 Safari/537.36"
::1 - - [26/Apr/2020:04:08:50 +0000] "POST /posts/update-post/5e9fb485324f79677ace3cbc HTTP/1.1" 200 112 "http://localhost:8000/" "Mozilla/5.0 (Windows NT 10.0; Win64; x64) AppleWebKit/537.36 (KHTML, like Gecko) Chrome/81.0.4044.122 Safari/537.36"
::1 - - [26/Apr/2020:04:08:55 +0000] "POST /posts/update-post-p2 HTTP/1.1" 200 129 "http://localhost:8000/" "Mozilla/5.0 (Windows NT 10.0; Win64; x64) AppleWebKit/537.36 (KHTML, like Gecko) Chrome/81.0.4044.122 Safari/537.36"
::1 - - [26/Apr/2020:04:11:05 +0000] "GET / HTTP/1.1" 304 - "http://localhost:8000/users/profile/5e96a64c778a02084eec2fd3" "Mozilla/5.0 (Windows NT 10.0; Win64; x64) AppleWebKit/537.36 (KHTML, like Gecko) Chrome/81.0.4044.122 Safari/537.36"
::1 - - [26/Apr/2020:04:14:54 +0000] "GET / HTTP/1.1" 500 148 "http://localhost:8000/users/profile/5e96a64c778a02084eec2fd3" "Mozilla/5.0 (Windows NT 10.0; Win64; x64) AppleWebKit/537.36 (KHTML, like Gecko) Chrome/81.0.4044.122 Safari/537.36"
::1 - - [26/Apr/2020:04:15:13 +0000] "GET / HTTP/1.1" 200 63286 "http://localhost:8000/users/profile/5e96a64c778a02084eec2fd3" "Mozilla/5.0 (Windows NT 10.0; Win64; x64) AppleWebKit/537.36 (KHTML, like Gecko) Chrome/81.0.4044.122 Safari/537.36"
::1 - - [26/Apr/2020:04:18:57 +0000] "GET / HTTP/1.1" 304 - "http://localhost:8000/users/profile/5e96a64c778a02084eec2fd3" "Mozilla/5.0 (Windows NT 10.0; Win64; x64) AppleWebKit/537.36 (KHTML, like Gecko) Chrome/81.0.4044.122 Safari/537.36"
::1 - - [26/Apr/2020:04:19:04 +0000] "POST /comments/create-comment HTTP/1.1" 200 509772 "http://localhost:8000/" "Mozilla/5.0 (Windows NT 10.0; Win64; x64) AppleWebKit/537.36 (KHTML, like Gecko) Chrome/81.0.4044.122 Safari/537.36"
::1 - - [26/Apr/2020:04:19:07 +0000] "GET /comments/destroy-comment/5ea50bb7b170b303dcdcd9bc HTTP/1.1" 200 114 "http://localhost:8000/" "Mozilla/5.0 (Windows NT 10.0; Win64; x64) AppleWebKit/537.36 (KHTML, like Gecko) Chrome/81.0.4044.122 Safari/537.36"
::1 - - [26/Apr/2020:04:19:41 +0000] "GET / HTTP/1.1" 304 - "http://localhost:8000/users/profile/5e96a64c778a02084eec2fd3" "Mozilla/5.0 (Windows NT 10.0; Win64; x64) AppleWebKit/537.36 (KHTML, like Gecko) Chrome/81.0.4044.122 Safari/537.36"
::1 - - [26/Apr/2020:04:19:47 +0000] "POST /comments/create-comment HTTP/1.1" 200 509772 "http://localhost:8000/" "Mozilla/5.0 (Windows NT 10.0; Win64; x64) AppleWebKit/537.36 (KHTML, like Gecko) Chrome/81.0.4044.122 Safari/537.36"
::1 - - [26/Apr/2020:04:19:50 +0000] "GET /comments/destroy-comment/5ea50be24e674a04308239b6 HTTP/1.1" 200 114 "http://localhost:8000/" "Mozilla/5.0 (Windows NT 10.0; Win64; x64) AppleWebKit/537.36 (KHTML, like Gecko) Chrome/81.0.4044.122 Safari/537.36"
::1 - - [26/Apr/2020:04:20:12 +0000] "GET /users/sign-out HTTP/1.1" 302 46 "http://localhost:8000/" "Mozilla/5.0 (Windows NT 10.0; Win64; x64) AppleWebKit/537.36 (KHTML, like Gecko) Chrome/81.0.4044.122 Safari/537.36"
::1 - - [26/Apr/2020:04:20:12 +0000] "GET / HTTP/1.1" 200 5111 "http://localhost:8000/" "Mozilla/5.0 (Windows NT 10.0; Win64; x64) AppleWebKit/537.36 (KHTML, like Gecko) Chrome/81.0.4044.122 Safari/537.36"
::1 - - [26/Apr/2020:04:20:15 +0000] "GET /users/sign-in HTTP/1.1" 304 - "http://localhost:8000/" "Mozilla/5.0 (Windows NT 10.0; Win64; x64) AppleWebKit/537.36 (KHTML, like Gecko) Chrome/81.0.4044.122 Safari/537.36"
::1 - - [26/Apr/2020:04:20:20 +0000] "POST /users/create-session HTTP/1.1" 302 46 "http://localhost:8000/users/sign-in" "Mozilla/5.0 (Windows NT 10.0; Win64; x64) AppleWebKit/537.36 (KHTML, like Gecko) Chrome/81.0.4044.122 Safari/537.36"
::1 - - [26/Apr/2020:04:20:20 +0000] "GET / HTTP/1.1" 200 63402 "http://localhost:8000/users/sign-in" "Mozilla/5.0 (Windows NT 10.0; Win64; x64) AppleWebKit/537.36 (KHTML, like Gecko) Chrome/81.0.4044.122 Safari/537.36"
::1 - - [26/Apr/2020:04:20:27 +0000] "GET /comments/destroy-comment/5ea42d922bcd71339e788347 HTTP/1.1" 200 114 "http://localhost:8000/" "Mozilla/5.0 (Windows NT 10.0; Win64; x64) AppleWebKit/537.36 (KHTML, like Gecko) Chrome/81.0.4044.122 Safari/537.36"
::1 - - [26/Apr/2020:04:21:30 +0000] "GET /comments/destroy-comment/5e9ef2612b9cb550d5089fee HTTP/1.1" 200 114 "http://localhost:8000/" "Mozilla/5.0 (Windows NT 10.0; Win64; x64) AppleWebKit/537.36 (KHTML, like Gecko) Chrome/81.0.4044.122 Safari/537.36"
::1 - - [26/Apr/2020:04:21:34 +0000] "GET /comments/destroy-comment/5e9ef25f2b9cb550d5089fed HTTP/1.1" 200 114 "http://localhost:8000/" "Mozilla/5.0 (Windows NT 10.0; Win64; x64) AppleWebKit/537.36 (KHTML, like Gecko) Chrome/81.0.4044.122 Safari/537.36"
::1 - - [26/Apr/2020:04:22:28 +0000] "GET /users/profile/5e9190afaa9a4812fdf4850c HTTP/1.1" 200 27904 "http://localhost:8000/" "Mozilla/5.0 (Windows NT 10.0; Win64; x64) AppleWebKit/537.36 (KHTML, like Gecko) Chrome/81.0.4044.122 Safari/537.36"
::1 - - [26/Apr/2020:04:22:38 +0000] "POST /posts/create-post HTTP/1.1" 200 157976 "http://localhost:8000/users/profile/5e9190afaa9a4812fdf4850c" "Mozilla/5.0 (Windows NT 10.0; Win64; x64) AppleWebKit/537.36 (KHTML, like Gecko) Chrome/81.0.4044.122 Safari/537.36"
::1 - - [26/Apr/2020:04:22:40 +0000] "GET / HTTP/1.1" 200 58576 "http://localhost:8000/users/profile/5e9190afaa9a4812fdf4850c" "Mozilla/5.0 (Windows NT 10.0; Win64; x64) AppleWebKit/537.36 (KHTML, like Gecko) Chrome/81.0.4044.122 Safari/537.36"
::1 - - [26/Apr/2020:04:22:43 +0000] "POST /posts/update-post/5ea50c8ef5af0a0566b87574 HTTP/1.1" 200 87 "http://localhost:8000/" "Mozilla/5.0 (Windows NT 10.0; Win64; x64) AppleWebKit/537.36 (KHTML, like Gecko) Chrome/81.0.4044.122 Safari/537.36"
::1 - - [26/Apr/2020:04:22:56 +0000] "GET / HTTP/1.1" 200 58906 "http://localhost:8000/users/profile/5e9190afaa9a4812fdf4850c" "Mozilla/5.0 (Windows NT 10.0; Win64; x64) AppleWebKit/537.36 (KHTML, like Gecko) Chrome/81.0.4044.122 Safari/537.36"
::1 - - [26/Apr/2020:04:23:03 +0000] "GET /posts/destroy-post/5ea50c8ef5af0a0566b87574 HTTP/1.1" 200 72 "http://localhost:8000/" "Mozilla/5.0 (Windows NT 10.0; Win64; x64) AppleWebKit/537.36 (KHTML, like Gecko) Chrome/81.0.4044.122 Safari/537.36"
::1 - - [26/Apr/2020:04:23:42 +0000] "POST /posts/update-post/5e9ec7222f4708145a7485f4 HTTP/1.1" 200 90 "http://localhost:8000/" "Mozilla/5.0 (Windows NT 10.0; Win64; x64) AppleWebKit/537.36 (KHTML, like Gecko) Chrome/81.0.4044.122 Safari/537.36"
::1 - - [26/Apr/2020:04:23:48 +0000] "POST /posts/update-post-p2 HTTP/1.1" 200 107 "http://localhost:8000/" "Mozilla/5.0 (Windows NT 10.0; Win64; x64) AppleWebKit/537.36 (KHTML, like Gecko) Chrome/81.0.4044.122 Safari/537.36"
::1 - - [26/Apr/2020:04:24:29 +0000] "POST /comments/create-comment HTTP/1.1" 200 316207 "http://localhost:8000/" "Mozilla/5.0 (Windows NT 10.0; Win64; x64) AppleWebKit/537.36 (KHTML, like Gecko) Chrome/81.0.4044.122 Safari/537.36"
::1 - - [26/Apr/2020:04:25:59 +0000] "POST /comments/create-comment HTTP/1.1" 200 380807 "http://localhost:8000/" "Mozilla/5.0 (Windows NT 10.0; Win64; x64) AppleWebKit/537.36 (KHTML, like Gecko) Chrome/81.0.4044.122 Safari/537.36"
::1 - - [26/Apr/2020:04:26:04 +0000] "GET /comments/destroy-comment/5ea50d57a9c9710609d0f6c0 HTTP/1.1" 200 114 "http://localhost:8000/" "Mozilla/5.0 (Windows NT 10.0; Win64; x64) AppleWebKit/537.36 (KHTML, like Gecko) Chrome/81.0.4044.122 Safari/537.36"
::1 - - [26/Apr/2020:12:36:07 +0000] "GET / HTTP/1.1" 200 4878 "-" "Mozilla/5.0 (Windows NT 10.0; Win64; x64) AppleWebKit/537.36 (KHTML, like Gecko) Chrome/81.0.4044.122 Safari/537.36"
::1 - - [26/Apr/2020:12:36:11 +0000] "GET /users/sign-in HTTP/1.1" 304 - "http://localhost:8000/" "Mozilla/5.0 (Windows NT 10.0; Win64; x64) AppleWebKit/537.36 (KHTML, like Gecko) Chrome/81.0.4044.122 Safari/537.36"
::1 - - [26/Apr/2020:12:36:20 +0000] "POST /users/create-session HTTP/1.1" 302 46 "http://localhost:8000/users/sign-in" "Mozilla/5.0 (Windows NT 10.0; Win64; x64) AppleWebKit/537.36 (KHTML, like Gecko) Chrome/81.0.4044.122 Safari/537.36"
::1 - - [26/Apr/2020:12:36:20 +0000] "GET / HTTP/1.1" 200 58117 "http://localhost:8000/users/sign-in" "Mozilla/5.0 (Windows NT 10.0; Win64; x64) AppleWebKit/537.36 (KHTML, like Gecko) Chrome/81.0.4044.122 Safari/537.36"
::1 - - [26/Apr/2020:12:51:14 +0000] "GET / HTTP/1.1" 200 59315 "http://localhost:8000/users/sign-in" "Mozilla/5.0 (Windows NT 10.0; Win64; x64) AppleWebKit/537.36 (KHTML, like Gecko) Chrome/81.0.4044.122 Safari/537.36"
::1 - - [26/Apr/2020:12:56:09 +0000] "POST /comments/create-comment HTTP/1.1" 200 380864 "http://localhost:8000/" "Mozilla/5.0 (Windows NT 10.0; Win64; x64) AppleWebKit/537.36 (KHTML, like Gecko) Chrome/81.0.4044.122 Safari/537.36"
::1 - - [26/Apr/2020:12:56:15 +0000] "GET /comments/destroy-comment/5ea584e89da9f80bca615741 HTTP/1.1" 200 114 "http://localhost:8000/" "Mozilla/5.0 (Windows NT 10.0; Win64; x64) AppleWebKit/537.36 (KHTML, like Gecko) Chrome/81.0.4044.122 Safari/537.36"
::1 - - [26/Apr/2020:13:05:11 +0000] "GET / HTTP/1.1" 200 60679 "http://localhost:8000/users/sign-in" "Mozilla/5.0 (Windows NT 10.0; Win64; x64) AppleWebKit/537.36 (KHTML, like Gecko) Chrome/81.0.4044.122 Safari/537.36"
::1 - - [26/Apr/2020:13:06:17 +0000] "GET / HTTP/1.1" 200 60910 "http://localhost:8000/users/sign-in" "Mozilla/5.0 (Windows NT 10.0; Win64; x64) AppleWebKit/537.36 (KHTML, like Gecko) Chrome/81.0.4044.122 Safari/537.36"
::1 - - [26/Apr/2020:13:21:42 +0000] "GET / HTTP/1.1" 304 - "http://localhost:8000/users/sign-in" "Mozilla/5.0 (Windows NT 10.0; Win64; x64) AppleWebKit/537.36 (KHTML, like Gecko) Chrome/81.0.4044.122 Safari/537.36"
::1 - - [26/Apr/2020:13:32:26 +0000] "GET / HTTP/1.1" 200 61288 "http://localhost:8000/users/sign-in" "Mozilla/5.0 (Windows NT 10.0; Win64; x64) AppleWebKit/537.36 (KHTML, like Gecko) Chrome/81.0.4044.122 Safari/537.36"
::1 - - [26/Apr/2020:13:33:51 +0000] "GET / HTTP/1.1" 304 - "http://localhost:8000/users/sign-in" "Mozilla/5.0 (Windows NT 10.0; Win64; x64) AppleWebKit/537.36 (KHTML, like Gecko) Chrome/81.0.4044.122 Safari/537.36"
::1 - - [26/Apr/2020:13:35:01 +0000] "GET / HTTP/1.1" 304 - "http://localhost:8000/users/sign-in" "Mozilla/5.0 (Windows NT 10.0; Win64; x64) AppleWebKit/537.36 (KHTML, like Gecko) Chrome/81.0.4044.122 Safari/537.36"
::1 - - [26/Apr/2020:13:37:28 +0000] "GET /comments/update-comment/5e9fb453324f79677ace3cb6 HTTP/1.1" 404 187 "-" "Mozilla/5.0 (Windows NT 10.0; Win64; x64) AppleWebKit/537.36 (KHTML, like Gecko) Chrome/81.0.4044.122 Safari/537.36"
::1 - - [26/Apr/2020:13:37:47 +0000] "GET / HTTP/1.1" 304 - "http://localhost:8000/users/sign-in" "Mozilla/5.0 (Windows NT 10.0; Win64; x64) AppleWebKit/537.36 (KHTML, like Gecko) Chrome/81.0.4044.122 Safari/537.36"
::1 - - [26/Apr/2020:13:37:59 +0000] "GET /comments/update-comment/5e9fb453324f79677ace3cb6 HTTP/1.1" 302 46 "-" "Mozilla/5.0 (Windows NT 10.0; Win64; x64) AppleWebKit/537.36 (KHTML, like Gecko) Chrome/81.0.4044.122 Safari/537.36"
::1 - - [26/Apr/2020:13:37:59 +0000] "GET / HTTP/1.1" 200 61542 "-" "Mozilla/5.0 (Windows NT 10.0; Win64; x64) AppleWebKit/537.36 (KHTML, like Gecko) Chrome/81.0.4044.122 Safari/537.36"
::1 - - [26/Apr/2020:13:38:35 +0000] "GET / HTTP/1.1" 200 61288 "http://localhost:8000/users/sign-in" "Mozilla/5.0 (Windows NT 10.0; Win64; x64) AppleWebKit/537.36 (KHTML, like Gecko) Chrome/81.0.4044.122 Safari/537.36"
::1 - - [26/Apr/2020:13:38:57 +0000] "GET /comments/update-comment/5e9fb453324f79677ace3cb6 HTTP/1.1" 302 46 "-" "Mozilla/5.0 (Windows NT 10.0; Win64; x64) AppleWebKit/537.36 (KHTML, like Gecko) Chrome/81.0.4044.122 Safari/537.36"
::1 - - [26/Apr/2020:13:38:58 +0000] "GET / HTTP/1.1" 200 61542 "-" "Mozilla/5.0 (Windows NT 10.0; Win64; x64) AppleWebKit/537.36 (KHTML, like Gecko) Chrome/81.0.4044.122 Safari/537.36"
::1 - - [26/Apr/2020:13:39:27 +0000] "GET / HTTP/1.1" 200 61288 "http://localhost:8000/users/sign-in" "Mozilla/5.0 (Windows NT 10.0; Win64; x64) AppleWebKit/537.36 (KHTML, like Gecko) Chrome/81.0.4044.122 Safari/537.36"
::ffff:127.0.0.1 - - [26/Apr/2020:13:39:57 +0000] "GET /comments/update-comment/5e9fb453324f79677ace3cb6 HTTP/1.1" 302 46 "-" "Mozilla/5.0 (Windows NT 10.0; Win64; x64) AppleWebKit/537.36 (KHTML, like Gecko) Chrome/81.0.4044.122 Safari/537.36"
::ffff:127.0.0.1 - - [26/Apr/2020:13:39:57 +0000] "GET / HTTP/1.1" 200 61545 "-" "Mozilla/5.0 (Windows NT 10.0; Win64; x64) AppleWebKit/537.36 (KHTML, like Gecko) Chrome/81.0.4044.122 Safari/537.36"
::1 - - [26/Apr/2020:13:40:08 +0000] "GET / HTTP/1.1" 200 61288 "http://localhost:8000/users/sign-in" "Mozilla/5.0 (Windows NT 10.0; Win64; x64) AppleWebKit/537.36 (KHTML, like Gecko) Chrome/81.0.4044.122 Safari/537.36"
::1 - - [26/Apr/2020:13:41:08 +0000] "GET /comments/update-comment/5e9fb453324f79677ace3cb6 HTTP/1.1" 302 46 "-" "Mozilla/5.0 (Windows NT 10.0; Win64; x64) AppleWebKit/537.36 (KHTML, like Gecko) Chrome/81.0.4044.122 Safari/537.36"
::1 - - [26/Apr/2020:13:41:09 +0000] "GET / HTTP/1.1" 200 62482 "-" "Mozilla/5.0 (Windows NT 10.0; Win64; x64) AppleWebKit/537.36 (KHTML, like Gecko) Chrome/81.0.4044.122 Safari/537.36"
::1 - - [26/Apr/2020:13:41:49 +0000] "GET / HTTP/1.1" 304 - "http://localhost:8000/users/sign-in" "Mozilla/5.0 (Windows NT 10.0; Win64; x64) AppleWebKit/537.36 (KHTML, like Gecko) Chrome/81.0.4044.122 Safari/537.36"
::1 - - [26/Apr/2020:13:42:16 +0000] "GET / HTTP/1.1" 304 - "http://localhost:8000/users/sign-in" "Mozilla/5.0 (Windows NT 10.0; Win64; x64) AppleWebKit/537.36 (KHTML, like Gecko) Chrome/81.0.4044.122 Safari/537.36"
::1 - - [26/Apr/2020:13:42:33 +0000] "GET /comments/update-comment/5e9fb453324f79677ace3cb6 HTTP/1.1" 302 88 "http://localhost:8000/" "Mozilla/5.0 (Windows NT 10.0; Win64; x64) AppleWebKit/537.36 (KHTML, like Gecko) Chrome/81.0.4044.122 Safari/537.36"
::1 - - [26/Apr/2020:13:42:34 +0000] "GET / HTTP/1.1" 304 - "http://localhost:8000/" "Mozilla/5.0 (Windows NT 10.0; Win64; x64) AppleWebKit/537.36 (KHTML, like Gecko) Chrome/81.0.4044.122 Safari/537.36"
::1 - - [26/Apr/2020:13:42:51 +0000] "GET /comments/update-comment/5e9ec73f2f4708145a7485f9 HTTP/1.1" 302 88 "http://localhost:8000/" "Mozilla/5.0 (Windows NT 10.0; Win64; x64) AppleWebKit/537.36 (KHTML, like Gecko) Chrome/81.0.4044.122 Safari/537.36"
::1 - - [26/Apr/2020:13:42:52 +0000] "GET / HTTP/1.1" 200 63672 "http://localhost:8000/" "Mozilla/5.0 (Windows NT 10.0; Win64; x64) AppleWebKit/537.36 (KHTML, like Gecko) Chrome/81.0.4044.122 Safari/537.36"
::1 - - [26/Apr/2020:13:42:59 +0000] "GET / HTTP/1.1" 304 - "http://localhost:8000/users/sign-in" "Mozilla/5.0 (Windows NT 10.0; Win64; x64) AppleWebKit/537.36 (KHTML, like Gecko) Chrome/81.0.4044.122 Safari/537.36"
::1 - - [26/Apr/2020:13:43:55 +0000] "GET /comments/update-comment/5e9ec73f2f4708145a7485f9 HTTP/1.1" 302 88 "http://localhost:8000/" "Mozilla/5.0 (Windows NT 10.0; Win64; x64) AppleWebKit/537.36 (KHTML, like Gecko) Chrome/81.0.4044.122 Safari/537.36"
::1 - - [26/Apr/2020:13:43:55 +0000] "GET / HTTP/1.1" 304 - "http://localhost:8000/" "Mozilla/5.0 (Windows NT 10.0; Win64; x64) AppleWebKit/537.36 (KHTML, like Gecko) Chrome/81.0.4044.122 Safari/537.36"
