::1 - - [01/Jun/2020:02:27:35 +0000] "GET /users/profile/5e9190afaa9a4812fdf4850c HTTP/1.1" 302 72 "http://localhost:8000/" "Mozilla/5.0 (Windows NT 10.0; Win64; x64) AppleWebKit/537.36 (KHTML, like Gecko) Chrome/83.0.4103.61 Safari/537.36"
::1 - - [01/Jun/2020:02:27:35 +0000] "GET /users/sign-in HTTP/1.1" 304 - "http://localhost:8000/" "Mozilla/5.0 (Windows NT 10.0; Win64; x64) AppleWebKit/537.36 (KHTML, like Gecko) Chrome/83.0.4103.61 Safari/537.36"
::1 - - [01/Jun/2020:02:27:41 +0000] "POST /users/create-session HTTP/1.1" 302 46 "http://localhost:8000/users/sign-in" "Mozilla/5.0 (Windows NT 10.0; Win64; x64) AppleWebKit/537.36 (KHTML, like Gecko) Chrome/83.0.4103.61 Safari/537.36"
::1 - - [01/Jun/2020:02:27:41 +0000] "GET / HTTP/1.1" 200 33512 "http://localhost:8000/users/sign-in" "Mozilla/5.0 (Windows NT 10.0; Win64; x64) AppleWebKit/537.36 (KHTML, like Gecko) Chrome/83.0.4103.61 Safari/537.36"
::1 - - [01/Jun/2020:02:27:46 +0000] "GET /users/profile/5e9190afaa9a4812fdf4850c HTTP/1.1" 200 8574 "http://localhost:8000/" "Mozilla/5.0 (Windows NT 10.0; Win64; x64) AppleWebKit/537.36 (KHTML, like Gecko) Chrome/83.0.4103.61 Safari/537.36"
::1 - - [01/Jun/2020:02:29:13 +0000] "GET /users/profile/5e9190afaa9a4812fdf4850c HTTP/1.1" 304 - "http://localhost:8000/" "Mozilla/5.0 (Windows NT 10.0; Win64; x64) AppleWebKit/537.36 (KHTML, like Gecko) Chrome/83.0.4103.61 Safari/537.36"
::1 - - [01/Jun/2020:02:31:18 +0000] "GET /users/profile/5e9190afaa9a4812fdf4850c HTTP/1.1" 304 - "http://localhost:8000/" "Mozilla/5.0 (Windows NT 10.0; Win64; x64) AppleWebKit/537.36 (KHTML, like Gecko) Chrome/83.0.4103.61 Safari/537.36"
::1 - - [01/Jun/2020:02:34:53 +0000] "GET /users/profile/5e9190afaa9a4812fdf4850c HTTP/1.1" 304 - "http://localhost:8000/" "Mozilla/5.0 (Windows NT 10.0; Win64; x64) AppleWebKit/537.36 (KHTML, like Gecko) Chrome/83.0.4103.61 Safari/537.36"
::1 - - [01/Jun/2020:02:39:26 +0000] "GET /users/profile/5e9190afaa9a4812fdf4850c HTTP/1.1" 304 - "http://localhost:8000/" "Mozilla/5.0 (Windows NT 10.0; Win64; x64) AppleWebKit/537.36 (KHTML, like Gecko) Chrome/83.0.4103.61 Safari/537.36"
::ffff:127.0.0.1 - - [01/Jun/2020:02:40:55 +0000] "GET /users/profile/5e9190afaa9a4812fdf4850c HTTP/1.1" 304 - "http://localhost:8000/" "Mozilla/5.0 (Windows NT 10.0; Win64; x64) AppleWebKit/537.36 (KHTML, like Gecko) Chrome/83.0.4103.61 Safari/537.36"
::1 - - [01/Jun/2020:02:43:00 +0000] "GET /users/profile/5e9190afaa9a4812fdf4850c HTTP/1.1" 304 - "http://localhost:8000/" "Mozilla/5.0 (Windows NT 10.0; Win64; x64) AppleWebKit/537.36 (KHTML, like Gecko) Chrome/83.0.4103.61 Safari/537.36"
::1 - - [01/Jun/2020:02:43:07 +0000] "GET / HTTP/1.1" 200 33275 "http://localhost:8000/users/profile/5e9190afaa9a4812fdf4850c" "Mozilla/5.0 (Windows NT 10.0; Win64; x64) AppleWebKit/537.36 (KHTML, like Gecko) Chrome/83.0.4103.61 Safari/537.36"
::1 - - [01/Jun/2020:02:43:10 +0000] "GET /users/profile/5e952d3482159f01061054da HTTP/1.1" 304 - "http://localhost:8000/" "Mozilla/5.0 (Windows NT 10.0; Win64; x64) AppleWebKit/537.36 (KHTML, like Gecko) Chrome/83.0.4103.61 Safari/537.36"
::ffff:127.0.0.1 - - [01/Jun/2020:02:50:12 +0000] "GET /users/profile/5e952d3482159f01061054da HTTP/1.1" 304 - "http://localhost:8000/" "Mozilla/5.0 (Windows NT 10.0; Win64; x64) AppleWebKit/537.36 (KHTML, like Gecko) Chrome/83.0.4103.61 Safari/537.36"
::1 - - [01/Jun/2020:02:50:59 +0000] "GET /users/profile/5e952d3482159f01061054da HTTP/1.1" 304 - "http://localhost:8000/" "Mozilla/5.0 (Windows NT 10.0; Win64; x64) AppleWebKit/537.36 (KHTML, like Gecko) Chrome/83.0.4103.61 Safari/537.36"
::1 - - [01/Jun/2020:02:52:35 +0000] "GET /users/profile/5e952d3482159f01061054da HTTP/1.1" 304 - "http://localhost:8000/" "Mozilla/5.0 (Windows NT 10.0; Win64; x64) AppleWebKit/537.36 (KHTML, like Gecko) Chrome/83.0.4103.61 Safari/537.36"
::1 - - [01/Jun/2020:02:53:36 +0000] "GET /users/profile/5e952d3482159f01061054da HTTP/1.1" 304 - "http://localhost:8000/" "Mozilla/5.0 (Windows NT 10.0; Win64; x64) AppleWebKit/537.36 (KHTML, like Gecko) Chrome/83.0.4103.61 Safari/537.36"
::1 - - [01/Jun/2020:02:58:36 +0000] "GET /users/profile/5e952d3482159f01061054da HTTP/1.1" 304 - "http://localhost:8000/" "Mozilla/5.0 (Windows NT 10.0; Win64; x64) AppleWebKit/537.36 (KHTML, like Gecko) Chrome/83.0.4103.61 Safari/537.36"
::1 - - [01/Jun/2020:03:00:05 +0000] "GET /users/profile/5e952d3482159f01061054da HTTP/1.1" 304 - "http://localhost:8000/" "Mozilla/5.0 (Windows NT 10.0; Win64; x64) AppleWebKit/537.36 (KHTML, like Gecko) Chrome/83.0.4103.61 Safari/537.36"
::1 - - [01/Jun/2020:03:02:00 +0000] "GET / HTTP/1.1" 304 - "http://localhost:8000/users/profile/5e952d3482159f01061054da" "Mozilla/5.0 (Windows NT 10.0; Win64; x64) AppleWebKit/537.36 (KHTML, like Gecko) Chrome/83.0.4103.61 Safari/537.36"
::1 - - [01/Jun/2020:03:02:04 +0000] "GET /users/profile/5e96a64c778a02084eec2fd3 HTTP/1.1" 200 15137 "http://localhost:8000/" "Mozilla/5.0 (Windows NT 10.0; Win64; x64) AppleWebKit/537.36 (KHTML, like Gecko) Chrome/83.0.4103.61 Safari/537.36"
::1 - - [01/Jun/2020:03:03:19 +0000] "GET /users/profile/5e96a64c778a02084eec2fd3 HTTP/1.1" 304 - "http://localhost:8000/" "Mozilla/5.0 (Windows NT 10.0; Win64; x64) AppleWebKit/537.36 (KHTML, like Gecko) Chrome/83.0.4103.61 Safari/537.36"
::1 - - [01/Jun/2020:03:16:49 +0000] "GET /users/profile/5e96a64c778a02084eec2fd3 HTTP/1.1" 200 15555 "http://localhost:8000/" "Mozilla/5.0 (Windows NT 10.0; Win64; x64) AppleWebKit/537.36 (KHTML, like Gecko) Chrome/83.0.4103.61 Safari/537.36"
::1 - - [01/Jun/2020:03:17:22 +0000] "GET /users/profile/5e96a64c778a02084eec2fd3 HTTP/1.1" 200 15555 "http://localhost:8000/" "Mozilla/5.0 (Windows NT 10.0; Win64; x64) AppleWebKit/537.36 (KHTML, like Gecko) Chrome/83.0.4103.61 Safari/537.36"
::1 - - [01/Jun/2020:03:17:34 +0000] "GET /users/profile/5e9190afaa9a4812fdf4850c HTTP/1.1" 200 8711 "http://localhost:8000/users/profile/5e96a64c778a02084eec2fd3" "Mozilla/5.0 (Windows NT 10.0; Win64; x64) AppleWebKit/537.36 (KHTML, like Gecko) Chrome/83.0.4103.61 Safari/537.36"
::1 - - [01/Jun/2020:03:17:41 +0000] "GET / HTTP/1.1" 304 - "http://localhost:8000/users/profile/5e9190afaa9a4812fdf4850c" "Mozilla/5.0 (Windows NT 10.0; Win64; x64) AppleWebKit/537.36 (KHTML, like Gecko) Chrome/83.0.4103.61 Safari/537.36"
::1 - - [01/Jun/2020:03:17:44 +0000] "GET /users/profile/5e96afe58b8445104008dada HTTP/1.1" 200 20006 "http://localhost:8000/" "Mozilla/5.0 (Windows NT 10.0; Win64; x64) AppleWebKit/537.36 (KHTML, like Gecko) Chrome/83.0.4103.61 Safari/537.36"
::1 - - [01/Jun/2020:03:17:48 +0000] "GET / HTTP/1.1" 304 - "http://localhost:8000/users/profile/5e96afe58b8445104008dada" "Mozilla/5.0 (Windows NT 10.0; Win64; x64) AppleWebKit/537.36 (KHTML, like Gecko) Chrome/83.0.4103.61 Safari/537.36"
::1 - - [01/Jun/2020:03:17:53 +0000] "GET /users/profile/5ea3c178f7ae5b0792aae75e HTTP/1.1" 200 8472 "http://localhost:8000/" "Mozilla/5.0 (Windows NT 10.0; Win64; x64) AppleWebKit/537.36 (KHTML, like Gecko) Chrome/83.0.4103.61 Safari/537.36"
::1 - - [01/Jun/2020:03:18:49 +0000] "GET /users/profile/5e9190afaa9a4812fdf4850c HTTP/1.1" 304 - "http://localhost:8000/users/profile/5ea3c178f7ae5b0792aae75e" "Mozilla/5.0 (Windows NT 10.0; Win64; x64) AppleWebKit/537.36 (KHTML, like Gecko) Chrome/83.0.4103.61 Safari/537.36"
::1 - - [01/Jun/2020:03:19:42 +0000] "GET /users/profile/5e9190afaa9a4812fdf4850c HTTP/1.1" 304 - "http://localhost:8000/users/profile/5e9190afaa9a4812fdf4850c" "Mozilla/5.0 (Windows NT 10.0; Win64; x64) AppleWebKit/537.36 (KHTML, like Gecko) Chrome/83.0.4103.61 Safari/537.36"
::1 - - [01/Jun/2020:03:21:35 +0000] "GET /users/profile/5e9190afaa9a4812fdf4850c HTTP/1.1" 304 - "http://localhost:8000/users/profile/5e9190afaa9a4812fdf4850c" "Mozilla/5.0 (Windows NT 10.0; Win64; x64) AppleWebKit/537.36 (KHTML, like Gecko) Chrome/83.0.4103.61 Safari/537.36"
::1 - - [01/Jun/2020:03:23:52 +0000] "GET /users/profile/5e9190afaa9a4812fdf4850c HTTP/1.1" 200 10149 "http://localhost:8000/users/profile/5e9190afaa9a4812fdf4850c" "Mozilla/5.0 (Windows NT 10.0; Win64; x64) AppleWebKit/537.36 (KHTML, like Gecko) Chrome/83.0.4103.61 Safari/537.36"
::1 - - [01/Jun/2020:03:24:07 +0000] "GET /users/profile/5e9190afaa9a4812fdf4850c HTTP/1.1" 304 - "http://localhost:8000/users/profile/5e9190afaa9a4812fdf4850c" "Mozilla/5.0 (Windows NT 10.0; Win64; x64) AppleWebKit/537.36 (KHTML, like Gecko) Chrome/83.0.4103.61 Safari/537.36"
::1 - - [01/Jun/2020:03:25:20 +0000] "GET /users/profile/5e9190afaa9a4812fdf4850c HTTP/1.1" 200 10197 "http://localhost:8000/users/profile/5e9190afaa9a4812fdf4850c" "Mozilla/5.0 (Windows NT 10.0; Win64; x64) AppleWebKit/537.36 (KHTML, like Gecko) Chrome/83.0.4103.61 Safari/537.36"
::ffff:127.0.0.1 - - [01/Jun/2020:03:26:01 +0000] "GET /users/profile/5e9190afaa9a4812fdf4850c HTTP/1.1" 200 10173 "http://localhost:8000/users/profile/5e9190afaa9a4812fdf4850c" "Mozilla/5.0 (Windows NT 10.0; Win64; x64) AppleWebKit/537.36 (KHTML, like Gecko) Chrome/83.0.4103.61 Safari/537.36"
::1 - - [01/Jun/2020:03:26:24 +0000] "GET /users/profile/5e9190afaa9a4812fdf4850c HTTP/1.1" 200 10150 "http://localhost:8000/users/profile/5e9190afaa9a4812fdf4850c" "Mozilla/5.0 (Windows NT 10.0; Win64; x64) AppleWebKit/537.36 (KHTML, like Gecko) Chrome/83.0.4103.61 Safari/537.36"
::ffff:127.0.0.1 - - [01/Jun/2020:03:27:52 +0000] "GET /users/profile/5e9190afaa9a4812fdf4850c HTTP/1.1" 200 9696 "http://localhost:8000/users/profile/5e9190afaa9a4812fdf4850c" "Mozilla/5.0 (Windows NT 10.0; Win64; x64) AppleWebKit/537.36 (KHTML, like Gecko) Chrome/83.0.4103.61 Safari/537.36"
::1 - - [01/Jun/2020:03:28:48 +0000] "GET /users/profile/5e9190afaa9a4812fdf4850c HTTP/1.1" 200 9697 "http://localhost:8000/users/profile/5e9190afaa9a4812fdf4850c" "Mozilla/5.0 (Windows NT 10.0; Win64; x64) AppleWebKit/537.36 (KHTML, like Gecko) Chrome/83.0.4103.61 Safari/537.36"
::1 - - [01/Jun/2020:03:30:06 +0000] "GET /users/profile/5e9190afaa9a4812fdf4850c HTTP/1.1" 200 9767 "http://localhost:8000/users/profile/5e9190afaa9a4812fdf4850c" "Mozilla/5.0 (Windows NT 10.0; Win64; x64) AppleWebKit/537.36 (KHTML, like Gecko) Chrome/83.0.4103.61 Safari/537.36"
::1 - - [01/Jun/2020:03:30:15 +0000] "GET / HTTP/1.1" 304 - "http://localhost:8000/users/profile/5e9190afaa9a4812fdf4850c" "Mozilla/5.0 (Windows NT 10.0; Win64; x64) AppleWebKit/537.36 (KHTML, like Gecko) Chrome/83.0.4103.61 Safari/537.36"
::1 - - [01/Jun/2020:03:30:17 +0000] "GET /users/profile/5ea3c178f7ae5b0792aae75e HTTP/1.1" 200 8481 "http://localhost:8000/" "Mozilla/5.0 (Windows NT 10.0; Win64; x64) AppleWebKit/537.36 (KHTML, like Gecko) Chrome/83.0.4103.61 Safari/537.36"
::1 - - [01/Jun/2020:03:30:58 +0000] "GET /users/profile/5e9190afaa9a4812fdf4850c HTTP/1.1" 304 - "http://localhost:8000/users/profile/5ea3c178f7ae5b0792aae75e" "Mozilla/5.0 (Windows NT 10.0; Win64; x64) AppleWebKit/537.36 (KHTML, like Gecko) Chrome/83.0.4103.61 Safari/537.36"
::1 - - [01/Jun/2020:03:31:43 +0000] "GET /users/profile/5e9190afaa9a4812fdf4850c HTTP/1.1" 200 9770 "http://localhost:8000/users/profile/5ea3c178f7ae5b0792aae75e" "Mozilla/5.0 (Windows NT 10.0; Win64; x64) AppleWebKit/537.36 (KHTML, like Gecko) Chrome/83.0.4103.61 Safari/537.36"
::ffff:127.0.0.1 - - [01/Jun/2020:03:33:49 +0000] "GET /users/profile/5e9190afaa9a4812fdf4850c HTTP/1.1" 200 9795 "http://localhost:8000/users/profile/5ea3c178f7ae5b0792aae75e" "Mozilla/5.0 (Windows NT 10.0; Win64; x64) AppleWebKit/537.36 (KHTML, like Gecko) Chrome/83.0.4103.61 Safari/537.36"
::1 - - [01/Jun/2020:03:38:54 +0000] "GET /users/profile/5e9190afaa9a4812fdf4850c HTTP/1.1" 200 9489 "http://localhost:8000/users/profile/5ea3c178f7ae5b0792aae75e" "Mozilla/5.0 (Windows NT 10.0; Win64; x64) AppleWebKit/537.36 (KHTML, like Gecko) Chrome/83.0.4103.61 Safari/537.36"
::1 - - [01/Jun/2020:03:50:35 +0000] "GET /users/profile/5e9190afaa9a4812fdf4850c HTTP/1.1" 304 - "http://localhost:8000/users/profile/5ea3c178f7ae5b0792aae75e" "Mozilla/5.0 (Windows NT 10.0; Win64; x64) AppleWebKit/537.36 (KHTML, like Gecko) Chrome/83.0.4103.61 Safari/537.36"
::1 - - [01/Jun/2020:03:51:54 +0000] "GET /users/profile/5e9190afaa9a4812fdf4850c HTTP/1.1" 304 - "http://localhost:8000/users/profile/5ea3c178f7ae5b0792aae75e" "Mozilla/5.0 (Windows NT 10.0; Win64; x64) AppleWebKit/537.36 (KHTML, like Gecko) Chrome/83.0.4103.61 Safari/537.36"
::1 - - [01/Jun/2020:03:54:44 +0000] "GET /users/profile/5e9190afaa9a4812fdf4850c HTTP/1.1" 200 12282 "http://localhost:8000/users/profile/5ea3c178f7ae5b0792aae75e" "Mozilla/5.0 (Windows NT 10.0; Win64; x64) AppleWebKit/537.36 (KHTML, like Gecko) Chrome/83.0.4103.61 Safari/537.36"
::1 - - [01/Jun/2020:03:57:35 +0000] "GET /users/profile/5e9190afaa9a4812fdf4850c HTTP/1.1" 304 - "http://localhost:8000/users/profile/5ea3c178f7ae5b0792aae75e" "Mozilla/5.0 (Linux; Android 6.0.1; Moto G (4)) AppleWebKit/537.36 (KHTML, like Gecko) Chrome/83.0.4103.61 Mobile Safari/537.36"
::1 - - [01/Jun/2020:03:57:58 +0000] "GET /users/profile/5e9190afaa9a4812fdf4850c HTTP/1.1" 304 - "http://localhost:8000/users/profile/5ea3c178f7ae5b0792aae75e" "Mozilla/5.0 (Linux; Android 6.0.1; Moto G (4)) AppleWebKit/537.36 (KHTML, like Gecko) Chrome/83.0.4103.61 Mobile Safari/537.36"
::1 - - [01/Jun/2020:03:58:35 +0000] "GET /users/profile/5e9190afaa9a4812fdf4850c HTTP/1.1" 304 - "http://localhost:8000/users/profile/5ea3c178f7ae5b0792aae75e" "Mozilla/5.0 (Linux; Android 6.0.1; Moto G (4)) AppleWebKit/537.36 (KHTML, like Gecko) Chrome/83.0.4103.61 Mobile Safari/537.36"
::1 - - [01/Jun/2020:03:59:37 +0000] "GET /users/profile/5e9190afaa9a4812fdf4850c HTTP/1.1" 304 - "http://localhost:8000/users/profile/5ea3c178f7ae5b0792aae75e" "Mozilla/5.0 (Linux; Android 6.0.1; Moto G (4)) AppleWebKit/537.36 (KHTML, like Gecko) Chrome/83.0.4103.61 Mobile Safari/537.36"
::ffff:127.0.0.1 - - [01/Jun/2020:04:03:50 +0000] "GET /users/profile/5e9190afaa9a4812fdf4850c HTTP/1.1" 500 148 "http://localhost:8000/users/profile/5ea3c178f7ae5b0792aae75e" "Mozilla/5.0 (Windows NT 10.0; Win64; x64) AppleWebKit/537.36 (KHTML, like Gecko) Chrome/83.0.4103.61 Safari/537.36"
::1 - - [01/Jun/2020:04:04:08 +0000] "GET /users/profile/5e9190afaa9a4812fdf4850c HTTP/1.1" 200 10639 "http://localhost:8000/users/profile/5ea3c178f7ae5b0792aae75e" "Mozilla/5.0 (Windows NT 10.0; Win64; x64) AppleWebKit/537.36 (KHTML, like Gecko) Chrome/83.0.4103.61 Safari/537.36"
::1 - - [01/Jun/2020:04:04:19 +0000] "GET /users/profile/5e96a64c778a02084eec2fd3 HTTP/1.1" 200 17509 "http://localhost:8000/users/profile/5e9190afaa9a4812fdf4850c" "Mozilla/5.0 (Windows NT 10.0; Win64; x64) AppleWebKit/537.36 (KHTML, like Gecko) Chrome/83.0.4103.61 Safari/537.36"
::1 - - [01/Jun/2020:04:04:36 +0000] "GET /users/profile/5e9190afaa9a4812fdf4850c HTTP/1.1" 304 - "http://localhost:8000/users/profile/5e96a64c778a02084eec2fd3" "Mozilla/5.0 (Windows NT 10.0; Win64; x64) AppleWebKit/537.36 (KHTML, like Gecko) Chrome/83.0.4103.61 Safari/537.36"
::1 - - [01/Jun/2020:04:54:05 +0000] "GET /users/profile/5e9190afaa9a4812fdf4850c HTTP/1.1" 302 72 "http://localhost:8000/users/profile/5e96a64c778a02084eec2fd3" "Mozilla/5.0 (Windows NT 10.0; Win64; x64) AppleWebKit/537.36 (KHTML, like Gecko) Chrome/83.0.4103.61 Safari/537.36"
::1 - - [01/Jun/2020:04:54:05 +0000] "GET /users/sign-in HTTP/1.1" 304 - "http://localhost:8000/users/profile/5e96a64c778a02084eec2fd3" "Mozilla/5.0 (Windows NT 10.0; Win64; x64) AppleWebKit/537.36 (KHTML, like Gecko) Chrome/83.0.4103.61 Safari/537.36"
::1 - - [01/Jun/2020:04:54:10 +0000] "POST /users/create-session HTTP/1.1" 302 46 "http://localhost:8000/users/sign-in" "Mozilla/5.0 (Windows NT 10.0; Win64; x64) AppleWebKit/537.36 (KHTML, like Gecko) Chrome/83.0.4103.61 Safari/537.36"
::1 - - [01/Jun/2020:04:54:10 +0000] "GET / HTTP/1.1" 200 33512 "http://localhost:8000/users/sign-in" "Mozilla/5.0 (Windows NT 10.0; Win64; x64) AppleWebKit/537.36 (KHTML, like Gecko) Chrome/83.0.4103.61 Safari/537.36"
::1 - - [01/Jun/2020:04:54:15 +0000] "GET /users/profile/5e9190afaa9a4812fdf4850c HTTP/1.1" 200 10639 "http://localhost:8000/" "Mozilla/5.0 (Windows NT 10.0; Win64; x64) AppleWebKit/537.36 (KHTML, like Gecko) Chrome/83.0.4103.61 Safari/537.36"
::1 - - [01/Jun/2020:04:55:25 +0000] "GET /users/profile/5e9190afaa9a4812fdf4850c HTTP/1.1" 304 - "http://localhost:8000/" "Mozilla/5.0 (Windows NT 10.0; Win64; x64) AppleWebKit/537.36 (KHTML, like Gecko) Chrome/83.0.4103.61 Safari/537.36"
::1 - - [01/Jun/2020:04:57:05 +0000] "GET /users/profile/5e9190afaa9a4812fdf4850c HTTP/1.1" 304 - "http://localhost:8000/" "Mozilla/5.0 (Windows NT 10.0; Win64; x64) AppleWebKit/537.36 (KHTML, like Gecko) Chrome/83.0.4103.61 Safari/537.36"
::1 - - [01/Jun/2020:04:57:46 +0000] "GET /users/profile/5e9190afaa9a4812fdf4850c HTTP/1.1" 304 - "http://localhost:8000/" "Mozilla/5.0 (Windows NT 10.0; Win64; x64) AppleWebKit/537.36 (KHTML, like Gecko) Chrome/83.0.4103.61 Safari/537.36"
::1 - - [01/Jun/2020:04:59:33 +0000] "GET /users/profile/5e9190afaa9a4812fdf4850c HTTP/1.1" 304 - "http://localhost:8000/" "Mozilla/5.0 (Windows NT 10.0; Win64; x64) AppleWebKit/537.36 (KHTML, like Gecko) Chrome/83.0.4103.61 Safari/537.36"
::1 - - [01/Jun/2020:05:00:12 +0000] "GET /users/profile/5e9190afaa9a4812fdf4850c HTTP/1.1" 304 - "http://localhost:8000/" "Mozilla/5.0 (Windows NT 10.0; Win64; x64) AppleWebKit/537.36 (KHTML, like Gecko) Chrome/83.0.4103.61 Safari/537.36"
::1 - - [01/Jun/2020:05:00:39 +0000] "GET /users/profile/5e9190afaa9a4812fdf4850c HTTP/1.1" 304 - "http://localhost:8000/" "Mozilla/5.0 (Windows NT 10.0; Win64; x64) AppleWebKit/537.36 (KHTML, like Gecko) Chrome/83.0.4103.61 Safari/537.36"
::1 - - [01/Jun/2020:05:01:17 +0000] "GET /users/profile/5e9190afaa9a4812fdf4850c HTTP/1.1" 304 - "http://localhost:8000/" "Mozilla/5.0 (Windows NT 10.0; Win64; x64) AppleWebKit/537.36 (KHTML, like Gecko) Chrome/83.0.4103.61 Safari/537.36"
::1 - - [01/Jun/2020:05:02:07 +0000] "GET /users/profile/5e9190afaa9a4812fdf4850c HTTP/1.1" 304 - "http://localhost:8000/" "Mozilla/5.0 (Windows NT 10.0; Win64; x64) AppleWebKit/537.36 (KHTML, like Gecko) Chrome/83.0.4103.61 Safari/537.36"
::1 - - [01/Jun/2020:05:02:46 +0000] "GET /users/profile/5e9190afaa9a4812fdf4850c HTTP/1.1" 304 - "http://localhost:8000/" "Mozilla/5.0 (Windows NT 10.0; Win64; x64) AppleWebKit/537.36 (KHTML, like Gecko) Chrome/83.0.4103.61 Safari/537.36"
::1 - - [01/Jun/2020:05:04:47 +0000] "GET /users/profile/5e9190afaa9a4812fdf4850c HTTP/1.1" 304 - "http://localhost:8000/" "Mozilla/5.0 (Windows NT 10.0; Win64; x64) AppleWebKit/537.36 (KHTML, like Gecko) Chrome/83.0.4103.61 Safari/537.36"
::1 - - [01/Jun/2020:05:49:00 +0000] "GET /users/profile/5e9190afaa9a4812fdf4850c HTTP/1.1" 200 11302 "http://localhost:8000/" "Mozilla/5.0 (Windows NT 10.0; Win64; x64) AppleWebKit/537.36 (KHTML, like Gecko) Chrome/83.0.4103.61 Safari/537.36"
::1 - - [01/Jun/2020:05:49:48 +0000] "GET /users/profile/5e9190afaa9a4812fdf4850c HTTP/1.1" 200 11251 "http://localhost:8000/" "Mozilla/5.0 (Windows NT 10.0; Win64; x64) AppleWebKit/537.36 (KHTML, like Gecko) Chrome/83.0.4103.61 Safari/537.36"
::1 - - [01/Jun/2020:05:50:57 +0000] "GET /users/profile/5e9190afaa9a4812fdf4850c HTTP/1.1" 304 - "http://localhost:8000/" "Mozilla/5.0 (Windows NT 10.0; Win64; x64) AppleWebKit/537.36 (KHTML, like Gecko) Chrome/83.0.4103.61 Safari/537.36"
::1 - - [01/Jun/2020:05:51:16 +0000] "GET /users/profile/5e96a64c778a02084eec2fd3 HTTP/1.1" 200 17521 "http://localhost:8000/users/profile/5e9190afaa9a4812fdf4850c" "Mozilla/5.0 (Windows NT 10.0; Win64; x64) AppleWebKit/537.36 (KHTML, like Gecko) Chrome/83.0.4103.61 Safari/537.36"
::1 - - [01/Jun/2020:05:51:39 +0000] "GET /users/profile/5e9190afaa9a4812fdf4850c HTTP/1.1" 304 - "http://localhost:8000/users/profile/5e96a64c778a02084eec2fd3" "Mozilla/5.0 (Windows NT 10.0; Win64; x64) AppleWebKit/537.36 (KHTML, like Gecko) Chrome/83.0.4103.61 Safari/537.36"
::1 - - [01/Jun/2020:05:52:00 +0000] "GET /users/profile/5e9190afaa9a4812fdf4850c HTTP/1.1" 304 - "http://localhost:8000/users/profile/5e9190afaa9a4812fdf4850c" "Mozilla/5.0 (Windows NT 10.0; Win64; x64) AppleWebKit/537.36 (KHTML, like Gecko) Chrome/83.0.4103.61 Safari/537.36"
::1 - - [01/Jun/2020:05:52:07 +0000] "GET /users/profile/5e952d3482159f01061054da HTTP/1.1" 200 10788 "http://localhost:8000/users/profile/5e9190afaa9a4812fdf4850c" "Mozilla/5.0 (Windows NT 10.0; Win64; x64) AppleWebKit/537.36 (KHTML, like Gecko) Chrome/83.0.4103.61 Safari/537.36"
::1 - - [01/Jun/2020:05:54:20 +0000] "GET /users/profile/5e9190afaa9a4812fdf4850c HTTP/1.1" 304 - "http://localhost:8000/users/profile/5e952d3482159f01061054da" "Mozilla/5.0 (Windows NT 10.0; Win64; x64) AppleWebKit/537.36 (KHTML, like Gecko) Chrome/83.0.4103.61 Safari/537.36"
::1 - - [01/Jun/2020:05:56:32 +0000] "POST /users/friends/?from=5e9190afaa9a4812fdf4850c&to=5e9190afaa9a4812fdf4850c HTTP/1.1" 302 46 "http://localhost:8000/users/profile/5e9190afaa9a4812fdf4850c" "Mozilla/5.0 (Windows NT 10.0; Win64; x64) AppleWebKit/537.36 (KHTML, like Gecko) Chrome/83.0.4103.61 Safari/537.36"
::1 - - [01/Jun/2020:05:56:33 +0000] "GET / HTTP/1.1" 200 33959 "http://localhost:8000/users/profile/5e9190afaa9a4812fdf4850c" "Mozilla/5.0 (Windows NT 10.0; Win64; x64) AppleWebKit/537.36 (KHTML, like Gecko) Chrome/83.0.4103.61 Safari/537.36"
::1 - - [01/Jun/2020:05:56:37 +0000] "GET /users/profile/5e9190afaa9a4812fdf4850c HTTP/1.1" 200 12383 "http://localhost:8000/" "Mozilla/5.0 (Windows NT 10.0; Win64; x64) AppleWebKit/537.36 (KHTML, like Gecko) Chrome/83.0.4103.61 Safari/537.36"
::1 - - [01/Jun/2020:05:56:45 +0000] "GET /users/profile/5e9190afaa9a4812fdf4850c HTTP/1.1" 304 - "http://localhost:8000/" "Mozilla/5.0 (Windows NT 10.0; Win64; x64) AppleWebKit/537.36 (KHTML, like Gecko) Chrome/83.0.4103.61 Safari/537.36"
::1 - - [01/Jun/2020:05:56:58 +0000] "POST /users/friends/?from=5e9190afaa9a4812fdf4850c&to=5e9190afaa9a4812fdf4850c HTTP/1.1" 302 46 "http://localhost:8000/users/profile/5e9190afaa9a4812fdf4850c" "Mozilla/5.0 (Windows NT 10.0; Win64; x64) AppleWebKit/537.36 (KHTML, like Gecko) Chrome/83.0.4103.61 Safari/537.36"
::1 - - [01/Jun/2020:05:56:58 +0000] "GET / HTTP/1.1" 200 33617 "http://localhost:8000/users/profile/5e9190afaa9a4812fdf4850c" "Mozilla/5.0 (Windows NT 10.0; Win64; x64) AppleWebKit/537.36 (KHTML, like Gecko) Chrome/83.0.4103.61 Safari/537.36"
::1 - - [01/Jun/2020:05:57:02 +0000] "GET /users/profile/5e9190afaa9a4812fdf4850c HTTP/1.1" 200 11817 "http://localhost:8000/" "Mozilla/5.0 (Windows NT 10.0; Win64; x64) AppleWebKit/537.36 (KHTML, like Gecko) Chrome/83.0.4103.61 Safari/537.36"
::1 - - [01/Jun/2020:05:57:07 +0000] "POST /users/friends/?from=5e9190afaa9a4812fdf4850c&to=5e9190afaa9a4812fdf4850c HTTP/1.1" 302 46 "http://localhost:8000/users/profile/5e9190afaa9a4812fdf4850c" "Mozilla/5.0 (Windows NT 10.0; Win64; x64) AppleWebKit/537.36 (KHTML, like Gecko) Chrome/83.0.4103.61 Safari/537.36"
::1 - - [01/Jun/2020:05:57:08 +0000] "GET / HTTP/1.1" 200 33275 "http://localhost:8000/users/profile/5e9190afaa9a4812fdf4850c" "Mozilla/5.0 (Windows NT 10.0; Win64; x64) AppleWebKit/537.36 (KHTML, like Gecko) Chrome/83.0.4103.61 Safari/537.36"
::1 - - [01/Jun/2020:05:57:10 +0000] "GET /users/profile/5e9190afaa9a4812fdf4850c HTTP/1.1" 200 11251 "http://localhost:8000/" "Mozilla/5.0 (Windows NT 10.0; Win64; x64) AppleWebKit/537.36 (KHTML, like Gecko) Chrome/83.0.4103.61 Safari/537.36"
::1 - - [01/Jun/2020:05:57:18 +0000] "POST /users/friends/?from=5e9190afaa9a4812fdf4850c&to=5e9190afaa9a4812fdf4850c HTTP/1.1" 302 46 "http://localhost:8000/users/profile/5e9190afaa9a4812fdf4850c" "Mozilla/5.0 (Windows NT 10.0; Win64; x64) AppleWebKit/537.36 (KHTML, like Gecko) Chrome/83.0.4103.61 Safari/537.36"
::1 - - [01/Jun/2020:05:57:18 +0000] "GET / HTTP/1.1" 200 33959 "http://localhost:8000/users/profile/5e9190afaa9a4812fdf4850c" "Mozilla/5.0 (Windows NT 10.0; Win64; x64) AppleWebKit/537.36 (KHTML, like Gecko) Chrome/83.0.4103.61 Safari/537.36"
::1 - - [01/Jun/2020:05:57:20 +0000] "GET /users/profile/5e9190afaa9a4812fdf4850c HTTP/1.1" 200 12383 "http://localhost:8000/" "Mozilla/5.0 (Windows NT 10.0; Win64; x64) AppleWebKit/537.36 (KHTML, like Gecko) Chrome/83.0.4103.61 Safari/537.36"
::1 - - [01/Jun/2020:05:57:27 +0000] "POST /users/friends/?from=5e9190afaa9a4812fdf4850c&to=5e9190afaa9a4812fdf4850c HTTP/1.1" 302 46 "http://localhost:8000/users/profile/5e9190afaa9a4812fdf4850c" "Mozilla/5.0 (Windows NT 10.0; Win64; x64) AppleWebKit/537.36 (KHTML, like Gecko) Chrome/83.0.4103.61 Safari/537.36"
::1 - - [01/Jun/2020:05:57:28 +0000] "GET / HTTP/1.1" 200 33617 "http://localhost:8000/users/profile/5e9190afaa9a4812fdf4850c" "Mozilla/5.0 (Windows NT 10.0; Win64; x64) AppleWebKit/537.36 (KHTML, like Gecko) Chrome/83.0.4103.61 Safari/537.36"
::1 - - [01/Jun/2020:05:57:31 +0000] "GET /users/profile/5e9190afaa9a4812fdf4850c HTTP/1.1" 200 11817 "http://localhost:8000/" "Mozilla/5.0 (Windows NT 10.0; Win64; x64) AppleWebKit/537.36 (KHTML, like Gecko) Chrome/83.0.4103.61 Safari/537.36"
::1 - - [01/Jun/2020:05:57:37 +0000] "POST /users/friends/?from=5e9190afaa9a4812fdf4850c&to=5e9190afaa9a4812fdf4850c HTTP/1.1" 302 46 "http://localhost:8000/users/profile/5e9190afaa9a4812fdf4850c" "Mozilla/5.0 (Windows NT 10.0; Win64; x64) AppleWebKit/537.36 (KHTML, like Gecko) Chrome/83.0.4103.61 Safari/537.36"
::1 - - [01/Jun/2020:05:57:38 +0000] "GET / HTTP/1.1" 200 33275 "http://localhost:8000/users/profile/5e9190afaa9a4812fdf4850c" "Mozilla/5.0 (Windows NT 10.0; Win64; x64) AppleWebKit/537.36 (KHTML, like Gecko) Chrome/83.0.4103.61 Safari/537.36"
::1 - - [01/Jun/2020:05:57:41 +0000] "GET /users/profile/5e9190afaa9a4812fdf4850c HTTP/1.1" 200 11251 "http://localhost:8000/" "Mozilla/5.0 (Windows NT 10.0; Win64; x64) AppleWebKit/537.36 (KHTML, like Gecko) Chrome/83.0.4103.61 Safari/537.36"
::1 - - [01/Jun/2020:05:58:18 +0000] "GET /users/profile/5e9190afaa9a4812fdf4850c HTTP/1.1" 304 - "http://localhost:8000/" "Mozilla/5.0 (Windows NT 10.0; Win64; x64) AppleWebKit/537.36 (KHTML, like Gecko) Chrome/83.0.4103.61 Safari/537.36"
::1 - - [01/Jun/2020:05:59:17 +0000] "GET /users/profile/5e9190afaa9a4812fdf4850c HTTP/1.1" 200 11095 "http://localhost:8000/" "Mozilla/5.0 (Windows NT 10.0; Win64; x64) AppleWebKit/537.36 (KHTML, like Gecko) Chrome/83.0.4103.61 Safari/537.36"
::1 - - [01/Jun/2020:05:59:23 +0000] "GET /users/friends/?from=5e9190afaa9a4812fdf4850c&to=5e96a43b778a02084eec2fc0 HTTP/1.1" 404 153 "http://localhost:8000/users/profile/5e9190afaa9a4812fdf4850c" "Mozilla/5.0 (Windows NT 10.0; Win64; x64) AppleWebKit/537.36 (KHTML, like Gecko) Chrome/83.0.4103.61 Safari/537.36"
::ffff:127.0.0.1 - - [01/Jun/2020:06:00:41 +0000] "GET /users/profile/5e9190afaa9a4812fdf4850c HTTP/1.1" 304 - "http://localhost:8000/users/profile/5e9190afaa9a4812fdf4850c" "Mozilla/5.0 (Windows NT 10.0; Win64; x64) AppleWebKit/537.36 (KHTML, like Gecko) Chrome/83.0.4103.61 Safari/537.36"
::1 - - [01/Jun/2020:06:01:07 +0000] "GET /users/profile/5e9190afaa9a4812fdf4850c HTTP/1.1" 304 - "http://localhost:8000/users/profile/5e9190afaa9a4812fdf4850c" "Mozilla/5.0 (Windows NT 10.0; Win64; x64) AppleWebKit/537.36 (KHTML, like Gecko) Chrome/83.0.4103.61 Safari/537.36"
::1 - - [01/Jun/2020:06:01:13 +0000] "GET /users/friends/?from=5e9190afaa9a4812fdf4850c&to=5e96a43b778a02084eec2fc0 HTTP/1.1" 302 164 "http://localhost:8000/users/profile/5e9190afaa9a4812fdf4850c" "Mozilla/5.0 (Windows NT 10.0; Win64; x64) AppleWebKit/537.36 (KHTML, like Gecko) Chrome/83.0.4103.61 Safari/537.36"
::1 - - [01/Jun/2020:06:01:13 +0000] "GET /users/profile/5e9190afaa9a4812fdf4850c HTTP/1.1" 200 10587 "http://localhost:8000/users/profile/5e9190afaa9a4812fdf4850c" "Mozilla/5.0 (Windows NT 10.0; Win64; x64) AppleWebKit/537.36 (KHTML, like Gecko) Chrome/83.0.4103.61 Safari/537.36"
::1 - - [01/Jun/2020:06:02:34 +0000] "GET /users/profile/5e9190afaa9a4812fdf4850c HTTP/1.1" 304 - "http://localhost:8000/users/profile/5e9190afaa9a4812fdf4850c" "Mozilla/5.0 (Windows NT 10.0; Win64; x64) AppleWebKit/537.36 (KHTML, like Gecko) Chrome/83.0.4103.61 Safari/537.36"
::1 - - [01/Jun/2020:06:06:47 +0000] "GET /users/profile/5e9190afaa9a4812fdf4850c HTTP/1.1" 200 12345 "http://localhost:8000/users/profile/5e9190afaa9a4812fdf4850c" "Mozilla/5.0 (Windows NT 10.0; Win64; x64) AppleWebKit/537.36 (KHTML, like Gecko) Chrome/83.0.4103.61 Safari/537.36"
::1 - - [01/Jun/2020:06:08:53 +0000] "GET /users/profile/5e9190afaa9a4812fdf4850c HTTP/1.1" 304 - "http://localhost:8000/users/profile/5e9190afaa9a4812fdf4850c" "Mozilla/5.0 (Windows NT 10.0; Win64; x64) AppleWebKit/537.36 (KHTML, like Gecko) Chrome/83.0.4103.61 Safari/537.36"
::1 - - [01/Jun/2020:06:09:02 +0000] "GET /users/friends/?from=5e9190afaa9a4812fdf4850c&to=5e952d3482159f01061054da HTTP/1.1" 302 164 "http://localhost:8000/users/profile/5e9190afaa9a4812fdf4850c" "Mozilla/5.0 (Windows NT 10.0; Win64; x64) AppleWebKit/537.36 (KHTML, like Gecko) Chrome/83.0.4103.61 Safari/537.36"
::1 - - [01/Jun/2020:06:09:03 +0000] "GET /users/profile/5e9190afaa9a4812fdf4850c HTTP/1.1" 200 10948 "http://localhost:8000/users/profile/5e9190afaa9a4812fdf4850c" "Mozilla/5.0 (Windows NT 10.0; Win64; x64) AppleWebKit/537.36 (KHTML, like Gecko) Chrome/83.0.4103.61 Safari/537.36"
::1 - - [01/Jun/2020:06:09:18 +0000] "GET / HTTP/1.1" 200 32593 "http://localhost:8000/users/profile/5e9190afaa9a4812fdf4850c" "Mozilla/5.0 (Windows NT 10.0; Win64; x64) AppleWebKit/537.36 (KHTML, like Gecko) Chrome/83.0.4103.61 Safari/537.36"
::1 - - [01/Jun/2020:06:09:21 +0000] "GET /users/profile/5e96a43b778a02084eec2fc0 HTTP/1.1" 200 8445 "http://localhost:8000/" "Mozilla/5.0 (Windows NT 10.0; Win64; x64) AppleWebKit/537.36 (KHTML, like Gecko) Chrome/83.0.4103.61 Safari/537.36"
::1 - - [01/Jun/2020:06:09:25 +0000] "POST /users/friends/?from=5e9190afaa9a4812fdf4850c&to=5e96a43b778a02084eec2fc0 HTTP/1.1" 404 154 "http://localhost:8000/users/profile/5e96a43b778a02084eec2fc0" "Mozilla/5.0 (Windows NT 10.0; Win64; x64) AppleWebKit/537.36 (KHTML, like Gecko) Chrome/83.0.4103.61 Safari/537.36"
::1 - - [01/Jun/2020:06:10:15 +0000] "POST /users/friends/?from=5e9190afaa9a4812fdf4850c&to=5e96a43b778a02084eec2fc0 HTTP/1.1" 404 154 "http://localhost:8000/users/profile/5e96a43b778a02084eec2fc0" "Mozilla/5.0 (Windows NT 10.0; Win64; x64) AppleWebKit/537.36 (KHTML, like Gecko) Chrome/83.0.4103.61 Safari/537.36"
::1 - - [01/Jun/2020:06:10:20 +0000] "GET /users/profile/5e96a43b778a02084eec2fc0 HTTP/1.1" 200 8392 "http://localhost:8000/users/profile/5e96a43b778a02084eec2fc0" "Mozilla/5.0 (Windows NT 10.0; Win64; x64) AppleWebKit/537.36 (KHTML, like Gecko) Chrome/83.0.4103.61 Safari/537.36"
::1 - - [01/Jun/2020:06:10:25 +0000] "GET /users/friends/?from=5e9190afaa9a4812fdf4850c&to=5e96a43b778a02084eec2fc0 HTTP/1.1" 302 164 "http://localhost:8000/users/profile/5e96a43b778a02084eec2fc0" "Mozilla/5.0 (Windows NT 10.0; Win64; x64) AppleWebKit/537.36 (KHTML, like Gecko) Chrome/83.0.4103.61 Safari/537.36"
::1 - - [01/Jun/2020:06:10:26 +0000] "GET /users/profile/5e96a43b778a02084eec2fc0 HTTP/1.1" 200 9657 "http://localhost:8000/users/profile/5e96a43b778a02084eec2fc0" "Mozilla/5.0 (Windows NT 10.0; Win64; x64) AppleWebKit/537.36 (KHTML, like Gecko) Chrome/83.0.4103.61 Safari/537.36"
::1 - - [01/Jun/2020:06:10:30 +0000] "GET /users/profile/5e9190afaa9a4812fdf4850c HTTP/1.1" 200 12289 "http://localhost:8000/users/profile/5e96a43b778a02084eec2fc0" "Mozilla/5.0 (Windows NT 10.0; Win64; x64) AppleWebKit/537.36 (KHTML, like Gecko) Chrome/83.0.4103.61 Safari/537.36"
::1 - - [01/Jun/2020:06:11:47 +0000] "GET /users/profile/5e9190afaa9a4812fdf4850c HTTP/1.1" 304 - "http://localhost:8000/users/profile/5e96a43b778a02084eec2fc0" "Mozilla/5.0 (Windows NT 10.0; Win64; x64) AppleWebKit/537.36 (KHTML, like Gecko) Chrome/83.0.4103.61 Safari/537.36"
::1 - - [01/Jun/2020:06:13:00 +0000] "GET /users/profile/5e9190afaa9a4812fdf4850c HTTP/1.1" 200 12367 "http://localhost:8000/users/profile/5e96a43b778a02084eec2fc0" "Mozilla/5.0 (Windows NT 10.0; Win64; x64) AppleWebKit/537.36 (KHTML, like Gecko) Chrome/83.0.4103.61 Safari/537.36"
::1 - - [01/Jun/2020:06:13:22 +0000] "GET /users/profile/5e9190afaa9a4812fdf4850c HTTP/1.1" 200 12365 "http://localhost:8000/users/profile/5e96a43b778a02084eec2fc0" "Mozilla/5.0 (Windows NT 10.0; Win64; x64) AppleWebKit/537.36 (KHTML, like Gecko) Chrome/83.0.4103.61 Safari/537.36"
::1 - - [01/Jun/2020:06:14:20 +0000] "GET /users/profile/5e9190afaa9a4812fdf4850c HTTP/1.1" 304 - "http://localhost:8000/users/profile/5e96a43b778a02084eec2fc0" "Mozilla/5.0 (Windows NT 10.0; Win64; x64) AppleWebKit/537.36 (KHTML, like Gecko) Chrome/83.0.4103.61 Safari/537.36"
::ffff:127.0.0.1 - - [01/Jun/2020:06:14:38 +0000] "GET /users/profile/5e9190afaa9a4812fdf4850c HTTP/1.1" 200 12289 "http://localhost:8000/users/profile/5e96a43b778a02084eec2fc0" "Mozilla/5.0 (Windows NT 10.0; Win64; x64) AppleWebKit/537.36 (KHTML, like Gecko) Chrome/83.0.4103.61 Safari/537.36"
::1 - - [01/Jun/2020:06:16:41 +0000] "GET /users/profile/5e9190afaa9a4812fdf4850c HTTP/1.1" 200 11503 "http://localhost:8000/users/profile/5e96a43b778a02084eec2fc0" "Mozilla/5.0 (Windows NT 10.0; Win64; x64) AppleWebKit/537.36 (KHTML, like Gecko) Chrome/83.0.4103.61 Safari/537.36"
::ffff:127.0.0.1 - - [01/Jun/2020:06:17:42 +0000] "GET /users/profile/5e9190afaa9a4812fdf4850c HTTP/1.1" 200 13349 "http://localhost:8000/users/profile/5e96a43b778a02084eec2fc0" "Mozilla/5.0 (Windows NT 10.0; Win64; x64) AppleWebKit/537.36 (KHTML, like Gecko) Chrome/83.0.4103.61 Safari/537.36"
::1 - - [01/Jun/2020:06:31:30 +0000] "GET /users/profile/5e9190afaa9a4812fdf4850c HTTP/1.1" 200 12203 "http://localhost:8000/users/profile/5e96a43b778a02084eec2fc0" "Mozilla/5.0 (Windows NT 10.0; Win64; x64) AppleWebKit/537.36 (KHTML, like Gecko) Chrome/83.0.4103.61 Safari/537.36"
::1 - - [01/Jun/2020:06:32:22 +0000] "GET /users/profile/5e9190afaa9a4812fdf4850c HTTP/1.1" 200 13325 "http://localhost:8000/users/profile/5e96a43b778a02084eec2fc0" "Mozilla/5.0 (Windows NT 10.0; Win64; x64) AppleWebKit/537.36 (KHTML, like Gecko) Chrome/83.0.4103.61 Safari/537.36"
::1 - - [01/Jun/2020:06:37:27 +0000] "GET /users/profile/5e9190afaa9a4812fdf4850c HTTP/1.1" 302 72 "http://localhost:8000/users/profile/5e96a43b778a02084eec2fc0" "Mozilla/5.0 (Windows NT 10.0; Win64; x64) AppleWebKit/537.36 (KHTML, like Gecko) Chrome/83.0.4103.61 Safari/537.36"
::1 - - [01/Jun/2020:06:37:27 +0000] "GET /users/sign-in HTTP/1.1" 304 - "http://localhost:8000/users/profile/5e96a43b778a02084eec2fc0" "Mozilla/5.0 (Windows NT 10.0; Win64; x64) AppleWebKit/537.36 (KHTML, like Gecko) Chrome/83.0.4103.61 Safari/537.36"
::1 - - [01/Jun/2020:06:37:31 +0000] "POST /users/create-session HTTP/1.1" 302 46 "http://localhost:8000/users/sign-in" "Mozilla/5.0 (Windows NT 10.0; Win64; x64) AppleWebKit/537.36 (KHTML, like Gecko) Chrome/83.0.4103.61 Safari/537.36"
::1 - - [01/Jun/2020:06:37:31 +0000] "GET / HTTP/1.1" 200 33166 "http://localhost:8000/users/sign-in" "Mozilla/5.0 (Windows NT 10.0; Win64; x64) AppleWebKit/537.36 (KHTML, like Gecko) Chrome/83.0.4103.61 Safari/537.36"
::1 - - [01/Jun/2020:06:37:35 +0000] "GET /users/profile/5e9190afaa9a4812fdf4850c HTTP/1.1" 500 148 "http://localhost:8000/" "Mozilla/5.0 (Windows NT 10.0; Win64; x64) AppleWebKit/537.36 (KHTML, like Gecko) Chrome/83.0.4103.61 Safari/537.36"
::1 - - [01/Jun/2020:06:37:58 +0000] "GET /users/profile/5e9190afaa9a4812fdf4850c HTTP/1.1" 200 12649 "http://localhost:8000/" "Mozilla/5.0 (Windows NT 10.0; Win64; x64) AppleWebKit/537.36 (KHTML, like Gecko) Chrome/83.0.4103.61 Safari/537.36"
::1 - - [01/Jun/2020:06:39:54 +0000] "GET /users/profile/5e9190afaa9a4812fdf4850c HTTP/1.1" 200 12663 "http://localhost:8000/" "Mozilla/5.0 (Windows NT 10.0; Win64; x64) AppleWebKit/537.36 (KHTML, like Gecko) Chrome/83.0.4103.61 Safari/537.36"
::1 - - [01/Jun/2020:06:41:03 +0000] "GET /users/profile/5e9190afaa9a4812fdf4850c HTTP/1.1" 200 12709 "http://localhost:8000/" "Mozilla/5.0 (Windows NT 10.0; Win64; x64) AppleWebKit/537.36 (KHTML, like Gecko) Chrome/83.0.4103.61 Safari/537.36"
::1 - - [01/Jun/2020:06:45:58 +0000] "GET /users/profile/5e9190afaa9a4812fdf4850c HTTP/1.1" 304 - "http://localhost:8000/" "Mozilla/5.0 (Windows NT 10.0; Win64; x64) AppleWebKit/537.36 (KHTML, like Gecko) Chrome/83.0.4103.61 Safari/537.36"
::1 - - [01/Jun/2020:06:50:18 +0000] "GET /users/profile/5e9190afaa9a4812fdf4850c HTTP/1.1" 304 - "http://localhost:8000/" "Mozilla/5.0 (Windows NT 10.0; Win64; x64) AppleWebKit/537.36 (KHTML, like Gecko) Chrome/83.0.4103.61 Safari/537.36"
::1 - - [01/Jun/2020:06:51:16 +0000] "GET /users/profile/5e9190afaa9a4812fdf4850c HTTP/1.1" 200 12557 "http://localhost:8000/" "Mozilla/5.0 (Windows NT 10.0; Win64; x64) AppleWebKit/537.36 (KHTML, like Gecko) Chrome/83.0.4103.61 Safari/537.36"
::1 - - [01/Jun/2020:06:51:23 +0000] "GET /users/friends/?from=5e9190afaa9a4812fdf4850c&to=5e96a64c778a02084eec2fd3 HTTP/1.1" 302 164 "http://localhost:8000/users/profile/5e9190afaa9a4812fdf4850c" "Mozilla/5.0 (Windows NT 10.0; Win64; x64) AppleWebKit/537.36 (KHTML, like Gecko) Chrome/83.0.4103.61 Safari/537.36"
::1 - - [01/Jun/2020:06:51:23 +0000] "GET /users/profile/5e9190afaa9a4812fdf4850c HTTP/1.1" 200 11064 "http://localhost:8000/users/profile/5e9190afaa9a4812fdf4850c" "Mozilla/5.0 (Windows NT 10.0; Win64; x64) AppleWebKit/537.36 (KHTML, like Gecko) Chrome/83.0.4103.61 Safari/537.36"
::1 - - [01/Jun/2020:06:53:09 +0000] "GET /users/profile/5e9190afaa9a4812fdf4850c HTTP/1.1" 304 - "http://localhost:8000/users/profile/5e9190afaa9a4812fdf4850c" "Mozilla/5.0 (Windows NT 10.0; Win64; x64) AppleWebKit/537.36 (KHTML, like Gecko) Chrome/83.0.4103.61 Safari/537.36"
::1 - - [01/Jun/2020:06:54:25 +0000] "GET /users/profile/5e9190afaa9a4812fdf4850c HTTP/1.1" 200 11069 "http://localhost:8000/users/profile/5e9190afaa9a4812fdf4850c" "Mozilla/5.0 (Windows NT 10.0; Win64; x64) AppleWebKit/537.36 (KHTML, like Gecko) Chrome/83.0.4103.61 Safari/537.36"
::1 - - [01/Jun/2020:06:58:32 +0000] "GET /users/profile/5e9190afaa9a4812fdf4850c HTTP/1.1" 200 11099 "http://localhost:8000/users/profile/5e9190afaa9a4812fdf4850c" "Mozilla/5.0 (Windows NT 10.0; Win64; x64) AppleWebKit/537.36 (KHTML, like Gecko) Chrome/83.0.4103.61 Safari/537.36"
::1 - - [01/Jun/2020:06:59:17 +0000] "GET /users/profile/5e9190afaa9a4812fdf4850c HTTP/1.1" 200 11092 "http://localhost:8000/users/profile/5e9190afaa9a4812fdf4850c" "Mozilla/5.0 (Windows NT 10.0; Win64; x64) AppleWebKit/537.36 (KHTML, like Gecko) Chrome/83.0.4103.61 Safari/537.36"
::1 - - [01/Jun/2020:07:00:06 +0000] "GET /users/profile/5e9190afaa9a4812fdf4850c HTTP/1.1" 304 - "http://localhost:8000/users/profile/5e9190afaa9a4812fdf4850c" "Mozilla/5.0 (Windows NT 10.0; Win64; x64) AppleWebKit/537.36 (KHTML, like Gecko) Chrome/83.0.4103.61 Safari/537.36"
::1 - - [01/Jun/2020:07:03:19 +0000] "GET /users/profile/5e9190afaa9a4812fdf4850c HTTP/1.1" 304 - "http://localhost:8000/users/profile/5e9190afaa9a4812fdf4850c" "Mozilla/5.0 (Windows NT 10.0; Win64; x64) AppleWebKit/537.36 (KHTML, like Gecko) Chrome/83.0.4103.61 Safari/537.36"
::1 - - [01/Jun/2020:07:04:32 +0000] "GET /users/profile/5e9190afaa9a4812fdf4850c HTTP/1.1" 304 - "http://localhost:8000/users/profile/5e9190afaa9a4812fdf4850c" "Mozilla/5.0 (Windows NT 10.0; Win64; x64) AppleWebKit/537.36 (KHTML, like Gecko) Chrome/83.0.4103.61 Safari/537.36"
::1 - - [01/Jun/2020:07:11:50 +0000] "GET /users/profile/5e9190afaa9a4812fdf4850c HTTP/1.1" 200 11070 "http://localhost:8000/users/profile/5e9190afaa9a4812fdf4850c" "Mozilla/5.0 (Windows NT 10.0; Win64; x64) AppleWebKit/537.36 (KHTML, like Gecko) Chrome/83.0.4103.61 Safari/537.36"
::1 - - [01/Jun/2020:07:13:27 +0000] "GET /users/profile/5e9190afaa9a4812fdf4850c HTTP/1.1" 304 - "http://localhost:8000/users/profile/5e9190afaa9a4812fdf4850c" "Mozilla/5.0 (Windows NT 10.0; Win64; x64) AppleWebKit/537.36 (KHTML, like Gecko) Chrome/83.0.4103.61 Safari/537.36"
::1 - - [01/Jun/2020:07:14:06 +0000] "GET /users/profile/5e9190afaa9a4812fdf4850c HTTP/1.1" 304 - "http://localhost:8000/users/profile/5e9190afaa9a4812fdf4850c" "Mozilla/5.0 (Windows NT 10.0; Win64; x64) AppleWebKit/537.36 (KHTML, like Gecko) Chrome/83.0.4103.61 Safari/537.36"
::1 - - [01/Jun/2020:07:14:48 +0000] "GET /users/profile/5e9190afaa9a4812fdf4850c HTTP/1.1" 200 11046 "http://localhost:8000/users/profile/5e9190afaa9a4812fdf4850c" "Mozilla/5.0 (Windows NT 10.0; Win64; x64) AppleWebKit/537.36 (KHTML, like Gecko) Chrome/83.0.4103.61 Safari/537.36"
::1 - - [01/Jun/2020:07:22:13 +0000] "GET /users/profile/5e9190afaa9a4812fdf4850c HTTP/1.1" 304 - "http://localhost:8000/users/profile/5e9190afaa9a4812fdf4850c" "Mozilla/5.0 (Windows NT 10.0; Win64; x64) AppleWebKit/537.36 (KHTML, like Gecko) Chrome/83.0.4103.61 Safari/537.36"
::1 - - [01/Jun/2020:07:23:22 +0000] "GET /users/profile/5e9190afaa9a4812fdf4850c HTTP/1.1" 200 11071 "http://localhost:8000/users/profile/5e9190afaa9a4812fdf4850c" "Mozilla/5.0 (Windows NT 10.0; Win64; x64) AppleWebKit/537.36 (KHTML, like Gecko) Chrome/83.0.4103.61 Safari/537.36"
::1 - - [01/Jun/2020:07:24:42 +0000] "GET /users/profile/5e9190afaa9a4812fdf4850c HTTP/1.1" 304 - "http://localhost:8000/users/profile/5e9190afaa9a4812fdf4850c" "Mozilla/5.0 (Linux; Android 6.0.1; Moto G (4)) AppleWebKit/537.36 (KHTML, like Gecko) Chrome/83.0.4103.61 Mobile Safari/537.36"
::1 - - [01/Jun/2020:07:25:03 +0000] "GET /users/friends/?from=5e9190afaa9a4812fdf4850c&to=5e96a43b778a02084eec2fc0 HTTP/1.1" 302 46 "-" "Mozilla/5.0 (Windows NT 10.0; Win64; x64) AppleWebKit/537.36 (KHTML, like Gecko) Chrome/83.0.4103.61 Safari/537.36"
::1 - - [01/Jun/2020:07:25:04 +0000] "GET / HTTP/1.1" 200 32255 "-" "Mozilla/5.0 (Windows NT 10.0; Win64; x64) AppleWebKit/537.36 (KHTML, like Gecko) Chrome/83.0.4103.61 Safari/537.36"
::1 - - [01/Jun/2020:07:25:07 +0000] "GET /users/profile/5e9190afaa9a4812fdf4850c HTTP/1.1" 200 8701 "http://localhost:8000/users/profile/5e9190afaa9a4812fdf4850c" "Mozilla/5.0 (Windows NT 10.0; Win64; x64) AppleWebKit/537.36 (KHTML, like Gecko) Chrome/83.0.4103.61 Safari/537.36"
::1 - - [01/Jun/2020:07:25:13 +0000] "GET / HTTP/1.1" 304 - "http://localhost:8000/users/profile/5e9190afaa9a4812fdf4850c" "Mozilla/5.0 (Windows NT 10.0; Win64; x64) AppleWebKit/537.36 (KHTML, like Gecko) Chrome/83.0.4103.61 Safari/537.36"
::1 - - [01/Jun/2020:07:25:15 +0000] "GET /users/profile/5e96b96f4e759d17d13171ff HTTP/1.1" 200 18727 "http://localhost:8000/" "Mozilla/5.0 (Windows NT 10.0; Win64; x64) AppleWebKit/537.36 (KHTML, like Gecko) Chrome/83.0.4103.61 Safari/537.36"
::1 - - [01/Jun/2020:07:25:19 +0000] "GET /users/friends/?from=5e9190afaa9a4812fdf4850c&to=5e96b96f4e759d17d13171ff HTTP/1.1" 302 164 "http://localhost:8000/users/profile/5e96b96f4e759d17d13171ff" "Mozilla/5.0 (Windows NT 10.0; Win64; x64) AppleWebKit/537.36 (KHTML, like Gecko) Chrome/83.0.4103.61 Safari/537.36"
::1 - - [01/Jun/2020:07:25:19 +0000] "GET /users/profile/5e96b96f4e759d17d13171ff HTTP/1.1" 200 20127 "http://localhost:8000/users/profile/5e96b96f4e759d17d13171ff" "Mozilla/5.0 (Windows NT 10.0; Win64; x64) AppleWebKit/537.36 (KHTML, like Gecko) Chrome/83.0.4103.61 Safari/537.36"
::1 - - [01/Jun/2020:07:25:22 +0000] "GET /users/profile/5e9190afaa9a4812fdf4850c HTTP/1.1" 200 11116 "http://localhost:8000/users/profile/5e96b96f4e759d17d13171ff" "Mozilla/5.0 (Windows NT 10.0; Win64; x64) AppleWebKit/537.36 (KHTML, like Gecko) Chrome/83.0.4103.61 Safari/537.36"
::1 - - [01/Jun/2020:07:28:30 +0000] "GET /users/profile/5e9190afaa9a4812fdf4850c HTTP/1.1" 304 - "http://localhost:8000/users/profile/5e96b96f4e759d17d13171ff" "Mozilla/5.0 (Windows NT 10.0; Win64; x64) AppleWebKit/537.36 (KHTML, like Gecko) Chrome/83.0.4103.61 Safari/537.36"
::1 - - [01/Jun/2020:07:28:33 +0000] "GET / HTTP/1.1" 200 32606 "http://localhost:8000/users/profile/5e9190afaa9a4812fdf4850c" "Mozilla/5.0 (Windows NT 10.0; Win64; x64) AppleWebKit/537.36 (KHTML, like Gecko) Chrome/83.0.4103.61 Safari/537.36"
::1 - - [01/Jun/2020:07:28:35 +0000] "GET /users/profile/5ea3c178f7ae5b0792aae75e HTTP/1.1" 200 8431 "http://localhost:8000/" "Mozilla/5.0 (Windows NT 10.0; Win64; x64) AppleWebKit/537.36 (KHTML, like Gecko) Chrome/83.0.4103.61 Safari/537.36"
::1 - - [01/Jun/2020:07:28:40 +0000] "GET /users/friends/?from=5e9190afaa9a4812fdf4850c&to=5ea3c178f7ae5b0792aae75e HTTP/1.1" 302 164 "http://localhost:8000/users/profile/5ea3c178f7ae5b0792aae75e" "Mozilla/5.0 (Windows NT 10.0; Win64; x64) AppleWebKit/537.36 (KHTML, like Gecko) Chrome/83.0.4103.61 Safari/537.36"
::1 - - [01/Jun/2020:07:28:40 +0000] "GET /users/profile/5ea3c178f7ae5b0792aae75e HTTP/1.1" 200 10748 "http://localhost:8000/users/profile/5ea3c178f7ae5b0792aae75e" "Mozilla/5.0 (Windows NT 10.0; Win64; x64) AppleWebKit/537.36 (KHTML, like Gecko) Chrome/83.0.4103.61 Safari/537.36"
::1 - - [01/Jun/2020:07:28:42 +0000] "GET /users/profile/5e9190afaa9a4812fdf4850c HTTP/1.1" 200 12662 "http://localhost:8000/users/profile/5ea3c178f7ae5b0792aae75e" "Mozilla/5.0 (Windows NT 10.0; Win64; x64) AppleWebKit/537.36 (KHTML, like Gecko) Chrome/83.0.4103.61 Safari/537.36"
::1 - - [01/Jun/2020:07:28:45 +0000] "GET / HTTP/1.1" 200 32954 "http://localhost:8000/users/profile/5e9190afaa9a4812fdf4850c" "Mozilla/5.0 (Windows NT 10.0; Win64; x64) AppleWebKit/537.36 (KHTML, like Gecko) Chrome/83.0.4103.61 Safari/537.36"
::1 - - [01/Jun/2020:07:28:47 +0000] "GET /users/profile/5ea3c178f7ae5b0792aae75e HTTP/1.1" 304 - "http://localhost:8000/" "Mozilla/5.0 (Windows NT 10.0; Win64; x64) AppleWebKit/537.36 (KHTML, like Gecko) Chrome/83.0.4103.61 Safari/537.36"
::1 - - [01/Jun/2020:07:28:52 +0000] "GET /users/profile/5e9190afaa9a4812fdf4850c HTTP/1.1" 304 - "http://localhost:8000/users/profile/5ea3c178f7ae5b0792aae75e" "Mozilla/5.0 (Windows NT 10.0; Win64; x64) AppleWebKit/537.36 (KHTML, like Gecko) Chrome/83.0.4103.61 Safari/537.36"
::1 - - [01/Jun/2020:07:30:58 +0000] "GET /users/profile/5e9190afaa9a4812fdf4850c HTTP/1.1" 304 - "http://localhost:8000/users/profile/5ea3c178f7ae5b0792aae75e" "Mozilla/5.0 (Linux; Android 6.0.1; Moto G (4)) AppleWebKit/537.36 (KHTML, like Gecko) Chrome/83.0.4103.61 Mobile Safari/537.36"
::1 - - [01/Jun/2020:07:34:30 +0000] "GET /users/profile/5e9190afaa9a4812fdf4850c HTTP/1.1" 304 - "http://localhost:8000/users/profile/5ea3c178f7ae5b0792aae75e" "Mozilla/5.0 (Windows NT 10.0; Win64; x64) AppleWebKit/537.36 (KHTML, like Gecko) Chrome/83.0.4103.61 Safari/537.36"
::1 - - [01/Jun/2020:07:36:26 +0000] "GET /users/profile/5e9190afaa9a4812fdf4850c HTTP/1.1" 304 - "http://localhost:8000/users/profile/5ea3c178f7ae5b0792aae75e" "Mozilla/5.0 (Windows NT 10.0; Win64; x64) AppleWebKit/537.36 (KHTML, like Gecko) Chrome/83.0.4103.61 Safari/537.36"
::1 - - [01/Jun/2020:07:38:38 +0000] "GET /users/profile/5e9190afaa9a4812fdf4850c HTTP/1.1" 304 - "http://localhost:8000/users/profile/5ea3c178f7ae5b0792aae75e" "Mozilla/5.0 (Windows NT 10.0; Win64; x64) AppleWebKit/537.36 (KHTML, like Gecko) Chrome/83.0.4103.61 Safari/537.36"
::1 - - [01/Jun/2020:07:39:55 +0000] "GET /users/profile/5e9190afaa9a4812fdf4850c HTTP/1.1" 304 - "http://localhost:8000/users/profile/5ea3c178f7ae5b0792aae75e" "Mozilla/5.0 (Windows NT 10.0; Win64; x64) AppleWebKit/537.36 (KHTML, like Gecko) Chrome/83.0.4103.61 Safari/537.36"
::1 - - [01/Jun/2020:07:40:52 +0000] "GET /users/profile/5e9190afaa9a4812fdf4850c HTTP/1.1" 304 - "http://localhost:8000/users/profile/5ea3c178f7ae5b0792aae75e" "Mozilla/5.0 (Windows NT 10.0; Win64; x64) AppleWebKit/537.36 (KHTML, like Gecko) Chrome/83.0.4103.61 Safari/537.36"
::1 - - [01/Jun/2020:07:41:25 +0000] "GET /users/profile/5e9190afaa9a4812fdf4850c HTTP/1.1" 304 - "http://localhost:8000/users/profile/5e9190afaa9a4812fdf4850c" "Mozilla/5.0 (Windows NT 10.0; Win64; x64) AppleWebKit/537.36 (KHTML, like Gecko) Chrome/83.0.4103.61 Safari/537.36"
::1 - - [01/Jun/2020:07:44:27 +0000] "GET /users/profile/5e9190afaa9a4812fdf4850c HTTP/1.1" 304 - "http://localhost:8000/users/profile/5ea3c178f7ae5b0792aae75e" "Mozilla/5.0 (Windows NT 10.0; Win64; x64) AppleWebKit/537.36 (KHTML, like Gecko) Chrome/83.0.4103.61 Safari/537.36"
::1 - - [01/Jun/2020:07:44:40 +0000] "GET /users/profile/5e9190afaa9a4812fdf4850c HTTP/1.1" 200 12708 "http://localhost:8000/users/profile/5ea3c178f7ae5b0792aae75e" "Mozilla/5.0 (Windows NT 10.0; Win64; x64) AppleWebKit/537.36 (KHTML, like Gecko) Chrome/83.0.4103.61 Safari/537.36"
::1 - - [01/Jun/2020:07:45:46 +0000] "GET /users/profile/5e9190afaa9a4812fdf4850c HTTP/1.1" 304 - "http://localhost:8000/users/profile/5ea3c178f7ae5b0792aae75e" "Mozilla/5.0 (Windows NT 10.0; Win64; x64) AppleWebKit/537.36 (KHTML, like Gecko) Chrome/83.0.4103.61 Safari/537.36"
::1 - - [01/Jun/2020:07:48:36 +0000] "GET /users/profile/5e9190afaa9a4812fdf4850c HTTP/1.1" 304 - "http://localhost:8000/users/profile/5ea3c178f7ae5b0792aae75e" "Mozilla/5.0 (Windows NT 10.0; Win64; x64) AppleWebKit/537.36 (KHTML, like Gecko) Chrome/83.0.4103.61 Safari/537.36"
::1 - - [01/Jun/2020:07:49:42 +0000] "GET /users/profile/5e9190afaa9a4812fdf4850c HTTP/1.1" 304 - "http://localhost:8000/users/profile/5ea3c178f7ae5b0792aae75e" "Mozilla/5.0 (Windows NT 10.0; Win64; x64) AppleWebKit/537.36 (KHTML, like Gecko) Chrome/83.0.4103.61 Safari/537.36"
::ffff:127.0.0.1 - - [01/Jun/2020:07:49:54 +0000] "GET /users/profile/5e9190afaa9a4812fdf4850c HTTP/1.1" 200 12726 "http://localhost:8000/users/profile/5ea3c178f7ae5b0792aae75e" "Mozilla/5.0 (Windows NT 10.0; Win64; x64) AppleWebKit/537.36 (KHTML, like Gecko) Chrome/83.0.4103.61 Safari/537.36"
::1 - - [01/Jun/2020:07:50:37 +0000] "GET /users/profile/5e9190afaa9a4812fdf4850c HTTP/1.1" 304 - "http://localhost:8000/users/profile/5ea3c178f7ae5b0792aae75e" "Mozilla/5.0 (Windows NT 10.0; Win64; x64) AppleWebKit/537.36 (KHTML, like Gecko) Chrome/83.0.4103.61 Safari/537.36"
::1 - - [01/Jun/2020:07:51:27 +0000] "GET /users/profile/5e9190afaa9a4812fdf4850c HTTP/1.1" 304 - "http://localhost:8000/users/profile/5ea3c178f7ae5b0792aae75e" "Mozilla/5.0 (Windows NT 10.0; Win64; x64) AppleWebKit/537.36 (KHTML, like Gecko) Chrome/83.0.4103.61 Safari/537.36"
::1 - - [01/Jun/2020:07:51:38 +0000] "GET /users/profile/5ea3c178f7ae5b0792aae75e HTTP/1.1" 200 10771 "http://localhost:8000/users/profile/5e9190afaa9a4812fdf4850c" "Mozilla/5.0 (Windows NT 10.0; Win64; x64) AppleWebKit/537.36 (KHTML, like Gecko) Chrome/83.0.4103.61 Safari/537.36"
::1 - - [01/Jun/2020:07:58:26 +0000] "GET / HTTP/1.1" 304 - "http://localhost:8000/users/profile/5ea3c178f7ae5b0792aae75e" "Mozilla/5.0 (Windows NT 10.0; Win64; x64) AppleWebKit/537.36 (KHTML, like Gecko) Chrome/83.0.4103.61 Safari/537.36"
::1 - - [01/Jun/2020:07:58:30 +0000] "GET /users/profile/5e96b96f4e759d17d13171ff HTTP/1.1" 200 20173 "http://localhost:8000/" "Mozilla/5.0 (Windows NT 10.0; Win64; x64) AppleWebKit/537.36 (KHTML, like Gecko) Chrome/83.0.4103.61 Safari/537.36"
::1 - - [01/Jun/2020:07:58:34 +0000] "GET / HTTP/1.1" 304 - "http://localhost:8000/users/profile/5e96b96f4e759d17d13171ff" "Mozilla/5.0 (Windows NT 10.0; Win64; x64) AppleWebKit/537.36 (KHTML, like Gecko) Chrome/83.0.4103.61 Safari/537.36"
::1 - - [01/Jun/2020:07:58:38 +0000] "GET /users/profile/5e952d3482159f01061054da HTTP/1.1" 200 12511 "http://localhost:8000/" "Mozilla/5.0 (Windows NT 10.0; Win64; x64) AppleWebKit/537.36 (KHTML, like Gecko) Chrome/83.0.4103.61 Safari/537.36"
::1 - - [01/Jun/2020:07:59:16 +0000] "GET /users/profile/5e9190afaa9a4812fdf4850c HTTP/1.1" 304 - "http://localhost:8000/users/profile/5e952d3482159f01061054da" "Mozilla/5.0 (Windows NT 10.0; Win64; x64) AppleWebKit/537.36 (KHTML, like Gecko) Chrome/83.0.4103.61 Safari/537.36"
::1 - - [01/Jun/2020:07:59:23 +0000] "GET /users/profile/5e9190afaa9a4812fdf4850c HTTP/1.1" 304 - "http://localhost:8000/users/profile/5e952d3482159f01061054da" "Mozilla/5.0 (Windows NT 10.0; Win64; x64) AppleWebKit/537.36 (KHTML, like Gecko) Chrome/83.0.4103.61 Safari/537.36"
::1 - - [01/Jun/2020:08:01:53 +0000] "GET /users/profile/5e9190afaa9a4812fdf4850c HTTP/1.1" 304 - "http://localhost:8000/users/profile/5e952d3482159f01061054da" "Mozilla/5.0 (Windows NT 10.0; Win64; x64) AppleWebKit/537.36 (KHTML, like Gecko) Chrome/83.0.4103.61 Safari/537.36"
::1 - - [01/Jun/2020:08:03:24 +0000] "GET /users/profile/5e9190afaa9a4812fdf4850c HTTP/1.1" 304 - "http://localhost:8000/users/profile/5e952d3482159f01061054da" "Mozilla/5.0 (Windows NT 10.0; Win64; x64) AppleWebKit/537.36 (KHTML, like Gecko) Chrome/83.0.4103.61 Safari/537.36"
::1 - - [01/Jun/2020:08:06:23 +0000] "GET /users/profile/5e9190afaa9a4812fdf4850c HTTP/1.1" 304 - "http://localhost:8000/users/profile/5e952d3482159f01061054da" "Mozilla/5.0 (Windows NT 10.0; Win64; x64) AppleWebKit/537.36 (KHTML, like Gecko) Chrome/83.0.4103.61 Safari/537.36"
::1 - - [01/Jun/2020:08:07:44 +0000] "GET /users/profile/5e96b96f4e759d17d13171ff HTTP/1.1" 304 - "-" "Mozilla/5.0 (Windows NT 10.0; Win64; x64) AppleWebKit/537.36 (KHTML, like Gecko) Chrome/83.0.4103.61 Safari/537.36"
::1 - - [01/Jun/2020:08:09:28 +0000] "GET /users/profile/5e9190afaa9a4812fdf4850c HTTP/1.1" 304 - "http://localhost:8000/users/profile/5e952d3482159f01061054da" "Mozilla/5.0 (Windows NT 10.0; Win64; x64) AppleWebKit/537.36 (KHTML, like Gecko) Chrome/83.0.4103.61 Safari/537.36"
::1 - - [01/Jun/2020:08:10:53 +0000] "GET /users/profile/5e9190afaa9a4812fdf4850c HTTP/1.1" 304 - "http://localhost:8000/users/profile/5e952d3482159f01061054da" "Mozilla/5.0 (Linux; Android 6.0.1; Moto G (4)) AppleWebKit/537.36 (KHTML, like Gecko) Chrome/83.0.4103.61 Mobile Safari/537.36"
