::1 - - [27/Apr/2020:07:11:15 +0000] "GET / HTTP/1.1" 200 4878 "http://localhost:8000/users/sign-in" "Mozilla/5.0 (Windows NT 10.0; Win64; x64) AppleWebKit/537.36 (KHTML, like Gecko) Chrome/81.0.4044.122 Safari/537.36"
::1 - - [27/Apr/2020:07:11:29 +0000] "GET /users/sign-in HTTP/1.1" 304 - "http://localhost:8000/" "Mozilla/5.0 (Windows NT 10.0; Win64; x64) AppleWebKit/537.36 (KHTML, like Gecko) Chrome/81.0.4044.122 Safari/537.36"
::1 - - [27/Apr/2020:07:11:35 +0000] "POST /users/create-session HTTP/1.1" 302 46 "http://localhost:8000/users/sign-in" "Mozilla/5.0 (Windows NT 10.0; Win64; x64) AppleWebKit/537.36 (KHTML, like Gecko) Chrome/81.0.4044.122 Safari/537.36"
::1 - - [27/Apr/2020:07:11:36 +0000] "GET / HTTP/1.1" 304 - "http://localhost:8000/users/sign-in" "Mozilla/5.0 (Windows NT 10.0; Win64; x64) AppleWebKit/537.36 (KHTML, like Gecko) Chrome/81.0.4044.122 Safari/537.36"
::1 - - [27/Apr/2020:07:11:40 +0000] "GET /users/sign-in HTTP/1.1" 302 46 "http://localhost:8000/" "Mozilla/5.0 (Windows NT 10.0; Win64; x64) AppleWebKit/537.36 (KHTML, like Gecko) Chrome/81.0.4044.122 Safari/537.36"
::1 - - [27/Apr/2020:07:11:40 +0000] "GET / HTTP/1.1" 200 63672 "http://localhost:8000/" "Mozilla/5.0 (Windows NT 10.0; Win64; x64) AppleWebKit/537.36 (KHTML, like Gecko) Chrome/81.0.4044.122 Safari/537.36"
::1 - - [27/Apr/2020:07:11:48 +0000] "GET /comments/update-comment/5e9fb453324f79677ace3cb6 HTTP/1.1" 200 100 "http://localhost:8000/" "Mozilla/5.0 (Windows NT 10.0; Win64; x64) AppleWebKit/537.36 (KHTML, like Gecko) Chrome/81.0.4044.122 Safari/537.36"
::1 - - [27/Apr/2020:07:13:44 +0000] "GET / HTTP/1.1" 304 - "http://localhost:8000/" "Mozilla/5.0 (Windows NT 10.0; Win64; x64) AppleWebKit/537.36 (KHTML, like Gecko) Chrome/81.0.4044.122 Safari/537.36"
::1 - - [27/Apr/2020:07:14:14 +0000] "GET / HTTP/1.1" 304 - "http://localhost:8000/" "Mozilla/5.0 (Windows NT 10.0; Win64; x64) AppleWebKit/537.36 (KHTML, like Gecko) Chrome/81.0.4044.122 Safari/537.36"
::1 - - [27/Apr/2020:07:16:39 +0000] "GET / HTTP/1.1" 200 62776 "http://localhost:8000/" "Mozilla/5.0 (Windows NT 10.0; Win64; x64) AppleWebKit/537.36 (KHTML, like Gecko) Chrome/81.0.4044.122 Safari/537.36"
::1 - - [27/Apr/2020:07:16:56 +0000] "GET /comments/update-comment/5e9fb453324f79677ace3cb6 HTTP/1.1" 304 - "http://localhost:8000/" "Mozilla/5.0 (Windows NT 10.0; Win64; x64) AppleWebKit/537.36 (KHTML, like Gecko) Chrome/81.0.4044.122 Safari/537.36"
::1 - - [27/Apr/2020:07:17:30 +0000] "GET / HTTP/1.1" 304 - "http://localhost:8000/" "Mozilla/5.0 (Windows NT 10.0; Win64; x64) AppleWebKit/537.36 (KHTML, like Gecko) Chrome/81.0.4044.122 Safari/537.36"
::1 - - [27/Apr/2020:07:17:40 +0000] "GET /comments/update-comment/5e9fb453324f79677ace3cb6 HTTP/1.1" 304 - "http://localhost:8000/" "Mozilla/5.0 (Windows NT 10.0; Win64; x64) AppleWebKit/537.36 (KHTML, like Gecko) Chrome/81.0.4044.122 Safari/537.36"
::1 - - [27/Apr/2020:07:19:23 +0000] "GET / HTTP/1.1" 200 60248 "http://localhost:8000/" "Mozilla/5.0 (Windows NT 10.0; Win64; x64) AppleWebKit/537.36 (KHTML, like Gecko) Chrome/81.0.4044.122 Safari/537.36"
::1 - - [27/Apr/2020:07:20:29 +0000] "GET / HTTP/1.1" 200 73118 "http://localhost:8000/" "Mozilla/5.0 (Windows NT 10.0; Win64; x64) AppleWebKit/537.36 (KHTML, like Gecko) Chrome/81.0.4044.122 Safari/537.36"
::1 - - [27/Apr/2020:07:21:05 +0000] "GET / HTTP/1.1" 200 70819 "http://localhost:8000/" "Mozilla/5.0 (Windows NT 10.0; Win64; x64) AppleWebKit/537.36 (KHTML, like Gecko) Chrome/81.0.4044.122 Safari/537.36"
::1 - - [27/Apr/2020:07:21:15 +0000] "GET /comments/update-comment/5e9fb453324f79677ace3cb6 HTTP/1.1" 304 - "http://localhost:8000/" "Mozilla/5.0 (Windows NT 10.0; Win64; x64) AppleWebKit/537.36 (KHTML, like Gecko) Chrome/81.0.4044.122 Safari/537.36"
::1 - - [27/Apr/2020:07:21:24 +0000] "GET / HTTP/1.1" 304 - "http://localhost:8000/" "Mozilla/5.0 (Windows NT 10.0; Win64; x64) AppleWebKit/537.36 (KHTML, like Gecko) Chrome/81.0.4044.122 Safari/537.36"
::1 - - [27/Apr/2020:07:21:45 +0000] "GET /comments/update-comment/5e9fb453324f79677ace3cb6 HTTP/1.1" 304 - "http://localhost:8000/" "Mozilla/5.0 (Windows NT 10.0; Win64; x64) AppleWebKit/537.36 (KHTML, like Gecko) Chrome/81.0.4044.122 Safari/537.36"
::1 - - [27/Apr/2020:07:21:52 +0000] "GET / HTTP/1.1" 304 - "http://localhost:8000/" "Mozilla/5.0 (Windows NT 10.0; Win64; x64) AppleWebKit/537.36 (KHTML, like Gecko) Chrome/81.0.4044.122 Safari/537.36"
::1 - - [27/Apr/2020:07:22:00 +0000] "POST /comments/create-comment HTTP/1.1" 200 509802 "http://localhost:8000/" "Mozilla/5.0 (Windows NT 10.0; Win64; x64) AppleWebKit/537.36 (KHTML, like Gecko) Chrome/81.0.4044.122 Safari/537.36"
::1 - - [27/Apr/2020:07:22:12 +0000] "GET / HTTP/1.1" 200 74460 "http://localhost:8000/" "Mozilla/5.0 (Windows NT 10.0; Win64; x64) AppleWebKit/537.36 (KHTML, like Gecko) Chrome/81.0.4044.122 Safari/537.36"
::1 - - [27/Apr/2020:07:22:21 +0000] "GET /comments/update-comment/5ea688165796682430bec1fb HTTP/1.1" 200 92 "http://localhost:8000/" "Mozilla/5.0 (Windows NT 10.0; Win64; x64) AppleWebKit/537.36 (KHTML, like Gecko) Chrome/81.0.4044.122 Safari/537.36"
::1 - - [27/Apr/2020:07:25:30 +0000] "GET /comments/destroy-comment/5ea688165796682430bec1fb HTTP/1.1" 200 114 "http://localhost:8000/" "Mozilla/5.0 (Windows NT 10.0; Win64; x64) AppleWebKit/537.36 (KHTML, like Gecko) Chrome/81.0.4044.122 Safari/537.36"
::1 - - [27/Apr/2020:07:25:32 +0000] "GET / HTTP/1.1" 200 70819 "http://localhost:8000/" "Mozilla/5.0 (Windows NT 10.0; Win64; x64) AppleWebKit/537.36 (KHTML, like Gecko) Chrome/81.0.4044.122 Safari/537.36"
::1 - - [27/Apr/2020:07:25:51 +0000] "POST /comments/create-comment HTTP/1.1" 200 509806 "http://localhost:8000/" "Mozilla/5.0 (Windows NT 10.0; Win64; x64) AppleWebKit/537.36 (KHTML, like Gecko) Chrome/81.0.4044.122 Safari/537.36"
::1 - - [27/Apr/2020:07:26:01 +0000] "GET / HTTP/1.1" 200 74462 "http://localhost:8000/" "Mozilla/5.0 (Windows NT 10.0; Win64; x64) AppleWebKit/537.36 (KHTML, like Gecko) Chrome/81.0.4044.122 Safari/537.36"
::1 - - [27/Apr/2020:07:26:05 +0000] "GET /comments/update-comment/5ea688fe5796682430bec1fd HTTP/1.1" 200 94 "http://localhost:8000/" "Mozilla/5.0 (Windows NT 10.0; Win64; x64) AppleWebKit/537.36 (KHTML, like Gecko) Chrome/81.0.4044.122 Safari/537.36"
::1 - - [27/Apr/2020:07:27:18 +0000] "GET / HTTP/1.1" 200 74398 "http://localhost:8000/" "Mozilla/5.0 (Windows NT 10.0; Win64; x64) AppleWebKit/537.36 (KHTML, like Gecko) Chrome/81.0.4044.122 Safari/537.36"
::1 - - [27/Apr/2020:07:27:22 +0000] "GET /comments/update-comment/5ea688fe5796682430bec1fd HTTP/1.1" 304 - "http://localhost:8000/" "Mozilla/5.0 (Windows NT 10.0; Win64; x64) AppleWebKit/537.36 (KHTML, like Gecko) Chrome/81.0.4044.122 Safari/537.36"
::1 - - [27/Apr/2020:07:34:45 +0000] "GET / HTTP/1.1" 200 64134 "http://localhost:8000/" "Mozilla/5.0 (Windows NT 10.0; Win64; x64) AppleWebKit/537.36 (KHTML, like Gecko) Chrome/81.0.4044.122 Safari/537.36"
::1 - - [27/Apr/2020:07:37:03 +0000] "GET / HTTP/1.1" 304 - "http://localhost:8000/" "Mozilla/5.0 (Windows NT 10.0; Win64; x64) AppleWebKit/537.36 (KHTML, like Gecko) Chrome/81.0.4044.122 Safari/537.36"
::1 - - [27/Apr/2020:07:37:26 +0000] "GET / HTTP/1.1" 304 - "http://localhost:8000/" "Mozilla/5.0 (Windows NT 10.0; Win64; x64) AppleWebKit/537.36 (KHTML, like Gecko) Chrome/81.0.4044.122 Safari/537.36"
::1 - - [27/Apr/2020:07:39:02 +0000] "GET / HTTP/1.1" 304 - "http://localhost:8000/" "Mozilla/5.0 (Windows NT 10.0; Win64; x64) AppleWebKit/537.36 (KHTML, like Gecko) Chrome/81.0.4044.122 Safari/537.36"
::ffff:127.0.0.1 - - [27/Apr/2020:07:40:22 +0000] "GET / HTTP/1.1" 200 64182 "http://localhost:8000/" "Mozilla/5.0 (Windows NT 10.0; Win64; x64) AppleWebKit/537.36 (KHTML, like Gecko) Chrome/81.0.4044.122 Safari/537.36"
::1 - - [27/Apr/2020:07:45:58 +0000] "GET / HTTP/1.1" 304 - "http://localhost:8000/" "Mozilla/5.0 (Windows NT 10.0; Win64; x64) AppleWebKit/537.36 (KHTML, like Gecko) Chrome/81.0.4044.122 Safari/537.36"
::1 - - [27/Apr/2020:07:47:23 +0000] "GET / HTTP/1.1" 304 - "http://localhost:8000/" "Mozilla/5.0 (Windows NT 10.0; Win64; x64) AppleWebKit/537.36 (KHTML, like Gecko) Chrome/81.0.4044.122 Safari/537.36"
::1 - - [27/Apr/2020:07:49:48 +0000] "GET / HTTP/1.1" 304 - "http://localhost:8000/" "Mozilla/5.0 (Windows NT 10.0; Win64; x64) AppleWebKit/537.36 (KHTML, like Gecko) Chrome/81.0.4044.122 Safari/537.36"
::1 - - [27/Apr/2020:07:51:34 +0000] "GET / HTTP/1.1" 304 - "http://localhost:8000/" "Mozilla/5.0 (Windows NT 10.0; Win64; x64) AppleWebKit/537.36 (KHTML, like Gecko) Chrome/81.0.4044.122 Safari/537.36"
::1 - - [27/Apr/2020:07:52:51 +0000] "GET /comments/update-comment/5e9fb9e0a6292671794258d3 HTTP/1.1" 302 88 "http://localhost:8000/" "Mozilla/5.0 (Windows NT 10.0; Win64; x64) AppleWebKit/537.36 (KHTML, like Gecko) Chrome/81.0.4044.122 Safari/537.36"
::1 - - [27/Apr/2020:07:52:52 +0000] "GET / HTTP/1.1" 200 64506 "http://localhost:8000/" "Mozilla/5.0 (Windows NT 10.0; Win64; x64) AppleWebKit/537.36 (KHTML, like Gecko) Chrome/81.0.4044.122 Safari/537.36"
::1 - - [27/Apr/2020:07:53:00 +0000] "POST /posts/update-post/5e9fb485324f79677ace3cbc HTTP/1.1" 200 112 "http://localhost:8000/" "Mozilla/5.0 (Windows NT 10.0; Win64; x64) AppleWebKit/537.36 (KHTML, like Gecko) Chrome/81.0.4044.122 Safari/537.36"
::1 - - [27/Apr/2020:07:53:03 +0000] "POST /posts/update-post-p2 HTTP/1.1" 200 129 "http://localhost:8000/" "Mozilla/5.0 (Windows NT 10.0; Win64; x64) AppleWebKit/537.36 (KHTML, like Gecko) Chrome/81.0.4044.122 Safari/537.36"
::1 - - [27/Apr/2020:07:53:59 +0000] "GET / HTTP/1.1" 304 - "http://localhost:8000/" "Mozilla/5.0 (Windows NT 10.0; Win64; x64) AppleWebKit/537.36 (KHTML, like Gecko) Chrome/81.0.4044.122 Safari/537.36"
::1 - - [27/Apr/2020:07:54:05 +0000] "GET /comments/destroy-comment/5ea688fe5796682430bec1fd HTTP/1.1" 200 114 "http://localhost:8000/" "Mozilla/5.0 (Windows NT 10.0; Win64; x64) AppleWebKit/537.36 (KHTML, like Gecko) Chrome/81.0.4044.122 Safari/537.36"
::1 - - [27/Apr/2020:07:54:09 +0000] "POST /comments/create-comment HTTP/1.1" 200 509802 "http://localhost:8000/" "Mozilla/5.0 (Windows NT 10.0; Win64; x64) AppleWebKit/537.36 (KHTML, like Gecko) Chrome/81.0.4044.122 Safari/537.36"
::1 - - [27/Apr/2020:07:54:11 +0000] "GET / HTTP/1.1" 200 64179 "http://localhost:8000/" "Mozilla/5.0 (Windows NT 10.0; Win64; x64) AppleWebKit/537.36 (KHTML, like Gecko) Chrome/81.0.4044.122 Safari/537.36"
::1 - - [27/Apr/2020:07:54:15 +0000] "GET /comments/update-comment/5ea68fa0f52fab2e73aa02f6 HTTP/1.1" 404 187 "http://localhost:8000/" "Mozilla/5.0 (Windows NT 10.0; Win64; x64) AppleWebKit/537.36 (KHTML, like Gecko) Chrome/81.0.4044.122 Safari/537.36"
::ffff:127.0.0.1 - - [27/Apr/2020:07:56:00 +0000] "GET /comments/destroy-comment/5ea68fa0f52fab2e73aa02f6 HTTP/1.1" 200 114 "http://localhost:8000/" "Mozilla/5.0 (Windows NT 10.0; Win64; x64) AppleWebKit/537.36 (KHTML, like Gecko) Chrome/81.0.4044.122 Safari/537.36"
::ffff:127.0.0.1 - - [27/Apr/2020:07:56:02 +0000] "GET / HTTP/1.1" 200 61524 "http://localhost:8000/" "Mozilla/5.0 (Windows NT 10.0; Win64; x64) AppleWebKit/537.36 (KHTML, like Gecko) Chrome/81.0.4044.122 Safari/537.36"
::1 - - [27/Apr/2020:07:56:07 +0000] "POST /comments/create-comment HTTP/1.1" 200 509802 "http://localhost:8000/" "Mozilla/5.0 (Windows NT 10.0; Win64; x64) AppleWebKit/537.36 (KHTML, like Gecko) Chrome/81.0.4044.122 Safari/537.36"
::1 - - [27/Apr/2020:07:56:10 +0000] "GET / HTTP/1.1" 200 64179 "http://localhost:8000/" "Mozilla/5.0 (Windows NT 10.0; Win64; x64) AppleWebKit/537.36 (KHTML, like Gecko) Chrome/81.0.4044.122 Safari/537.36"
::1 - - [27/Apr/2020:07:56:15 +0000] "GET /comments/update-comment/5ea690161c08ca2f4aa99857 HTTP/1.1" 404 187 "http://localhost:8000/" "Mozilla/5.0 (Windows NT 10.0; Win64; x64) AppleWebKit/537.36 (KHTML, like Gecko) Chrome/81.0.4044.122 Safari/537.36"
::1 - - [27/Apr/2020:07:57:23 +0000] "GET /comments/update-comment/5ea690161c08ca2f4aa99857 HTTP/1.1" 302 88 "http://localhost:8000/" "Mozilla/5.0 (Windows NT 10.0; Win64; x64) AppleWebKit/537.36 (KHTML, like Gecko) Chrome/81.0.4044.122 Safari/537.36"
::1 - - [27/Apr/2020:07:57:23 +0000] "GET / HTTP/1.1" 200 64503 "http://localhost:8000/" "Mozilla/5.0 (Windows NT 10.0; Win64; x64) AppleWebKit/537.36 (KHTML, like Gecko) Chrome/81.0.4044.122 Safari/537.36"
::1 - - [27/Apr/2020:08:00:23 +0000] "GET / HTTP/1.1" 304 - "http://localhost:8000/" "Mozilla/5.0 (Windows NT 10.0; Win64; x64) AppleWebKit/537.36 (KHTML, like Gecko) Chrome/81.0.4044.122 Safari/537.36"
::1 - - [27/Apr/2020:08:00:37 +0000] "GET /comments/destroy-comment/5ea690161c08ca2f4aa99857 HTTP/1.1" 200 114 "http://localhost:8000/" "Mozilla/5.0 (Windows NT 10.0; Win64; x64) AppleWebKit/537.36 (KHTML, like Gecko) Chrome/81.0.4044.122 Safari/537.36"
::1 - - [27/Apr/2020:08:00:42 +0000] "POST /comments/create-comment HTTP/1.1" 200 509802 "http://localhost:8000/" "Mozilla/5.0 (Windows NT 10.0; Win64; x64) AppleWebKit/537.36 (KHTML, like Gecko) Chrome/81.0.4044.122 Safari/537.36"
::1 - - [27/Apr/2020:08:00:46 +0000] "GET / HTTP/1.1" 200 64179 "http://localhost:8000/" "Mozilla/5.0 (Windows NT 10.0; Win64; x64) AppleWebKit/537.36 (KHTML, like Gecko) Chrome/81.0.4044.122 Safari/537.36"
::1 - - [27/Apr/2020:08:00:51 +0000] "GET /comments/update-comment/5ea691290d526930968bc5cd HTTP/1.1" 302 88 "http://localhost:8000/" "Mozilla/5.0 (Windows NT 10.0; Win64; x64) AppleWebKit/537.36 (KHTML, like Gecko) Chrome/81.0.4044.122 Safari/537.36"
::1 - - [27/Apr/2020:08:00:51 +0000] "GET / HTTP/1.1" 200 64503 "http://localhost:8000/" "Mozilla/5.0 (Windows NT 10.0; Win64; x64) AppleWebKit/537.36 (KHTML, like Gecko) Chrome/81.0.4044.122 Safari/537.36"
::1 - - [27/Apr/2020:08:00:59 +0000] "GET /comments/destroy-comment/5ea691290d526930968bc5cd HTTP/1.1" 200 114 "http://localhost:8000/" "Mozilla/5.0 (Windows NT 10.0; Win64; x64) AppleWebKit/537.36 (KHTML, like Gecko) Chrome/81.0.4044.122 Safari/537.36"
::1 - - [27/Apr/2020:08:01:07 +0000] "POST /comments/create-comment HTTP/1.1" 200 509802 "http://localhost:8000/" "Mozilla/5.0 (Windows NT 10.0; Win64; x64) AppleWebKit/537.36 (KHTML, like Gecko) Chrome/81.0.4044.122 Safari/537.36"
::1 - - [27/Apr/2020:08:01:11 +0000] "GET /comments/create-comment HTTP/1.1" 404 162 "-" "Mozilla/5.0 (Windows NT 10.0; Win64; x64) AppleWebKit/537.36 (KHTML, like Gecko) Chrome/81.0.4044.122 Safari/537.36"
::1 - - [27/Apr/2020:08:02:30 +0000] "GET / HTTP/1.1" 200 64179 "http://localhost:8000/" "Mozilla/5.0 (Windows NT 10.0; Win64; x64) AppleWebKit/537.36 (KHTML, like Gecko) Chrome/81.0.4044.122 Safari/537.36"
::1 - - [27/Apr/2020:08:02:35 +0000] "GET /comments/destroy-comment/5ea691420d526930968bc5cf HTTP/1.1" 200 114 "http://localhost:8000/" "Mozilla/5.0 (Windows NT 10.0; Win64; x64) AppleWebKit/537.36 (KHTML, like Gecko) Chrome/81.0.4044.122 Safari/537.36"
::1 - - [27/Apr/2020:08:02:39 +0000] "POST /comments/create-comment HTTP/1.1" 200 509802 "http://localhost:8000/" "Mozilla/5.0 (Windows NT 10.0; Win64; x64) AppleWebKit/537.36 (KHTML, like Gecko) Chrome/81.0.4044.122 Safari/537.36"
::1 - - [27/Apr/2020:08:03:58 +0000] "GET /comments/destroy-comment/5ea6919e27e3ff323b4b849b HTTP/1.1" 200 114 "http://localhost:8000/" "Mozilla/5.0 (Windows NT 10.0; Win64; x64) AppleWebKit/537.36 (KHTML, like Gecko) Chrome/81.0.4044.122 Safari/537.36"
::1 - - [27/Apr/2020:08:04:08 +0000] "GET / HTTP/1.1" 200 61524 "http://localhost:8000/" "Mozilla/5.0 (Windows NT 10.0; Win64; x64) AppleWebKit/537.36 (KHTML, like Gecko) Chrome/81.0.4044.122 Safari/537.36"
::1 - - [27/Apr/2020:08:04:13 +0000] "POST /comments/create-comment HTTP/1.1" 200 509802 "http://localhost:8000/" "Mozilla/5.0 (Windows NT 10.0; Win64; x64) AppleWebKit/537.36 (KHTML, like Gecko) Chrome/81.0.4044.122 Safari/537.36"
::1 - - [27/Apr/2020:08:04:16 +0000] "GET /comments/update-comment/5ea691fc71872b33965fcac3 HTTP/1.1" 302 88 "http://localhost:8000/" "Mozilla/5.0 (Windows NT 10.0; Win64; x64) AppleWebKit/537.36 (KHTML, like Gecko) Chrome/81.0.4044.122 Safari/537.36"
::1 - - [27/Apr/2020:08:04:17 +0000] "GET / HTTP/1.1" 200 64503 "http://localhost:8000/" "Mozilla/5.0 (Windows NT 10.0; Win64; x64) AppleWebKit/537.36 (KHTML, like Gecko) Chrome/81.0.4044.122 Safari/537.36"
::1 - - [27/Apr/2020:08:05:08 +0000] "GET /comments/destroy-comment/5ea691fc71872b33965fcac3 HTTP/1.1" 200 114 "http://localhost:8000/" "Mozilla/5.0 (Windows NT 10.0; Win64; x64) AppleWebKit/537.36 (KHTML, like Gecko) Chrome/81.0.4044.122 Safari/537.36"
::1 - - [27/Apr/2020:08:05:10 +0000] "GET / HTTP/1.1" 200 61524 "http://localhost:8000/" "Mozilla/5.0 (Windows NT 10.0; Win64; x64) AppleWebKit/537.36 (KHTML, like Gecko) Chrome/81.0.4044.122 Safari/537.36"
::1 - - [27/Apr/2020:08:05:15 +0000] "POST /comments/create-comment HTTP/1.1" 200 509802 "http://localhost:8000/" "Mozilla/5.0 (Windows NT 10.0; Win64; x64) AppleWebKit/537.36 (KHTML, like Gecko) Chrome/81.0.4044.122 Safari/537.36"
::ffff:127.0.0.1 - - [27/Apr/2020:08:05:37 +0000] "GET /comments/update-comment/5ea6923a4ba23f33ed901997 HTTP/1.1" 302 88 "http://localhost:8000/" "Mozilla/5.0 (Windows NT 10.0; Win64; x64) AppleWebKit/537.36 (KHTML, like Gecko) Chrome/81.0.4044.122 Safari/537.36"
::1 - - [27/Apr/2020:08:05:38 +0000] "GET / HTTP/1.1" 200 64503 "http://localhost:8000/" "Mozilla/5.0 (Windows NT 10.0; Win64; x64) AppleWebKit/537.36 (KHTML, like Gecko) Chrome/81.0.4044.122 Safari/537.36"
::1 - - [27/Apr/2020:08:05:56 +0000] "GET / HTTP/1.1" 304 - "http://localhost:8000/" "Mozilla/5.0 (Windows NT 10.0; Win64; x64) AppleWebKit/537.36 (KHTML, like Gecko) Chrome/81.0.4044.122 Safari/537.36"
::1 - - [27/Apr/2020:08:05:59 +0000] "GET /comments/destroy-comment/5ea6923a4ba23f33ed901997 HTTP/1.1" 200 114 "http://localhost:8000/" "Mozilla/5.0 (Windows NT 10.0; Win64; x64) AppleWebKit/537.36 (KHTML, like Gecko) Chrome/81.0.4044.122 Safari/537.36"
::1 - - [27/Apr/2020:08:06:04 +0000] "POST /comments/create-comment HTTP/1.1" 200 509802 "http://localhost:8000/" "Mozilla/5.0 (Windows NT 10.0; Win64; x64) AppleWebKit/537.36 (KHTML, like Gecko) Chrome/81.0.4044.122 Safari/537.36"
::1 - - [27/Apr/2020:08:06:06 +0000] "GET /comments/update-comment/5ea6926befe99134d00d949e HTTP/1.1" 302 88 "http://localhost:8000/" "Mozilla/5.0 (Windows NT 10.0; Win64; x64) AppleWebKit/537.36 (KHTML, like Gecko) Chrome/81.0.4044.122 Safari/537.36"
::1 - - [27/Apr/2020:08:06:07 +0000] "GET / HTTP/1.1" 200 64503 "http://localhost:8000/" "Mozilla/5.0 (Windows NT 10.0; Win64; x64) AppleWebKit/537.36 (KHTML, like Gecko) Chrome/81.0.4044.122 Safari/537.36"
::1 - - [27/Apr/2020:08:38:16 +0000] "GET / HTTP/1.1" 304 - "http://localhost:8000/" "Mozilla/5.0 (Windows NT 10.0; Win64; x64) AppleWebKit/537.36 (KHTML, like Gecko) Chrome/81.0.4044.122 Safari/537.36"
::1 - - [27/Apr/2020:08:38:21 +0000] "GET /comments/update-comment/5ea6926befe99134d00d949e HTTP/1.1" 302 88 "http://localhost:8000/" "Mozilla/5.0 (Windows NT 10.0; Win64; x64) AppleWebKit/537.36 (KHTML, like Gecko) Chrome/81.0.4044.122 Safari/537.36"
::1 - - [27/Apr/2020:08:38:22 +0000] "GET / HTTP/1.1" 304 - "http://localhost:8000/" "Mozilla/5.0 (Windows NT 10.0; Win64; x64) AppleWebKit/537.36 (KHTML, like Gecko) Chrome/81.0.4044.122 Safari/537.36"
::1 - - [27/Apr/2020:08:40:34 +0000] "GET / HTTP/1.1" 304 - "http://localhost:8000/" "Mozilla/5.0 (Windows NT 10.0; Win64; x64) AppleWebKit/537.36 (KHTML, like Gecko) Chrome/81.0.4044.122 Safari/537.36"
::1 - - [27/Apr/2020:08:40:39 +0000] "POST /comments/destroy-comment/5ea6926befe99134d00d949e HTTP/1.1" 404 189 "http://localhost:8000/" "Mozilla/5.0 (Windows NT 10.0; Win64; x64) AppleWebKit/537.36 (KHTML, like Gecko) Chrome/81.0.4044.122 Safari/537.36"
::1 - - [27/Apr/2020:08:40:41 +0000] "POST /comments/destroy-comment/5ea6926befe99134d00d949e HTTP/1.1" 404 189 "http://localhost:8000/" "Mozilla/5.0 (Windows NT 10.0; Win64; x64) AppleWebKit/537.36 (KHTML, like Gecko) Chrome/81.0.4044.122 Safari/537.36"
::1 - - [27/Apr/2020:08:40:55 +0000] "GET / HTTP/1.1" 304 - "http://localhost:8000/" "Mozilla/5.0 (Windows NT 10.0; Win64; x64) AppleWebKit/537.36 (KHTML, like Gecko) Chrome/81.0.4044.122 Safari/537.36"
::1 - - [27/Apr/2020:08:41:00 +0000] "POST /comments/destroy-comment/5ea6926befe99134d00d949e HTTP/1.1" 404 189 "http://localhost:8000/" "Mozilla/5.0 (Windows NT 10.0; Win64; x64) AppleWebKit/537.36 (KHTML, like Gecko) Chrome/81.0.4044.122 Safari/537.36"
::1 - - [27/Apr/2020:08:41:10 +0000] "POST /comments/destroy-comment/5ea3ac342f8bc7533953d348 HTTP/1.1" 404 189 "http://localhost:8000/" "Mozilla/5.0 (Windows NT 10.0; Win64; x64) AppleWebKit/537.36 (KHTML, like Gecko) Chrome/81.0.4044.122 Safari/537.36"
::1 - - [27/Apr/2020:08:43:02 +0000] "POST /comments/destroy-comment/5ea6926befe99134d00d949e HTTP/1.1" 404 189 "http://localhost:8000/" "Mozilla/5.0 (Windows NT 10.0; Win64; x64) AppleWebKit/537.36 (KHTML, like Gecko) Chrome/81.0.4044.122 Safari/537.36"
::1 - - [27/Apr/2020:08:43:20 +0000] "GET / HTTP/1.1" 304 - "http://localhost:8000/" "Mozilla/5.0 (Windows NT 10.0; Win64; x64) AppleWebKit/537.36 (KHTML, like Gecko) Chrome/81.0.4044.122 Safari/537.36"
::1 - - [27/Apr/2020:08:43:24 +0000] "POST /comments/destroy-comment/5ea6926befe99134d00d949e HTTP/1.1" 404 189 "http://localhost:8000/" "Mozilla/5.0 (Windows NT 10.0; Win64; x64) AppleWebKit/537.36 (KHTML, like Gecko) Chrome/81.0.4044.122 Safari/537.36"
::1 - - [27/Apr/2020:08:45:15 +0000] "GET /users/profile/5e96a64c778a02084eec2fd3 HTTP/1.1" 200 28585 "http://localhost:8000/" "Mozilla/5.0 (Windows NT 10.0; Win64; x64) AppleWebKit/537.36 (KHTML, like Gecko) Chrome/81.0.4044.122 Safari/537.36"
::1 - - [27/Apr/2020:08:45:22 +0000] "POST /posts/create-post HTTP/1.1" 200 222616 "http://localhost:8000/users/profile/5e96a64c778a02084eec2fd3" "Mozilla/5.0 (Windows NT 10.0; Win64; x64) AppleWebKit/537.36 (KHTML, like Gecko) Chrome/81.0.4044.122 Safari/537.36"
::1 - - [27/Apr/2020:08:45:24 +0000] "GET /posts/destroy-post/5ea69ba24e9d14376c3b075d HTTP/1.1" 200 72 "http://localhost:8000/users/profile/5e96a64c778a02084eec2fd3" "Mozilla/5.0 (Windows NT 10.0; Win64; x64) AppleWebKit/537.36 (KHTML, like Gecko) Chrome/81.0.4044.122 Safari/537.36"
::1 - - [27/Apr/2020:08:45:29 +0000] "GET / HTTP/1.1" 304 - "http://localhost:8000/users/profile/5e96a64c778a02084eec2fd3" "Mozilla/5.0 (Windows NT 10.0; Win64; x64) AppleWebKit/537.36 (KHTML, like Gecko) Chrome/81.0.4044.122 Safari/537.36"
::1 - - [27/Apr/2020:08:52:30 +0000] "GET / HTTP/1.1" 200 4878 "http://localhost:8000/users/profile/5e96a64c778a02084eec2fd3" "Mozilla/5.0 (Windows NT 10.0; Win64; x64) AppleWebKit/537.36 (KHTML, like Gecko) Chrome/81.0.4044.122 Safari/537.36"
::1 - - [27/Apr/2020:08:52:34 +0000] "GET /users/sign-in HTTP/1.1" 200 4446 "http://localhost:8000/" "Mozilla/5.0 (Windows NT 10.0; Win64; x64) AppleWebKit/537.36 (KHTML, like Gecko) Chrome/81.0.4044.122 Safari/537.36"
::1 - - [27/Apr/2020:08:52:41 +0000] "POST /users/create-session HTTP/1.1" 302 46 "http://localhost:8000/users/sign-in" "Mozilla/5.0 (Windows NT 10.0; Win64; x64) AppleWebKit/537.36 (KHTML, like Gecko) Chrome/81.0.4044.122 Safari/537.36"
::1 - - [27/Apr/2020:08:52:42 +0000] "GET / HTTP/1.1" 200 64740 "http://localhost:8000/users/sign-in" "Mozilla/5.0 (Windows NT 10.0; Win64; x64) AppleWebKit/537.36 (KHTML, like Gecko) Chrome/81.0.4044.122 Safari/537.36"
::1 - - [27/Apr/2020:08:53:49 +0000] "POST /comments/destroy-comment/5ea6926befe99134d00d949e HTTP/1.1" 404 189 "http://localhost:8000/" "Mozilla/5.0 (Windows NT 10.0; Win64; x64) AppleWebKit/537.36 (KHTML, like Gecko) Chrome/81.0.4044.122 Safari/537.36"
::1 - - [27/Apr/2020:08:53:55 +0000] "POST /comments/create-comment HTTP/1.1" 200 406144 "http://localhost:8000/" "Mozilla/5.0 (Windows NT 10.0; Win64; x64) AppleWebKit/537.36 (KHTML, like Gecko) Chrome/81.0.4044.122 Safari/537.36"
::1 - - [27/Apr/2020:08:53:57 +0000] "POST /comments/destroy-comment/5ea69da1d79954386de7e3a1 HTTP/1.1" 404 189 "http://localhost:8000/" "Mozilla/5.0 (Windows NT 10.0; Win64; x64) AppleWebKit/537.36 (KHTML, like Gecko) Chrome/81.0.4044.122 Safari/537.36"
::1 - - [27/Apr/2020:08:54:10 +0000] "GET / HTTP/1.1" 200 67158 "http://localhost:8000/users/sign-in" "Mozilla/5.0 (Windows NT 10.0; Win64; x64) AppleWebKit/537.36 (KHTML, like Gecko) Chrome/81.0.4044.122 Safari/537.36"
::1 - - [27/Apr/2020:08:54:14 +0000] "POST /comments/destroy-comment/5ea69da1d79954386de7e3a1 HTTP/1.1" 404 189 "http://localhost:8000/" "Mozilla/5.0 (Windows NT 10.0; Win64; x64) AppleWebKit/537.36 (KHTML, like Gecko) Chrome/81.0.4044.122 Safari/537.36"
::1 - - [27/Apr/2020:08:55:25 +0000] "GET / HTTP/1.1" 304 - "http://localhost:8000/users/sign-in" "Mozilla/5.0 (Windows NT 10.0; Win64; x64) AppleWebKit/537.36 (KHTML, like Gecko) Chrome/81.0.4044.122 Safari/537.36"
::1 - - [27/Apr/2020:08:55:29 +0000] "POST /comments/destroy-comment/5ea69da1d79954386de7e3a1 HTTP/1.1" 404 189 "http://localhost:8000/" "Mozilla/5.0 (Windows NT 10.0; Win64; x64) AppleWebKit/537.36 (KHTML, like Gecko) Chrome/81.0.4044.122 Safari/537.36"
::1 - - [27/Apr/2020:08:56:18 +0000] "GET / HTTP/1.1" 304 - "http://localhost:8000/users/sign-in" "Mozilla/5.0 (Windows NT 10.0; Win64; x64) AppleWebKit/537.36 (KHTML, like Gecko) Chrome/81.0.4044.122 Safari/537.36"
::1 - - [27/Apr/2020:08:56:23 +0000] "POST /comments/destroy-comment/5ea69da1d79954386de7e3a1 HTTP/1.1" 404 189 "http://localhost:8000/" "Mozilla/5.0 (Windows NT 10.0; Win64; x64) AppleWebKit/537.36 (KHTML, like Gecko) Chrome/81.0.4044.122 Safari/537.36"
::1 - - [27/Apr/2020:08:57:10 +0000] "GET / HTTP/1.1" 304 - "http://localhost:8000/users/sign-in" "Mozilla/5.0 (Windows NT 10.0; Win64; x64) AppleWebKit/537.36 (KHTML, like Gecko) Chrome/81.0.4044.122 Safari/537.36"
::1 - - [27/Apr/2020:08:57:15 +0000] "POST /comments/destroy-comment/5ea69da1d79954386de7e3a1 HTTP/1.1" 404 189 "http://localhost:8000/" "Mozilla/5.0 (Windows NT 10.0; Win64; x64) AppleWebKit/537.36 (KHTML, like Gecko) Chrome/81.0.4044.122 Safari/537.36"
::1 - - [27/Apr/2020:08:57:44 +0000] "POST /comments/create-comment HTTP/1.1" 200 406171 "http://localhost:8000/" "Mozilla/5.0 (Windows NT 10.0; Win64; x64) AppleWebKit/537.36 (KHTML, like Gecko) Chrome/81.0.4044.122 Safari/537.36"
::1 - - [27/Apr/2020:08:57:46 +0000] "POST /comments/destroy-comment/5ea69e8654289e3a0a9c0c24 HTTP/1.1" 404 189 "http://localhost:8000/" "Mozilla/5.0 (Windows NT 10.0; Win64; x64) AppleWebKit/537.36 (KHTML, like Gecko) Chrome/81.0.4044.122 Safari/537.36"
::1 - - [27/Apr/2020:08:57:57 +0000] "POST /comments/destroy-comment/5ea69e8654289e3a0a9c0c24 HTTP/1.1" 404 189 "http://localhost:8000/" "Mozilla/5.0 (Windows NT 10.0; Win64; x64) AppleWebKit/537.36 (KHTML, like Gecko) Chrome/81.0.4044.122 Safari/537.36"
::1 - - [27/Apr/2020:09:00:39 +0000] "GET /comments/destroy-comment/5ea69e8654289e3a0a9c0c24 HTTP/1.1" 302 46 "-" "Mozilla/5.0 (Windows NT 10.0; Win64; x64) AppleWebKit/537.36 (KHTML, like Gecko) Chrome/81.0.4044.122 Safari/537.36"
::1 - - [27/Apr/2020:09:00:39 +0000] "GET / HTTP/1.1" 200 67389 "-" "Mozilla/5.0 (Windows NT 10.0; Win64; x64) AppleWebKit/537.36 (KHTML, like Gecko) Chrome/81.0.4044.122 Safari/537.36"
::1 - - [27/Apr/2020:09:00:43 +0000] "GET / HTTP/1.1" 200 67158 "-" "Mozilla/5.0 (Windows NT 10.0; Win64; x64) AppleWebKit/537.36 (KHTML, like Gecko) Chrome/81.0.4044.122 Safari/537.36"
::1 - - [27/Apr/2020:09:00:48 +0000] "POST /comments/destroy-comment/5ea69da1d79954386de7e3a1 HTTP/1.1" 404 189 "http://localhost:8000/" "Mozilla/5.0 (Windows NT 10.0; Win64; x64) AppleWebKit/537.36 (KHTML, like Gecko) Chrome/81.0.4044.122 Safari/537.36"
::1 - - [27/Apr/2020:09:01:58 +0000] "GET / HTTP/1.1" 304 - "-" "Mozilla/5.0 (Windows NT 10.0; Win64; x64) AppleWebKit/537.36 (KHTML, like Gecko) Chrome/81.0.4044.122 Safari/537.36"
::1 - - [27/Apr/2020:09:02:02 +0000] "POST /comments/destroy-comment/5ea69da1d79954386de7e3a1 HTTP/1.1" 404 189 "http://localhost:8000/" "Mozilla/5.0 (Windows NT 10.0; Win64; x64) AppleWebKit/537.36 (KHTML, like Gecko) Chrome/81.0.4044.122 Safari/537.36"
::1 - - [27/Apr/2020:09:02:04 +0000] "POST /comments/destroy-comment/5ea69da1d79954386de7e3a1 HTTP/1.1" 404 189 "http://localhost:8000/" "Mozilla/5.0 (Windows NT 10.0; Win64; x64) AppleWebKit/537.36 (KHTML, like Gecko) Chrome/81.0.4044.122 Safari/537.36"
::1 - - [27/Apr/2020:09:02:04 +0000] "POST /comments/destroy-comment/5ea69da1d79954386de7e3a1 HTTP/1.1" 404 189 "http://localhost:8000/" "Mozilla/5.0 (Windows NT 10.0; Win64; x64) AppleWebKit/537.36 (KHTML, like Gecko) Chrome/81.0.4044.122 Safari/537.36"
::1 - - [27/Apr/2020:09:02:05 +0000] "POST /comments/destroy-comment/5ea69da1d79954386de7e3a1 HTTP/1.1" 404 189 "http://localhost:8000/" "Mozilla/5.0 (Windows NT 10.0; Win64; x64) AppleWebKit/537.36 (KHTML, like Gecko) Chrome/81.0.4044.122 Safari/537.36"
::1 - - [27/Apr/2020:09:02:05 +0000] "POST /comments/destroy-comment/5ea69da1d79954386de7e3a1 HTTP/1.1" 404 189 "http://localhost:8000/" "Mozilla/5.0 (Windows NT 10.0; Win64; x64) AppleWebKit/537.36 (KHTML, like Gecko) Chrome/81.0.4044.122 Safari/537.36"
::1 - - [27/Apr/2020:09:02:05 +0000] "POST /comments/destroy-comment/5ea69da1d79954386de7e3a1 HTTP/1.1" 404 189 "http://localhost:8000/" "Mozilla/5.0 (Windows NT 10.0; Win64; x64) AppleWebKit/537.36 (KHTML, like Gecko) Chrome/81.0.4044.122 Safari/537.36"
::1 - - [27/Apr/2020:09:02:06 +0000] "POST /comments/destroy-comment/5ea69da1d79954386de7e3a1 HTTP/1.1" 404 189 "http://localhost:8000/" "Mozilla/5.0 (Windows NT 10.0; Win64; x64) AppleWebKit/537.36 (KHTML, like Gecko) Chrome/81.0.4044.122 Safari/537.36"
::1 - - [27/Apr/2020:09:04:00 +0000] "GET / HTTP/1.1" 304 - "-" "Mozilla/5.0 (Windows NT 10.0; Win64; x64) AppleWebKit/537.36 (KHTML, like Gecko) Chrome/81.0.4044.122 Safari/537.36"
::1 - - [27/Apr/2020:09:05:21 +0000] "POST /comments/destroy-comment/5ea69da1d79954386de7e3a1 HTTP/1.1" 404 189 "http://localhost:8000/" "Mozilla/5.0 (Windows NT 10.0; Win64; x64) AppleWebKit/537.36 (KHTML, like Gecko) Chrome/81.0.4044.122 Safari/537.36"
::1 - - [27/Apr/2020:09:08:27 +0000] "GET / HTTP/1.1" 304 - "-" "Mozilla/5.0 (Windows NT 10.0; Win64; x64) AppleWebKit/537.36 (KHTML, like Gecko) Chrome/81.0.4044.122 Safari/537.36"
::1 - - [27/Apr/2020:09:08:45 +0000] "GET / HTTP/1.1" 304 - "-" "Mozilla/5.0 (Windows NT 10.0; Win64; x64) AppleWebKit/537.36 (KHTML, like Gecko) Chrome/81.0.4044.122 Safari/537.36"
::1 - - [27/Apr/2020:09:09:00 +0000] "POST /comments/destroy-comment/5ea69da1d79954386de7e3a1 HTTP/1.1" 404 189 "http://localhost:8000/" "Mozilla/5.0 (Windows NT 10.0; Win64; x64) AppleWebKit/537.36 (KHTML, like Gecko) Chrome/81.0.4044.122 Safari/537.36"
::1 - - [27/Apr/2020:09:13:25 +0000] "GET / HTTP/1.1" 304 - "-" "Mozilla/5.0 (Windows NT 10.0; Win64; x64) AppleWebKit/537.36 (KHTML, like Gecko) Chrome/81.0.4044.122 Safari/537.36"
::1 - - [27/Apr/2020:09:13:38 +0000] "POST /comments/destroy-comment/5ea69da1d79954386de7e3a1 HTTP/1.1" 404 189 "http://localhost:8000/" "Mozilla/5.0 (Windows NT 10.0; Win64; x64) AppleWebKit/537.36 (KHTML, like Gecko) Chrome/81.0.4044.122 Safari/537.36"
::1 - - [27/Apr/2020:09:14:10 +0000] "GET /comments/destroy-comment/5ea69da1d79954386de7e3a1%20404%20(Not%20Found) HTTP/1.1" - - "-" "Mozilla/5.0 (Windows NT 10.0; Win64; x64) AppleWebKit/537.36 (KHTML, like Gecko) Chrome/81.0.4044.122 Safari/537.36"
::1 - - [27/Apr/2020:09:15:09 +0000] "GET / HTTP/1.1" 304 - "-" "Mozilla/5.0 (Windows NT 10.0; Win64; x64) AppleWebKit/537.36 (KHTML, like Gecko) Chrome/81.0.4044.122 Safari/537.36"
::1 - - [27/Apr/2020:09:15:13 +0000] "GET /comments/destroy-comment/5ea69da1d79954386de7e3a1 HTTP/1.1" 200 114 "http://localhost:8000/" "Mozilla/5.0 (Windows NT 10.0; Win64; x64) AppleWebKit/537.36 (KHTML, like Gecko) Chrome/81.0.4044.122 Safari/537.36"
::1 - - [27/Apr/2020:09:15:15 +0000] "GET /comments/destroy-comment/5ea6926befe99134d00d949e HTTP/1.1" 200 114 "http://localhost:8000/" "Mozilla/5.0 (Windows NT 10.0; Win64; x64) AppleWebKit/537.36 (KHTML, like Gecko) Chrome/81.0.4044.122 Safari/537.36"
::1 - - [27/Apr/2020:09:15:22 +0000] "POST /comments/create-comment HTTP/1.1" 200 509802 "http://localhost:8000/" "Mozilla/5.0 (Windows NT 10.0; Win64; x64) AppleWebKit/537.36 (KHTML, like Gecko) Chrome/81.0.4044.122 Safari/537.36"
::1 - - [27/Apr/2020:09:15:23 +0000] "GET /comments/update-comment/5ea6a2a9b195bd0197b46157 HTTP/1.1" 404 187 "http://localhost:8000/" "Mozilla/5.0 (Windows NT 10.0; Win64; x64) AppleWebKit/537.36 (KHTML, like Gecko) Chrome/81.0.4044.122 Safari/537.36"
::1 - - [27/Apr/2020:09:16:47 +0000] "GET / HTTP/1.1" 200 64179 "-" "Mozilla/5.0 (Windows NT 10.0; Win64; x64) AppleWebKit/537.36 (KHTML, like Gecko) Chrome/81.0.4044.122 Safari/537.36"
::1 - - [27/Apr/2020:09:16:50 +0000] "GET /comments/update-comment/5ea6a2a9b195bd0197b46157 HTTP/1.1" 404 187 "http://localhost:8000/" "Mozilla/5.0 (Windows NT 10.0; Win64; x64) AppleWebKit/537.36 (KHTML, like Gecko) Chrome/81.0.4044.122 Safari/537.36"
::1 - - [27/Apr/2020:09:17:19 +0000] "GET /comments/update-comment/5ea6a2a9b195bd0197b46157 HTTP/1.1" 302 88 "http://localhost:8000/" "Mozilla/5.0 (Windows NT 10.0; Win64; x64) AppleWebKit/537.36 (KHTML, like Gecko) Chrome/81.0.4044.122 Safari/537.36"
::1 - - [27/Apr/2020:09:17:19 +0000] "GET / HTTP/1.1" 200 64503 "http://localhost:8000/" "Mozilla/5.0 (Windows NT 10.0; Win64; x64) AppleWebKit/537.36 (KHTML, like Gecko) Chrome/81.0.4044.122 Safari/537.36"
::1 - - [27/Apr/2020:09:17:45 +0000] "GET /comments/destroy-comment/5ea6a2a9b195bd0197b46157 HTTP/1.1" 200 114 "http://localhost:8000/" "Mozilla/5.0 (Windows NT 10.0; Win64; x64) AppleWebKit/537.36 (KHTML, like Gecko) Chrome/81.0.4044.122 Safari/537.36"
::1 - - [27/Apr/2020:09:17:47 +0000] "GET / HTTP/1.1" 200 61524 "http://localhost:8000/" "Mozilla/5.0 (Windows NT 10.0; Win64; x64) AppleWebKit/537.36 (KHTML, like Gecko) Chrome/81.0.4044.122 Safari/537.36"
::1 - - [27/Apr/2020:09:17:51 +0000] "POST /comments/create-comment HTTP/1.1" 200 509802 "http://localhost:8000/" "Mozilla/5.0 (Windows NT 10.0; Win64; x64) AppleWebKit/537.36 (KHTML, like Gecko) Chrome/81.0.4044.122 Safari/537.36"
::1 - - [27/Apr/2020:09:17:54 +0000] "GET /comments/update-comment/5ea6a33f8eeb8603654875d2 HTTP/1.1" 200 92 "http://localhost:8000/" "Mozilla/5.0 (Windows NT 10.0; Win64; x64) AppleWebKit/537.36 (KHTML, like Gecko) Chrome/81.0.4044.122 Safari/537.36"
::1 - - [27/Apr/2020:09:17:54 +0000] "GET /favicon.ico HTTP/1.1" 404 150 "http://localhost:8000/comments/update-comment/5ea6a33f8eeb8603654875d2" "Mozilla/5.0 (Windows NT 10.0; Win64; x64) AppleWebKit/537.36 (KHTML, like Gecko) Chrome/81.0.4044.122 Safari/537.36"
::1 - - [27/Apr/2020:09:18:54 +0000] "POST /comments/create-comment HTTP/1.1" 200 406144 "http://localhost:8000/" "Mozilla/5.0 (Windows NT 10.0; Win64; x64) AppleWebKit/537.36 (KHTML, like Gecko) Chrome/81.0.4044.122 Safari/537.36"
::1 - - [27/Apr/2020:09:18:57 +0000] "GET /comments/update-comment/5ea6a37dfff61203ba4e76e4 HTTP/1.1" 302 88 "http://localhost:8000/" "Mozilla/5.0 (Windows NT 10.0; Win64; x64) AppleWebKit/537.36 (KHTML, like Gecko) Chrome/81.0.4044.122 Safari/537.36"
::1 - - [27/Apr/2020:09:18:57 +0000] "GET / HTTP/1.1" 200 67482 "http://localhost:8000/" "Mozilla/5.0 (Windows NT 10.0; Win64; x64) AppleWebKit/537.36 (KHTML, like Gecko) Chrome/81.0.4044.122 Safari/537.36"
::1 - - [27/Apr/2020:09:19:03 +0000] "GET /comments/destroy-comment/5ea6a33f8eeb8603654875d2 HTTP/1.1" 200 114 "http://localhost:8000/" "Mozilla/5.0 (Windows NT 10.0; Win64; x64) AppleWebKit/537.36 (KHTML, like Gecko) Chrome/81.0.4044.122 Safari/537.36"
::1 - - [27/Apr/2020:09:21:44 +0000] "GET / HTTP/1.1" 200 64503 "http://localhost:8000/" "Mozilla/5.0 (Windows NT 10.0; Win64; x64) AppleWebKit/537.36 (KHTML, like Gecko) Chrome/81.0.4044.122 Safari/537.36"
::1 - - [27/Apr/2020:09:21:48 +0000] "GET /comments/destroy-comment/5ea6a37dfff61203ba4e76e4 HTTP/1.1" 200 114 "http://localhost:8000/" "Mozilla/5.0 (Windows NT 10.0; Win64; x64) AppleWebKit/537.36 (KHTML, like Gecko) Chrome/81.0.4044.122 Safari/537.36"
::1 - - [27/Apr/2020:09:21:52 +0000] "POST /comments/create-comment HTTP/1.1" 200 509802 "http://localhost:8000/" "Mozilla/5.0 (Windows NT 10.0; Win64; x64) AppleWebKit/537.36 (KHTML, like Gecko) Chrome/81.0.4044.122 Safari/537.36"
::1 - - [27/Apr/2020:09:21:53 +0000] "GET /comments/update-comment/5ea6a42febf008046ab2d34f HTTP/1.1" 302 88 "http://localhost:8000/" "Mozilla/5.0 (Windows NT 10.0; Win64; x64) AppleWebKit/537.36 (KHTML, like Gecko) Chrome/81.0.4044.122 Safari/537.36"
::1 - - [27/Apr/2020:09:21:53 +0000] "GET / HTTP/1.1" 200 64503 "http://localhost:8000/" "Mozilla/5.0 (Windows NT 10.0; Win64; x64) AppleWebKit/537.36 (KHTML, like Gecko) Chrome/81.0.4044.122 Safari/537.36"
::1 - - [27/Apr/2020:09:22:24 +0000] "GET / HTTP/1.1" 304 - "http://localhost:8000/" "Mozilla/5.0 (Windows NT 10.0; Win64; x64) AppleWebKit/537.36 (KHTML, like Gecko) Chrome/81.0.4044.122 Safari/537.36"
::1 - - [27/Apr/2020:09:22:28 +0000] "GET /comments/destroy-comment/5ea6a42febf008046ab2d34f HTTP/1.1" 200 114 "http://localhost:8000/" "Mozilla/5.0 (Windows NT 10.0; Win64; x64) AppleWebKit/537.36 (KHTML, like Gecko) Chrome/81.0.4044.122 Safari/537.36"
::1 - - [27/Apr/2020:09:22:31 +0000] "POST /comments/create-comment HTTP/1.1" 200 509794 "http://localhost:8000/" "Mozilla/5.0 (Windows NT 10.0; Win64; x64) AppleWebKit/537.36 (KHTML, like Gecko) Chrome/81.0.4044.122 Safari/537.36"
::1 - - [27/Apr/2020:09:22:32 +0000] "POST /comments/create-comment HTTP/1.1" 200 406140 "http://localhost:8000/" "Mozilla/5.0 (Windows NT 10.0; Win64; x64) AppleWebKit/537.36 (KHTML, like Gecko) Chrome/81.0.4044.122 Safari/537.36"
::1 - - [27/Apr/2020:09:22:33 +0000] "GET /comments/update-comment/5ea6a457b8867e04fe1e82e4 HTTP/1.1" 302 88 "http://localhost:8000/" "Mozilla/5.0 (Windows NT 10.0; Win64; x64) AppleWebKit/537.36 (KHTML, like Gecko) Chrome/81.0.4044.122 Safari/537.36"
::1 - - [27/Apr/2020:09:22:33 +0000] "GET / HTTP/1.1" 200 67150 "http://localhost:8000/" "Mozilla/5.0 (Windows NT 10.0; Win64; x64) AppleWebKit/537.36 (KHTML, like Gecko) Chrome/81.0.4044.122 Safari/537.36"
::1 - - [27/Apr/2020:09:22:38 +0000] "GET /comments/destroy-comment/5ea6a457b8867e04fe1e82e2 HTTP/1.1" 200 114 "http://localhost:8000/" "Mozilla/5.0 (Windows NT 10.0; Win64; x64) AppleWebKit/537.36 (KHTML, like Gecko) Chrome/81.0.4044.122 Safari/537.36"
::1 - - [27/Apr/2020:09:23:26 +0000] "GET / HTTP/1.1" 200 64499 "http://localhost:8000/" "Mozilla/5.0 (Windows NT 10.0; Win64; x64) AppleWebKit/537.36 (KHTML, like Gecko) Chrome/81.0.4044.122 Safari/537.36"
::1 - - [27/Apr/2020:09:23:32 +0000] "GET /comments/destroy-comment/5ea6a457b8867e04fe1e82e4 HTTP/1.1" 200 114 "http://localhost:8000/" "Mozilla/5.0 (Windows NT 10.0; Win64; x64) AppleWebKit/537.36 (KHTML, like Gecko) Chrome/81.0.4044.122 Safari/537.36"
::1 - - [27/Apr/2020:09:23:36 +0000] "POST /comments/create-comment HTTP/1.1" 200 509802 "http://localhost:8000/" "Mozilla/5.0 (Windows NT 10.0; Win64; x64) AppleWebKit/537.36 (KHTML, like Gecko) Chrome/81.0.4044.122 Safari/537.36"
::1 - - [27/Apr/2020:09:23:37 +0000] "GET /comments/update-comment/5ea6a4971c297905df25799b HTTP/1.1" 302 88 "http://localhost:8000/" "Mozilla/5.0 (Windows NT 10.0; Win64; x64) AppleWebKit/537.36 (KHTML, like Gecko) Chrome/81.0.4044.122 Safari/537.36"
::1 - - [27/Apr/2020:09:23:37 +0000] "GET / HTTP/1.1" 200 64503 "http://localhost:8000/" "Mozilla/5.0 (Windows NT 10.0; Win64; x64) AppleWebKit/537.36 (KHTML, like Gecko) Chrome/81.0.4044.122 Safari/537.36"
::1 - - [27/Apr/2020:09:29:12 +0000] "GET /comments/destroy-comment/5ea6a4971c297905df25799b HTTP/1.1" 200 114 "http://localhost:8000/" "Mozilla/5.0 (Windows NT 10.0; Win64; x64) AppleWebKit/537.36 (KHTML, like Gecko) Chrome/81.0.4044.122 Safari/537.36"
::1 - - [27/Apr/2020:09:29:15 +0000] "POST /comments/create-comment HTTP/1.1" 200 509802 "http://localhost:8000/" "Mozilla/5.0 (Windows NT 10.0; Win64; x64) AppleWebKit/537.36 (KHTML, like Gecko) Chrome/81.0.4044.122 Safari/537.36"
::1 - - [27/Apr/2020:09:29:16 +0000] "GET /comments/update-comment/5ea6a5ead821ef0633af9812 HTTP/1.1" 302 88 "http://localhost:8000/" "Mozilla/5.0 (Windows NT 10.0; Win64; x64) AppleWebKit/537.36 (KHTML, like Gecko) Chrome/81.0.4044.122 Safari/537.36"
::1 - - [27/Apr/2020:09:29:16 +0000] "GET / HTTP/1.1" 200 64503 "http://localhost:8000/" "Mozilla/5.0 (Windows NT 10.0; Win64; x64) AppleWebKit/537.36 (KHTML, like Gecko) Chrome/81.0.4044.122 Safari/537.36"
::1 - - [27/Apr/2020:09:29:28 +0000] "POST /comments/create-comment HTTP/1.1" 200 406144 "http://localhost:8000/" "Mozilla/5.0 (Windows NT 10.0; Win64; x64) AppleWebKit/537.36 (KHTML, like Gecko) Chrome/81.0.4044.122 Safari/537.36"
::1 - - [27/Apr/2020:09:29:29 +0000] "GET /comments/destroy-comment/5ea6a5ead821ef0633af9812 HTTP/1.1" 200 114 "http://localhost:8000/" "Mozilla/5.0 (Windows NT 10.0; Win64; x64) AppleWebKit/537.36 (KHTML, like Gecko) Chrome/81.0.4044.122 Safari/537.36"
::1 - - [27/Apr/2020:09:29:31 +0000] "GET / HTTP/1.1" 200 64179 "http://localhost:8000/" "Mozilla/5.0 (Windows NT 10.0; Win64; x64) AppleWebKit/537.36 (KHTML, like Gecko) Chrome/81.0.4044.122 Safari/537.36"
::1 - - [27/Apr/2020:09:29:35 +0000] "GET /comments/update-comment/5ea6a5f7d821ef0633af9814 HTTP/1.1" 302 88 "http://localhost:8000/" "Mozilla/5.0 (Windows NT 10.0; Win64; x64) AppleWebKit/537.36 (KHTML, like Gecko) Chrome/81.0.4044.122 Safari/537.36"
::1 - - [27/Apr/2020:09:29:35 +0000] "GET / HTTP/1.1" 200 64503 "http://localhost:8000/" "Mozilla/5.0 (Windows NT 10.0; Win64; x64) AppleWebKit/537.36 (KHTML, like Gecko) Chrome/81.0.4044.122 Safari/537.36"
::1 - - [27/Apr/2020:09:43:03 +0000] "GET / HTTP/1.1" 304 - "http://localhost:8000/" "Mozilla/5.0 (Windows NT 10.0; Win64; x64) AppleWebKit/537.36 (KHTML, like Gecko) Chrome/81.0.4044.122 Safari/537.36"
::1 - - [27/Apr/2020:09:43:06 +0000] "GET /comments/destroy-comment/5ea6a5f7d821ef0633af9814 HTTP/1.1" 200 114 "http://localhost:8000/" "Mozilla/5.0 (Windows NT 10.0; Win64; x64) AppleWebKit/537.36 (KHTML, like Gecko) Chrome/81.0.4044.122 Safari/537.36"
::1 - - [27/Apr/2020:09:43:10 +0000] "POST /comments/create-comment HTTP/1.1" 200 509802 "http://localhost:8000/" "Mozilla/5.0 (Windows NT 10.0; Win64; x64) AppleWebKit/537.36 (KHTML, like Gecko) Chrome/81.0.4044.122 Safari/537.36"
::1 - - [27/Apr/2020:09:43:10 +0000] "POST /comments/create-comment HTTP/1.1" 200 406144 "http://localhost:8000/" "Mozilla/5.0 (Windows NT 10.0; Win64; x64) AppleWebKit/537.36 (KHTML, like Gecko) Chrome/81.0.4044.122 Safari/537.36"
::1 - - [27/Apr/2020:09:43:11 +0000] "POST /comments/create-comment HTTP/1.1" 200 406171 "http://localhost:8000/" "Mozilla/5.0 (Windows NT 10.0; Win64; x64) AppleWebKit/537.36 (KHTML, like Gecko) Chrome/81.0.4044.122 Safari/537.36"
::1 - - [27/Apr/2020:09:43:12 +0000] "POST /comments/create-comment HTTP/1.1" 200 406171 "http://localhost:8000/" "Mozilla/5.0 (Windows NT 10.0; Win64; x64) AppleWebKit/537.36 (KHTML, like Gecko) Chrome/81.0.4044.122 Safari/537.36"
::1 - - [27/Apr/2020:09:43:13 +0000] "POST /comments/create-comment HTTP/1.1" 200 406198 "http://localhost:8000/" "Mozilla/5.0 (Windows NT 10.0; Win64; x64) AppleWebKit/537.36 (KHTML, like Gecko) Chrome/81.0.4044.122 Safari/537.36"
::1 - - [27/Apr/2020:09:43:14 +0000] "POST /comments/create-comment HTTP/1.1" 200 406225 "http://localhost:8000/" "Mozilla/5.0 (Windows NT 10.0; Win64; x64) AppleWebKit/537.36 (KHTML, like Gecko) Chrome/81.0.4044.122 Safari/537.36"
::1 - - [27/Apr/2020:09:43:14 +0000] "POST /comments/create-comment HTTP/1.1" 200 406225 "http://localhost:8000/" "Mozilla/5.0 (Windows NT 10.0; Win64; x64) AppleWebKit/537.36 (KHTML, like Gecko) Chrome/81.0.4044.122 Safari/537.36"
::1 - - [27/Apr/2020:09:43:14 +0000] "GET /comments/update-comment/5ea6a92ffbbdbc080d2fef17 HTTP/1.1" 302 88 "http://localhost:8000/" "Mozilla/5.0 (Windows NT 10.0; Win64; x64) AppleWebKit/537.36 (KHTML, like Gecko) Chrome/81.0.4044.122 Safari/537.36"
::1 - - [27/Apr/2020:09:43:15 +0000] "GET / HTTP/1.1" 200 80433 "http://localhost:8000/" "Mozilla/5.0 (Windows NT 10.0; Win64; x64) AppleWebKit/537.36 (KHTML, like Gecko) Chrome/81.0.4044.122 Safari/537.36"
::1 - - [27/Apr/2020:09:47:26 +0000] "GET / HTTP/1.1" 304 - "http://localhost:8000/" "Mozilla/5.0 (Windows NT 10.0; Win64; x64) AppleWebKit/537.36 (KHTML, like Gecko) Chrome/81.0.4044.122 Safari/537.36"
::1 - - [27/Apr/2020:09:47:33 +0000] "GET /comments/destroy-comment/5ea6a92ffbbdbc080d2fef17 HTTP/1.1" 200 114 "http://localhost:8000/" "Mozilla/5.0 (Windows NT 10.0; Win64; x64) AppleWebKit/537.36 (KHTML, like Gecko) Chrome/81.0.4044.122 Safari/537.36"
::1 - - [27/Apr/2020:09:47:44 +0000] "GET /comments/update-comment/5ea6a92dfbbdbc080d2fef14 HTTP/1.1" - - "http://localhost:8000/" "Mozilla/5.0 (Windows NT 10.0; Win64; x64) AppleWebKit/537.36 (KHTML, like Gecko) Chrome/81.0.4044.122 Safari/537.36"
::1 - - [27/Apr/2020:09:47:45 +0000] "GET / HTTP/1.1" 200 77778 "http://localhost:8000/" "Mozilla/5.0 (Windows NT 10.0; Win64; x64) AppleWebKit/537.36 (KHTML, like Gecko) Chrome/81.0.4044.122 Safari/537.36"
::1 - - [27/Apr/2020:09:47:52 +0000] "GET /comments/destroy-comment/5ea6a92dfbbdbc080d2fef14 HTTP/1.1" 200 114 "http://localhost:8000/" "Mozilla/5.0 (Windows NT 10.0; Win64; x64) AppleWebKit/537.36 (KHTML, like Gecko) Chrome/81.0.4044.122 Safari/537.36"
::ffff:127.0.0.1 - - [27/Apr/2020:09:49:07 +0000] "GET /comments/update-comment/5ea6a92efbbdbc080d2fef16 HTTP/1.1" 302 46 "-" "Mozilla/5.0 (Windows NT 10.0; Win64; x64) AppleWebKit/537.36 (KHTML, like Gecko) Chrome/81.0.4044.122 Safari/537.36"
::1 - - [27/Apr/2020:09:49:07 +0000] "GET / HTTP/1.1" 200 75123 "-" "Mozilla/5.0 (Windows NT 10.0; Win64; x64) AppleWebKit/537.36 (KHTML, like Gecko) Chrome/81.0.4044.122 Safari/537.36"
::1 - - [27/Apr/2020:09:49:13 +0000] "GET /comments/destroy-comment/5ea6a92efbbdbc080d2fef16 HTTP/1.1" 200 114 "http://localhost:8000/" "Mozilla/5.0 (Windows NT 10.0; Win64; x64) AppleWebKit/537.36 (KHTML, like Gecko) Chrome/81.0.4044.122 Safari/537.36"
::1 - - [27/Apr/2020:09:49:15 +0000] "GET /comments/update-comment/5ea6a92ffbbdbc080d2fef18 HTTP/1.1" 302 88 "http://localhost:8000/" "Mozilla/5.0 (Windows NT 10.0; Win64; x64) AppleWebKit/537.36 (KHTML, like Gecko) Chrome/81.0.4044.122 Safari/537.36"
::1 - - [27/Apr/2020:09:49:15 +0000] "GET / HTTP/1.1" 200 72468 "http://localhost:8000/" "Mozilla/5.0 (Windows NT 10.0; Win64; x64) AppleWebKit/537.36 (KHTML, like Gecko) Chrome/81.0.4044.122 Safari/537.36"
::1 - - [27/Apr/2020:09:49:40 +0000] "GET / HTTP/1.1" 304 - "http://localhost:8000/" "Mozilla/5.0 (Windows NT 10.0; Win64; x64) AppleWebKit/537.36 (KHTML, like Gecko) Chrome/81.0.4044.122 Safari/537.36"
::1 - - [27/Apr/2020:09:49:45 +0000] "GET /comments/destroy-comment/5ea6a92ffbbdbc080d2fef18 HTTP/1.1" 200 114 "http://localhost:8000/" "Mozilla/5.0 (Windows NT 10.0; Win64; x64) AppleWebKit/537.36 (KHTML, like Gecko) Chrome/81.0.4044.122 Safari/537.36"
::1 - - [27/Apr/2020:09:49:46 +0000] "GET /comments/update-comment/5ea6a930fbbdbc080d2fef19 HTTP/1.1" 302 88 "http://localhost:8000/" "Mozilla/5.0 (Windows NT 10.0; Win64; x64) AppleWebKit/537.36 (KHTML, like Gecko) Chrome/81.0.4044.122 Safari/537.36"
::1 - - [27/Apr/2020:09:49:47 +0000] "GET / HTTP/1.1" 200 69813 "http://localhost:8000/" "Mozilla/5.0 (Windows NT 10.0; Win64; x64) AppleWebKit/537.36 (KHTML, like Gecko) Chrome/81.0.4044.122 Safari/537.36"
::1 - - [27/Apr/2020:09:50:06 +0000] "GET / HTTP/1.1" 304 - "http://localhost:8000/" "Mozilla/5.0 (Windows NT 10.0; Win64; x64) AppleWebKit/537.36 (KHTML, like Gecko) Chrome/81.0.4044.122 Safari/537.36"
::1 - - [27/Apr/2020:09:50:11 +0000] "GET /comments/destroy-comment/5ea6a930fbbdbc080d2fef19 HTTP/1.1" 200 114 "http://localhost:8000/" "Mozilla/5.0 (Windows NT 10.0; Win64; x64) AppleWebKit/537.36 (KHTML, like Gecko) Chrome/81.0.4044.122 Safari/537.36"
::1 - - [27/Apr/2020:09:50:14 +0000] "GET /comments/update-comment/5ea6a930fbbdbc080d2fef1a HTTP/1.1" 302 88 "http://localhost:8000/" "Mozilla/5.0 (Windows NT 10.0; Win64; x64) AppleWebKit/537.36 (KHTML, like Gecko) Chrome/81.0.4044.122 Safari/537.36"
::1 - - [27/Apr/2020:09:50:15 +0000] "GET / HTTP/1.1" 200 67158 "http://localhost:8000/" "Mozilla/5.0 (Windows NT 10.0; Win64; x64) AppleWebKit/537.36 (KHTML, like Gecko) Chrome/81.0.4044.122 Safari/537.36"
::1 - - [27/Apr/2020:09:57:24 +0000] "GET /comments/destroy-comment/5ea6a930fbbdbc080d2fef1a HTTP/1.1" 200 114 "http://localhost:8000/" "Mozilla/5.0 (Windows NT 10.0; Win64; x64) AppleWebKit/537.36 (KHTML, like Gecko) Chrome/81.0.4044.122 Safari/537.36"
::1 - - [27/Apr/2020:09:57:26 +0000] "GET /comments/update-comment/5ea6a930fbbdbc080d2fef1b HTTP/1.1" 302 88 "http://localhost:8000/" "Mozilla/5.0 (Windows NT 10.0; Win64; x64) AppleWebKit/537.36 (KHTML, like Gecko) Chrome/81.0.4044.122 Safari/537.36"
::1 - - [27/Apr/2020:09:57:27 +0000] "GET / HTTP/1.1" 200 64503 "http://localhost:8000/" "Mozilla/5.0 (Windows NT 10.0; Win64; x64) AppleWebKit/537.36 (KHTML, like Gecko) Chrome/81.0.4044.122 Safari/537.36"
::1 - - [27/Apr/2020:09:57:32 +0000] "POST /posts/update-post/5e9fb485324f79677ace3cbc HTTP/1.1" 200 112 "http://localhost:8000/" "Mozilla/5.0 (Windows NT 10.0; Win64; x64) AppleWebKit/537.36 (KHTML, like Gecko) Chrome/81.0.4044.122 Safari/537.36"
::1 - - [27/Apr/2020:09:57:33 +0000] "POST /posts/update-post-p2 HTTP/1.1" 200 129 "http://localhost:8000/" "Mozilla/5.0 (Windows NT 10.0; Win64; x64) AppleWebKit/537.36 (KHTML, like Gecko) Chrome/81.0.4044.122 Safari/537.36"
::1 - - [27/Apr/2020:09:57:43 +0000] "GET /comments/update-comment/5ea6a930fbbdbc080d2fef1b HTTP/1.1" 302 88 "http://localhost:8000/" "Mozilla/5.0 (Windows NT 10.0; Win64; x64) AppleWebKit/537.36 (KHTML, like Gecko) Chrome/81.0.4044.122 Safari/537.36"
::1 - - [27/Apr/2020:09:57:44 +0000] "GET / HTTP/1.1" 304 - "http://localhost:8000/" "Mozilla/5.0 (Windows NT 10.0; Win64; x64) AppleWebKit/537.36 (KHTML, like Gecko) Chrome/81.0.4044.122 Safari/537.36"
::1 - - [27/Apr/2020:09:58:14 +0000] "GET /comments/update-comment/5ea6a930fbbdbc080d2fef1b HTTP/1.1" 302 88 "http://localhost:8000/" "Mozilla/5.0 (Windows NT 10.0; Win64; x64) AppleWebKit/537.36 (KHTML, like Gecko) Chrome/81.0.4044.122 Safari/537.36"
::1 - - [27/Apr/2020:09:58:15 +0000] "GET / HTTP/1.1" 304 - "http://localhost:8000/" "Mozilla/5.0 (Windows NT 10.0; Win64; x64) AppleWebKit/537.36 (KHTML, like Gecko) Chrome/81.0.4044.122 Safari/537.36"
::1 - - [27/Apr/2020:09:58:51 +0000] "GET /comments/destroy-comment/5ea6a930fbbdbc080d2fef1b HTTP/1.1" 200 114 "http://localhost:8000/" "Mozilla/5.0 (Windows NT 10.0; Win64; x64) AppleWebKit/537.36 (KHTML, like Gecko) Chrome/81.0.4044.122 Safari/537.36"
::1 - - [27/Apr/2020:09:59:10 +0000] "POST /comments/create-comment HTTP/1.1" 200 509802 "http://localhost:8000/" "Mozilla/5.0 (Windows NT 10.0; Win64; x64) AppleWebKit/537.36 (KHTML, like Gecko) Chrome/81.0.4044.122 Safari/537.36"
::1 - - [27/Apr/2020:09:59:12 +0000] "GET /comments/update-comment/5ea6aced7a7f8111587f700d HTTP/1.1" 302 88 "http://localhost:8000/" "Mozilla/5.0 (Windows NT 10.0; Win64; x64) AppleWebKit/537.36 (KHTML, like Gecko) Chrome/81.0.4044.122 Safari/537.36"
::1 - - [27/Apr/2020:09:59:12 +0000] "GET / HTTP/1.1" 200 64503 "http://localhost:8000/" "Mozilla/5.0 (Windows NT 10.0; Win64; x64) AppleWebKit/537.36 (KHTML, like Gecko) Chrome/81.0.4044.122 Safari/537.36"
::1 - - [27/Apr/2020:09:59:29 +0000] "GET /comments/update-comment/5ea6aced7a7f8111587f700d HTTP/1.1" 302 88 "http://localhost:8000/" "Mozilla/5.0 (Windows NT 10.0; Win64; x64) AppleWebKit/537.36 (KHTML, like Gecko) Chrome/81.0.4044.122 Safari/537.36"
::1 - - [27/Apr/2020:09:59:29 +0000] "GET / HTTP/1.1" 304 - "http://localhost:8000/" "Mozilla/5.0 (Windows NT 10.0; Win64; x64) AppleWebKit/537.36 (KHTML, like Gecko) Chrome/81.0.4044.122 Safari/537.36"
::1 - - [27/Apr/2020:10:00:57 +0000] "GET / HTTP/1.1" 304 - "http://localhost:8000/" "Mozilla/5.0 (Windows NT 10.0; Win64; x64) AppleWebKit/537.36 (KHTML, like Gecko) Chrome/81.0.4044.122 Safari/537.36"
::1 - - [27/Apr/2020:10:01:01 +0000] "GET /comments/update-comment/5ea6aced7a7f8111587f700d HTTP/1.1" 302 88 "http://localhost:8000/" "Mozilla/5.0 (Windows NT 10.0; Win64; x64) AppleWebKit/537.36 (KHTML, like Gecko) Chrome/81.0.4044.122 Safari/537.36"
::1 - - [27/Apr/2020:10:01:01 +0000] "GET / HTTP/1.1" 304 - "http://localhost:8000/" "Mozilla/5.0 (Windows NT 10.0; Win64; x64) AppleWebKit/537.36 (KHTML, like Gecko) Chrome/81.0.4044.122 Safari/537.36"
::1 - - [27/Apr/2020:10:01:23 +0000] "GET / HTTP/1.1" 304 - "http://localhost:8000/" "Mozilla/5.0 (Windows NT 10.0; Win64; x64) AppleWebKit/537.36 (KHTML, like Gecko) Chrome/81.0.4044.122 Safari/537.36"
::1 - - [27/Apr/2020:10:01:26 +0000] "GET /comments/update-comment/5ea6aced7a7f8111587f700d HTTP/1.1" 404 187 "http://localhost:8000/" "Mozilla/5.0 (Windows NT 10.0; Win64; x64) AppleWebKit/537.36 (KHTML, like Gecko) Chrome/81.0.4044.122 Safari/537.36"
::1 - - [27/Apr/2020:13:14:21 +0000] "GET / HTTP/1.1" 200 4878 "http://localhost:8000/" "Mozilla/5.0 (Windows NT 10.0; Win64; x64) AppleWebKit/537.36 (KHTML, like Gecko) Chrome/81.0.4044.122 Safari/537.36"
::1 - - [27/Apr/2020:13:14:25 +0000] "GET /users/sign-in HTTP/1.1" 304 - "http://localhost:8000/" "Mozilla/5.0 (Windows NT 10.0; Win64; x64) AppleWebKit/537.36 (KHTML, like Gecko) Chrome/81.0.4044.122 Safari/537.36"
::1 - - [27/Apr/2020:13:14:31 +0000] "POST /users/create-session HTTP/1.1" 302 46 "http://localhost:8000/users/sign-in" "Mozilla/5.0 (Windows NT 10.0; Win64; x64) AppleWebKit/537.36 (KHTML, like Gecko) Chrome/81.0.4044.122 Safari/537.36"
::1 - - [27/Apr/2020:13:14:32 +0000] "GET / HTTP/1.1" 200 64740 "http://localhost:8000/users/sign-in" "Mozilla/5.0 (Windows NT 10.0; Win64; x64) AppleWebKit/537.36 (KHTML, like Gecko) Chrome/81.0.4044.122 Safari/537.36"
::1 - - [27/Apr/2020:13:14:36 +0000] "GET /comments/update-comment/5ea6aced7a7f8111587f700d HTTP/1.1" 404 187 "http://localhost:8000/" "Mozilla/5.0 (Windows NT 10.0; Win64; x64) AppleWebKit/537.36 (KHTML, like Gecko) Chrome/81.0.4044.122 Safari/537.36"
::1 - - [27/Apr/2020:13:14:50 +0000] "GET /comments/update-comment/5ea6aced7a7f8111587f700d HTTP/1.1" 302 88 "http://localhost:8000/" "Mozilla/5.0 (Windows NT 10.0; Win64; x64) AppleWebKit/537.36 (KHTML, like Gecko) Chrome/81.0.4044.122 Safari/537.36"
::1 - - [27/Apr/2020:13:14:50 +0000] "GET / HTTP/1.1" 200 64503 "http://localhost:8000/" "Mozilla/5.0 (Windows NT 10.0; Win64; x64) AppleWebKit/537.36 (KHTML, like Gecko) Chrome/81.0.4044.122 Safari/537.36"
::1 - - [27/Apr/2020:13:14:55 +0000] "GET /comments/update-comment/5ea6aced7a7f8111587f700d HTTP/1.1" 302 88 "http://localhost:8000/" "Mozilla/5.0 (Windows NT 10.0; Win64; x64) AppleWebKit/537.36 (KHTML, like Gecko) Chrome/81.0.4044.122 Safari/537.36"
::1 - - [27/Apr/2020:13:14:55 +0000] "GET / HTTP/1.1" 304 - "http://localhost:8000/" "Mozilla/5.0 (Windows NT 10.0; Win64; x64) AppleWebKit/537.36 (KHTML, like Gecko) Chrome/81.0.4044.122 Safari/537.36"
::1 - - [27/Apr/2020:13:15:19 +0000] "POST /comments/create-comment HTTP/1.1" 200 406144 "http://localhost:8000/" "Mozilla/5.0 (Windows NT 10.0; Win64; x64) AppleWebKit/537.36 (KHTML, like Gecko) Chrome/81.0.4044.122 Safari/537.36"
::1 - - [27/Apr/2020:13:15:24 +0000] "GET /comments/update-comment/5ea6dae6203924148bbf2a0c HTTP/1.1" 302 88 "http://localhost:8000/" "Mozilla/5.0 (Windows NT 10.0; Win64; x64) AppleWebKit/537.36 (KHTML, like Gecko) Chrome/81.0.4044.122 Safari/537.36"
::1 - - [27/Apr/2020:13:15:24 +0000] "GET / HTTP/1.1" 200 67482 "http://localhost:8000/" "Mozilla/5.0 (Windows NT 10.0; Win64; x64) AppleWebKit/537.36 (KHTML, like Gecko) Chrome/81.0.4044.122 Safari/537.36"
::1 - - [27/Apr/2020:13:15:29 +0000] "GET /comments/destroy-comment/5ea6aced7a7f8111587f700d HTTP/1.1" 200 114 "http://localhost:8000/" "Mozilla/5.0 (Windows NT 10.0; Win64; x64) AppleWebKit/537.36 (KHTML, like Gecko) Chrome/81.0.4044.122 Safari/537.36"
::1 - - [27/Apr/2020:13:15:41 +0000] "GET /comments/update-comment/5ea6dae6203924148bbf2a0c HTTP/1.1" 302 88 "http://localhost:8000/" "Mozilla/5.0 (Windows NT 10.0; Win64; x64) AppleWebKit/537.36 (KHTML, like Gecko) Chrome/81.0.4044.122 Safari/537.36"
::1 - - [27/Apr/2020:13:15:41 +0000] "GET / HTTP/1.1" 200 64503 "http://localhost:8000/" "Mozilla/5.0 (Windows NT 10.0; Win64; x64) AppleWebKit/537.36 (KHTML, like Gecko) Chrome/81.0.4044.122 Safari/537.36"
::1 - - [27/Apr/2020:13:46:03 +0000] "GET / HTTP/1.1" 200 64503 "-" "Mozilla/5.0 (Windows NT 10.0; Win64; x64) AppleWebKit/537.36 (KHTML, like Gecko) Chrome/81.0.4044.122 Safari/537.36"
::1 - - [27/Apr/2020:13:46:42 +0000] "GET /comments/update-comment/5ea6dae6203924148bbf2a0c HTTP/1.1" 302 88 "http://localhost:8000/" "Mozilla/5.0 (Windows NT 10.0; Win64; x64) AppleWebKit/537.36 (KHTML, like Gecko) Chrome/81.0.4044.122 Safari/537.36"
::ffff:127.0.0.1 - - [27/Apr/2020:13:46:43 +0000] "GET / HTTP/1.1" 304 - "http://localhost:8000/" "Mozilla/5.0 (Windows NT 10.0; Win64; x64) AppleWebKit/537.36 (KHTML, like Gecko) Chrome/81.0.4044.122 Safari/537.36"
::1 - - [27/Apr/2020:13:46:46 +0000] "GET /comments/update-comment/5ea6dae6203924148bbf2a0c HTTP/1.1" 302 88 "http://localhost:8000/" "Mozilla/5.0 (Windows NT 10.0; Win64; x64) AppleWebKit/537.36 (KHTML, like Gecko) Chrome/81.0.4044.122 Safari/537.36"
::1 - - [27/Apr/2020:13:46:47 +0000] "GET / HTTP/1.1" 304 - "http://localhost:8000/" "Mozilla/5.0 (Windows NT 10.0; Win64; x64) AppleWebKit/537.36 (KHTML, like Gecko) Chrome/81.0.4044.122 Safari/537.36"
::1 - - [27/Apr/2020:13:49:30 +0000] "GET / HTTP/1.1" 200 64467 "http://localhost:8000/" "Mozilla/5.0 (Windows NT 10.0; Win64; x64) AppleWebKit/537.36 (KHTML, like Gecko) Chrome/81.0.4044.122 Safari/537.36"
::ffff:127.0.0.1 - - [27/Apr/2020:13:49:36 +0000] "GET /update-comment/5ea6dae6203924148bbf2a0c HTTP/1.1" 302 88 "http://localhost:8000/" "Mozilla/5.0 (Windows NT 10.0; Win64; x64) AppleWebKit/537.36 (KHTML, like Gecko) Chrome/81.0.4044.122 Safari/537.36"
::1 - - [27/Apr/2020:13:49:36 +0000] "GET / HTTP/1.1" 304 - "http://localhost:8000/" "Mozilla/5.0 (Windows NT 10.0; Win64; x64) AppleWebKit/537.36 (KHTML, like Gecko) Chrome/81.0.4044.122 Safari/537.36"
::1 - - [27/Apr/2020:13:51:03 +0000] "GET / HTTP/1.1" 200 64503 "http://localhost:8000/" "Mozilla/5.0 (Windows NT 10.0; Win64; x64) AppleWebKit/537.36 (KHTML, like Gecko) Chrome/81.0.4044.122 Safari/537.36"
::1 - - [27/Apr/2020:13:51:06 +0000] "GET /comments/update-comment/5ea6dae6203924148bbf2a0c HTTP/1.1" 302 88 "http://localhost:8000/" "Mozilla/5.0 (Windows NT 10.0; Win64; x64) AppleWebKit/537.36 (KHTML, like Gecko) Chrome/81.0.4044.122 Safari/537.36"
::1 - - [27/Apr/2020:13:51:07 +0000] "GET / HTTP/1.1" 304 - "http://localhost:8000/" "Mozilla/5.0 (Windows NT 10.0; Win64; x64) AppleWebKit/537.36 (KHTML, like Gecko) Chrome/81.0.4044.122 Safari/537.36"
::1 - - [27/Apr/2020:13:51:12 +0000] "POST /comments/create-comment HTTP/1.1" 200 406144 "http://localhost:8000/" "Mozilla/5.0 (Windows NT 10.0; Win64; x64) AppleWebKit/537.36 (KHTML, like Gecko) Chrome/81.0.4044.122 Safari/537.36"
::1 - - [27/Apr/2020:13:51:15 +0000] "GET /comments/update-comment/5ea6e34f092d080790d2e695 HTTP/1.1" 302 88 "http://localhost:8000/" "Mozilla/5.0 (Windows NT 10.0; Win64; x64) AppleWebKit/537.36 (KHTML, like Gecko) Chrome/81.0.4044.122 Safari/537.36"
::1 - - [27/Apr/2020:13:51:15 +0000] "GET / HTTP/1.1" 200 67482 "http://localhost:8000/" "Mozilla/5.0 (Windows NT 10.0; Win64; x64) AppleWebKit/537.36 (KHTML, like Gecko) Chrome/81.0.4044.122 Safari/537.36"
::1 - - [27/Apr/2020:13:51:19 +0000] "GET /comments/destroy-comment/5ea6dae6203924148bbf2a0c HTTP/1.1" 200 114 "http://localhost:8000/" "Mozilla/5.0 (Windows NT 10.0; Win64; x64) AppleWebKit/537.36 (KHTML, like Gecko) Chrome/81.0.4044.122 Safari/537.36"
::1 - - [27/Apr/2020:13:52:22 +0000] "GET /comments/update-comment/5ea6e34f092d080790d2e695 HTTP/1.1" 302 46 "-" "Mozilla/5.0 (Windows NT 10.0; Win64; x64) AppleWebKit/537.36 (KHTML, like Gecko) Chrome/81.0.4044.122 Safari/537.36"
::1 - - [27/Apr/2020:13:52:22 +0000] "GET / HTTP/1.1" 200 64503 "-" "Mozilla/5.0 (Windows NT 10.0; Win64; x64) AppleWebKit/537.36 (KHTML, like Gecko) Chrome/81.0.4044.122 Safari/537.36"
::ffff:127.0.0.1 - - [27/Apr/2020:13:54:17 +0000] "GET / HTTP/1.1" 200 64491 "http://localhost:8000/" "Mozilla/5.0 (Windows NT 10.0; Win64; x64) AppleWebKit/537.36 (KHTML, like Gecko) Chrome/81.0.4044.122 Safari/537.36"
::1 - - [27/Apr/2020:13:54:21 +0000] "GET /posts/update-comment/5ea6e34f092d080790d2e695 HTTP/1.1" 404 184 "http://localhost:8000/" "Mozilla/5.0 (Windows NT 10.0; Win64; x64) AppleWebKit/537.36 (KHTML, like Gecko) Chrome/81.0.4044.122 Safari/537.36"
::1 - - [27/Apr/2020:13:54:38 +0000] "GET /posts/update-comment/5ea6e34f092d080790d2e695 HTTP/1.1" 302 88 "http://localhost:8000/" "Mozilla/5.0 (Windows NT 10.0; Win64; x64) AppleWebKit/537.36 (KHTML, like Gecko) Chrome/81.0.4044.122 Safari/537.36"
::1 - - [27/Apr/2020:13:54:38 +0000] "GET / HTTP/1.1" 304 - "http://localhost:8000/" "Mozilla/5.0 (Windows NT 10.0; Win64; x64) AppleWebKit/537.36 (KHTML, like Gecko) Chrome/81.0.4044.122 Safari/537.36"
::1 - - [27/Apr/2020:13:54:42 +0000] "GET /posts/update-comment/5ea6e34f092d080790d2e695 HTTP/1.1" 302 88 "http://localhost:8000/" "Mozilla/5.0 (Windows NT 10.0; Win64; x64) AppleWebKit/537.36 (KHTML, like Gecko) Chrome/81.0.4044.122 Safari/537.36"
::1 - - [27/Apr/2020:13:54:42 +0000] "GET / HTTP/1.1" 304 - "http://localhost:8000/" "Mozilla/5.0 (Windows NT 10.0; Win64; x64) AppleWebKit/537.36 (KHTML, like Gecko) Chrome/81.0.4044.122 Safari/537.36"
::1 - - [27/Apr/2020:13:55:14 +0000] "GET / HTTP/1.1" 304 - "http://localhost:8000/" "Mozilla/5.0 (Windows NT 10.0; Win64; x64) AppleWebKit/537.36 (KHTML, like Gecko) Chrome/81.0.4044.122 Safari/537.36"
::1 - - [27/Apr/2020:13:55:17 +0000] "GET /posts/update-comment/5ea6e34f092d080790d2e695 HTTP/1.1" 302 88 "http://localhost:8000/" "Mozilla/5.0 (Windows NT 10.0; Win64; x64) AppleWebKit/537.36 (KHTML, like Gecko) Chrome/81.0.4044.122 Safari/537.36"
::1 - - [27/Apr/2020:13:55:17 +0000] "GET / HTTP/1.1" 304 - "http://localhost:8000/" "Mozilla/5.0 (Windows NT 10.0; Win64; x64) AppleWebKit/537.36 (KHTML, like Gecko) Chrome/81.0.4044.122 Safari/537.36"
::1 - - [27/Apr/2020:13:55:58 +0000] "GET / HTTP/1.1" 304 - "http://localhost:8000/" "Mozilla/5.0 (Windows NT 10.0; Win64; x64) AppleWebKit/537.36 (KHTML, like Gecko) Chrome/81.0.4044.122 Safari/537.36"
::1 - - [27/Apr/2020:13:56:01 +0000] "GET /posts/update-comment/5ea6e34f092d080790d2e695 HTTP/1.1" 404 184 "http://localhost:8000/" "Mozilla/5.0 (Windows NT 10.0; Win64; x64) AppleWebKit/537.36 (KHTML, like Gecko) Chrome/81.0.4044.122 Safari/537.36"
::1 - - [27/Apr/2020:13:56:17 +0000] "GET /posts/update-comment/5ea6e34f092d080790d2e695 HTTP/1.1" 404 184 "http://localhost:8000/" "Mozilla/5.0 (Windows NT 10.0; Win64; x64) AppleWebKit/537.36 (KHTML, like Gecko) Chrome/81.0.4044.122 Safari/537.36"
::1 - - [27/Apr/2020:13:56:23 +0000] "GET / HTTP/1.1" 200 64503 "http://localhost:8000/" "Mozilla/5.0 (Windows NT 10.0; Win64; x64) AppleWebKit/537.36 (KHTML, like Gecko) Chrome/81.0.4044.122 Safari/537.36"
::1 - - [27/Apr/2020:13:56:27 +0000] "GET /comments/update-comment/5ea6e34f092d080790d2e695 HTTP/1.1" 302 88 "http://localhost:8000/" "Mozilla/5.0 (Windows NT 10.0; Win64; x64) AppleWebKit/537.36 (KHTML, like Gecko) Chrome/81.0.4044.122 Safari/537.36"
::1 - - [27/Apr/2020:13:56:27 +0000] "GET / HTTP/1.1" 304 - "http://localhost:8000/" "Mozilla/5.0 (Windows NT 10.0; Win64; x64) AppleWebKit/537.36 (KHTML, like Gecko) Chrome/81.0.4044.122 Safari/537.36"
::1 - - [27/Apr/2020:14:03:02 +0000] "GET / HTTP/1.1" 304 - "http://localhost:8000/" "Mozilla/5.0 (Windows NT 10.0; Win64; x64) AppleWebKit/537.36 (KHTML, like Gecko) Chrome/81.0.4044.122 Safari/537.36"
::1 - - [27/Apr/2020:14:03:32 +0000] "GET / HTTP/1.1" 304 - "http://localhost:8000/" "Mozilla/5.0 (Windows NT 10.0; Win64; x64) AppleWebKit/537.36 (KHTML, like Gecko) Chrome/81.0.4044.122 Safari/537.36"
::ffff:127.0.0.1 - - [27/Apr/2020:14:04:05 +0000] "POST /comments/update-comment-c2 HTTP/1.1" - - "http://localhost:8000/" "Mozilla/5.0 (Windows NT 10.0; Win64; x64) AppleWebKit/537.36 (KHTML, like Gecko) Chrome/81.0.4044.122 Safari/537.36"
::1 - - [27/Apr/2020:14:04:53 +0000] "POST /comments/update-comment-c2 HTTP/1.1" 302 88 "http://localhost:8000/" "Mozilla/5.0 (Windows NT 10.0; Win64; x64) AppleWebKit/537.36 (KHTML, like Gecko) Chrome/81.0.4044.122 Safari/537.36"
::1 - - [27/Apr/2020:14:04:54 +0000] "GET / HTTP/1.1" 200 64515 "http://localhost:8000/" "Mozilla/5.0 (Windows NT 10.0; Win64; x64) AppleWebKit/537.36 (KHTML, like Gecko) Chrome/81.0.4044.122 Safari/537.36"
::ffff:127.0.0.1 - - [27/Apr/2020:14:05:31 +0000] "GET / HTTP/1.1" 304 - "http://localhost:8000/" "Mozilla/5.0 (Windows NT 10.0; Win64; x64) AppleWebKit/537.36 (KHTML, like Gecko) Chrome/81.0.4044.122 Safari/537.36"
::1 - - [27/Apr/2020:14:05:37 +0000] "POST /comments/update-comment-c2 HTTP/1.1" 302 88 "http://localhost:8000/" "Mozilla/5.0 (Windows NT 10.0; Win64; x64) AppleWebKit/537.36 (KHTML, like Gecko) Chrome/81.0.4044.122 Safari/537.36"
::1 - - [27/Apr/2020:14:05:37 +0000] "GET / HTTP/1.1" 304 - "http://localhost:8000/" "Mozilla/5.0 (Windows NT 10.0; Win64; x64) AppleWebKit/537.36 (KHTML, like Gecko) Chrome/81.0.4044.122 Safari/537.36"
::1 - - [27/Apr/2020:14:06:22 +0000] "GET / HTTP/1.1" 304 - "http://localhost:8000/" "Mozilla/5.0 (Windows NT 10.0; Win64; x64) AppleWebKit/537.36 (KHTML, like Gecko) Chrome/81.0.4044.122 Safari/537.36"
::1 - - [27/Apr/2020:14:06:26 +0000] "POST /comments/update-comment-c2 HTTP/1.1" 302 88 "http://localhost:8000/" "Mozilla/5.0 (Windows NT 10.0; Win64; x64) AppleWebKit/537.36 (KHTML, like Gecko) Chrome/81.0.4044.122 Safari/537.36"
::1 - - [27/Apr/2020:14:06:27 +0000] "GET / HTTP/1.1" 200 64432 "http://localhost:8000/" "Mozilla/5.0 (Windows NT 10.0; Win64; x64) AppleWebKit/537.36 (KHTML, like Gecko) Chrome/81.0.4044.122 Safari/537.36"
::1 - - [27/Apr/2020:14:17:22 +0000] "GET / HTTP/1.1" 200 64188 "http://localhost:8000/" "Mozilla/5.0 (Windows NT 10.0; Win64; x64) AppleWebKit/537.36 (KHTML, like Gecko) Chrome/81.0.4044.122 Safari/537.36"
::1 - - [27/Apr/2020:14:19:37 +0000] "GET / HTTP/1.1" 304 - "http://localhost:8000/" "Mozilla/5.0 (Windows NT 10.0; Win64; x64) AppleWebKit/537.36 (KHTML, like Gecko) Chrome/81.0.4044.122 Safari/537.36"
::1 - - [27/Apr/2020:14:19:43 +0000] "GET /comments/update-comment/5ea6e34f092d080790d2e695 HTTP/1.1" 302 88 "http://localhost:8000/" "Mozilla/5.0 (Windows NT 10.0; Win64; x64) AppleWebKit/537.36 (KHTML, like Gecko) Chrome/81.0.4044.122 Safari/537.36"
::1 - - [27/Apr/2020:14:19:44 +0000] "GET / HTTP/1.1" 200 64515 "http://localhost:8000/" "Mozilla/5.0 (Windows NT 10.0; Win64; x64) AppleWebKit/537.36 (KHTML, like Gecko) Chrome/81.0.4044.122 Safari/537.36"
::1 - - [27/Apr/2020:14:19:50 +0000] "POST /comments/update-comment-c2 HTTP/1.1" 302 88 "http://localhost:8000/" "Mozilla/5.0 (Windows NT 10.0; Win64; x64) AppleWebKit/537.36 (KHTML, like Gecko) Chrome/81.0.4044.122 Safari/537.36"
::1 - - [27/Apr/2020:14:19:51 +0000] "GET / HTTP/1.1" 200 64433 "http://localhost:8000/" "Mozilla/5.0 (Windows NT 10.0; Win64; x64) AppleWebKit/537.36 (KHTML, like Gecko) Chrome/81.0.4044.122 Safari/537.36"
::1 - - [27/Apr/2020:14:21:38 +0000] "GET / HTTP/1.1" 200 64189 "-" "Mozilla/5.0 (Windows NT 10.0; Win64; x64) AppleWebKit/537.36 (KHTML, like Gecko) Chrome/81.0.4044.122 Safari/537.36"
::1 - - [27/Apr/2020:14:23:32 +0000] "GET /favicon.ico HTTP/1.1" 404 150 "http://localhost:5000/socket.io/?EIO=3&transport=polling&t=N6y0Y_s&sid=9dAALegcr8h1M0RCAAAG" "Mozilla/5.0 (Windows NT 10.0; Win64; x64) AppleWebKit/537.36 (KHTML, like Gecko) Chrome/81.0.4044.122 Safari/537.36"
::1 - - [27/Apr/2020:14:24:18 +0000] "POST /comments/create-comment HTTP/1.1" 200 406144 "http://localhost:8000/" "Mozilla/5.0 (Windows NT 10.0; Win64; x64) AppleWebKit/537.36 (KHTML, like Gecko) Chrome/81.0.4044.122 Safari/537.36"
::1 - - [27/Apr/2020:14:24:22 +0000] "GET /comments/create-comment HTTP/1.1" 404 162 "-" "Mozilla/5.0 (Windows NT 10.0; Win64; x64) AppleWebKit/537.36 (KHTML, like Gecko) Chrome/81.0.4044.122 Safari/537.36"
::1 - - [27/Apr/2020:14:24:29 +0000] "GET /comments/update-comment/5ea6eb1071d9b3147293b4dc HTTP/1.1" 302 88 "http://localhost:8000/" "Mozilla/5.0 (Windows NT 10.0; Win64; x64) AppleWebKit/537.36 (KHTML, like Gecko) Chrome/81.0.4044.122 Safari/537.36"
::1 - - [27/Apr/2020:14:25:18 +0000] "POST /comments/create-comment HTTP/1.1" 200 406171 "http://localhost:8000/" "Mozilla/5.0 (Windows NT 10.0; Win64; x64) AppleWebKit/537.36 (KHTML, like Gecko) Chrome/81.0.4044.122 Safari/537.36"
::1 - - [27/Apr/2020:14:25:46 +0000] "GET /comments/update-comment/5ea6e34f092d080790d2e695 HTTP/1.1" 302 88 "http://localhost:8000/" "Mozilla/5.0 (Windows NT 10.0; Win64; x64) AppleWebKit/537.36 (KHTML, like Gecko) Chrome/81.0.4044.122 Safari/537.36"
::1 - - [27/Apr/2020:14:25:47 +0000] "GET / HTTP/1.1" 200 70153 "http://localhost:8000/" "Mozilla/5.0 (Windows NT 10.0; Win64; x64) AppleWebKit/537.36 (KHTML, like Gecko) Chrome/81.0.4044.122 Safari/537.36"
