::1 - - [10/May/2020:11:08:05 +0000] "GET / HTTP/1.1" 200 5219 "http://localhost:8000/comments/replies/5eb6ced39dd34a61f71264f4" "Mozilla/5.0 (Windows NT 10.0; Win64; x64) AppleWebKit/537.36 (KHTML, like Gecko) Chrome/81.0.4044.138 Safari/537.36"
::1 - - [10/May/2020:11:09:56 +0000] "GET /users/sign-in HTTP/1.1" 200 4787 "http://localhost:8000/" "Mozilla/5.0 (Windows NT 10.0; Win64; x64) AppleWebKit/537.36 (KHTML, like Gecko) Chrome/81.0.4044.138 Safari/537.36"
::1 - - [10/May/2020:11:10:07 +0000] "POST /users/create-session HTTP/1.1" 302 46 "http://localhost:8000/users/sign-in" "Mozilla/5.0 (Windows NT 10.0; Win64; x64) AppleWebKit/537.36 (KHTML, like Gecko) Chrome/81.0.4044.138 Safari/537.36"
::1 - - [10/May/2020:11:10:08 +0000] "GET / HTTP/1.1" 200 38936 "http://localhost:8000/users/sign-in" "Mozilla/5.0 (Windows NT 10.0; Win64; x64) AppleWebKit/537.36 (KHTML, like Gecko) Chrome/81.0.4044.138 Safari/537.36"
::1 - - [10/May/2020:11:10:16 +0000] "POST /likes/toggle/?id=5eb62ffbabc5c06bfcaea279&type=Post HTTP/1.1" 200 256 "http://localhost:8000/" "Mozilla/5.0 (Windows NT 10.0; Win64; x64) AppleWebKit/537.36 (KHTML, like Gecko) Chrome/81.0.4044.138 Safari/537.36"
::1 - - [10/May/2020:11:10:29 +0000] "POST /comments/create-comment HTTP/1.1" 200 358937 "http://localhost:8000/" "Mozilla/5.0 (Windows NT 10.0; Win64; x64) AppleWebKit/537.36 (KHTML, like Gecko) Chrome/81.0.4044.138 Safari/537.36"
::1 - - [10/May/2020:11:10:35 +0000] "POST /likes/toggle/?id=5eb7e123ad816669e8791582&type=Comment HTTP/1.1" 200 259 "http://localhost:8000/" "Mozilla/5.0 (Windows NT 10.0; Win64; x64) AppleWebKit/537.36 (KHTML, like Gecko) Chrome/81.0.4044.138 Safari/537.36"
::1 - - [10/May/2020:11:10:43 +0000] "GET /comments/update-comment/5eb7e123ad816669e8791582 HTTP/1.1" 200 88 "http://localhost:8000/" "Mozilla/5.0 (Windows NT 10.0; Win64; x64) AppleWebKit/537.36 (KHTML, like Gecko) Chrome/81.0.4044.138 Safari/537.36"
::1 - - [10/May/2020:11:10:54 +0000] "POST /comments/update-comment-c2 HTTP/1.1" 200 124 "http://localhost:8000/" "Mozilla/5.0 (Windows NT 10.0; Win64; x64) AppleWebKit/537.36 (KHTML, like Gecko) Chrome/81.0.4044.138 Safari/537.36"
::1 - - [10/May/2020:11:11:28 +0000] "POST /comments/create-comment HTTP/1.1" 200 285910 "http://localhost:8000/" "Mozilla/5.0 (Windows NT 10.0; Win64; x64) AppleWebKit/537.36 (KHTML, like Gecko) Chrome/81.0.4044.138 Safari/537.36"
::1 - - [10/May/2020:11:11:32 +0000] "GET /comments/update-comment/5eb7e15fad816669e8791586 HTTP/1.1" 200 125 "http://localhost:8000/" "Mozilla/5.0 (Windows NT 10.0; Win64; x64) AppleWebKit/537.36 (KHTML, like Gecko) Chrome/81.0.4044.138 Safari/537.36"
::1 - - [10/May/2020:11:11:47 +0000] "POST /comments/update-comment-c2 HTTP/1.1" 200 157 "http://localhost:8000/" "Mozilla/5.0 (Windows NT 10.0; Win64; x64) AppleWebKit/537.36 (KHTML, like Gecko) Chrome/81.0.4044.138 Safari/537.36"
::1 - - [10/May/2020:11:12:13 +0000] "POST /likes/toggle/?id=5eb6ced39dd34a61f71264f4&type=Comment HTTP/1.1" 200 259 "http://localhost:8000/" "Mozilla/5.0 (Windows NT 10.0; Win64; x64) AppleWebKit/537.36 (KHTML, like Gecko) Chrome/81.0.4044.138 Safari/537.36"
::1 - - [10/May/2020:11:12:27 +0000] "POST /posts/share-post/ HTTP/1.1" 200 1259 "http://localhost:8000/" "Mozilla/5.0 (Windows NT 10.0; Win64; x64) AppleWebKit/537.36 (KHTML, like Gecko) Chrome/81.0.4044.138 Safari/537.36"
::1 - - [10/May/2020:11:12:30 +0000] "POST /posts/update-post/5eb7e19bad816669e8791589 HTTP/1.1" 200 693 "http://localhost:8000/" "Mozilla/5.0 (Windows NT 10.0; Win64; x64) AppleWebKit/537.36 (KHTML, like Gecko) Chrome/81.0.4044.138 Safari/537.36"
::1 - - [10/May/2020:11:13:37 +0000] "POST /posts/update-post-p2 HTTP/1.1" 200 279 "http://localhost:8000/" "Mozilla/5.0 (Windows NT 10.0; Win64; x64) AppleWebKit/537.36 (KHTML, like Gecko) Chrome/81.0.4044.138 Safari/537.36"
::1 - - [10/May/2020:11:13:51 +0000] "GET /users/profile/5e96b96f4e759d17d13171ff HTTP/1.1" 200 13743 "http://localhost:8000/" "Mozilla/5.0 (Windows NT 10.0; Win64; x64) AppleWebKit/537.36 (KHTML, like Gecko) Chrome/81.0.4044.138 Safari/537.36"
::1 - - [10/May/2020:11:13:57 +0000] "GET / HTTP/1.1" 200 57440 "http://localhost:8000/users/profile/5e96b96f4e759d17d13171ff" "Mozilla/5.0 (Windows NT 10.0; Win64; x64) AppleWebKit/537.36 (KHTML, like Gecko) Chrome/81.0.4044.138 Safari/537.36"
::1 - - [10/May/2020:11:14:04 +0000] "GET /comments/replies/5eb6ced39dd34a61f71264f4 HTTP/1.1" 200 5291 "http://localhost:8000/" "Mozilla/5.0 (Windows NT 10.0; Win64; x64) AppleWebKit/537.36 (KHTML, like Gecko) Chrome/81.0.4044.138 Safari/537.36"
::1 - - [10/May/2020:11:14:11 +0000] "POST /comments/create-comment-reply HTTP/1.1" 200 308 "http://localhost:8000/comments/replies/5eb6ced39dd34a61f71264f4" "Mozilla/5.0 (Windows NT 10.0; Win64; x64) AppleWebKit/537.36 (KHTML, like Gecko) Chrome/81.0.4044.138 Safari/537.36"
::1 - - [10/May/2020:11:16:51 +0000] "GET / HTTP/1.1" 304 - "http://localhost:8000/comments/replies/5eb6ced39dd34a61f71264f4" "Mozilla/5.0 (Windows NT 10.0; Win64; x64) AppleWebKit/537.36 (KHTML, like Gecko) Chrome/81.0.4044.138 Safari/537.36"
::1 - - [10/May/2020:11:16:59 +0000] "POST /posts/share-post/ HTTP/1.1" 200 1259 "http://localhost:8000/" "Mozilla/5.0 (Windows NT 10.0; Win64; x64) AppleWebKit/537.36 (KHTML, like Gecko) Chrome/81.0.4044.138 Safari/537.36"
::1 - - [10/May/2020:11:17:14 +0000] "GET /posts/destroy-post/5eb7e2abad816669e879158e HTTP/1.1" 200 166 "http://localhost:8000/" "Mozilla/5.0 (Windows NT 10.0; Win64; x64) AppleWebKit/537.36 (KHTML, like Gecko) Chrome/81.0.4044.138 Safari/537.36"
::1 - - [10/May/2020:11:17:23 +0000] "GET /users/profile/5e9190afaa9a4812fdf4850c HTTP/1.1" 200 13998 "http://localhost:8000/" "Mozilla/5.0 (Windows NT 10.0; Win64; x64) AppleWebKit/537.36 (KHTML, like Gecko) Chrome/81.0.4044.138 Safari/537.36"
::1 - - [10/May/2020:11:17:29 +0000] "POST /posts/create-post HTTP/1.1" 200 154968 "http://localhost:8000/users/profile/5e9190afaa9a4812fdf4850c" "Mozilla/5.0 (Windows NT 10.0; Win64; x64) AppleWebKit/537.36 (KHTML, like Gecko) Chrome/81.0.4044.138 Safari/537.36"
::1 - - [10/May/2020:11:17:31 +0000] "GET / HTTP/1.1" 200 65478 "http://localhost:8000/users/profile/5e9190afaa9a4812fdf4850c" "Mozilla/5.0 (Windows NT 10.0; Win64; x64) AppleWebKit/537.36 (KHTML, like Gecko) Chrome/81.0.4044.138 Safari/537.36"
::1 - - [10/May/2020:11:17:36 +0000] "GET /users/sign-out HTTP/1.1" 302 46 "http://localhost:8000/" "Mozilla/5.0 (Windows NT 10.0; Win64; x64) AppleWebKit/537.36 (KHTML, like Gecko) Chrome/81.0.4044.138 Safari/537.36"
::1 - - [10/May/2020:11:17:37 +0000] "GET / HTTP/1.1" 200 5452 "http://localhost:8000/" "Mozilla/5.0 (Windows NT 10.0; Win64; x64) AppleWebKit/537.36 (KHTML, like Gecko) Chrome/81.0.4044.138 Safari/537.36"
::1 - - [10/May/2020:11:17:39 +0000] "GET /users/sign-in HTTP/1.1" 304 - "http://localhost:8000/" "Mozilla/5.0 (Windows NT 10.0; Win64; x64) AppleWebKit/537.36 (KHTML, like Gecko) Chrome/81.0.4044.138 Safari/537.36"
::1 - - [10/May/2020:11:17:43 +0000] "POST /users/create-session HTTP/1.1" 302 46 "http://localhost:8000/users/sign-in" "Mozilla/5.0 (Windows NT 10.0; Win64; x64) AppleWebKit/537.36 (KHTML, like Gecko) Chrome/81.0.4044.138 Safari/537.36"
::1 - - [10/May/2020:11:17:43 +0000] "GET / HTTP/1.1" 200 61413 "http://localhost:8000/users/sign-in" "Mozilla/5.0 (Windows NT 10.0; Win64; x64) AppleWebKit/537.36 (KHTML, like Gecko) Chrome/81.0.4044.138 Safari/537.36"
::1 - - [10/May/2020:11:17:47 +0000] "POST /likes/toggle/?id=5eb7e2c8ad816669e8791591&type=Post HTTP/1.1" 200 256 "http://localhost:8000/" "Mozilla/5.0 (Windows NT 10.0; Win64; x64) AppleWebKit/537.36 (KHTML, like Gecko) Chrome/81.0.4044.138 Safari/537.36"
::1 - - [10/May/2020:11:17:55 +0000] "POST /likes/toggle/?id=5eb62ffbabc5c06bfcaea279&type=Post HTTP/1.1" 200 256 "http://localhost:8000/" "Mozilla/5.0 (Windows NT 10.0; Win64; x64) AppleWebKit/537.36 (KHTML, like Gecko) Chrome/81.0.4044.138 Safari/537.36"
::1 - - [10/May/2020:11:18:05 +0000] "POST /posts/share-post/ HTTP/1.1" 200 890 "http://localhost:8000/" "Mozilla/5.0 (Windows NT 10.0; Win64; x64) AppleWebKit/537.36 (KHTML, like Gecko) Chrome/81.0.4044.138 Safari/537.36"
::1 - - [10/May/2020:11:18:08 +0000] "GET /users/profile/5e9190afaa9a4812fdf4850c HTTP/1.1" 200 20093 "http://localhost:8000/" "Mozilla/5.0 (Windows NT 10.0; Win64; x64) AppleWebKit/537.36 (KHTML, like Gecko) Chrome/81.0.4044.138 Safari/537.36"
::1 - - [10/May/2020:11:18:16 +0000] "GET / HTTP/1.1" 200 70049 "http://localhost:8000/users/profile/5e9190afaa9a4812fdf4850c" "Mozilla/5.0 (Windows NT 10.0; Win64; x64) AppleWebKit/537.36 (KHTML, like Gecko) Chrome/81.0.4044.138 Safari/537.36"
::1 - - [10/May/2020:11:18:19 +0000] "GET /users/profile/5e96a69a778a02084eec2fd4 HTTP/1.1" 200 13071 "http://localhost:8000/" "Mozilla/5.0 (Windows NT 10.0; Win64; x64) AppleWebKit/537.36 (KHTML, like Gecko) Chrome/81.0.4044.138 Safari/537.36"
::1 - - [10/May/2020:11:18:48 +0000] "GET /users/sign-out HTTP/1.1" 302 46 "http://localhost:8000/users/profile/5e96a69a778a02084eec2fd4" "Mozilla/5.0 (Windows NT 10.0; Win64; x64) AppleWebKit/537.36 (KHTML, like Gecko) Chrome/81.0.4044.138 Safari/537.36"
::1 - - [10/May/2020:11:18:48 +0000] "GET / HTTP/1.1" 200 5452 "http://localhost:8000/users/profile/5e96a69a778a02084eec2fd4" "Mozilla/5.0 (Windows NT 10.0; Win64; x64) AppleWebKit/537.36 (KHTML, like Gecko) Chrome/81.0.4044.138 Safari/537.36"
::1 - - [10/May/2020:11:18:50 +0000] "GET /users/sign-in HTTP/1.1" 304 - "http://localhost:8000/" "Mozilla/5.0 (Windows NT 10.0; Win64; x64) AppleWebKit/537.36 (KHTML, like Gecko) Chrome/81.0.4044.138 Safari/537.36"
::1 - - [10/May/2020:11:18:55 +0000] "POST /users/create-session HTTP/1.1" 302 46 "http://localhost:8000/users/sign-in" "Mozilla/5.0 (Windows NT 10.0; Win64; x64) AppleWebKit/537.36 (KHTML, like Gecko) Chrome/81.0.4044.138 Safari/537.36"
::1 - - [10/May/2020:11:18:55 +0000] "GET / HTTP/1.1" 200 73144 "http://localhost:8000/users/sign-in" "Mozilla/5.0 (Windows NT 10.0; Win64; x64) AppleWebKit/537.36 (KHTML, like Gecko) Chrome/81.0.4044.138 Safari/537.36"
::1 - - [10/May/2020:11:19:01 +0000] "GET /posts/destroy-post/5eb7e2c8ad816669e8791591 HTTP/1.1" 200 599 "http://localhost:8000/" "Mozilla/5.0 (Windows NT 10.0; Win64; x64) AppleWebKit/537.36 (KHTML, like Gecko) Chrome/81.0.4044.138 Safari/537.36"
::1 - - [10/May/2020:11:19:47 +0000] "GET /users/profile/5e9190afaa9a4812fdf4850c HTTP/1.1" 200 13998 "http://localhost:8000/" "Mozilla/5.0 (Windows NT 10.0; Win64; x64) AppleWebKit/537.36 (KHTML, like Gecko) Chrome/81.0.4044.138 Safari/537.36"
::1 - - [10/May/2020:11:20:03 +0000] "GET /users/profile/5e9190afaa9a4812fdf4850c HTTP/1.1" 304 - "http://localhost:8000/users/profile/5e9190afaa9a4812fdf4850c" "Mozilla/5.0 (Windows NT 10.0; Win64; x64) AppleWebKit/537.36 (KHTML, like Gecko) Chrome/81.0.4044.138 Safari/537.36"
::1 - - [10/May/2020:11:22:20 +0000] "GET / HTTP/1.1" 200 61617 "http://localhost:8000/users/profile/5e9190afaa9a4812fdf4850c" "Mozilla/5.0 (Windows NT 10.0; Win64; x64) AppleWebKit/537.36 (KHTML, like Gecko) Chrome/81.0.4044.138 Safari/537.36"
::1 - - [10/May/2020:11:24:27 +0000] "GET /users/sign-out HTTP/1.1" 302 46 "http://localhost:8000/" "Mozilla/5.0 (Windows NT 10.0; Win64; x64) AppleWebKit/537.36 (KHTML, like Gecko) Chrome/81.0.4044.138 Safari/537.36"
::1 - - [10/May/2020:11:24:27 +0000] "GET / HTTP/1.1" 200 5452 "http://localhost:8000/" "Mozilla/5.0 (Windows NT 10.0; Win64; x64) AppleWebKit/537.36 (KHTML, like Gecko) Chrome/81.0.4044.138 Safari/537.36"
::1 - - [10/May/2020:11:24:54 +0000] "GET /users/sign-in HTTP/1.1" 304 - "http://localhost:8000/" "Mozilla/5.0 (Windows NT 10.0; Win64; x64) AppleWebKit/537.36 (KHTML, like Gecko) Chrome/81.0.4044.138 Safari/537.36"
::1 - - [10/May/2020:11:24:58 +0000] "POST /users/create-session HTTP/1.1" 302 46 "http://localhost:8000/users/sign-in" "Mozilla/5.0 (Windows NT 10.0; Win64; x64) AppleWebKit/537.36 (KHTML, like Gecko) Chrome/81.0.4044.138 Safari/537.36"
::1 - - [10/May/2020:11:24:58 +0000] "GET / HTTP/1.1" 200 61854 "http://localhost:8000/users/sign-in" "Mozilla/5.0 (Windows NT 10.0; Win64; x64) AppleWebKit/537.36 (KHTML, like Gecko) Chrome/81.0.4044.138 Safari/537.36"
::1 - - [10/May/2020:11:25:02 +0000] "GET / HTTP/1.1" 200 61617 "http://localhost:8000/" "Mozilla/5.0 (Windows NT 10.0; Win64; x64) AppleWebKit/537.36 (KHTML, like Gecko) Chrome/81.0.4044.138 Safari/537.36"
::1 - - [10/May/2020:11:25:05 +0000] "GET /users/profile/5e9190afaa9a4812fdf4850c HTTP/1.1" 304 - "http://localhost:8000/" "Mozilla/5.0 (Windows NT 10.0; Win64; x64) AppleWebKit/537.36 (KHTML, like Gecko) Chrome/81.0.4044.138 Safari/537.36"
::1 - - [10/May/2020:11:25:12 +0000] "GET / HTTP/1.1" 304 - "http://localhost:8000/users/profile/5e9190afaa9a4812fdf4850c" "Mozilla/5.0 (Windows NT 10.0; Win64; x64) AppleWebKit/537.36 (KHTML, like Gecko) Chrome/81.0.4044.138 Safari/537.36"
::1 - - [10/May/2020:13:30:10 +0000] "GET /comments/replies/5eb645d596ebcf1657d1e0f9 HTTP/1.1" 302 72 "http://localhost:8000/" "Mozilla/5.0 (Windows NT 10.0; Win64; x64) AppleWebKit/537.36 (KHTML, like Gecko) Chrome/81.0.4044.138 Safari/537.36"
::1 - - [10/May/2020:13:30:10 +0000] "GET /users/sign-in HTTP/1.1" 304 - "http://localhost:8000/" "Mozilla/5.0 (Windows NT 10.0; Win64; x64) AppleWebKit/537.36 (KHTML, like Gecko) Chrome/81.0.4044.138 Safari/537.36"
::1 - - [10/May/2020:13:30:13 +0000] "GET / HTTP/1.1" 200 5219 "http://localhost:8000/users/sign-in" "Mozilla/5.0 (Windows NT 10.0; Win64; x64) AppleWebKit/537.36 (KHTML, like Gecko) Chrome/81.0.4044.138 Safari/537.36"
::1 - - [10/May/2020:13:30:14 +0000] "GET /users/sign-in HTTP/1.1" 304 - "http://localhost:8000/" "Mozilla/5.0 (Windows NT 10.0; Win64; x64) AppleWebKit/537.36 (KHTML, like Gecko) Chrome/81.0.4044.138 Safari/537.36"
::1 - - [10/May/2020:13:30:19 +0000] "POST /users/create-session HTTP/1.1" 302 46 "http://localhost:8000/users/sign-in" "Mozilla/5.0 (Windows NT 10.0; Win64; x64) AppleWebKit/537.36 (KHTML, like Gecko) Chrome/81.0.4044.138 Safari/537.36"
::1 - - [10/May/2020:13:30:19 +0000] "GET / HTTP/1.1" 200 60440 "http://localhost:8000/users/sign-in" "Mozilla/5.0 (Windows NT 10.0; Win64; x64) AppleWebKit/537.36 (KHTML, like Gecko) Chrome/81.0.4044.138 Safari/537.36"
::1 - - [10/May/2020:13:30:25 +0000] "GET /comments/replies/5eb645d596ebcf1657d1e0f9 HTTP/1.1" 200 9175 "http://localhost:8000/" "Mozilla/5.0 (Windows NT 10.0; Win64; x64) AppleWebKit/537.36 (KHTML, like Gecko) Chrome/81.0.4044.138 Safari/537.36"
::1 - - [10/May/2020:13:32:51 +0000] "GET /comments/replies/5eb645d596ebcf1657d1e0f9 HTTP/1.1" 304 - "http://localhost:8000/" "Mozilla/5.0 (Windows NT 10.0; Win64; x64) AppleWebKit/537.36 (KHTML, like Gecko) Chrome/81.0.4044.138 Safari/537.36"
::1 - - [10/May/2020:13:33:58 +0000] "GET /comments/replies/5eb645d596ebcf1657d1e0f9 HTTP/1.1" 304 - "http://localhost:8000/" "Mozilla/5.0 (Windows NT 10.0; Win64; x64) AppleWebKit/537.36 (KHTML, like Gecko) Chrome/81.0.4044.138 Safari/537.36"
::1 - - [10/May/2020:13:34:40 +0000] "POST /comments/create-comment-reply HTTP/1.1" 200 308 "http://localhost:8000/comments/replies/5eb645d596ebcf1657d1e0f9" "Mozilla/5.0 (Windows NT 10.0; Win64; x64) AppleWebKit/537.36 (KHTML, like Gecko) Chrome/81.0.4044.138 Safari/537.36"
::1 - - [10/May/2020:13:34:41 +0000] "POST /comments/create-comment-reply HTTP/1.1" 200 308 "http://localhost:8000/comments/replies/5eb645d596ebcf1657d1e0f9" "Mozilla/5.0 (Windows NT 10.0; Win64; x64) AppleWebKit/537.36 (KHTML, like Gecko) Chrome/81.0.4044.138 Safari/537.36"
::1 - - [10/May/2020:13:36:17 +0000] "GET /comments/replies/5eb645d596ebcf1657d1e0f9 HTTP/1.1" 200 5261 "http://localhost:8000/" "Mozilla/5.0 (Windows NT 10.0; Win64; x64) AppleWebKit/537.36 (KHTML, like Gecko) Chrome/81.0.4044.138 Safari/537.36"
::1 - - [10/May/2020:13:36:23 +0000] "POST /comments/create-comment-reply HTTP/1.1" 200 306 "http://localhost:8000/comments/replies/5eb645d596ebcf1657d1e0f9" "Mozilla/5.0 (Windows NT 10.0; Win64; x64) AppleWebKit/537.36 (KHTML, like Gecko) Chrome/81.0.4044.138 Safari/537.36"
::1 - - [10/May/2020:13:36:24 +0000] "POST /comments/create-comment-reply HTTP/1.1" 200 306 "http://localhost:8000/comments/replies/5eb645d596ebcf1657d1e0f9" "Mozilla/5.0 (Windows NT 10.0; Win64; x64) AppleWebKit/537.36 (KHTML, like Gecko) Chrome/81.0.4044.138 Safari/537.36"
::1 - - [10/May/2020:13:36:26 +0000] "POST /comments/create-comment-reply HTTP/1.1" 200 306 "http://localhost:8000/comments/replies/5eb645d596ebcf1657d1e0f9" "Mozilla/5.0 (Windows NT 10.0; Win64; x64) AppleWebKit/537.36 (KHTML, like Gecko) Chrome/81.0.4044.138 Safari/537.36"
::1 - - [10/May/2020:13:41:18 +0000] "GET /comments/replies/5eb645d596ebcf1657d1e0f9 HTTP/1.1" 200 11126 "http://localhost:8000/" "Mozilla/5.0 (Windows NT 10.0; Win64; x64) AppleWebKit/537.36 (KHTML, like Gecko) Chrome/81.0.4044.138 Safari/537.36"
::1 - - [10/May/2020:13:43:06 +0000] "GET /comments/replies/5eb645d596ebcf1657d1e0f9 HTTP/1.1" 304 - "http://localhost:8000/" "Mozilla/5.0 (Windows NT 10.0; Win64; x64) AppleWebKit/537.36 (KHTML, like Gecko) Chrome/81.0.4044.138 Safari/537.36"
::1 - - [10/May/2020:13:44:31 +0000] "GET /comments/replies/5eb645d596ebcf1657d1e0f9 HTTP/1.1" 304 - "http://localhost:8000/" "Mozilla/5.0 (Windows NT 10.0; Win64; x64) AppleWebKit/537.36 (KHTML, like Gecko) Chrome/81.0.4044.138 Safari/537.36"
::1 - - [10/May/2020:13:48:13 +0000] "GET /comments/replies/5eb645d596ebcf1657d1e0f9 HTTP/1.1" 304 - "http://localhost:8000/" "Mozilla/5.0 (Windows NT 10.0; Win64; x64) AppleWebKit/537.36 (KHTML, like Gecko) Chrome/81.0.4044.138 Safari/537.36"
::1 - - [10/May/2020:13:48:30 +0000] "GET /comments/replies/5eb645d596ebcf1657d1e0f9 HTTP/1.1" 200 11015 "http://localhost:8000/" "Mozilla/5.0 (Windows NT 10.0; Win64; x64) AppleWebKit/537.36 (KHTML, like Gecko) Chrome/81.0.4044.138 Safari/537.36"
::1 - - [10/May/2020:13:48:42 +0000] "GET /comments/replies/5eb645d596ebcf1657d1e0f9 HTTP/1.1" 304 - "http://localhost:8000/" "Mozilla/5.0 (Windows NT 10.0; Win64; x64) AppleWebKit/537.36 (KHTML, like Gecko) Chrome/81.0.4044.138 Safari/537.36"
::1 - - [10/May/2020:13:55:28 +0000] "GET /comments/replies/5eb645d596ebcf1657d1e0f9 HTTP/1.1" 200 11057 "http://localhost:8000/" "Mozilla/5.0 (Windows NT 10.0; Win64; x64) AppleWebKit/537.36 (KHTML, like Gecko) Chrome/81.0.4044.138 Safari/537.36"
::1 - - [10/May/2020:13:59:54 +0000] "GET /comments/replies/5eb645d596ebcf1657d1e0f9 HTTP/1.1" 304 - "http://localhost:8000/" "Mozilla/5.0 (Windows NT 10.0; Win64; x64) AppleWebKit/537.36 (KHTML, like Gecko) Chrome/81.0.4044.138 Safari/537.36"
::1 - - [10/May/2020:14:00:14 +0000] "GET /comments/replies/5eb645d596ebcf1657d1e0f9 HTTP/1.1" 304 - "http://localhost:8000/" "Mozilla/5.0 (Windows NT 10.0; Win64; x64) AppleWebKit/537.36 (KHTML, like Gecko) Chrome/81.0.4044.138 Safari/537.36"
::1 - - [10/May/2020:14:04:03 +0000] "GET /comments/replies/5eb645d596ebcf1657d1e0f9 HTTP/1.1" 304 - "http://localhost:8000/" "Mozilla/5.0 (Windows NT 10.0; Win64; x64) AppleWebKit/537.36 (KHTML, like Gecko) Chrome/81.0.4044.138 Safari/537.36"
::1 - - [10/May/2020:14:04:27 +0000] "GET /comments/replies/5eb645d596ebcf1657d1e0f9 HTTP/1.1" 304 - "http://localhost:8000/" "Mozilla/5.0 (Windows NT 10.0; Win64; x64) AppleWebKit/537.36 (KHTML, like Gecko) Chrome/81.0.4044.138 Safari/537.36"
::1 - - [10/May/2020:14:05:40 +0000] "GET /comments/replies/5eb645d596ebcf1657d1e0f9 HTTP/1.1" 304 - "http://localhost:8000/" "Mozilla/5.0 (Windows NT 10.0; Win64; x64) AppleWebKit/537.36 (KHTML, like Gecko) Chrome/81.0.4044.138 Safari/537.36"
::1 - - [10/May/2020:14:06:12 +0000] "GET /comments/replies/5eb645d596ebcf1657d1e0f9 HTTP/1.1" 304 - "http://localhost:8000/" "Mozilla/5.0 (Windows NT 10.0; Win64; x64) AppleWebKit/537.36 (KHTML, like Gecko) Chrome/81.0.4044.138 Safari/537.36"
::1 - - [10/May/2020:14:09:04 +0000] "GET /comments/replies/5eb645d596ebcf1657d1e0f9 HTTP/1.1" 304 - "http://localhost:8000/" "Mozilla/5.0 (Windows NT 10.0; Win64; x64) AppleWebKit/537.36 (KHTML, like Gecko) Chrome/81.0.4044.138 Safari/537.36"
::1 - - [10/May/2020:14:10:40 +0000] "GET /comments/replies/5eb645d596ebcf1657d1e0f9 HTTP/1.1" 304 - "http://localhost:8000/" "Mozilla/5.0 (Windows NT 10.0; Win64; x64) AppleWebKit/537.36 (KHTML, like Gecko) Chrome/81.0.4044.138 Safari/537.36"
::1 - - [10/May/2020:14:16:08 +0000] "GET /comments/replies/5eb645d596ebcf1657d1e0f9 HTTP/1.1" 200 11060 "http://localhost:8000/" "Mozilla/5.0 (Windows NT 10.0; Win64; x64) AppleWebKit/537.36 (KHTML, like Gecko) Chrome/81.0.4044.138 Safari/537.36"
::1 - - [10/May/2020:14:16:45 +0000] "GET /comments/replies/5eb645d596ebcf1657d1e0f9 HTTP/1.1" 304 - "http://localhost:8000/" "Mozilla/5.0 (Windows NT 10.0; Win64; x64) AppleWebKit/537.36 (KHTML, like Gecko) Chrome/81.0.4044.138 Safari/537.36"
::1 - - [10/May/2020:14:18:36 +0000] "GET /comments/replies/5eb645d596ebcf1657d1e0f9 HTTP/1.1" 304 - "http://localhost:8000/" "Mozilla/5.0 (Windows NT 10.0; Win64; x64) AppleWebKit/537.36 (KHTML, like Gecko) Chrome/81.0.4044.138 Safari/537.36"
::1 - - [10/May/2020:14:18:59 +0000] "GET /users/sign-out HTTP/1.1" 302 46 "http://localhost:8000/comments/replies/5eb645d596ebcf1657d1e0f9" "Mozilla/5.0 (Windows NT 10.0; Win64; x64) AppleWebKit/537.36 (KHTML, like Gecko) Chrome/81.0.4044.138 Safari/537.36"
::1 - - [10/May/2020:14:18:59 +0000] "GET / HTTP/1.1" 200 5452 "http://localhost:8000/comments/replies/5eb645d596ebcf1657d1e0f9" "Mozilla/5.0 (Windows NT 10.0; Win64; x64) AppleWebKit/537.36 (KHTML, like Gecko) Chrome/81.0.4044.138 Safari/537.36"
::1 - - [10/May/2020:14:19:02 +0000] "GET /users/sign-in HTTP/1.1" 304 - "http://localhost:8000/" "Mozilla/5.0 (Windows NT 10.0; Win64; x64) AppleWebKit/537.36 (KHTML, like Gecko) Chrome/81.0.4044.138 Safari/537.36"
::1 - - [10/May/2020:14:19:05 +0000] "POST /users/create-session HTTP/1.1" 302 46 "http://localhost:8000/users/sign-in" "Mozilla/5.0 (Windows NT 10.0; Win64; x64) AppleWebKit/537.36 (KHTML, like Gecko) Chrome/81.0.4044.138 Safari/537.36"
::1 - - [10/May/2020:14:19:05 +0000] "GET / HTTP/1.1" 200 61854 "http://localhost:8000/users/sign-in" "Mozilla/5.0 (Windows NT 10.0; Win64; x64) AppleWebKit/537.36 (KHTML, like Gecko) Chrome/81.0.4044.138 Safari/537.36"
::1 - - [10/May/2020:14:19:13 +0000] "GET /comments/replies/5eb645d596ebcf1657d1e0f9 HTTP/1.1" 200 7940 "http://localhost:8000/" "Mozilla/5.0 (Windows NT 10.0; Win64; x64) AppleWebKit/537.36 (KHTML, like Gecko) Chrome/81.0.4044.138 Safari/537.36"
::1 - - [10/May/2020:14:20:01 +0000] "GET /users/sign-out HTTP/1.1" 302 46 "http://localhost:8000/comments/replies/5eb645d596ebcf1657d1e0f9" "Mozilla/5.0 (Windows NT 10.0; Win64; x64) AppleWebKit/537.36 (KHTML, like Gecko) Chrome/81.0.4044.138 Safari/537.36"
::1 - - [10/May/2020:14:20:01 +0000] "GET / HTTP/1.1" 200 5452 "http://localhost:8000/comments/replies/5eb645d596ebcf1657d1e0f9" "Mozilla/5.0 (Windows NT 10.0; Win64; x64) AppleWebKit/537.36 (KHTML, like Gecko) Chrome/81.0.4044.138 Safari/537.36"
::1 - - [10/May/2020:14:20:03 +0000] "GET /users/sign-in HTTP/1.1" 304 - "http://localhost:8000/" "Mozilla/5.0 (Windows NT 10.0; Win64; x64) AppleWebKit/537.36 (KHTML, like Gecko) Chrome/81.0.4044.138 Safari/537.36"
::1 - - [10/May/2020:14:20:07 +0000] "POST /users/create-session HTTP/1.1" 302 72 "http://localhost:8000/users/sign-in" "Mozilla/5.0 (Windows NT 10.0; Win64; x64) AppleWebKit/537.36 (KHTML, like Gecko) Chrome/81.0.4044.138 Safari/537.36"
::1 - - [10/May/2020:14:20:07 +0000] "GET /users/sign-in HTTP/1.1" 200 5025 "http://localhost:8000/users/sign-in" "Mozilla/5.0 (Windows NT 10.0; Win64; x64) AppleWebKit/537.36 (KHTML, like Gecko) Chrome/81.0.4044.138 Safari/537.36"
::1 - - [10/May/2020:14:20:18 +0000] "POST /users/create-session HTTP/1.1" 302 46 "http://localhost:8000/users/sign-in" "Mozilla/5.0 (Windows NT 10.0; Win64; x64) AppleWebKit/537.36 (KHTML, like Gecko) Chrome/81.0.4044.138 Safari/537.36"
::1 - - [10/May/2020:14:20:18 +0000] "GET / HTTP/1.1" 200 60440 "http://localhost:8000/users/sign-in" "Mozilla/5.0 (Windows NT 10.0; Win64; x64) AppleWebKit/537.36 (KHTML, like Gecko) Chrome/81.0.4044.138 Safari/537.36"
::1 - - [10/May/2020:14:20:27 +0000] "GET /posts/destroy-post/5eb7e2edad816669e8791596 HTTP/1.1" 200 107 "http://localhost:8000/" "Mozilla/5.0 (Windows NT 10.0; Win64; x64) AppleWebKit/537.36 (KHTML, like Gecko) Chrome/81.0.4044.138 Safari/537.36"
::1 - - [10/May/2020:14:21:20 +0000] "GET / HTTP/1.1" 200 54976 "http://localhost:8000/users/sign-in" "Mozilla/5.0 (Windows NT 10.0; Win64; x64) AppleWebKit/537.36 (KHTML, like Gecko) Chrome/81.0.4044.138 Safari/537.36"
::1 - - [10/May/2020:14:21:32 +0000] "GET /comments/replies/5eb645d596ebcf1657d1e0f9 HTTP/1.1" 200 11060 "http://localhost:8000/" "Mozilla/5.0 (Windows NT 10.0; Win64; x64) AppleWebKit/537.36 (KHTML, like Gecko) Chrome/81.0.4044.138 Safari/537.36"
::1 - - [10/May/2020:14:36:24 +0000] "GET /comments/replies/5eb645d596ebcf1657d1e0f9 HTTP/1.1" 200 11024 "http://localhost:8000/" "Mozilla/5.0 (Windows NT 10.0; Win64; x64) AppleWebKit/537.36 (KHTML, like Gecko) Chrome/81.0.4044.138 Safari/537.36"
::1 - - [10/May/2020:14:37:16 +0000] "GET /comments/replies/5eb645d596ebcf1657d1e0f9 HTTP/1.1" 304 - "http://localhost:8000/" "Mozilla/5.0 (Windows NT 10.0; Win64; x64) AppleWebKit/537.36 (KHTML, like Gecko) Chrome/81.0.4044.138 Safari/537.36"
::1 - - [10/May/2020:14:37:36 +0000] "GET /comments/replies/5eb645d596ebcf1657d1e0f9 HTTP/1.1" 304 - "http://localhost:8000/" "Mozilla/5.0 (Windows NT 10.0; Win64; x64) AppleWebKit/537.36 (KHTML, like Gecko) Chrome/81.0.4044.138 Safari/537.36"
::ffff:127.0.0.1 - - [10/May/2020:14:38:38 +0000] "GET /comments/destroy-comment-reply/5eb80359ad816669e879159e HTTP/1.1" - - "-" "Mozilla/5.0 (Windows NT 10.0; Win64; x64) AppleWebKit/537.36 (KHTML, like Gecko) Chrome/81.0.4044.138 Safari/537.36"
::ffff:127.0.0.1 - - [10/May/2020:14:38:40 +0000] "GET /comments/replies/5eb645d596ebcf1657d1e0f9 HTTP/1.1" 304 - "http://localhost:8000/" "Mozilla/5.0 (Windows NT 10.0; Win64; x64) AppleWebKit/537.36 (KHTML, like Gecko) Chrome/81.0.4044.138 Safari/537.36"
::ffff:127.0.0.1 - - [10/May/2020:14:39:50 +0000] "GET /comments/destroy-comment-reply/5eb80359ad816669e879159e HTTP/1.1" - - "-" "Mozilla/5.0 (Windows NT 10.0; Win64; x64) AppleWebKit/537.36 (KHTML, like Gecko) Chrome/81.0.4044.138 Safari/537.36"
::ffff:127.0.0.1 - - [10/May/2020:14:39:53 +0000] "GET /comments/replies/5eb645d596ebcf1657d1e0f9 HTTP/1.1" 304 - "http://localhost:8000/" "Mozilla/5.0 (Windows NT 10.0; Win64; x64) AppleWebKit/537.36 (KHTML, like Gecko) Chrome/81.0.4044.138 Safari/537.36"
::ffff:127.0.0.1 - - [10/May/2020:14:40:23 +0000] "GET /comments/replies/5eb645d596ebcf1657d1e0f9 HTTP/1.1" 304 - "http://localhost:8000/" "Mozilla/5.0 (Windows NT 10.0; Win64; x64) AppleWebKit/537.36 (KHTML, like Gecko) Chrome/81.0.4044.138 Safari/537.36"
::ffff:127.0.0.1 - - [10/May/2020:14:41:10 +0000] "GET /comments/destroy-comment-reply/5eb80359ad816669e879159e HTTP/1.1" 302 46 "-" "Mozilla/5.0 (Windows NT 10.0; Win64; x64) AppleWebKit/537.36 (KHTML, like Gecko) Chrome/81.0.4044.138 Safari/537.36"
::ffff:127.0.0.1 - - [10/May/2020:14:41:10 +0000] "GET / HTTP/1.1" 200 55215 "-" "Mozilla/5.0 (Windows NT 10.0; Win64; x64) AppleWebKit/537.36 (KHTML, like Gecko) Chrome/81.0.4044.138 Safari/537.36"
::1 - - [10/May/2020:14:41:30 +0000] "GET /comments/replies/5eb645d596ebcf1657d1e0f9 HTTP/1.1" 200 9103 "http://localhost:8000/" "Mozilla/5.0 (Windows NT 10.0; Win64; x64) AppleWebKit/537.36 (KHTML, like Gecko) Chrome/81.0.4044.138 Safari/537.36"
::1 - - [10/May/2020:14:42:00 +0000] "GET /comments/replies/5eb645d596ebcf1657d1e0f9 HTTP/1.1" 304 - "http://localhost:8000/" "Mozilla/5.0 (Windows NT 10.0; Win64; x64) AppleWebKit/537.36 (KHTML, like Gecko) Chrome/81.0.4044.138 Safari/537.36"
::1 - - [10/May/2020:14:42:31 +0000] "GET /comments/destroy-comment-reply/5eb80358ad816669e879159d HTTP/1.1" 302 46 "-" "Mozilla/5.0 (Windows NT 10.0; Win64; x64) AppleWebKit/537.36 (KHTML, like Gecko) Chrome/81.0.4044.138 Safari/537.36"
::1 - - [10/May/2020:14:42:31 +0000] "GET / HTTP/1.1" 304 - "-" "Mozilla/5.0 (Windows NT 10.0; Win64; x64) AppleWebKit/537.36 (KHTML, like Gecko) Chrome/81.0.4044.138 Safari/537.36"
::1 - - [10/May/2020:14:43:49 +0000] "GET / HTTP/1.1" 200 54976 "-" "Mozilla/5.0 (Windows NT 10.0; Win64; x64) AppleWebKit/537.36 (KHTML, like Gecko) Chrome/81.0.4044.138 Safari/537.36"
::1 - - [10/May/2020:14:43:53 +0000] "GET /comments/replies/5eb645d596ebcf1657d1e0f9 HTTP/1.1" 200 5261 "http://localhost:8000/" "Mozilla/5.0 (Windows NT 10.0; Win64; x64) AppleWebKit/537.36 (KHTML, like Gecko) Chrome/81.0.4044.138 Safari/537.36"
::1 - - [10/May/2020:14:44:01 +0000] "POST /comments/create-comment-reply HTTP/1.1" 200 307 "http://localhost:8000/comments/replies/5eb645d596ebcf1657d1e0f9" "Mozilla/5.0 (Windows NT 10.0; Win64; x64) AppleWebKit/537.36 (KHTML, like Gecko) Chrome/81.0.4044.138 Safari/537.36"
::1 - - [10/May/2020:14:44:02 +0000] "POST /comments/create-comment-reply HTTP/1.1" 200 307 "http://localhost:8000/comments/replies/5eb645d596ebcf1657d1e0f9" "Mozilla/5.0 (Windows NT 10.0; Win64; x64) AppleWebKit/537.36 (KHTML, like Gecko) Chrome/81.0.4044.138 Safari/537.36"
::1 - - [10/May/2020:14:44:06 +0000] "GET /comments/replies/5eb645d596ebcf1657d1e0f9 HTTP/1.1" 200 9105 "http://localhost:8000/" "Mozilla/5.0 (Windows NT 10.0; Win64; x64) AppleWebKit/537.36 (KHTML, like Gecko) Chrome/81.0.4044.138 Safari/537.36"
::1 - - [10/May/2020:14:44:33 +0000] "GET /comments/destroy-comment-reply/5eb81332eb53fc0da8afa8ca HTTP/1.1" 302 170 "http://localhost:8000/comments/replies/5eb645d596ebcf1657d1e0f9" "Mozilla/5.0 (Windows NT 10.0; Win64; x64) AppleWebKit/537.36 (KHTML, like Gecko) Chrome/81.0.4044.138 Safari/537.36"
::1 - - [10/May/2020:14:44:34 +0000] "GET /comments/replies/5eb645d596ebcf1657d1e0f9 HTTP/1.1" 200 7424 "http://localhost:8000/comments/replies/5eb645d596ebcf1657d1e0f9" "Mozilla/5.0 (Windows NT 10.0; Win64; x64) AppleWebKit/537.36 (KHTML, like Gecko) Chrome/81.0.4044.138 Safari/537.36"
::1 - - [10/May/2020:14:44:57 +0000] "GET /comments/replies/5eb645d596ebcf1657d1e0f9 HTTP/1.1" 200 7183 "http://localhost:8000/comments/replies/5eb645d596ebcf1657d1e0f9" "Mozilla/5.0 (Windows NT 10.0; Win64; x64) AppleWebKit/537.36 (KHTML, like Gecko) Chrome/81.0.4044.138 Safari/537.36"
::1 - - [10/May/2020:14:46:00 +0000] "GET /comments/replies/5eb645d596ebcf1657d1e0f9 HTTP/1.1" 200 5261 "http://localhost:8000/comments/replies/5eb645d596ebcf1657d1e0f9" "Mozilla/5.0 (Windows NT 10.0; Win64; x64) AppleWebKit/537.36 (KHTML, like Gecko) Chrome/81.0.4044.138 Safari/537.36"
::1 - - [10/May/2020:14:46:04 +0000] "POST /comments/create-comment-reply HTTP/1.1" 200 312 "http://localhost:8000/comments/replies/5eb645d596ebcf1657d1e0f9" "Mozilla/5.0 (Windows NT 10.0; Win64; x64) AppleWebKit/537.36 (KHTML, like Gecko) Chrome/81.0.4044.138 Safari/537.36"
::1 - - [10/May/2020:14:46:06 +0000] "GET /comments/replies/5eb645d596ebcf1657d1e0f9 HTTP/1.1" 200 7188 "http://localhost:8000/comments/replies/5eb645d596ebcf1657d1e0f9" "Mozilla/5.0 (Windows NT 10.0; Win64; x64) AppleWebKit/537.36 (KHTML, like Gecko) Chrome/81.0.4044.138 Safari/537.36"
::1 - - [10/May/2020:14:46:16 +0000] "GET /comments/replies/5eb645d596ebcf1657d1e0f9 HTTP/1.1" 304 - "http://localhost:8000/comments/replies/5eb645d596ebcf1657d1e0f9" "Mozilla/5.0 (Windows NT 10.0; Win64; x64) AppleWebKit/537.36 (KHTML, like Gecko) Chrome/81.0.4044.138 Safari/537.36"
::1 - - [10/May/2020:14:47:24 +0000] "GET /comments/replies/5eb645d596ebcf1657d1e0f9 HTTP/1.1" 304 - "http://localhost:8000/comments/replies/5eb645d596ebcf1657d1e0f9" "Mozilla/5.0 (Windows NT 10.0; Win64; x64) AppleWebKit/537.36 (KHTML, like Gecko) Chrome/81.0.4044.138 Safari/537.36"
::1 - - [10/May/2020:14:47:49 +0000] "GET /comments/replies/5eb645d596ebcf1657d1e0f9 HTTP/1.1" 304 - "http://localhost:8000/comments/replies/5eb645d596ebcf1657d1e0f9" "Mozilla/5.0 (Windows NT 10.0; Win64; x64) AppleWebKit/537.36 (KHTML, like Gecko) Chrome/81.0.4044.138 Safari/537.36"
::1 - - [10/May/2020:14:48:04 +0000] "GET /comments/replies/5eb645d596ebcf1657d1e0f9 HTTP/1.1" 304 - "http://localhost:8000/comments/replies/5eb645d596ebcf1657d1e0f9" "Mozilla/5.0 (Windows NT 10.0; Win64; x64) AppleWebKit/537.36 (KHTML, like Gecko) Chrome/81.0.4044.138 Safari/537.36"
::1 - - [10/May/2020:14:48:25 +0000] "GET /comments/replies/5eb645d596ebcf1657d1e0f9 HTTP/1.1" 200 7168 "http://localhost:8000/comments/replies/5eb645d596ebcf1657d1e0f9" "Mozilla/5.0 (Windows NT 10.0; Win64; x64) AppleWebKit/537.36 (KHTML, like Gecko) Chrome/81.0.4044.138 Safari/537.36"
::1 - - [10/May/2020:14:48:30 +0000] "GET /comments/destroy-comment-reply/5eb813abeb53fc0da8afa8cb HTTP/1.1" 302 170 "http://localhost:8000/comments/replies/5eb645d596ebcf1657d1e0f9" "Mozilla/5.0 (Windows NT 10.0; Win64; x64) AppleWebKit/537.36 (KHTML, like Gecko) Chrome/81.0.4044.138 Safari/537.36"
::1 - - [10/May/2020:14:48:31 +0000] "GET /comments/replies/5eb645d596ebcf1657d1e0f9 HTTP/1.1" 200 5502 "http://localhost:8000/comments/replies/5eb645d596ebcf1657d1e0f9" "Mozilla/5.0 (Windows NT 10.0; Win64; x64) AppleWebKit/537.36 (KHTML, like Gecko) Chrome/81.0.4044.138 Safari/537.36"
::1 - - [10/May/2020:14:49:10 +0000] "GET /comments/replies/5eb645d596ebcf1657d1e0f9 HTTP/1.1" 200 5261 "http://localhost:8000/comments/replies/5eb645d596ebcf1657d1e0f9" "Mozilla/5.0 (Windows NT 10.0; Win64; x64) AppleWebKit/537.36 (KHTML, like Gecko) Chrome/81.0.4044.138 Safari/537.36"
::1 - - [10/May/2020:14:49:29 +0000] "GET /comments/replies/5eb645d596ebcf1657d1e0f9 HTTP/1.1" 304 - "http://localhost:8000/comments/replies/5eb645d596ebcf1657d1e0f9" "Mozilla/5.0 (Windows NT 10.0; Win64; x64) AppleWebKit/537.36 (KHTML, like Gecko) Chrome/81.0.4044.138 Safari/537.36"
::1 - - [10/May/2020:14:49:33 +0000] "POST /comments/create-comment-reply HTTP/1.1" 200 308 "http://localhost:8000/comments/replies/5eb645d596ebcf1657d1e0f9" "Mozilla/5.0 (Windows NT 10.0; Win64; x64) AppleWebKit/537.36 (KHTML, like Gecko) Chrome/81.0.4044.138 Safari/537.36"
::1 - - [10/May/2020:14:49:36 +0000] "GET /comments/replies/5eb645d596ebcf1657d1e0f9 HTTP/1.1" 200 7164 "http://localhost:8000/comments/replies/5eb645d596ebcf1657d1e0f9" "Mozilla/5.0 (Windows NT 10.0; Win64; x64) AppleWebKit/537.36 (KHTML, like Gecko) Chrome/81.0.4044.138 Safari/537.36"
::1 - - [10/May/2020:14:49:41 +0000] "GET /comments/destroy-comment-reply/5eb8147d91bbd8102d5a5700 HTTP/1.1" 302 170 "http://localhost:8000/comments/replies/5eb645d596ebcf1657d1e0f9" "Mozilla/5.0 (Windows NT 10.0; Win64; x64) AppleWebKit/537.36 (KHTML, like Gecko) Chrome/81.0.4044.138 Safari/537.36"
::1 - - [10/May/2020:14:49:41 +0000] "GET /comments/replies/5eb645d596ebcf1657d1e0f9 HTTP/1.1" 200 5502 "http://localhost:8000/comments/replies/5eb645d596ebcf1657d1e0f9" "Mozilla/5.0 (Windows NT 10.0; Win64; x64) AppleWebKit/537.36 (KHTML, like Gecko) Chrome/81.0.4044.138 Safari/537.36"
::1 - - [10/May/2020:14:50:59 +0000] "GET /comments/replies/5eb645d596ebcf1657d1e0f9 HTTP/1.1" 200 5261 "http://localhost:8000/comments/replies/5eb645d596ebcf1657d1e0f9" "Mozilla/5.0 (Windows NT 10.0; Win64; x64) AppleWebKit/537.36 (KHTML, like Gecko) Chrome/81.0.4044.138 Safari/537.36"
::1 - - [10/May/2020:14:51:21 +0000] "POST /comments/create-comment-reply HTTP/1.1" 200 312 "http://localhost:8000/comments/replies/5eb645d596ebcf1657d1e0f9" "Mozilla/5.0 (Windows NT 10.0; Win64; x64) AppleWebKit/537.36 (KHTML, like Gecko) Chrome/81.0.4044.138 Safari/537.36"
::1 - - [10/May/2020:14:51:22 +0000] "POST /comments/create-comment-reply HTTP/1.1" 200 312 "http://localhost:8000/comments/replies/5eb645d596ebcf1657d1e0f9" "Mozilla/5.0 (Windows NT 10.0; Win64; x64) AppleWebKit/537.36 (KHTML, like Gecko) Chrome/81.0.4044.138 Safari/537.36"
::1 - - [10/May/2020:14:51:23 +0000] "POST /comments/create-comment-reply HTTP/1.1" 200 312 "http://localhost:8000/comments/replies/5eb645d596ebcf1657d1e0f9" "Mozilla/5.0 (Windows NT 10.0; Win64; x64) AppleWebKit/537.36 (KHTML, like Gecko) Chrome/81.0.4044.138 Safari/537.36"
::1 - - [10/May/2020:14:51:27 +0000] "POST /comments/create-comment-reply HTTP/1.1" 200 312 "http://localhost:8000/comments/replies/5eb645d596ebcf1657d1e0f9" "Mozilla/5.0 (Windows NT 10.0; Win64; x64) AppleWebKit/537.36 (KHTML, like Gecko) Chrome/81.0.4044.138 Safari/537.36"
::1 - - [10/May/2020:14:52:15 +0000] "GET /comments/replies/5eb645d596ebcf1657d1e0f9 HTTP/1.1" 200 12889 "http://localhost:8000/comments/replies/5eb645d596ebcf1657d1e0f9" "Mozilla/5.0 (Windows NT 10.0; Win64; x64) AppleWebKit/537.36 (KHTML, like Gecko) Chrome/81.0.4044.138 Safari/537.36"
::1 - - [10/May/2020:14:52:45 +0000] "GET /comments/replies/5eb645d596ebcf1657d1e0f9 HTTP/1.1" 304 - "http://localhost:8000/comments/replies/5eb645d596ebcf1657d1e0f9" "Mozilla/5.0 (Windows NT 10.0; Win64; x64) AppleWebKit/537.36 (KHTML, like Gecko) Chrome/81.0.4044.138 Safari/537.36"
::1 - - [10/May/2020:14:52:57 +0000] "GET /comments/destroy-comment-reply/5eb814ef656e5711211f4bce HTTP/1.1" 302 170 "http://localhost:8000/comments/replies/5eb645d596ebcf1657d1e0f9" "Mozilla/5.0 (Windows NT 10.0; Win64; x64) AppleWebKit/537.36 (KHTML, like Gecko) Chrome/81.0.4044.138 Safari/537.36"
::1 - - [10/May/2020:14:52:57 +0000] "GET /comments/replies/5eb645d596ebcf1657d1e0f9 HTTP/1.1" 200 11224 "http://localhost:8000/comments/replies/5eb645d596ebcf1657d1e0f9" "Mozilla/5.0 (Windows NT 10.0; Win64; x64) AppleWebKit/537.36 (KHTML, like Gecko) Chrome/81.0.4044.138 Safari/537.36"
::1 - - [10/May/2020:15:03:39 +0000] "GET /comments/replies/5eb645d596ebcf1657d1e0f9 HTTP/1.1" 200 11011 "http://localhost:8000/comments/replies/5eb645d596ebcf1657d1e0f9" "Mozilla/5.0 (Windows NT 10.0; Win64; x64) AppleWebKit/537.36 (KHTML, like Gecko) Chrome/81.0.4044.138 Safari/537.36"
::ffff:127.0.0.1 - - [10/May/2020:15:04:16 +0000] "GET /comments/replies/5eb645d596ebcf1657d1e0f9 HTTP/1.1" 304 - "http://localhost:8000/comments/replies/5eb645d596ebcf1657d1e0f9" "Mozilla/5.0 (Windows NT 10.0; Win64; x64) AppleWebKit/537.36 (KHTML, like Gecko) Chrome/81.0.4044.138 Safari/537.36"
::1 - - [10/May/2020:15:05:02 +0000] "GET /comments/replies/5eb645d596ebcf1657d1e0f9 HTTP/1.1" 304 - "http://localhost:8000/comments/replies/5eb645d596ebcf1657d1e0f9" "Mozilla/5.0 (Windows NT 10.0; Win64; x64) AppleWebKit/537.36 (KHTML, like Gecko) Chrome/81.0.4044.138 Safari/537.36"
::1 - - [10/May/2020:15:07:29 +0000] "GET /comments/replies/5eb645d596ebcf1657d1e0f9 HTTP/1.1" 304 - "http://localhost:8000/comments/replies/5eb645d596ebcf1657d1e0f9" "Mozilla/5.0 (Windows NT 10.0; Win64; x64) AppleWebKit/537.36 (KHTML, like Gecko) Chrome/81.0.4044.138 Safari/537.36"
::1 - - [10/May/2020:15:07:51 +0000] "GET /comments/replies/5eb645d596ebcf1657d1e0f9 HTTP/1.1" 304 - "http://localhost:8000/comments/replies/5eb645d596ebcf1657d1e0f9" "Mozilla/5.0 (Windows NT 10.0; Win64; x64) AppleWebKit/537.36 (KHTML, like Gecko) Chrome/81.0.4044.138 Safari/537.36"
::1 - - [10/May/2020:15:08:09 +0000] "GET /comments/replies/5eb645d596ebcf1657d1e0f9 HTTP/1.1" 304 - "http://localhost:8000/comments/replies/5eb645d596ebcf1657d1e0f9" "Mozilla/5.0 (Windows NT 10.0; Win64; x64) AppleWebKit/537.36 (KHTML, like Gecko) Chrome/81.0.4044.138 Safari/537.36"
::1 - - [10/May/2020:15:10:21 +0000] "GET /comments/replies/5eb645d596ebcf1657d1e0f9 HTTP/1.1" 304 - "http://localhost:8000/comments/replies/5eb645d596ebcf1657d1e0f9" "Mozilla/5.0 (Windows NT 10.0; Win64; x64) AppleWebKit/537.36 (KHTML, like Gecko) Chrome/81.0.4044.138 Safari/537.36"
::1 - - [10/May/2020:15:10:35 +0000] "GET /comments/replies/5eb645d596ebcf1657d1e0f9 HTTP/1.1" 304 - "http://localhost:8000/comments/replies/5eb645d596ebcf1657d1e0f9" "Mozilla/5.0 (Windows NT 10.0; Win64; x64) AppleWebKit/537.36 (KHTML, like Gecko) Chrome/81.0.4044.138 Safari/537.36"
::1 - - [10/May/2020:15:11:14 +0000] "GET /comments/replies/5eb645d596ebcf1657d1e0f9 HTTP/1.1" 304 - "http://localhost:8000/comments/replies/5eb645d596ebcf1657d1e0f9" "Mozilla/5.0 (Windows NT 10.0; Win64; x64) AppleWebKit/537.36 (KHTML, like Gecko) Chrome/81.0.4044.138 Safari/537.36"
::1 - - [10/May/2020:15:11:31 +0000] "GET /comments/replies/5eb645d596ebcf1657d1e0f9 HTTP/1.1" 304 - "http://localhost:8000/comments/replies/5eb645d596ebcf1657d1e0f9" "Mozilla/5.0 (Windows NT 10.0; Win64; x64) AppleWebKit/537.36 (KHTML, like Gecko) Chrome/81.0.4044.138 Safari/537.36"
::1 - - [10/May/2020:15:12:42 +0000] "GET /comments/replies/5eb645d596ebcf1657d1e0f9 HTTP/1.1" 304 - "http://localhost:8000/comments/replies/5eb645d596ebcf1657d1e0f9" "Mozilla/5.0 (Windows NT 10.0; Win64; x64) AppleWebKit/537.36 (KHTML, like Gecko) Chrome/81.0.4044.138 Safari/537.36"
::1 - - [10/May/2020:15:13:09 +0000] "GET /comments/replies/5eb645d596ebcf1657d1e0f9 HTTP/1.1" 304 - "http://localhost:8000/comments/replies/5eb645d596ebcf1657d1e0f9" "Mozilla/5.0 (Windows NT 10.0; Win64; x64) AppleWebKit/537.36 (KHTML, like Gecko) Chrome/81.0.4044.138 Safari/537.36"
::1 - - [10/May/2020:15:14:06 +0000] "GET /comments/replies/5eb645d596ebcf1657d1e0f9 HTTP/1.1" 304 - "http://localhost:8000/comments/replies/5eb645d596ebcf1657d1e0f9" "Mozilla/5.0 (Windows NT 10.0; Win64; x64) AppleWebKit/537.36 (KHTML, like Gecko) Chrome/81.0.4044.138 Safari/537.36"
::1 - - [10/May/2020:15:14:43 +0000] "GET /comments/replies/5eb645d596ebcf1657d1e0f9 HTTP/1.1" 304 - "http://localhost:8000/comments/replies/5eb645d596ebcf1657d1e0f9" "Mozilla/5.0 (Windows NT 10.0; Win64; x64) AppleWebKit/537.36 (KHTML, like Gecko) Chrome/81.0.4044.138 Safari/537.36"
::1 - - [10/May/2020:15:15:28 +0000] "GET /comments/replies/5eb645d596ebcf1657d1e0f9 HTTP/1.1" 304 - "http://localhost:8000/comments/replies/5eb645d596ebcf1657d1e0f9" "Mozilla/5.0 (Windows NT 10.0; Win64; x64) AppleWebKit/537.36 (KHTML, like Gecko) Chrome/81.0.4044.138 Safari/537.36"
::1 - - [10/May/2020:15:15:37 +0000] "GET /comments/destroy-comment-reply/5eb814eb656e5711211f4bcd HTTP/1.1" 200 86 "http://localhost:8000/comments/replies/5eb645d596ebcf1657d1e0f9" "Mozilla/5.0 (Windows NT 10.0; Win64; x64) AppleWebKit/537.36 (KHTML, like Gecko) Chrome/81.0.4044.138 Safari/537.36"
::1 - - [10/May/2020:15:15:46 +0000] "GET /comments/replies/5eb645d596ebcf1657d1e0f9 HTTP/1.1" 200 9104 "http://localhost:8000/comments/replies/5eb645d596ebcf1657d1e0f9" "Mozilla/5.0 (Windows NT 10.0; Win64; x64) AppleWebKit/537.36 (KHTML, like Gecko) Chrome/81.0.4044.138 Safari/537.36"
::1 - - [10/May/2020:15:16:48 +0000] "GET /comments/replies/5eb645d596ebcf1657d1e0f9 HTTP/1.1" 304 - "http://localhost:8000/comments/replies/5eb645d596ebcf1657d1e0f9" "Mozilla/5.0 (Windows NT 10.0; Win64; x64) AppleWebKit/537.36 (KHTML, like Gecko) Chrome/81.0.4044.138 Safari/537.36"
::1 - - [10/May/2020:15:16:54 +0000] "GET /comments/destroy-comment-reply/5eb814ea656e5711211f4bcc HTTP/1.1" 200 86 "http://localhost:8000/comments/replies/5eb645d596ebcf1657d1e0f9" "Mozilla/5.0 (Windows NT 10.0; Win64; x64) AppleWebKit/537.36 (KHTML, like Gecko) Chrome/81.0.4044.138 Safari/537.36"
::1 - - [10/May/2020:15:17:26 +0000] "GET /comments/replies/5eb645d596ebcf1657d1e0f9 HTTP/1.1" 200 7217 "http://localhost:8000/comments/replies/5eb645d596ebcf1657d1e0f9" "Mozilla/5.0 (Windows NT 10.0; Win64; x64) AppleWebKit/537.36 (KHTML, like Gecko) Chrome/81.0.4044.138 Safari/537.36"
::1 - - [10/May/2020:15:17:35 +0000] "POST /comments/create-comment-reply HTTP/1.1" 200 308 "http://localhost:8000/comments/replies/5eb645d596ebcf1657d1e0f9" "Mozilla/5.0 (Windows NT 10.0; Win64; x64) AppleWebKit/537.36 (KHTML, like Gecko) Chrome/81.0.4044.138 Safari/537.36"
::1 - - [10/May/2020:15:19:31 +0000] "GET /comments/replies/5eb645d596ebcf1657d1e0f9 HTTP/1.1" 200 9140 "http://localhost:8000/comments/replies/5eb645d596ebcf1657d1e0f9" "Mozilla/5.0 (Windows NT 10.0; Win64; x64) AppleWebKit/537.36 (KHTML, like Gecko) Chrome/81.0.4044.138 Safari/537.36"
::1 - - [10/May/2020:15:19:37 +0000] "GET /comments/destroy-comment-reply/5eb81b0f9642012a1385f5de HTTP/1.1" 200 86 "http://localhost:8000/comments/replies/5eb645d596ebcf1657d1e0f9" "Mozilla/5.0 (Windows NT 10.0; Win64; x64) AppleWebKit/537.36 (KHTML, like Gecko) Chrome/81.0.4044.138 Safari/537.36"
::1 - - [10/May/2020:15:19:42 +0000] "POST /comments/create-comment-reply HTTP/1.1" 200 307 "http://localhost:8000/comments/replies/5eb645d596ebcf1657d1e0f9" "Mozilla/5.0 (Windows NT 10.0; Win64; x64) AppleWebKit/537.36 (KHTML, like Gecko) Chrome/81.0.4044.138 Safari/537.36"
::1 - - [10/May/2020:15:19:49 +0000] "GET /comments/replies/5eb645d596ebcf1657d1e0f9 HTTP/1.1" 200 9139 "http://localhost:8000/comments/replies/5eb645d596ebcf1657d1e0f9" "Mozilla/5.0 (Windows NT 10.0; Win64; x64) AppleWebKit/537.36 (KHTML, like Gecko) Chrome/81.0.4044.138 Safari/537.36"
::1 - - [10/May/2020:15:19:53 +0000] "GET /comments/destroy-comment-reply/5eb81b8eb10e092c4b9cc616 HTTP/1.1" 200 86 "http://localhost:8000/comments/replies/5eb645d596ebcf1657d1e0f9" "Mozilla/5.0 (Windows NT 10.0; Win64; x64) AppleWebKit/537.36 (KHTML, like Gecko) Chrome/81.0.4044.138 Safari/537.36"
::1 - - [10/May/2020:15:22:13 +0000] "GET /comments/replies/5eb645d596ebcf1657d1e0f9 HTTP/1.1" 200 7217 "http://localhost:8000/comments/replies/5eb645d596ebcf1657d1e0f9" "Mozilla/5.0 (Windows NT 10.0; Win64; x64) AppleWebKit/537.36 (KHTML, like Gecko) Chrome/81.0.4044.138 Safari/537.36"
