::1 - - [31/May/2020:05:50:15 +0000] "GET / HTTP/1.1" 200 5454 "-" "Mozilla/5.0 (Windows NT 10.0; Win64; x64) AppleWebKit/537.36 (KHTML, like Gecko) Chrome/83.0.4103.61 Safari/537.36"
::1 - - [31/May/2020:05:50:18 +0000] "GET /users/sign-in HTTP/1.1" 200 4999 "http://localhost:8000/" "Mozilla/5.0 (Windows NT 10.0; Win64; x64) AppleWebKit/537.36 (KHTML, like Gecko) Chrome/83.0.4103.61 Safari/537.36"
::1 - - [31/May/2020:05:50:22 +0000] "POST /users/create-session HTTP/1.1" 302 46 "http://localhost:8000/users/sign-in" "Mozilla/5.0 (Windows NT 10.0; Win64; x64) AppleWebKit/537.36 (KHTML, like Gecko) Chrome/83.0.4103.61 Safari/537.36"
::1 - - [31/May/2020:05:50:23 +0000] "GET / HTTP/1.1" 200 38659 "http://localhost:8000/users/sign-in" "Mozilla/5.0 (Windows NT 10.0; Win64; x64) AppleWebKit/537.36 (KHTML, like Gecko) Chrome/83.0.4103.61 Safari/537.36"
::1 - - [31/May/2020:05:50:26 +0000] "GET /users/profile/5e9190afaa9a4812fdf4850c HTTP/1.1" 200 9876 "http://localhost:8000/" "Mozilla/5.0 (Windows NT 10.0; Win64; x64) AppleWebKit/537.36 (KHTML, like Gecko) Chrome/83.0.4103.61 Safari/537.36"
::1 - - [31/May/2020:05:53:44 +0000] "GET /users/profile/5e9190afaa9a4812fdf4850c HTTP/1.1" 304 - "http://localhost:8000/" "Mozilla/5.0 (Windows NT 10.0; Win64; x64) AppleWebKit/537.36 (KHTML, like Gecko) Chrome/83.0.4103.61 Safari/537.36"
::ffff:127.0.0.1 - - [31/May/2020:05:57:38 +0000] "GET /users/profile/5e9190afaa9a4812fdf4850c HTTP/1.1" 200 9938 "http://localhost:8000/" "Mozilla/5.0 (Windows NT 10.0; Win64; x64) AppleWebKit/537.36 (KHTML, like Gecko) Chrome/83.0.4103.61 Safari/537.36"
::1 - - [31/May/2020:05:58:36 +0000] "GET /users/profile/5e9190afaa9a4812fdf4850c HTTP/1.1" 304 - "http://localhost:8000/" "Mozilla/5.0 (Windows NT 10.0; Win64; x64) AppleWebKit/537.36 (KHTML, like Gecko) Chrome/83.0.4103.61 Safari/537.36"
::1 - - [31/May/2020:06:00:02 +0000] "GET /users/profile/5e9190afaa9a4812fdf4850c HTTP/1.1" 304 - "http://localhost:8000/" "Mozilla/5.0 (Windows NT 10.0; Win64; x64) AppleWebKit/537.36 (KHTML, like Gecko) Chrome/83.0.4103.61 Safari/537.36"
::1 - - [31/May/2020:06:00:19 +0000] "GET /users/profile/5e9190afaa9a4812fdf4850c HTTP/1.1" 304 - "http://localhost:8000/" "Mozilla/5.0 (Windows NT 10.0; Win64; x64) AppleWebKit/537.36 (KHTML, like Gecko) Chrome/83.0.4103.61 Safari/537.36"
::1 - - [31/May/2020:06:02:13 +0000] "GET /users/profile/5e9190afaa9a4812fdf4850c HTTP/1.1" 304 - "http://localhost:8000/" "Mozilla/5.0 (Windows NT 10.0; Win64; x64) AppleWebKit/537.36 (KHTML, like Gecko) Chrome/83.0.4103.61 Safari/537.36"
::1 - - [31/May/2020:06:06:50 +0000] "GET /users/profile/5e9190afaa9a4812fdf4850c HTTP/1.1" 304 - "http://localhost:8000/" "Mozilla/5.0 (Windows NT 10.0; Win64; x64) AppleWebKit/537.36 (KHTML, like Gecko) Chrome/83.0.4103.61 Safari/537.36"
::1 - - [31/May/2020:06:13:39 +0000] "GET /users/profile/5e9190afaa9a4812fdf4850c HTTP/1.1" 304 - "http://localhost:8000/" "Mozilla/5.0 (Windows NT 10.0; Win64; x64) AppleWebKit/537.36 (KHTML, like Gecko) Chrome/83.0.4103.61 Safari/537.36"
::1 - - [31/May/2020:06:14:05 +0000] "GET /users/profile/5e9190afaa9a4812fdf4850c HTTP/1.1" 304 - "http://localhost:8000/" "Mozilla/5.0 (Windows NT 10.0; Win64; x64) AppleWebKit/537.36 (KHTML, like Gecko) Chrome/83.0.4103.61 Safari/537.36"
::1 - - [31/May/2020:06:16:20 +0000] "GET /users/profile/5e9190afaa9a4812fdf4850c HTTP/1.1" 304 - "http://localhost:8000/" "Mozilla/5.0 (Windows NT 10.0; Win64; x64) AppleWebKit/537.36 (KHTML, like Gecko) Chrome/83.0.4103.61 Safari/537.36"
::1 - - [31/May/2020:06:24:42 +0000] "GET /users/profile/5e9190afaa9a4812fdf4850c HTTP/1.1" 304 - "http://localhost:8000/" "Mozilla/5.0 (Windows NT 10.0; Win64; x64) AppleWebKit/537.36 (KHTML, like Gecko) Chrome/83.0.4103.61 Safari/537.36"
::1 - - [31/May/2020:06:59:43 +0000] "GET /users/profile/5e9190afaa9a4812fdf4850c HTTP/1.1" 200 10090 "http://localhost:8000/" "Mozilla/5.0 (Windows NT 10.0; Win64; x64) AppleWebKit/537.36 (KHTML, like Gecko) Chrome/83.0.4103.61 Safari/537.36"
::1 - - [31/May/2020:07:00:23 +0000] "GET /users/profile/5e9190afaa9a4812fdf4850c HTTP/1.1" 304 - "http://localhost:8000/" "Mozilla/5.0 (Windows NT 10.0; Win64; x64) AppleWebKit/537.36 (KHTML, like Gecko) Chrome/83.0.4103.61 Safari/537.36"
::1 - - [31/May/2020:07:00:42 +0000] "GET /users/profile/5e9190afaa9a4812fdf4850c HTTP/1.1" 304 - "http://localhost:8000/" "Mozilla/5.0 (Windows NT 10.0; Win64; x64) AppleWebKit/537.36 (KHTML, like Gecko) Chrome/83.0.4103.61 Safari/537.36"
::1 - - [31/May/2020:07:01:59 +0000] "GET /users/profile/5e9190afaa9a4812fdf4850c HTTP/1.1" 304 - "http://localhost:8000/" "Mozilla/5.0 (Windows NT 10.0; Win64; x64) AppleWebKit/537.36 (KHTML, like Gecko) Chrome/83.0.4103.61 Safari/537.36"
::1 - - [31/May/2020:07:02:41 +0000] "GET /users/profile/5e9190afaa9a4812fdf4850c HTTP/1.1" 200 10071 "http://localhost:8000/" "Mozilla/5.0 (Windows NT 10.0; Win64; x64) AppleWebKit/537.36 (KHTML, like Gecko) Chrome/83.0.4103.61 Safari/537.36"
::1 - - [31/May/2020:07:04:45 +0000] "GET /users/profile/5e9190afaa9a4812fdf4850c HTTP/1.1" 304 - "http://localhost:8000/" "Mozilla/5.0 (Windows NT 10.0; Win64; x64) AppleWebKit/537.36 (KHTML, like Gecko) Chrome/83.0.4103.61 Safari/537.36"
::1 - - [31/May/2020:07:04:52 +0000] "GET / HTTP/1.1" 200 38422 "http://localhost:8000/users/profile/5e9190afaa9a4812fdf4850c" "Mozilla/5.0 (Windows NT 10.0; Win64; x64) AppleWebKit/537.36 (KHTML, like Gecko) Chrome/83.0.4103.61 Safari/537.36"
::1 - - [31/May/2020:07:04:54 +0000] "GET /users/profile/5e9190afaa9a4812fdf4850c HTTP/1.1" 304 - "http://localhost:8000/" "Mozilla/5.0 (Windows NT 10.0; Win64; x64) AppleWebKit/537.36 (KHTML, like Gecko) Chrome/83.0.4103.61 Safari/537.36"
::1 - - [31/May/2020:07:05:41 +0000] "GET /users/profile/5e9190afaa9a4812fdf4850c HTTP/1.1" 304 - "http://localhost:8000/" "Mozilla/5.0 (Linux; Android 6.0.1; Moto G (4)) AppleWebKit/537.36 (KHTML, like Gecko) Chrome/83.0.4103.61 Mobile Safari/537.36"
::1 - - [31/May/2020:07:06:33 +0000] "GET /users/profile/5e9190afaa9a4812fdf4850c HTTP/1.1" 304 - "http://localhost:8000/" "Mozilla/5.0 (Windows NT 10.0; Win64; x64) AppleWebKit/537.36 (KHTML, like Gecko) Chrome/83.0.4103.61 Safari/537.36"
::1 - - [31/May/2020:07:13:40 +0000] "GET /users/profile/5e9190afaa9a4812fdf4850c HTTP/1.1" 304 - "http://localhost:8000/" "Mozilla/5.0 (Windows NT 10.0; Win64; x64) AppleWebKit/537.36 (KHTML, like Gecko) Chrome/83.0.4103.61 Safari/537.36"
::1 - - [31/May/2020:07:30:32 +0000] "GET /users/profile/5e9190afaa9a4812fdf4850c HTTP/1.1" 302 72 "http://localhost:8000/" "Mozilla/5.0 (Windows NT 10.0; Win64; x64) AppleWebKit/537.36 (KHTML, like Gecko) Chrome/83.0.4103.61 Safari/537.36"
::1 - - [31/May/2020:07:30:32 +0000] "GET /users/sign-in HTTP/1.1" 304 - "http://localhost:8000/" "Mozilla/5.0 (Windows NT 10.0; Win64; x64) AppleWebKit/537.36 (KHTML, like Gecko) Chrome/83.0.4103.61 Safari/537.36"
::1 - - [31/May/2020:07:30:38 +0000] "POST /users/create-session HTTP/1.1" 302 46 "http://localhost:8000/users/sign-in" "Mozilla/5.0 (Windows NT 10.0; Win64; x64) AppleWebKit/537.36 (KHTML, like Gecko) Chrome/83.0.4103.61 Safari/537.36"
::1 - - [31/May/2020:07:30:39 +0000] "GET / HTTP/1.1" 200 38659 "http://localhost:8000/users/sign-in" "Mozilla/5.0 (Windows NT 10.0; Win64; x64) AppleWebKit/537.36 (KHTML, like Gecko) Chrome/83.0.4103.61 Safari/537.36"
::1 - - [31/May/2020:07:30:41 +0000] "GET /users/profile/5e9190afaa9a4812fdf4850c HTTP/1.1" 200 10071 "http://localhost:8000/" "Mozilla/5.0 (Windows NT 10.0; Win64; x64) AppleWebKit/537.36 (KHTML, like Gecko) Chrome/83.0.4103.61 Safari/537.36"
::1 - - [31/May/2020:07:31:02 +0000] "GET / HTTP/1.1" 200 38422 "http://localhost:8000/users/profile/5e9190afaa9a4812fdf4850c" "Mozilla/5.0 (Windows NT 10.0; Win64; x64) AppleWebKit/537.36 (KHTML, like Gecko) Chrome/83.0.4103.61 Safari/537.36"
::1 - - [31/May/2020:07:31:04 +0000] "GET /users/profile/5e952d3482159f01061054da HTTP/1.1" 200 9985 "http://localhost:8000/" "Mozilla/5.0 (Windows NT 10.0; Win64; x64) AppleWebKit/537.36 (KHTML, like Gecko) Chrome/83.0.4103.61 Safari/537.36"
::1 - - [31/May/2020:07:33:32 +0000] "GET /users/profile/5e9190afaa9a4812fdf4850c HTTP/1.1" 304 - "http://localhost:8000/users/profile/5e952d3482159f01061054da" "Mozilla/5.0 (Windows NT 10.0; Win64; x64) AppleWebKit/537.36 (KHTML, like Gecko) Chrome/83.0.4103.61 Safari/537.36"
::1 - - [31/May/2020:07:33:39 +0000] "GET / HTTP/1.1" 304 - "http://localhost:8000/users/profile/5e9190afaa9a4812fdf4850c" "Mozilla/5.0 (Windows NT 10.0; Win64; x64) AppleWebKit/537.36 (KHTML, like Gecko) Chrome/83.0.4103.61 Safari/537.36"
::1 - - [31/May/2020:07:33:42 +0000] "GET /users/profile/5e96b96f4e759d17d13171ff HTTP/1.1" 200 18374 "http://localhost:8000/" "Mozilla/5.0 (Windows NT 10.0; Win64; x64) AppleWebKit/537.36 (KHTML, like Gecko) Chrome/83.0.4103.61 Safari/537.36"
::1 - - [31/May/2020:07:35:30 +0000] "GET /users/profile/5e96b96f4e759d17d13171ff HTTP/1.1" 304 - "http://localhost:8000/" "Mozilla/5.0 (Windows NT 10.0; Win64; x64) AppleWebKit/537.36 (KHTML, like Gecko) Chrome/83.0.4103.61 Safari/537.36"
::1 - - [31/May/2020:07:35:33 +0000] "GET /users/profile/5e9190afaa9a4812fdf4850c HTTP/1.1" 304 - "http://localhost:8000/users/profile/5e96b96f4e759d17d13171ff" "Mozilla/5.0 (Windows NT 10.0; Win64; x64) AppleWebKit/537.36 (KHTML, like Gecko) Chrome/83.0.4103.61 Safari/537.36"
::1 - - [31/May/2020:07:35:39 +0000] "GET / HTTP/1.1" 304 - "http://localhost:8000/users/profile/5e9190afaa9a4812fdf4850c" "Mozilla/5.0 (Windows NT 10.0; Win64; x64) AppleWebKit/537.36 (KHTML, like Gecko) Chrome/83.0.4103.61 Safari/537.36"
::1 - - [31/May/2020:07:35:43 +0000] "GET /users/profile/5e96b96f4e759d17d13171ff HTTP/1.1" 304 - "http://localhost:8000/" "Mozilla/5.0 (Windows NT 10.0; Win64; x64) AppleWebKit/537.36 (KHTML, like Gecko) Chrome/83.0.4103.61 Safari/537.36"
::1 - - [31/May/2020:07:35:58 +0000] "GET /users/profile/5e9190afaa9a4812fdf4850c HTTP/1.1" 304 - "http://localhost:8000/users/profile/5e96b96f4e759d17d13171ff" "Mozilla/5.0 (Windows NT 10.0; Win64; x64) AppleWebKit/537.36 (KHTML, like Gecko) Chrome/83.0.4103.61 Safari/537.36"
::1 - - [31/May/2020:08:55:51 +0000] "GET /users/profile/5e9190afaa9a4812fdf4850c HTTP/1.1" 304 - "http://localhost:8000/users/profile/5e96b96f4e759d17d13171ff" "Mozilla/5.0 (Windows NT 10.0; Win64; x64) AppleWebKit/537.36 (KHTML, like Gecko) Chrome/83.0.4103.61 Safari/537.36"
::ffff:127.0.0.1 - - [31/May/2020:08:56:14 +0000] "GET /users/profile/5e9190afaa9a4812fdf4850c HTTP/1.1" 200 10004 "http://localhost:8000/users/profile/5e96b96f4e759d17d13171ff" "Mozilla/5.0 (Windows NT 10.0; Win64; x64) AppleWebKit/537.36 (KHTML, like Gecko) Chrome/83.0.4103.61 Safari/537.36"
::1 - - [31/May/2020:08:59:09 +0000] "GET /users/profile/5e9190afaa9a4812fdf4850c HTTP/1.1" 304 - "http://localhost:8000/users/profile/5e96b96f4e759d17d13171ff" "Mozilla/5.0 (Windows NT 10.0; Win64; x64) AppleWebKit/537.36 (KHTML, like Gecko) Chrome/83.0.4103.61 Safari/537.36"
::1 - - [31/May/2020:09:00:13 +0000] "GET /users/profile/5e9190afaa9a4812fdf4850c HTTP/1.1" 304 - "http://localhost:8000/users/profile/5e96b96f4e759d17d13171ff" "Mozilla/5.0 (Windows NT 10.0; Win64; x64) AppleWebKit/537.36 (KHTML, like Gecko) Chrome/83.0.4103.61 Safari/537.36"
::1 - - [31/May/2020:09:01:27 +0000] "GET /users/profile/5e9190afaa9a4812fdf4850c HTTP/1.1" 304 - "http://localhost:8000/users/profile/5e96b96f4e759d17d13171ff" "Mozilla/5.0 (Windows NT 10.0; Win64; x64) AppleWebKit/537.36 (KHTML, like Gecko) Chrome/83.0.4103.61 Safari/537.36"
::1 - - [31/May/2020:09:03:02 +0000] "GET /users/profile/5e9190afaa9a4812fdf4850c HTTP/1.1" 304 - "http://localhost:8000/users/profile/5e96b96f4e759d17d13171ff" "Mozilla/5.0 (Windows NT 10.0; Win64; x64) AppleWebKit/537.36 (KHTML, like Gecko) Chrome/83.0.4103.61 Safari/537.36"
::1 - - [31/May/2020:09:04:06 +0000] "GET /users/profile/5e9190afaa9a4812fdf4850c HTTP/1.1" 304 - "http://localhost:8000/users/profile/5e96b96f4e759d17d13171ff" "Mozilla/5.0 (Windows NT 10.0; Win64; x64) AppleWebKit/537.36 (KHTML, like Gecko) Chrome/83.0.4103.61 Safari/537.36"
::1 - - [31/May/2020:09:04:26 +0000] "GET /users/profile/5e9190afaa9a4812fdf4850c HTTP/1.1" 304 - "http://localhost:8000/users/profile/5e96b96f4e759d17d13171ff" "Mozilla/5.0 (Windows NT 10.0; Win64; x64) AppleWebKit/537.36 (KHTML, like Gecko) Chrome/83.0.4103.61 Safari/537.36"
::1 - - [31/May/2020:09:06:22 +0000] "GET /users/profile/5e9190afaa9a4812fdf4850c HTTP/1.1" 304 - "http://localhost:8000/users/profile/5e96b96f4e759d17d13171ff" "Mozilla/5.0 (Windows NT 10.0; Win64; x64) AppleWebKit/537.36 (KHTML, like Gecko) Chrome/83.0.4103.61 Safari/537.36"
::1 - - [31/May/2020:09:07:19 +0000] "GET /users/profile/5e9190afaa9a4812fdf4850c HTTP/1.1" 304 - "http://localhost:8000/users/profile/5e96b96f4e759d17d13171ff" "Mozilla/5.0 (Windows NT 10.0; Win64; x64) AppleWebKit/537.36 (KHTML, like Gecko) Chrome/83.0.4103.61 Safari/537.36"
::1 - - [31/May/2020:09:08:04 +0000] "GET /users/profile/5e9190afaa9a4812fdf4850c HTTP/1.1" 304 - "http://localhost:8000/users/profile/5e96b96f4e759d17d13171ff" "Mozilla/5.0 (Windows NT 10.0; Win64; x64) AppleWebKit/537.36 (KHTML, like Gecko) Chrome/83.0.4103.61 Safari/537.36"
::1 - - [31/May/2020:09:08:16 +0000] "GET /users/profile/5e9190afaa9a4812fdf4850c HTTP/1.1" 304 - "http://localhost:8000/users/profile/5e96b96f4e759d17d13171ff" "Mozilla/5.0 (Windows NT 10.0; Win64; x64) AppleWebKit/537.36 (KHTML, like Gecko) Chrome/83.0.4103.61 Safari/537.36"
::1 - - [31/May/2020:09:08:35 +0000] "GET /users/profile/5e9190afaa9a4812fdf4850c HTTP/1.1" 304 - "http://localhost:8000/users/profile/5e96b96f4e759d17d13171ff" "Mozilla/5.0 (Windows NT 10.0; Win64; x64) AppleWebKit/537.36 (KHTML, like Gecko) Chrome/83.0.4103.61 Safari/537.36"
::1 - - [31/May/2020:09:08:57 +0000] "GET /users/profile/5e9190afaa9a4812fdf4850c HTTP/1.1" 304 - "http://localhost:8000/users/profile/5e96b96f4e759d17d13171ff" "Mozilla/5.0 (Windows NT 10.0; Win64; x64) AppleWebKit/537.36 (KHTML, like Gecko) Chrome/83.0.4103.61 Safari/537.36"
::1 - - [31/May/2020:09:12:03 +0000] "GET /users/profile/5e9190afaa9a4812fdf4850c HTTP/1.1" 302 72 "http://localhost:8000/users/profile/5e96b96f4e759d17d13171ff" "Mozilla/5.0 (Windows NT 10.0; Win64; x64) AppleWebKit/537.36 (KHTML, like Gecko) Chrome/83.0.4103.61 Safari/537.36"
::1 - - [31/May/2020:09:12:03 +0000] "GET /users/sign-in HTTP/1.1" 304 - "http://localhost:8000/users/profile/5e96b96f4e759d17d13171ff" "Mozilla/5.0 (Windows NT 10.0; Win64; x64) AppleWebKit/537.36 (KHTML, like Gecko) Chrome/83.0.4103.61 Safari/537.36"
::1 - - [31/May/2020:09:12:08 +0000] "POST /users/create-session HTTP/1.1" 302 46 "http://localhost:8000/users/sign-in" "Mozilla/5.0 (Windows NT 10.0; Win64; x64) AppleWebKit/537.36 (KHTML, like Gecko) Chrome/83.0.4103.61 Safari/537.36"
::1 - - [31/May/2020:09:12:09 +0000] "GET / HTTP/1.1" 200 38659 "http://localhost:8000/users/sign-in" "Mozilla/5.0 (Windows NT 10.0; Win64; x64) AppleWebKit/537.36 (KHTML, like Gecko) Chrome/83.0.4103.61 Safari/537.36"
::1 - - [31/May/2020:09:12:12 +0000] "GET /users/profile/5e9190afaa9a4812fdf4850c HTTP/1.1" 200 10004 "http://localhost:8000/" "Mozilla/5.0 (Windows NT 10.0; Win64; x64) AppleWebKit/537.36 (KHTML, like Gecko) Chrome/83.0.4103.61 Safari/537.36"
::1 - - [31/May/2020:09:13:11 +0000] "GET /users/profile/5e9190afaa9a4812fdf4850c HTTP/1.1" 304 - "http://localhost:8000/" "Mozilla/5.0 (Windows NT 10.0; Win64; x64) AppleWebKit/537.36 (KHTML, like Gecko) Chrome/83.0.4103.61 Safari/537.36"
::1 - - [31/May/2020:09:14:11 +0000] "GET /users/profile/5e9190afaa9a4812fdf4850c HTTP/1.1" 304 - "http://localhost:8000/" "Mozilla/5.0 (Windows NT 10.0; Win64; x64) AppleWebKit/537.36 (KHTML, like Gecko) Chrome/83.0.4103.61 Safari/537.36"
::1 - - [31/May/2020:09:15:14 +0000] "GET /users/profile/5e9190afaa9a4812fdf4850c HTTP/1.1" 304 - "http://localhost:8000/" "Mozilla/5.0 (Windows NT 10.0; Win64; x64) AppleWebKit/537.36 (KHTML, like Gecko) Chrome/83.0.4103.61 Safari/537.36"
::1 - - [31/May/2020:09:15:48 +0000] "GET /users/profile/5e9190afaa9a4812fdf4850c HTTP/1.1" 304 - "http://localhost:8000/" "Mozilla/5.0 (Windows NT 10.0; Win64; x64) AppleWebKit/537.36 (KHTML, like Gecko) Chrome/83.0.4103.61 Safari/537.36"
::1 - - [31/May/2020:09:16:44 +0000] "GET /users/profile/5e9190afaa9a4812fdf4850c HTTP/1.1" 304 - "http://localhost:8000/" "Mozilla/5.0 (Windows NT 10.0; Win64; x64) AppleWebKit/537.36 (KHTML, like Gecko) Chrome/83.0.4103.61 Safari/537.36"
::1 - - [31/May/2020:09:17:30 +0000] "GET /users/profile/5e9190afaa9a4812fdf4850c HTTP/1.1" 304 - "http://localhost:8000/" "Mozilla/5.0 (Windows NT 10.0; Win64; x64) AppleWebKit/537.36 (KHTML, like Gecko) Chrome/83.0.4103.61 Safari/537.36"
::1 - - [31/May/2020:09:20:24 +0000] "GET /users/profile/5e9190afaa9a4812fdf4850c HTTP/1.1" 304 - "http://localhost:8000/" "Mozilla/5.0 (Windows NT 10.0; Win64; x64) AppleWebKit/537.36 (KHTML, like Gecko) Chrome/83.0.4103.61 Safari/537.36"
::1 - - [31/May/2020:09:21:28 +0000] "GET /users/profile/5e9190afaa9a4812fdf4850c HTTP/1.1" 304 - "http://localhost:8000/" "Mozilla/5.0 (Windows NT 10.0; Win64; x64) AppleWebKit/537.36 (KHTML, like Gecko) Chrome/83.0.4103.61 Safari/537.36"
::1 - - [31/May/2020:09:22:19 +0000] "GET /users/profile/5e9190afaa9a4812fdf4850c HTTP/1.1" 304 - "http://localhost:8000/" "Mozilla/5.0 (Windows NT 10.0; Win64; x64) AppleWebKit/537.36 (KHTML, like Gecko) Chrome/83.0.4103.61 Safari/537.36"
::1 - - [31/May/2020:09:23:01 +0000] "GET /users/profile/5e9190afaa9a4812fdf4850c HTTP/1.1" 304 - "http://localhost:8000/" "Mozilla/5.0 (Linux; Android 6.0.1; Moto G (4)) AppleWebKit/537.36 (KHTML, like Gecko) Chrome/83.0.4103.61 Mobile Safari/537.36"
::1 - - [31/May/2020:09:24:29 +0000] "GET /users/profile/5e9190afaa9a4812fdf4850c HTTP/1.1" 304 - "http://localhost:8000/" "Mozilla/5.0 (Linux; Android 6.0.1; Moto G (4)) AppleWebKit/537.36 (KHTML, like Gecko) Chrome/83.0.4103.61 Mobile Safari/537.36"
::1 - - [31/May/2020:09:25:27 +0000] "GET /users/profile/5e9190afaa9a4812fdf4850c HTTP/1.1" 304 - "http://localhost:8000/" "Mozilla/5.0 (Linux; Android 6.0.1; Moto G (4)) AppleWebKit/537.36 (KHTML, like Gecko) Chrome/83.0.4103.61 Mobile Safari/537.36"
::1 - - [31/May/2020:09:28:48 +0000] "GET /users/profile/5e9190afaa9a4812fdf4850c HTTP/1.1" 304 - "http://localhost:8000/" "Mozilla/5.0 (Windows NT 10.0; Win64; x64) AppleWebKit/537.36 (KHTML, like Gecko) Chrome/83.0.4103.61 Safari/537.36"
::1 - - [31/May/2020:09:35:12 +0000] "GET /users/profile/5e9190afaa9a4812fdf4850c HTTP/1.1" 200 9858 "http://localhost:8000/" "Mozilla/5.0 (Windows NT 10.0; Win64; x64) AppleWebKit/537.36 (KHTML, like Gecko) Chrome/83.0.4103.61 Safari/537.36"
::1 - - [31/May/2020:09:36:06 +0000] "GET /users/profile/5e9190afaa9a4812fdf4850c HTTP/1.1" 200 9870 "http://localhost:8000/" "Mozilla/5.0 (Windows NT 10.0; Win64; x64) AppleWebKit/537.36 (KHTML, like Gecko) Chrome/83.0.4103.61 Safari/537.36"
::1 - - [31/May/2020:09:37:22 +0000] "GET /users/profile/5e9190afaa9a4812fdf4850c HTTP/1.1" 304 - "http://localhost:8000/" "Mozilla/5.0 (Windows NT 10.0; Win64; x64) AppleWebKit/537.36 (KHTML, like Gecko) Chrome/83.0.4103.61 Safari/537.36"
::1 - - [31/May/2020:09:50:52 +0000] "GET /users/profile/5e9190afaa9a4812fdf4850c HTTP/1.1" 304 - "http://localhost:8000/" "Mozilla/5.0 (Windows NT 10.0; Win64; x64) AppleWebKit/537.36 (KHTML, like Gecko) Chrome/83.0.4103.61 Safari/537.36"
::1 - - [31/May/2020:10:02:22 +0000] "GET /users/profile/5e9190afaa9a4812fdf4850c HTTP/1.1" 304 - "http://localhost:8000/" "Mozilla/5.0 (Windows NT 10.0; Win64; x64) AppleWebKit/537.36 (KHTML, like Gecko) Chrome/83.0.4103.61 Safari/537.36"
::1 - - [31/May/2020:10:06:22 +0000] "GET /users/profile/5e9190afaa9a4812fdf4850c HTTP/1.1" 200 6072 "http://localhost:8000/" "Mozilla/5.0 (Windows NT 10.0; Win64; x64) AppleWebKit/537.36 (KHTML, like Gecko) Chrome/83.0.4103.61 Safari/537.36"
::1 - - [31/May/2020:10:07:57 +0000] "GET /users/profile/5e9190afaa9a4812fdf4850c HTTP/1.1" 304 - "http://localhost:8000/" "Mozilla/5.0 (Windows NT 10.0; Win64; x64) AppleWebKit/537.36 (KHTML, like Gecko) Chrome/83.0.4103.61 Safari/537.36"
::1 - - [31/May/2020:10:08:16 +0000] "GET /users/profile/5e9190afaa9a4812fdf4850c HTTP/1.1" 304 - "http://localhost:8000/" "Mozilla/5.0 (Windows NT 10.0; Win64; x64) AppleWebKit/537.36 (KHTML, like Gecko) Chrome/83.0.4103.61 Safari/537.36"
::1 - - [31/May/2020:10:09:15 +0000] "GET /users/profile/5e9190afaa9a4812fdf4850c HTTP/1.1" 304 - "http://localhost:8000/" "Mozilla/5.0 (Windows NT 10.0; Win64; x64) AppleWebKit/537.36 (KHTML, like Gecko) Chrome/83.0.4103.61 Safari/537.36"
::1 - - [31/May/2020:10:09:56 +0000] "GET /users/profile/5e9190afaa9a4812fdf4850c HTTP/1.1" 304 - "http://localhost:8000/" "Mozilla/5.0 (Windows NT 10.0; Win64; x64) AppleWebKit/537.36 (KHTML, like Gecko) Chrome/83.0.4103.61 Safari/537.36"
::1 - - [31/May/2020:10:14:42 +0000] "GET /users/sign-out HTTP/1.1" 302 46 "http://localhost:8000/users/profile/5e9190afaa9a4812fdf4850c" "Mozilla/5.0 (Windows NT 10.0; Win64; x64) AppleWebKit/537.36 (KHTML, like Gecko) Chrome/83.0.4103.61 Safari/537.36"
::1 - - [31/May/2020:10:14:43 +0000] "GET / HTTP/1.1" 200 5687 "http://localhost:8000/users/profile/5e9190afaa9a4812fdf4850c" "Mozilla/5.0 (Windows NT 10.0; Win64; x64) AppleWebKit/537.36 (KHTML, like Gecko) Chrome/83.0.4103.61 Safari/537.36"
::1 - - [31/May/2020:10:14:57 +0000] "POST /users/create HTTP/1.1" 302 46 "http://localhost:8000/" "Mozilla/5.0 (Windows NT 10.0; Win64; x64) AppleWebKit/537.36 (KHTML, like Gecko) Chrome/83.0.4103.61 Safari/537.36"
::1 - - [31/May/2020:10:14:57 +0000] "GET / HTTP/1.1" 200 5703 "http://localhost:8000/" "Mozilla/5.0 (Windows NT 10.0; Win64; x64) AppleWebKit/537.36 (KHTML, like Gecko) Chrome/83.0.4103.61 Safari/537.36"
::1 - - [31/May/2020:10:17:15 +0000] "GET /users/newaccount/bfc109f155f1a989321a75044b49b80fe348630e HTTP/1.1" 200 4000 "-" "Mozilla/5.0 (Windows NT 10.0; Win64; x64) AppleWebKit/537.36 (KHTML, like Gecko) Chrome/83.0.4103.61 Safari/537.36"
::1 - - [31/May/2020:10:58:36 +0000] "GET / HTTP/1.1" 200 5454 "http://localhost:8000/" "Mozilla/5.0 (Windows NT 10.0; Win64; x64) AppleWebKit/537.36 (KHTML, like Gecko) Chrome/83.0.4103.61 Safari/537.36"
::1 - - [31/May/2020:10:58:51 +0000] "POST /users/create HTTP/1.1" 302 46 "http://localhost:8000/" "Mozilla/5.0 (Windows NT 10.0; Win64; x64) AppleWebKit/537.36 (KHTML, like Gecko) Chrome/83.0.4103.61 Safari/537.36"
::1 - - [31/May/2020:10:58:51 +0000] "GET / HTTP/1.1" 200 5703 "http://localhost:8000/" "Mozilla/5.0 (Windows NT 10.0; Win64; x64) AppleWebKit/537.36 (KHTML, like Gecko) Chrome/83.0.4103.61 Safari/537.36"
::1 - - [31/May/2020:10:59:16 +0000] "GET /users/newaccount/ac217e27a0e3af99b857c9d66b865a16abecd010 HTTP/1.1" 200 4000 "-" "Mozilla/5.0 (Windows NT 10.0; Win64; x64) AppleWebKit/537.36 (KHTML, like Gecko) Chrome/83.0.4103.61 Safari/537.36"
::1 - - [31/May/2020:10:59:18 +0000] "POST /users/newaccount/ac217e27a0e3af99b857c9d66b865a16abecd010 HTTP/1.1" 302 72 "http://localhost:8000/users/newaccount/ac217e27a0e3af99b857c9d66b865a16abecd010" "Mozilla/5.0 (Windows NT 10.0; Win64; x64) AppleWebKit/537.36 (KHTML, like Gecko) Chrome/83.0.4103.61 Safari/537.36"
::1 - - [31/May/2020:10:59:18 +0000] "GET /users/sign-in HTTP/1.1" 200 5236 "http://localhost:8000/users/newaccount/ac217e27a0e3af99b857c9d66b865a16abecd010" "Mozilla/5.0 (Windows NT 10.0; Win64; x64) AppleWebKit/537.36 (KHTML, like Gecko) Chrome/83.0.4103.61 Safari/537.36"
::1 - - [31/May/2020:11:07:03 +0000] "GET /users/sign-in HTTP/1.1" 200 4999 "http://localhost:8000/users/newaccount/ac217e27a0e3af99b857c9d66b865a16abecd010" "Mozilla/5.0 (Windows NT 10.0; Win64; x64) AppleWebKit/537.36 (KHTML, like Gecko) Chrome/83.0.4103.61 Safari/537.36"
::1 - - [31/May/2020:11:07:08 +0000] "GET / HTTP/1.1" 200 5454 "http://localhost:8000/" "Mozilla/5.0 (Windows NT 10.0; Win64; x64) AppleWebKit/537.36 (KHTML, like Gecko) Chrome/83.0.4103.61 Safari/537.36"
::1 - - [31/May/2020:11:07:11 +0000] "GET /users/sign-in HTTP/1.1" 304 - "http://localhost:8000/" "Mozilla/5.0 (Windows NT 10.0; Win64; x64) AppleWebKit/537.36 (KHTML, like Gecko) Chrome/83.0.4103.61 Safari/537.36"
::1 - - [31/May/2020:11:07:26 +0000] "POST /users/create-session HTTP/1.1" 302 46 "http://localhost:8000/users/sign-in" "Mozilla/5.0 (Windows NT 10.0; Win64; x64) AppleWebKit/537.36 (KHTML, like Gecko) Chrome/83.0.4103.61 Safari/537.36"
::1 - - [31/May/2020:11:07:27 +0000] "GET / HTTP/1.1" 200 38417 "http://localhost:8000/users/sign-in" "Mozilla/5.0 (Windows NT 10.0; Win64; x64) AppleWebKit/537.36 (KHTML, like Gecko) Chrome/83.0.4103.61 Safari/537.36"
::1 - - [31/May/2020:11:09:43 +0000] "GET /comments/replies/5eb7e123ad816669e8791582 HTTP/1.1" - - "http://localhost:8000/" "Mozilla/5.0 (Windows NT 10.0; Win64; x64) AppleWebKit/537.36 (KHTML, like Gecko) Chrome/83.0.4103.61 Safari/537.36"
::1 - - [31/May/2020:11:09:44 +0000] "GET /comments/replies/5eb7e123ad816669e8791582 HTTP/1.1" 200 15887 "http://localhost:8000/" "Mozilla/5.0 (Windows NT 10.0; Win64; x64) AppleWebKit/537.36 (KHTML, like Gecko) Chrome/83.0.4103.61 Safari/537.36"
::1 - - [31/May/2020:11:09:59 +0000] "GET /comments/replies/5eb7e123ad816669e8791582 HTTP/1.1" 304 - "http://localhost:8000/" "Mozilla/5.0 (Windows NT 10.0; Win64; x64) AppleWebKit/537.36 (KHTML, like Gecko) Chrome/83.0.4103.61 Safari/537.36"
::1 - - [31/May/2020:11:10:08 +0000] "GET /comments/destroy-comment-reply/5ebe20042fda6d0ef1882ae9 HTTP/1.1" 200 86 "http://localhost:8000/comments/replies/5eb7e123ad816669e8791582" "Mozilla/5.0 (Windows NT 10.0; Win64; x64) AppleWebKit/537.36 (KHTML, like Gecko) Chrome/83.0.4103.61 Safari/537.36"
::1 - - [31/May/2020:11:10:10 +0000] "GET / HTTP/1.1" 200 33275 "http://localhost:8000/comments/replies/5eb7e123ad816669e8791582" "Mozilla/5.0 (Windows NT 10.0; Win64; x64) AppleWebKit/537.36 (KHTML, like Gecko) Chrome/83.0.4103.61 Safari/537.36"
::1 - - [31/May/2020:11:10:16 +0000] "GET /users/profile/5ea3c178f7ae5b0792aae75e HTTP/1.1" 200 5963 "http://localhost:8000/" "Mozilla/5.0 (Windows NT 10.0; Win64; x64) AppleWebKit/537.36 (KHTML, like Gecko) Chrome/83.0.4103.61 Safari/537.36"
::1 - - [31/May/2020:11:12:12 +0000] "GET /users/profile/5ea3c178f7ae5b0792aae75e HTTP/1.1" 200 6016 "http://localhost:8000/" "Mozilla/5.0 (Windows NT 10.0; Win64; x64) AppleWebKit/537.36 (KHTML, like Gecko) Chrome/83.0.4103.61 Safari/537.36"
::1 - - [31/May/2020:11:12:57 +0000] "GET /users/profile/5ea3c178f7ae5b0792aae75e HTTP/1.1" 304 - "http://localhost:8000/" "Mozilla/5.0 (Windows NT 10.0; Win64; x64) AppleWebKit/537.36 (KHTML, like Gecko) Chrome/83.0.4103.61 Safari/537.36"
::1 - - [31/May/2020:11:13:11 +0000] "GET /users/profile/5e9190afaa9a4812fdf4850c HTTP/1.1" 200 6119 "http://localhost:8000/users/profile/5ea3c178f7ae5b0792aae75e" "Mozilla/5.0 (Windows NT 10.0; Win64; x64) AppleWebKit/537.36 (KHTML, like Gecko) Chrome/83.0.4103.61 Safari/537.36"
::1 - - [31/May/2020:11:14:02 +0000] "GET /users/profile/5e9190afaa9a4812fdf4850c HTTP/1.1" 304 - "http://localhost:8000/users/profile/5ea3c178f7ae5b0792aae75e" "Mozilla/5.0 (Windows NT 10.0; Win64; x64) AppleWebKit/537.36 (KHTML, like Gecko) Chrome/83.0.4103.61 Safari/537.36"
::1 - - [31/May/2020:11:20:53 +0000] "GET /users/profile/5e9190afaa9a4812fdf4850c HTTP/1.1" 200 6134 "http://localhost:8000/users/profile/5ea3c178f7ae5b0792aae75e" "Mozilla/5.0 (Windows NT 10.0; Win64; x64) AppleWebKit/537.36 (KHTML, like Gecko) Chrome/83.0.4103.61 Safari/537.36"
::1 - - [31/May/2020:11:24:38 +0000] "GET /users/profile/5e9190afaa9a4812fdf4850c HTTP/1.1" 304 - "http://localhost:8000/users/profile/5ea3c178f7ae5b0792aae75e" "Mozilla/5.0 (Windows NT 10.0; Win64; x64) AppleWebKit/537.36 (KHTML, like Gecko) Chrome/83.0.4103.61 Safari/537.36"
::1 - - [31/May/2020:11:27:47 +0000] "GET /users/profile/5e9190afaa9a4812fdf4850c HTTP/1.1" 200 6156 "http://localhost:8000/users/profile/5ea3c178f7ae5b0792aae75e" "Mozilla/5.0 (Windows NT 10.0; Win64; x64) AppleWebKit/537.36 (KHTML, like Gecko) Chrome/83.0.4103.61 Safari/537.36"
::1 - - [31/May/2020:11:28:10 +0000] "GET /users/profile/5e9190afaa9a4812fdf4850c HTTP/1.1" 304 - "http://localhost:8000/users/profile/5ea3c178f7ae5b0792aae75e" "Mozilla/5.0 (Windows NT 10.0; Win64; x64) AppleWebKit/537.36 (KHTML, like Gecko) Chrome/83.0.4103.61 Safari/537.36"
::1 - - [31/May/2020:11:29:43 +0000] "GET /users/profile/5e9190afaa9a4812fdf4850c HTTP/1.1" 200 6163 "http://localhost:8000/users/profile/5ea3c178f7ae5b0792aae75e" "Mozilla/5.0 (Windows NT 10.0; Win64; x64) AppleWebKit/537.36 (KHTML, like Gecko) Chrome/83.0.4103.61 Safari/537.36"
::1 - - [31/May/2020:11:31:18 +0000] "GET /users/profile/5e9190afaa9a4812fdf4850c HTTP/1.1" 200 6220 "http://localhost:8000/users/profile/5ea3c178f7ae5b0792aae75e" "Mozilla/5.0 (Windows NT 10.0; Win64; x64) AppleWebKit/537.36 (KHTML, like Gecko) Chrome/83.0.4103.61 Safari/537.36"
::1 - - [31/May/2020:11:34:41 +0000] "GET /users/profile/5e9190afaa9a4812fdf4850c HTTP/1.1" 200 6238 "http://localhost:8000/users/profile/5ea3c178f7ae5b0792aae75e" "Mozilla/5.0 (Windows NT 10.0; Win64; x64) AppleWebKit/537.36 (KHTML, like Gecko) Chrome/83.0.4103.61 Safari/537.36"
::1 - - [31/May/2020:11:36:29 +0000] "GET /users/profile/5e9190afaa9a4812fdf4850c HTTP/1.1" 200 6321 "http://localhost:8000/users/profile/5ea3c178f7ae5b0792aae75e" "Mozilla/5.0 (Windows NT 10.0; Win64; x64) AppleWebKit/537.36 (KHTML, like Gecko) Chrome/83.0.4103.61 Safari/537.36"
::1 - - [31/May/2020:11:40:37 +0000] "GET /users/profile/5e9190afaa9a4812fdf4850c HTTP/1.1" 304 - "http://localhost:8000/users/profile/5ea3c178f7ae5b0792aae75e" "Mozilla/5.0 (Windows NT 10.0; Win64; x64) AppleWebKit/537.36 (KHTML, like Gecko) Chrome/83.0.4103.61 Safari/537.36"
::1 - - [31/May/2020:11:40:57 +0000] "GET /users/profile/5e9190afaa9a4812fdf4850c HTTP/1.1" 304 - "http://localhost:8000/users/profile/5ea3c178f7ae5b0792aae75e" "Mozilla/5.0 (Windows NT 10.0; Win64; x64) AppleWebKit/537.36 (KHTML, like Gecko) Chrome/83.0.4103.61 Safari/537.36"
::1 - - [31/May/2020:11:41:26 +0000] "GET / HTTP/1.1" 304 - "http://localhost:8000/users/profile/5e9190afaa9a4812fdf4850c" "Mozilla/5.0 (Windows NT 10.0; Win64; x64) AppleWebKit/537.36 (KHTML, like Gecko) Chrome/83.0.4103.61 Safari/537.36"
::1 - - [31/May/2020:11:41:29 +0000] "GET /users/profile/5e952d3482159f01061054da HTTP/1.1" 200 6166 "http://localhost:8000/" "Mozilla/5.0 (Windows NT 10.0; Win64; x64) AppleWebKit/537.36 (KHTML, like Gecko) Chrome/83.0.4103.61 Safari/537.36"
::1 - - [31/May/2020:11:42:00 +0000] "GET /users/profile/5e9190afaa9a4812fdf4850c HTTP/1.1" 304 - "http://localhost:8000/users/profile/5e952d3482159f01061054da" "Mozilla/5.0 (Windows NT 10.0; Win64; x64) AppleWebKit/537.36 (KHTML, like Gecko) Chrome/83.0.4103.61 Safari/537.36"
::1 - - [31/May/2020:11:42:46 +0000] "GET /users/profile/5e9190afaa9a4812fdf4850c HTTP/1.1" 304 - "http://localhost:8000/users/profile/5e952d3482159f01061054da" "Mozilla/5.0 (Windows NT 10.0; Win64; x64) AppleWebKit/537.36 (KHTML, like Gecko) Chrome/83.0.4103.61 Safari/537.36"
::1 - - [31/May/2020:11:54:47 +0000] "GET /users/profile/5e9190afaa9a4812fdf4850c HTTP/1.1" 304 - "http://localhost:8000/users/profile/5e952d3482159f01061054da" "Mozilla/5.0 (Windows NT 10.0; Win64; x64) AppleWebKit/537.36 (KHTML, like Gecko) Chrome/83.0.4103.61 Safari/537.36"
::1 - - [31/May/2020:14:12:18 +0000] "GET / HTTP/1.1" 200 5454 "http://localhost:8000/users/profile/5e9190afaa9a4812fdf4850c" "Mozilla/5.0 (Windows NT 10.0; Win64; x64) AppleWebKit/537.36 (KHTML, like Gecko) Chrome/83.0.4103.61 Safari/537.36"
::1 - - [31/May/2020:14:12:22 +0000] "GET /users/sign-in HTTP/1.1" 200 4999 "http://localhost:8000/" "Mozilla/5.0 (Windows NT 10.0; Win64; x64) AppleWebKit/537.36 (KHTML, like Gecko) Chrome/83.0.4103.61 Safari/537.36"
::1 - - [31/May/2020:14:12:27 +0000] "POST /users/create-session HTTP/1.1" 302 46 "http://localhost:8000/users/sign-in" "Mozilla/5.0 (Windows NT 10.0; Win64; x64) AppleWebKit/537.36 (KHTML, like Gecko) Chrome/83.0.4103.61 Safari/537.36"
::1 - - [31/May/2020:14:12:27 +0000] "GET / HTTP/1.1" 200 33512 "http://localhost:8000/users/sign-in" "Mozilla/5.0 (Windows NT 10.0; Win64; x64) AppleWebKit/537.36 (KHTML, like Gecko) Chrome/83.0.4103.61 Safari/537.36"
::1 - - [31/May/2020:14:12:32 +0000] "GET /users/profile/5e9190afaa9a4812fdf4850c HTTP/1.1" 304 - "http://localhost:8000/" "Mozilla/5.0 (Windows NT 10.0; Win64; x64) AppleWebKit/537.36 (KHTML, like Gecko) Chrome/83.0.4103.61 Safari/537.36"
::1 - - [31/May/2020:14:15:39 +0000] "GET /users/profile/5e9190afaa9a4812fdf4850c HTTP/1.1" 200 10221 "http://localhost:8000/" "Mozilla/5.0 (Windows NT 10.0; Win64; x64) AppleWebKit/537.36 (KHTML, like Gecko) Chrome/83.0.4103.61 Safari/537.36"
::ffff:127.0.0.1 - - [31/May/2020:14:15:56 +0000] "GET /users/profile/5e9190afaa9a4812fdf4850c HTTP/1.1" 200 10216 "http://localhost:8000/" "Mozilla/5.0 (Windows NT 10.0; Win64; x64) AppleWebKit/537.36 (KHTML, like Gecko) Chrome/83.0.4103.61 Safari/537.36"
::1 - - [31/May/2020:14:18:52 +0000] "GET /users/profile/5e9190afaa9a4812fdf4850c HTTP/1.1" 304 - "http://localhost:8000/users/profile/5e9190afaa9a4812fdf4850c" "Mozilla/5.0 (Windows NT 10.0; Win64; x64) AppleWebKit/537.36 (KHTML, like Gecko) Chrome/83.0.4103.61 Safari/537.36"
::1 - - [31/May/2020:14:24:06 +0000] "GET /users/profile/5e9190afaa9a4812fdf4850c HTTP/1.1" 200 10648 "http://localhost:8000/users/profile/5e9190afaa9a4812fdf4850c" "Mozilla/5.0 (Windows NT 10.0; Win64; x64) AppleWebKit/537.36 (KHTML, like Gecko) Chrome/83.0.4103.61 Safari/537.36"
::1 - - [31/May/2020:14:31:28 +0000] "GET /users/profile/5e9190afaa9a4812fdf4850c HTTP/1.1" 200 6355 "http://localhost:8000/users/profile/5e9190afaa9a4812fdf4850c" "Mozilla/5.0 (Windows NT 10.0; Win64; x64) AppleWebKit/537.36 (KHTML, like Gecko) Chrome/83.0.4103.61 Safari/537.36"
::ffff:127.0.0.1 - - [31/May/2020:14:33:51 +0000] "GET /users/profile/5e9190afaa9a4812fdf4850c HTTP/1.1" 200 10221 "http://localhost:8000/users/profile/5e9190afaa9a4812fdf4850c" "Mozilla/5.0 (Windows NT 10.0; Win64; x64) AppleWebKit/537.36 (KHTML, like Gecko) Chrome/83.0.4103.61 Safari/537.36"
::ffff:127.0.0.1 - - [31/May/2020:14:34:25 +0000] "GET /users/profile/5e9190afaa9a4812fdf4850c HTTP/1.1" 200 10216 "http://localhost:8000/users/profile/5e9190afaa9a4812fdf4850c" "Mozilla/5.0 (Windows NT 10.0; Win64; x64) AppleWebKit/537.36 (KHTML, like Gecko) Chrome/83.0.4103.61 Safari/537.36"
::1 - - [31/May/2020:14:39:26 +0000] "GET /users/profile/5e9190afaa9a4812fdf4850c HTTP/1.1" 200 10185 "http://localhost:8000/users/profile/5e9190afaa9a4812fdf4850c" "Mozilla/5.0 (Windows NT 10.0; Win64; x64) AppleWebKit/537.36 (KHTML, like Gecko) Chrome/83.0.4103.61 Safari/537.36"
::1 - - [31/May/2020:14:39:55 +0000] "GET /users/profile/5e9190afaa9a4812fdf4850c HTTP/1.1" 200 10153 "http://localhost:8000/users/profile/5e9190afaa9a4812fdf4850c" "Mozilla/5.0 (Windows NT 10.0; Win64; x64) AppleWebKit/537.36 (KHTML, like Gecko) Chrome/83.0.4103.61 Safari/537.36"
::1 - - [31/May/2020:14:42:28 +0000] "GET /users/profile/5e9190afaa9a4812fdf4850c HTTP/1.1" 200 10529 "http://localhost:8000/users/profile/5e9190afaa9a4812fdf4850c" "Mozilla/5.0 (Windows NT 10.0; Win64; x64) AppleWebKit/537.36 (KHTML, like Gecko) Chrome/83.0.4103.61 Safari/537.36"
::1 - - [31/May/2020:14:46:53 +0000] "GET / HTTP/1.1" 200 33275 "-" "Mozilla/5.0 (Windows NT 10.0; Win64; x64) AppleWebKit/537.36 (KHTML, like Gecko) Chrome/83.0.4103.61 Safari/537.36"
::1 - - [31/May/2020:14:46:58 +0000] "GET /users/profile/5e9190afaa9a4812fdf4850c HTTP/1.1" 200 10216 "http://localhost:8000/" "Mozilla/5.0 (Windows NT 10.0; Win64; x64) AppleWebKit/537.36 (KHTML, like Gecko) Chrome/83.0.4103.61 Safari/537.36"
::1 - - [31/May/2020:14:49:20 +0000] "GET /users/profile/5e9190afaa9a4812fdf4850c HTTP/1.1" 200 8895 "http://localhost:8000/" "Mozilla/5.0 (Windows NT 10.0; Win64; x64) AppleWebKit/537.36 (KHTML, like Gecko) Chrome/83.0.4103.61 Safari/537.36"
::1 - - [31/May/2020:14:49:51 +0000] "GET /users/profile/5e9190afaa9a4812fdf4850c HTTP/1.1" 200 8890 "http://localhost:8000/" "Mozilla/5.0 (Windows NT 10.0; Win64; x64) AppleWebKit/537.36 (KHTML, like Gecko) Chrome/83.0.4103.61 Safari/537.36"
::1 - - [31/May/2020:14:55:38 +0000] "GET /users/profile/5e9190afaa9a4812fdf4850c HTTP/1.1" 304 - "http://localhost:8000/" "Mozilla/5.0 (Windows NT 10.0; Win64; x64) AppleWebKit/537.36 (KHTML, like Gecko) Chrome/83.0.4103.61 Safari/537.36"
::1 - - [31/May/2020:15:05:23 +0000] "GET /users/profile/5e9190afaa9a4812fdf4850c HTTP/1.1" 200 8648 "http://localhost:8000/" "Mozilla/5.0 (Windows NT 10.0; Win64; x64) AppleWebKit/537.36 (KHTML, like Gecko) Chrome/83.0.4103.61 Safari/537.36"
::1 - - [31/May/2020:15:06:41 +0000] "GET /users/profile/5e9190afaa9a4812fdf4850c HTTP/1.1" 200 8583 "http://localhost:8000/" "Mozilla/5.0 (Windows NT 10.0; Win64; x64) AppleWebKit/537.36 (KHTML, like Gecko) Chrome/83.0.4103.61 Safari/537.36"
::1 - - [31/May/2020:15:08:14 +0000] "GET /users/profile/5e9190afaa9a4812fdf4850c HTTP/1.1" 304 - "http://localhost:8000/" "Mozilla/5.0 (Windows NT 10.0; Win64; x64) AppleWebKit/537.36 (KHTML, like Gecko) Chrome/83.0.4103.61 Safari/537.36"
::1 - - [31/May/2020:15:15:49 +0000] "GET /users/profile/5e9190afaa9a4812fdf4850c HTTP/1.1" 304 - "http://localhost:8000/" "Mozilla/5.0 (Windows NT 10.0; Win64; x64) AppleWebKit/537.36 (KHTML, like Gecko) Chrome/83.0.4103.61 Safari/537.36"
::1 - - [31/May/2020:15:18:54 +0000] "GET /users/profile/5e9190afaa9a4812fdf4850c HTTP/1.1" 200 8574 "http://localhost:8000/" "Mozilla/5.0 (Windows NT 10.0; Win64; x64) AppleWebKit/537.36 (KHTML, like Gecko) Chrome/83.0.4103.61 Safari/537.36"
::1 - - [31/May/2020:15:23:36 +0000] "GET /users/profile/5e9190afaa9a4812fdf4850c HTTP/1.1" 304 - "http://localhost:8000/" "Mozilla/5.0 (Windows NT 10.0; Win64; x64) AppleWebKit/537.36 (KHTML, like Gecko) Chrome/83.0.4103.61 Safari/537.36"
::1 - - [31/May/2020:15:23:43 +0000] "GET /users/profile/5e9190afaa9a4812fdf4850c HTTP/1.1" 304 - "http://localhost:8000/" "Mozilla/5.0 (Windows NT 10.0; Win64; x64) AppleWebKit/537.36 (KHTML, like Gecko) Chrome/83.0.4103.61 Safari/537.36"
::1 - - [31/May/2020:15:25:04 +0000] "GET /users/profile/5e9190afaa9a4812fdf4850c HTTP/1.1" 304 - "http://localhost:8000/" "Mozilla/5.0 (Windows NT 10.0; Win64; x64) AppleWebKit/537.36 (KHTML, like Gecko) Chrome/83.0.4103.61 Safari/537.36"
::1 - - [31/May/2020:15:25:49 +0000] "GET /users/profile/5e9190afaa9a4812fdf4850c HTTP/1.1" 304 - "http://localhost:8000/" "Mozilla/5.0 (Windows NT 10.0; Win64; x64) AppleWebKit/537.36 (KHTML, like Gecko) Chrome/83.0.4103.61 Safari/537.36"
::1 - - [31/May/2020:15:27:09 +0000] "GET /users/profile/5e9190afaa9a4812fdf4850c HTTP/1.1" 304 - "http://localhost:8000/" "Mozilla/5.0 (Windows NT 10.0; Win64; x64) AppleWebKit/537.36 (KHTML, like Gecko) Chrome/83.0.4103.61 Safari/537.36"
::1 - - [31/May/2020:15:29:54 +0000] "GET /users/profile/5e9190afaa9a4812fdf4850c HTTP/1.1" 304 - "http://localhost:8000/" "Mozilla/5.0 (Windows NT 10.0; Win64; x64) AppleWebKit/537.36 (KHTML, like Gecko) Chrome/83.0.4103.61 Safari/537.36"
::1 - - [31/May/2020:15:31:32 +0000] "GET /users/profile/5e9190afaa9a4812fdf4850c HTTP/1.1" 304 - "http://localhost:8000/" "Mozilla/5.0 (Windows NT 10.0; Win64; x64) AppleWebKit/537.36 (KHTML, like Gecko) Chrome/83.0.4103.61 Safari/537.36"
::1 - - [31/May/2020:15:32:08 +0000] "GET /users/profile/5e9190afaa9a4812fdf4850c HTTP/1.1" 304 - "http://localhost:8000/" "Mozilla/5.0 (Windows NT 10.0; Win64; x64) AppleWebKit/537.36 (KHTML, like Gecko) Chrome/83.0.4103.61 Safari/537.36"
::1 - - [31/May/2020:15:33:26 +0000] "GET /users/profile/5e9190afaa9a4812fdf4850c HTTP/1.1" 304 - "http://localhost:8000/" "Mozilla/5.0 (Windows NT 10.0; Win64; x64) AppleWebKit/537.36 (KHTML, like Gecko) Chrome/83.0.4103.61 Safari/537.36"
::1 - - [31/May/2020:15:34:35 +0000] "GET /users/profile/5e9190afaa9a4812fdf4850c HTTP/1.1" 304 - "http://localhost:8000/" "Mozilla/5.0 (Windows NT 10.0; Win64; x64) AppleWebKit/537.36 (KHTML, like Gecko) Chrome/83.0.4103.61 Safari/537.36"
::1 - - [31/May/2020:15:37:09 +0000] "GET /users/profile/5e9190afaa9a4812fdf4850c HTTP/1.1" 304 - "http://localhost:8000/" "Mozilla/5.0 (Windows NT 10.0; Win64; x64) AppleWebKit/537.36 (KHTML, like Gecko) Chrome/83.0.4103.61 Safari/537.36"
::1 - - [31/May/2020:15:37:29 +0000] "GET / HTTP/1.1" 304 - "http://localhost:8000/users/profile/5e9190afaa9a4812fdf4850c" "Mozilla/5.0 (Windows NT 10.0; Win64; x64) AppleWebKit/537.36 (KHTML, like Gecko) Chrome/83.0.4103.61 Safari/537.36"
::1 - - [31/May/2020:15:37:31 +0000] "GET /users/profile/5e9190afaa9a4812fdf4850c HTTP/1.1" 304 - "http://localhost:8000/" "Mozilla/5.0 (Windows NT 10.0; Win64; x64) AppleWebKit/537.36 (KHTML, like Gecko) Chrome/83.0.4103.61 Safari/537.36"
::1 - - [31/May/2020:15:37:34 +0000] "GET / HTTP/1.1" 304 - "http://localhost:8000/users/profile/5e9190afaa9a4812fdf4850c" "Mozilla/5.0 (Windows NT 10.0; Win64; x64) AppleWebKit/537.36 (KHTML, like Gecko) Chrome/83.0.4103.61 Safari/537.36"
::1 - - [31/May/2020:15:37:36 +0000] "GET /users/profile/5e952d3482159f01061054da HTTP/1.1" 200 8419 "http://localhost:8000/" "Mozilla/5.0 (Windows NT 10.0; Win64; x64) AppleWebKit/537.36 (KHTML, like Gecko) Chrome/83.0.4103.61 Safari/537.36"
::1 - - [31/May/2020:15:37:43 +0000] "GET / HTTP/1.1" 304 - "http://localhost:8000/users/profile/5e952d3482159f01061054da" "Mozilla/5.0 (Windows NT 10.0; Win64; x64) AppleWebKit/537.36 (KHTML, like Gecko) Chrome/83.0.4103.61 Safari/537.36"
::1 - - [31/May/2020:15:37:45 +0000] "GET /users/profile/5ea3c178f7ae5b0792aae75e HTTP/1.1" 200 8398 "http://localhost:8000/" "Mozilla/5.0 (Windows NT 10.0; Win64; x64) AppleWebKit/537.36 (KHTML, like Gecko) Chrome/83.0.4103.61 Safari/537.36"
::1 - - [31/May/2020:15:38:21 +0000] "GET /users/profile/5e9190afaa9a4812fdf4850c HTTP/1.1" 304 - "http://localhost:8000/users/profile/5ea3c178f7ae5b0792aae75e" "Mozilla/5.0 (Windows NT 10.0; Win64; x64) AppleWebKit/537.36 (KHTML, like Gecko) Chrome/83.0.4103.61 Safari/537.36"
::1 - - [31/May/2020:15:39:24 +0000] "GET /users/profile/5e9190afaa9a4812fdf4850c HTTP/1.1" 304 - "http://localhost:8000/users/profile/5ea3c178f7ae5b0792aae75e" "Mozilla/5.0 (Windows NT 10.0; Win64; x64) AppleWebKit/537.36 (KHTML, like Gecko) Chrome/83.0.4103.61 Safari/537.36"
::1 - - [31/May/2020:15:40:46 +0000] "GET /users/profile/5e9190afaa9a4812fdf4850c HTTP/1.1" 304 - "http://localhost:8000/users/profile/5ea3c178f7ae5b0792aae75e" "Mozilla/5.0 (Windows NT 10.0; Win64; x64) AppleWebKit/537.36 (KHTML, like Gecko) Chrome/83.0.4103.61 Safari/537.36"
::1 - - [31/May/2020:15:58:24 +0000] "GET / HTTP/1.1" 200 5454 "http://localhost:8000/users/profile/5e9190afaa9a4812fdf4850c" "Mozilla/5.0 (Windows NT 10.0; Win64; x64) AppleWebKit/537.36 (KHTML, like Gecko) Chrome/83.0.4103.61 Safari/537.36"
::1 - - [31/May/2020:16:00:55 +0000] "GET /users/sign-in HTTP/1.1" 200 4999 "http://localhost:8000/" "Mozilla/5.0 (Windows NT 10.0; Win64; x64) AppleWebKit/537.36 (KHTML, like Gecko) Chrome/83.0.4103.61 Safari/537.36"
::1 - - [31/May/2020:16:01:08 +0000] "POST /users/create-session HTTP/1.1" 302 46 "http://localhost:8000/users/sign-in" "Mozilla/5.0 (Windows NT 10.0; Win64; x64) AppleWebKit/537.36 (KHTML, like Gecko) Chrome/83.0.4103.61 Safari/537.36"
::1 - - [31/May/2020:16:01:08 +0000] "GET / HTTP/1.1" 200 33512 "http://localhost:8000/users/sign-in" "Mozilla/5.0 (Windows NT 10.0; Win64; x64) AppleWebKit/537.36 (KHTML, like Gecko) Chrome/83.0.4103.61 Safari/537.36"
::1 - - [31/May/2020:16:01:23 +0000] "GET /users/profile/5e9190afaa9a4812fdf4850c HTTP/1.1" 304 - "http://localhost:8000/" "Mozilla/5.0 (Windows NT 10.0; Win64; x64) AppleWebKit/537.36 (KHTML, like Gecko) Chrome/83.0.4103.61 Safari/537.36"
::1 - - [31/May/2020:16:32:39 +0000] "GET /users/profile/5e9190afaa9a4812fdf4850c HTTP/1.1" 304 - "http://localhost:8000/" "Mozilla/5.0 (Windows NT 10.0; Win64; x64) AppleWebKit/537.36 (KHTML, like Gecko) Chrome/83.0.4103.61 Safari/537.36"
::1 - - [31/May/2020:16:36:09 +0000] "GET /users/profile/5e9190afaa9a4812fdf4850c HTTP/1.1" 304 - "http://localhost:8000/" "Mozilla/5.0 (Windows NT 10.0; Win64; x64) AppleWebKit/537.36 (KHTML, like Gecko) Chrome/83.0.4103.61 Safari/537.36"
::1 - - [31/May/2020:16:37:04 +0000] "GET /users/profile/5e9190afaa9a4812fdf4850c HTTP/1.1" 304 - "http://localhost:8000/" "Mozilla/5.0 (Windows NT 10.0; Win64; x64) AppleWebKit/537.36 (KHTML, like Gecko) Chrome/83.0.4103.61 Safari/537.36"
::1 - - [31/May/2020:16:39:20 +0000] "GET / HTTP/1.1" 200 33275 "http://localhost:8000/users/profile/5e9190afaa9a4812fdf4850c" "Mozilla/5.0 (Windows NT 10.0; Win64; x64) AppleWebKit/537.36 (KHTML, like Gecko) Chrome/83.0.4103.61 Safari/537.36"
::1 - - [31/May/2020:16:39:26 +0000] "GET /users/profile/5e9190afaa9a4812fdf4850c HTTP/1.1" 304 - "http://localhost:8000/" "Mozilla/5.0 (Windows NT 10.0; Win64; x64) AppleWebKit/537.36 (KHTML, like Gecko) Chrome/83.0.4103.61 Safari/537.36"
::1 - - [31/May/2020:16:49:30 +0000] "GET /users/profile/5e9190afaa9a4812fdf4850c HTTP/1.1" 304 - "http://localhost:8000/" "Mozilla/5.0 (Windows NT 10.0; Win64; x64) AppleWebKit/537.36 (KHTML, like Gecko) Chrome/83.0.4103.61 Safari/537.36"
